2023-08-31 13:34:06,187 - INFO - Beginning execution of dms2_bcsubamp in directory /fh/fast/bloom_j/computational_notebooks/ckikawa/2022/ZIKV_MAP_GooLab

2023-08-31 13:34:06,187 - INFO - Progress is being logged to ./results/codoncounts/lib1-no-antibody.log
2023-08-31 13:34:06,218 - INFO - Version information:
	Time and date: Thu Aug 31 13:34:06 2023
	Platform: Linux-4.15.0-192-generic-x86_64-with-glibc2.10
	Python version: 3.8.13 | packaged by conda-forge | (default, Mar 25 2022, 06:04:10)  [GCC 10.3.0]
	dms_tools2 version: 2.6.10
	Bio version: 1.79
	pandas version: 0.25.3
	numpy version: 1.19.5
	IPython version: 8.4.0
	jupyter version: 1.0.0
	matplotlib version: 3.2.2
	plotnine version: 0.6.0
	natsort version: 8.2.0
	pystan version: 2.19.1.1
	scipy version: 1.6.0
	seaborn version: 0.10.1
	phydmslib version: 2.4.1
	statsmodels version: 0.11.1
	rpy2 cannot be imported
	regex version: 2.5.121
	umi_tools version: 1.1.2

2023-08-31 13:34:06,218 - INFO - Parsed the following arguments:
	outdir = ./results/codoncounts
	ncpus = -1
	use_existing = yes
	refseq = ./data/E.fasta
	alignspecs = ['1,303,33,38', '304,609,38,40', '610,903,41,36', '904,1200,41,37', '1201,1512,36,35']
	bclen = 8
	fastqdir = None
	R2 = None
	R1trim = [200]
	R2trim = [200]
	bclen2 = None
	chartype = codon
	maxmuts = 4
	minq = 15
	minreads = 2
	minfraccall = 0.95
	minconcur = 0.75
	sitemask = None
	purgeread = 0.0
	purgebc = 0.0
	bcinfo = True
	bcinfo_csv = True
	name = lib1-no-antibody
	R1 = ['/fh/fast/bloom_j/computational_notebooks/ckikawa/2022/ZIKV_MAP_GooLab/data/concat_fastq/concat_fastq_out/lib1_no_antibody_R1.fastq.gz']

2023-08-31 13:34:06,231 - INFO - Read refseq of 1512 codons from ./data/E.fasta
2023-08-31 13:34:06,232 - INFO - Reads are in these FASTQ pairs:
	/fh/fast/bloom_j/computational_notebooks/ckikawa/2022/ZIKV_MAP_GooLab/data/concat_fastq/concat_fastq_out/lib1_no_antibody_R1.fastq.gz and /fh/fast/bloom_j/computational_notebooks/ckikawa/2022/ZIKV_MAP_GooLab/data/concat_fastq/concat_fastq_out/lib1_no_antibody_R2.fastq.gz

2023-08-31 13:34:06,232 - INFO - Now parsing read pairs...
2023-08-31 13:34:12,393 - INFO - Reads parsed so far: 500000
2023-08-31 13:34:17,991 - INFO - Reads parsed so far: 1000000
2023-08-31 13:34:24,202 - INFO - Reads parsed so far: 1500000
2023-08-31 13:34:28,905 - INFO - Reads parsed so far: 2000000
2023-08-31 13:34:34,743 - INFO - Reads parsed so far: 2500000
2023-08-31 13:34:40,967 - INFO - Reads parsed so far: 3000000
2023-08-31 13:34:45,850 - INFO - Reads parsed so far: 3500000
2023-08-31 13:34:52,608 - INFO - Reads parsed so far: 4000000
2023-08-31 13:34:57,554 - INFO - Reads parsed so far: 4500000
2023-08-31 13:35:02,490 - INFO - Reads parsed so far: 5000000
2023-08-31 13:35:03,386 - INFO - Parsed 5089568 reads, found 2432546 unique barcodes.
2023-08-31 13:35:03,388 - INFO - Summary stats on reads:
   total  fail filter  low Q barcode
 5089568       285971         318417
2023-08-31 13:35:03,388 - INFO - Writing these stats to ./results/codoncounts/lib1-no-antibody_readstats.csv

2023-08-31 13:35:03,929 - INFO - Number of reads per barcode:
                 number of barcodes
number of reads                    
1                           1307106
2                            585257
3                            304228
4                            139919
5                             59709
6                             23554
7                              8607
8                              2897
9                               926
10                              264
11                               59
12                               12
13                                4
14                                2
25                                1
34                                1
2023-08-31 13:35:03,929 - INFO - Writing these stats to ./results/codoncounts/lib1-no-antibody_readsperbc.csv

2023-08-31 13:35:03,933 - INFO - Examining the 2432546 barcodes to build and align subamplicons...
2023-08-31 13:35:13,689 - INFO - Barcodes examined so far: 200000
2023-08-31 13:35:23,193 - INFO - Barcodes examined so far: 400000
2023-08-31 13:35:32,352 - INFO - Barcodes examined so far: 600000
2023-08-31 13:35:41,132 - INFO - Barcodes examined so far: 800000
2023-08-31 13:35:49,528 - INFO - Barcodes examined so far: 1000000
2023-08-31 13:35:57,530 - INFO - Barcodes examined so far: 1200000
2023-08-31 13:36:05,086 - INFO - Barcodes examined so far: 1400000
2023-08-31 13:36:11,968 - INFO - Barcodes examined so far: 1600000
2023-08-31 13:36:18,125 - INFO - Barcodes examined so far: 1800000
2023-08-31 13:36:23,295 - INFO - Barcodes examined so far: 2000000
2023-08-31 13:36:27,454 - INFO - Barcodes examined so far: 2200000
2023-08-31 13:36:30,462 - INFO - Barcodes examined so far: 2400000
2023-08-31 13:36:30,825 - INFO - Examined all barcodes. Summary stats:
   total  too few reads  not alignable  aligned
 2432546        1307106         115644  1009796
2023-08-31 13:36:30,825 - INFO - Writing these stats to ./results/codoncounts/lib1-no-antibody_bcstats.csv

2023-08-31 13:36:30,842 - INFO - Writing the counts of each codon identity at each site to ./results/codoncounts/lib1-no-antibody_codoncounts.csv

2023-08-31 13:36:30,872 - INFO - Successful completion of dms2_bcsubamp
