2023-01-16 15:18:13,000 - INFO - Beginning execution of dms2_bcsubamp in directory /fh/fast/bloom_j/computational_notebooks/ckikawa/2022/ZIKV_MAP_GooLab

2023-01-16 15:18:13,000 - INFO - Progress is being logged to ./results/codoncounts/lib1-MZ4-1200.log
2023-01-16 15:18:13,033 - INFO - Version information:
	Time and date: Mon Jan 16 15:18:12 2023
	Platform: Linux-4.15.0-192-generic-x86_64-with-glibc2.10
	Python version: 3.8.13 | packaged by conda-forge | (default, Mar 25 2022, 06:04:10)  [GCC 10.3.0]
	dms_tools2 version: 2.6.10
	Bio version: 1.79
	pandas version: 0.25.3
	numpy version: 1.19.5
	IPython version: 8.4.0
	jupyter version: 1.0.0
	matplotlib version: 3.2.2
	plotnine version: 0.6.0
	natsort version: 8.2.0
	pystan version: 2.19.1.1
	scipy version: 1.6.0
	seaborn version: 0.10.1
	phydmslib version: 2.4.1
	statsmodels version: 0.11.1
	rpy2 cannot be imported
	regex version: 2.5.121
	umi_tools version: 1.1.2

2023-01-16 15:18:13,033 - INFO - Parsed the following arguments:
	outdir = ./results/codoncounts
	ncpus = -1
	use_existing = yes
	refseq = ./data/E.fasta
	alignspecs = ['1,303,33,38', '304,609,38,40', '610,903,41,36', '904,1200,41,37', '1201,1512,36,35']
	bclen = 8
	fastqdir = None
	R2 = None
	R1trim = [200]
	R2trim = [200]
	bclen2 = None
	chartype = codon
	maxmuts = 4
	minq = 15
	minreads = 2
	minfraccall = 0.95
	minconcur = 0.75
	sitemask = None
	purgeread = 0.0
	purgebc = 0.0
	bcinfo = True
	bcinfo_csv = True
	name = lib1-MZ4-1200
	R1 = ['/fh/fast/bloom_j/computational_notebooks/ckikawa/2022/ZIKV_E_DMS_GooLab/data/concat_fastq/concat_fastq_out/lib1_MZ4_1200_R1.fastq.gz']

2023-01-16 15:18:13,046 - INFO - Read refseq of 1512 codons from ./data/E.fasta
2023-01-16 15:18:13,047 - INFO - Reads are in these FASTQ pairs:
	/fh/fast/bloom_j/computational_notebooks/ckikawa/2022/ZIKV_E_DMS_GooLab/data/concat_fastq/concat_fastq_out/lib1_MZ4_1200_R1.fastq.gz and /fh/fast/bloom_j/computational_notebooks/ckikawa/2022/ZIKV_E_DMS_GooLab/data/concat_fastq/concat_fastq_out/lib1_MZ4_1200_R2.fastq.gz

2023-01-16 15:18:13,047 - INFO - Now parsing read pairs...
2023-01-16 15:18:19,434 - INFO - Reads parsed so far: 500000
2023-01-16 15:18:25,196 - INFO - Reads parsed so far: 1000000
2023-01-16 15:18:30,804 - INFO - Reads parsed so far: 1500000
2023-01-16 15:18:36,589 - INFO - Reads parsed so far: 2000000
2023-01-16 15:18:42,642 - INFO - Reads parsed so far: 2500000
2023-01-16 15:18:47,662 - INFO - Reads parsed so far: 3000000
2023-01-16 15:18:52,668 - INFO - Reads parsed so far: 3500000
2023-01-16 15:18:59,296 - INFO - Reads parsed so far: 4000000
2023-01-16 15:19:04,382 - INFO - Reads parsed so far: 4500000
2023-01-16 15:19:09,478 - INFO - Reads parsed so far: 5000000
2023-01-16 15:19:14,600 - INFO - Reads parsed so far: 5500000
2023-01-16 15:19:16,643 - INFO - Parsed 5700952 reads, found 2081477 unique barcodes.
2023-01-16 15:19:16,646 - INFO - Summary stats on reads:
   total  fail filter  low Q barcode
 5700952       316140         360862
2023-01-16 15:19:16,646 - INFO - Writing these stats to ./results/codoncounts/lib1-MZ4-1200_readstats.csv

2023-01-16 15:19:17,098 - INFO - Number of reads per barcode:
                 number of barcodes
number of reads                    
1                            792309
2                            489031
3                            355982
4                            218597
5                            119451
6                             59500
7                             27296
8                             11894
9                              4758
10                             1764
11                              601
12                              215
13                               56
14                               12
15                                7
17                                1
30                                1
32                                1
33                                1
2023-01-16 15:19:17,099 - INFO - Writing these stats to ./results/codoncounts/lib1-MZ4-1200_readsperbc.csv

2023-01-16 15:19:17,103 - INFO - Examining the 2081477 barcodes to build and align subamplicons...
2023-01-16 15:19:29,032 - INFO - Barcodes examined so far: 200000
2023-01-16 15:19:40,702 - INFO - Barcodes examined so far: 400000
2023-01-16 15:19:52,134 - INFO - Barcodes examined so far: 600000
2023-01-16 15:20:03,242 - INFO - Barcodes examined so far: 800000
2023-01-16 15:20:13,992 - INFO - Barcodes examined so far: 1000000
2023-01-16 15:20:24,210 - INFO - Barcodes examined so far: 1200000
2023-01-16 15:20:33,544 - INFO - Barcodes examined so far: 1400000
2023-01-16 15:20:43,331 - INFO - Barcodes examined so far: 1600000
2023-01-16 15:20:50,805 - INFO - Barcodes examined so far: 1800000
2023-01-16 15:20:57,343 - INFO - Barcodes examined so far: 2000000
2023-01-16 15:20:58,430 - INFO - Examined all barcodes. Summary stats:
   total  too few reads  not alignable  aligned
 2081477         792309         117339  1171829
2023-01-16 15:20:58,430 - INFO - Writing these stats to ./results/codoncounts/lib1-MZ4-1200_bcstats.csv

2023-01-16 15:20:58,443 - INFO - Writing the counts of each codon identity at each site to ./results/codoncounts/lib1-MZ4-1200_codoncounts.csv

2023-01-16 15:20:58,495 - INFO - Successful completion of dms2_bcsubamp
