2023-01-16 15:18:13,105 - INFO - Beginning execution of dms2_bcsubamp in directory /fh/fast/bloom_j/computational_notebooks/ckikawa/2022/ZIKV_MAP_GooLab

2023-01-16 15:18:13,105 - INFO - Progress is being logged to ./results/codoncounts/lib1-ZKA64-750.log
2023-01-16 15:18:13,142 - INFO - Version information:
	Time and date: Mon Jan 16 15:18:13 2023
	Platform: Linux-4.15.0-192-generic-x86_64-with-glibc2.10
	Python version: 3.8.13 | packaged by conda-forge | (default, Mar 25 2022, 06:04:10)  [GCC 10.3.0]
	dms_tools2 version: 2.6.10
	Bio version: 1.79
	pandas version: 0.25.3
	numpy version: 1.19.5
	IPython version: 8.4.0
	jupyter version: 1.0.0
	matplotlib version: 3.2.2
	plotnine version: 0.6.0
	natsort version: 8.2.0
	pystan version: 2.19.1.1
	scipy version: 1.6.0
	seaborn version: 0.10.1
	phydmslib version: 2.4.1
	statsmodels version: 0.11.1
	rpy2 cannot be imported
	regex version: 2.5.121
	umi_tools version: 1.1.2

2023-01-16 15:18:13,143 - INFO - Parsed the following arguments:
	outdir = ./results/codoncounts
	ncpus = -1
	use_existing = yes
	refseq = ./data/E.fasta
	alignspecs = ['1,303,33,38', '304,609,38,40', '610,903,41,36', '904,1200,41,37', '1201,1512,36,35']
	bclen = 8
	fastqdir = None
	R2 = None
	R1trim = [200]
	R2trim = [200]
	bclen2 = None
	chartype = codon
	maxmuts = 4
	minq = 15
	minreads = 2
	minfraccall = 0.95
	minconcur = 0.75
	sitemask = None
	purgeread = 0.0
	purgebc = 0.0
	bcinfo = True
	bcinfo_csv = True
	name = lib1-ZKA64-750
	R1 = ['/fh/fast/bloom_j/computational_notebooks/ckikawa/2022/ZIKV_E_DMS_GooLab/data/concat_fastq/concat_fastq_out/lib1_ZKA64_750_R1.fastq.gz']

2023-01-16 15:18:13,158 - INFO - Read refseq of 1512 codons from ./data/E.fasta
2023-01-16 15:18:13,159 - INFO - Reads are in these FASTQ pairs:
	/fh/fast/bloom_j/computational_notebooks/ckikawa/2022/ZIKV_E_DMS_GooLab/data/concat_fastq/concat_fastq_out/lib1_ZKA64_750_R1.fastq.gz and /fh/fast/bloom_j/computational_notebooks/ckikawa/2022/ZIKV_E_DMS_GooLab/data/concat_fastq/concat_fastq_out/lib1_ZKA64_750_R2.fastq.gz

2023-01-16 15:18:13,159 - INFO - Now parsing read pairs...
2023-01-16 15:18:19,625 - INFO - Reads parsed so far: 500000
2023-01-16 15:18:25,433 - INFO - Reads parsed so far: 1000000
2023-01-16 15:18:31,873 - INFO - Reads parsed so far: 1500000
2023-01-16 15:18:37,826 - INFO - Reads parsed so far: 2000000
2023-01-16 15:18:42,832 - INFO - Reads parsed so far: 2500000
2023-01-16 15:18:49,365 - INFO - Reads parsed so far: 3000000
2023-01-16 15:18:54,488 - INFO - Reads parsed so far: 3500000
2023-01-16 15:19:01,483 - INFO - Reads parsed so far: 4000000
2023-01-16 15:19:06,663 - INFO - Reads parsed so far: 4500000
2023-01-16 15:19:11,983 - INFO - Reads parsed so far: 5000000
2023-01-16 15:19:13,545 - INFO - Parsed 5146801 reads, found 2478739 unique barcodes.
2023-01-16 15:19:13,550 - INFO - Summary stats on reads:
   total  fail filter  low Q barcode
 5146801       288402         329031
2023-01-16 15:19:13,550 - INFO - Writing these stats to ./results/codoncounts/lib1-ZKA64-750_readstats.csv

2023-01-16 15:19:14,082 - INFO - Number of reads per barcode:
                 number of barcodes
number of reads                    
1                           1321435
2                            614988
3                            317730
4                            140234
5                             55224
6                             19887
7                              6557
8                              1950
9                               545
10                              156
11                               22
12                                7
13                                1
22                                1
31                                1
33                                1
2023-01-16 15:19:14,083 - INFO - Writing these stats to ./results/codoncounts/lib1-ZKA64-750_readsperbc.csv

2023-01-16 15:19:14,086 - INFO - Examining the 2478739 barcodes to build and align subamplicons...
2023-01-16 15:19:24,244 - INFO - Barcodes examined so far: 200000
2023-01-16 15:19:34,129 - INFO - Barcodes examined so far: 400000
2023-01-16 15:19:43,699 - INFO - Barcodes examined so far: 600000
2023-01-16 15:19:53,030 - INFO - Barcodes examined so far: 800000
2023-01-16 15:20:01,979 - INFO - Barcodes examined so far: 1000000
2023-01-16 15:20:10,501 - INFO - Barcodes examined so far: 1200000
2023-01-16 15:20:18,981 - INFO - Barcodes examined so far: 1400000
2023-01-16 15:20:26,298 - INFO - Barcodes examined so far: 1600000
2023-01-16 15:20:32,821 - INFO - Barcodes examined so far: 1800000
2023-01-16 15:20:38,414 - INFO - Barcodes examined so far: 2000000
2023-01-16 15:20:42,828 - INFO - Barcodes examined so far: 2200000
2023-01-16 15:20:46,169 - INFO - Barcodes examined so far: 2400000
2023-01-16 15:20:47,105 - INFO - Examined all barcodes. Summary stats:
   total  too few reads  not alignable  aligned
 2478739        1321435         117303  1040001
2023-01-16 15:20:47,106 - INFO - Writing these stats to ./results/codoncounts/lib1-ZKA64-750_bcstats.csv

2023-01-16 15:20:47,123 - INFO - Writing the counts of each codon identity at each site to ./results/codoncounts/lib1-ZKA64-750_codoncounts.csv

2023-01-16 15:20:47,155 - INFO - Successful completion of dms2_bcsubamp
