2023-08-31 13:34:06,182 - INFO - Beginning execution of dms2_bcsubamp in directory /fh/fast/bloom_j/computational_notebooks/ckikawa/2022/ZIKV_MAP_GooLab

2023-08-31 13:34:06,182 - INFO - Progress is being logged to ./results/codoncounts/lib1-ZV67-40000.log
2023-08-31 13:34:06,217 - INFO - Version information:
	Time and date: Thu Aug 31 13:34:06 2023
	Platform: Linux-4.15.0-192-generic-x86_64-with-glibc2.10
	Python version: 3.8.13 | packaged by conda-forge | (default, Mar 25 2022, 06:04:10)  [GCC 10.3.0]
	dms_tools2 version: 2.6.10
	Bio version: 1.79
	pandas version: 0.25.3
	numpy version: 1.19.5
	IPython version: 8.4.0
	jupyter version: 1.0.0
	matplotlib version: 3.2.2
	plotnine version: 0.6.0
	natsort version: 8.2.0
	pystan version: 2.19.1.1
	scipy version: 1.6.0
	seaborn version: 0.10.1
	phydmslib version: 2.4.1
	statsmodels version: 0.11.1
	rpy2 cannot be imported
	regex version: 2.5.121
	umi_tools version: 1.1.2

2023-08-31 13:34:06,217 - INFO - Parsed the following arguments:
	outdir = ./results/codoncounts
	ncpus = -1
	use_existing = yes
	refseq = ./data/E.fasta
	alignspecs = ['1,303,33,38', '304,609,38,40', '610,903,41,36', '904,1200,41,37', '1201,1512,36,35']
	bclen = 8
	fastqdir = None
	R2 = None
	R1trim = [200]
	R2trim = [200]
	bclen2 = None
	chartype = codon
	maxmuts = 4
	minq = 15
	minreads = 2
	minfraccall = 0.95
	minconcur = 0.75
	sitemask = None
	purgeread = 0.0
	purgebc = 0.0
	bcinfo = True
	bcinfo_csv = True
	name = lib1-ZV67-40000
	R1 = ['/fh/fast/bloom_j/computational_notebooks/ckikawa/2022/ZIKV_MAP_GooLab/data/concat_fastq/concat_fastq_out/lib1_ZV67_40000_R1.fastq.gz']

2023-08-31 13:34:06,229 - INFO - Read refseq of 1512 codons from ./data/E.fasta
2023-08-31 13:34:06,231 - INFO - Reads are in these FASTQ pairs:
	/fh/fast/bloom_j/computational_notebooks/ckikawa/2022/ZIKV_MAP_GooLab/data/concat_fastq/concat_fastq_out/lib1_ZV67_40000_R1.fastq.gz and /fh/fast/bloom_j/computational_notebooks/ckikawa/2022/ZIKV_MAP_GooLab/data/concat_fastq/concat_fastq_out/lib1_ZV67_40000_R2.fastq.gz

2023-08-31 13:34:06,231 - INFO - Now parsing read pairs...
2023-08-31 13:34:12,402 - INFO - Reads parsed so far: 500000
2023-08-31 13:34:17,959 - INFO - Reads parsed so far: 1000000
2023-08-31 13:34:24,167 - INFO - Reads parsed so far: 1500000
2023-08-31 13:34:29,785 - INFO - Reads parsed so far: 2000000
2023-08-31 13:34:34,547 - INFO - Reads parsed so far: 2500000
2023-08-31 13:34:40,612 - INFO - Reads parsed so far: 3000000
2023-08-31 13:34:45,434 - INFO - Reads parsed so far: 3500000
2023-08-31 13:34:51,963 - INFO - Reads parsed so far: 4000000
2023-08-31 13:34:56,923 - INFO - Reads parsed so far: 4500000
2023-08-31 13:35:00,490 - INFO - Parsed 4862654 reads, found 2594068 unique barcodes.
2023-08-31 13:35:00,493 - INFO - Summary stats on reads:
   total  fail filter  low Q barcode
 4862654       277322         303126
2023-08-31 13:35:00,493 - INFO - Writing these stats to ./results/codoncounts/lib1-ZV67-40000_readstats.csv

2023-08-31 13:35:01,062 - INFO - Number of reads per barcode:
                 number of barcodes
number of reads                    
1                           1559941
2                            608334
3                            270823
4                            103427
5                             35816
6                             11330
7                              3254
8                               872
9                               201
10                               55
11                               10
13                                1
20                                1
21                                2
62                                1
2023-08-31 13:35:01,063 - INFO - Writing these stats to ./results/codoncounts/lib1-ZV67-40000_readsperbc.csv

2023-08-31 13:35:01,067 - INFO - Examining the 2594068 barcodes to build and align subamplicons...
2023-08-31 13:35:09,991 - INFO - Barcodes examined so far: 200000
2023-08-31 13:35:18,652 - INFO - Barcodes examined so far: 400000
2023-08-31 13:35:27,027 - INFO - Barcodes examined so far: 600000
2023-08-31 13:35:35,077 - INFO - Barcodes examined so far: 800000
2023-08-31 13:35:42,736 - INFO - Barcodes examined so far: 1000000
2023-08-31 13:35:49,989 - INFO - Barcodes examined so far: 1200000
2023-08-31 13:35:56,829 - INFO - Barcodes examined so far: 1400000
2023-08-31 13:36:03,187 - INFO - Barcodes examined so far: 1600000
2023-08-31 13:36:08,941 - INFO - Barcodes examined so far: 1800000
2023-08-31 13:36:14,000 - INFO - Barcodes examined so far: 2000000
2023-08-31 13:36:18,242 - INFO - Barcodes examined so far: 2200000
2023-08-31 13:36:21,625 - INFO - Barcodes examined so far: 2400000
2023-08-31 13:36:24,028 - INFO - Examined all barcodes. Summary stats:
   total  too few reads  not alignable  aligned
 2594068        1559941         107643   926484
2023-08-31 13:36:24,028 - INFO - Writing these stats to ./results/codoncounts/lib1-ZV67-40000_bcstats.csv

2023-08-31 13:36:24,044 - INFO - Writing the counts of each codon identity at each site to ./results/codoncounts/lib1-ZV67-40000_codoncounts.csv

2023-08-31 13:36:24,073 - INFO - Successful completion of dms2_bcsubamp
