2023-01-16 15:18:12,988 - INFO - Beginning execution of dms2_bcsubamp in directory /fh/fast/bloom_j/computational_notebooks/ckikawa/2022/ZIKV_MAP_GooLab

2023-01-16 15:18:12,989 - INFO - Progress is being logged to ./results/codoncounts/lib1-C8-1600.log
2023-01-16 15:18:13,021 - INFO - Version information:
	Time and date: Mon Jan 16 15:18:12 2023
	Platform: Linux-4.15.0-192-generic-x86_64-with-glibc2.10
	Python version: 3.8.13 | packaged by conda-forge | (default, Mar 25 2022, 06:04:10)  [GCC 10.3.0]
	dms_tools2 version: 2.6.10
	Bio version: 1.79
	pandas version: 0.25.3
	numpy version: 1.19.5
	IPython version: 8.4.0
	jupyter version: 1.0.0
	matplotlib version: 3.2.2
	plotnine version: 0.6.0
	natsort version: 8.2.0
	pystan version: 2.19.1.1
	scipy version: 1.6.0
	seaborn version: 0.10.1
	phydmslib version: 2.4.1
	statsmodels version: 0.11.1
	rpy2 cannot be imported
	regex version: 2.5.121
	umi_tools version: 1.1.2

2023-01-16 15:18:13,021 - INFO - Parsed the following arguments:
	outdir = ./results/codoncounts
	ncpus = -1
	use_existing = yes
	refseq = ./data/E.fasta
	alignspecs = ['1,303,33,38', '304,609,38,40', '610,903,41,36', '904,1200,41,37', '1201,1512,36,35']
	bclen = 8
	fastqdir = None
	R2 = None
	R1trim = [200]
	R2trim = [200]
	bclen2 = None
	chartype = codon
	maxmuts = 4
	minq = 15
	minreads = 2
	minfraccall = 0.95
	minconcur = 0.75
	sitemask = None
	purgeread = 0.0
	purgebc = 0.0
	bcinfo = True
	bcinfo_csv = True
	name = lib1-C8-1600
	R1 = ['/fh/fast/bloom_j/computational_notebooks/ckikawa/2022/ZIKV_E_DMS_GooLab/data/concat_fastq/concat_fastq_out/lib1_C8_1600_R1.fastq.gz']

2023-01-16 15:18:13,039 - INFO - Read refseq of 1512 codons from ./data/E.fasta
2023-01-16 15:18:13,041 - INFO - Reads are in these FASTQ pairs:
	/fh/fast/bloom_j/computational_notebooks/ckikawa/2022/ZIKV_E_DMS_GooLab/data/concat_fastq/concat_fastq_out/lib1_C8_1600_R1.fastq.gz and /fh/fast/bloom_j/computational_notebooks/ckikawa/2022/ZIKV_E_DMS_GooLab/data/concat_fastq/concat_fastq_out/lib1_C8_1600_R2.fastq.gz

2023-01-16 15:18:13,042 - INFO - Now parsing read pairs...
2023-01-16 15:18:19,289 - INFO - Reads parsed so far: 500000
2023-01-16 15:18:24,936 - INFO - Reads parsed so far: 1000000
2023-01-16 15:18:31,232 - INFO - Reads parsed so far: 1500000
2023-01-16 15:18:35,988 - INFO - Reads parsed so far: 2000000
2023-01-16 15:18:41,959 - INFO - Reads parsed so far: 2500000
2023-01-16 15:18:48,319 - INFO - Reads parsed so far: 3000000
2023-01-16 15:18:53,257 - INFO - Reads parsed so far: 3500000
2023-01-16 15:18:58,270 - INFO - Reads parsed so far: 4000000
2023-01-16 15:19:05,146 - INFO - Reads parsed so far: 4500000
2023-01-16 15:19:10,146 - INFO - Reads parsed so far: 5000000
2023-01-16 15:19:11,294 - INFO - Parsed 5113714 reads, found 2422680 unique barcodes.
2023-01-16 15:19:11,298 - INFO - Summary stats on reads:
   total  fail filter  low Q barcode
 5113714       282585         325474
2023-01-16 15:19:11,298 - INFO - Writing these stats to ./results/codoncounts/lib1-C8-1600_readstats.csv

2023-01-16 15:19:11,851 - INFO - Number of reads per barcode:
                 number of barcodes
number of reads                    
1                           1267856
2                            601480
3                            318168
4                            143850
5                             58771
6                             21734
7                              7446
8                              2398
9                               722
10                              179
11                               54
12                               16
14                                2
23                                1
25                                1
38                                1
182                               1
2023-01-16 15:19:11,851 - INFO - Writing these stats to ./results/codoncounts/lib1-C8-1600_readsperbc.csv

2023-01-16 15:19:11,855 - INFO - Examining the 2422680 barcodes to build and align subamplicons...
2023-01-16 15:19:22,123 - INFO - Barcodes examined so far: 200000
2023-01-16 15:19:32,154 - INFO - Barcodes examined so far: 400000
2023-01-16 15:19:41,901 - INFO - Barcodes examined so far: 600000
2023-01-16 15:19:51,268 - INFO - Barcodes examined so far: 800000
2023-01-16 15:20:00,248 - INFO - Barcodes examined so far: 1000000
2023-01-16 15:20:08,767 - INFO - Barcodes examined so far: 1200000
2023-01-16 15:20:16,817 - INFO - Barcodes examined so far: 1400000
2023-01-16 15:20:24,207 - INFO - Barcodes examined so far: 1600000
2023-01-16 15:20:30,599 - INFO - Barcodes examined so far: 1800000
2023-01-16 15:20:35,961 - INFO - Barcodes examined so far: 2000000
2023-01-16 15:20:40,231 - INFO - Barcodes examined so far: 2200000
2023-01-16 15:20:43,210 - INFO - Barcodes examined so far: 2400000
2023-01-16 15:20:43,458 - INFO - Examined all barcodes. Summary stats:
   total  too few reads  not alignable  aligned
 2422680        1267856         115214  1039610
2023-01-16 15:20:43,459 - INFO - Writing these stats to ./results/codoncounts/lib1-C8-1600_bcstats.csv

2023-01-16 15:20:43,476 - INFO - Writing the counts of each codon identity at each site to ./results/codoncounts/lib1-C8-1600_codoncounts.csv

2023-01-16 15:20:43,505 - INFO - Successful completion of dms2_bcsubamp
