2022-07-21 10:20:51,527 - INFO - Beginning execution of dms2_bcsubamp in directory /fh/fast/bloom_j/computational_notebooks/ckikawa/2022/ZIKV_MAP_GooLab

2022-07-21 10:20:51,528 - INFO - Progress is being logged to ./results/codoncounts/lib1-C8-800.log
2022-07-21 10:20:51,569 - INFO - Version information:
	Time and date: Thu Jul 21 10:20:51 2022
	Platform: Linux-4.15.0-101-generic-x86_64-with-glibc2.10
	Python version: 3.8.13 | packaged by conda-forge | (default, Mar 25 2022, 06:04:10)  [GCC 10.3.0]
	dms_tools2 version: 2.6.10
	Bio version: 1.79
	pandas version: 0.25.3
	numpy version: 1.19.5
	IPython version: 8.3.0
	jupyter version: 1.0.0
	matplotlib version: 3.2.2
	plotnine version: 0.6.0
	natsort version: 8.1.0
	pystan version: 2.19.1.1
	scipy version: 1.5.2
	seaborn version: 0.10.1
	phydmslib version: 2.4.1
	statsmodels version: 0.11.1
	rpy2 cannot be imported
	regex version: 2.5.114
	umi_tools version: 1.1.2

2022-07-21 10:20:51,569 - INFO - Parsed the following arguments:
	outdir = ./results/codoncounts
	ncpus = -1
	use_existing = no
	refseq = ./data/E.fasta
	alignspecs = ['1,303,33,38', '304,609,38,40', '610,903,41,36', '904,1200,41,37', '1201,1512,36,35']
	bclen = 8
	fastqdir = None
	R2 = None
	R1trim = [200]
	R2trim = [200]
	bclen2 = None
	chartype = codon
	maxmuts = 4
	minq = 15
	minreads = 2
	minfraccall = 0.95
	minconcur = 0.75
	sitemask = None
	purgeread = 0.0
	purgebc = 0.0
	bcinfo = True
	bcinfo_csv = True
	name = lib1-C8-800
	R1 = ['/fh/fast/bloom_j/computational_notebooks/ckikawa/2022/ZIKV_E_DMS_GooLab/data/concat_fastq/concat_fastq_out/lib1_C8_800_R1.fastq.gz']

2022-07-21 10:20:51,574 - INFO - Removing existing file ./results/codoncounts/lib1-C8-800_codoncounts.csv
2022-07-21 10:20:51,603 - INFO - Removing existing file ./results/codoncounts/lib1-C8-800_readstats.csv
2022-07-21 10:20:51,623 - INFO - Removing existing file ./results/codoncounts/lib1-C8-800_readsperbc.csv
2022-07-21 10:20:51,648 - INFO - Removing existing file ./results/codoncounts/lib1-C8-800_bcstats.csv
2022-07-21 10:20:51,682 - INFO - Removing existing file ./results/codoncounts/lib1-C8-800_bcinfo.csv.gz
2022-07-21 10:20:51,777 - INFO - Read refseq of 1512 codons from ./data/E.fasta
2022-07-21 10:20:51,785 - INFO - Reads are in these FASTQ pairs:
	/fh/fast/bloom_j/computational_notebooks/ckikawa/2022/ZIKV_E_DMS_GooLab/data/concat_fastq/concat_fastq_out/lib1_C8_800_R1.fastq.gz and /fh/fast/bloom_j/computational_notebooks/ckikawa/2022/ZIKV_E_DMS_GooLab/data/concat_fastq/concat_fastq_out/lib1_C8_800_R2.fastq.gz

2022-07-21 10:20:51,785 - INFO - Now parsing read pairs...
2022-07-21 10:20:57,773 - INFO - Reads parsed so far: 500000
2022-07-21 10:21:03,295 - INFO - Reads parsed so far: 1000000
2022-07-21 10:21:08,764 - INFO - Reads parsed so far: 1500000
2022-07-21 10:21:14,356 - INFO - Reads parsed so far: 2000000
2022-07-21 10:21:19,229 - INFO - Reads parsed so far: 2500000
2022-07-21 10:21:25,040 - INFO - Reads parsed so far: 3000000
2022-07-21 10:21:29,969 - INFO - Reads parsed so far: 3500000
2022-07-21 10:21:34,879 - INFO - Reads parsed so far: 4000000
2022-07-21 10:21:38,077 - INFO - Parsed 4338344 reads, found 1590641 unique barcodes.
2022-07-21 10:21:38,080 - INFO - Summary stats on reads:
   total  fail filter  low Q barcode
 4338344       251964         298687
2022-07-21 10:21:38,080 - INFO - Writing these stats to ./results/codoncounts/lib1-C8-800_readstats.csv

2022-07-21 10:21:38,412 - INFO - Number of reads per barcode:
                 number of barcodes
number of reads                    
1                            576762
2                            406115
3                            289551
4                            168705
5                             84777
6                             38673
7                             16075
8                              6509
9                              2291
10                              822
11                              247
12                               67
13                               30
14                                7
15                                3
16                                1
22                                1
24                                1
30                                1
288                               1
407                               1
1028                              1
2022-07-21 10:21:38,412 - INFO - Writing these stats to ./results/codoncounts/lib1-C8-800_readsperbc.csv

2022-07-21 10:21:38,417 - INFO - Examining the 1590641 barcodes to build and align subamplicons...
2022-07-21 10:21:49,953 - INFO - Barcodes examined so far: 200000
2022-07-21 10:22:01,216 - INFO - Barcodes examined so far: 400000
2022-07-21 10:22:12,058 - INFO - Barcodes examined so far: 600000
2022-07-21 10:22:22,489 - INFO - Barcodes examined so far: 800000
2022-07-21 10:22:32,191 - INFO - Barcodes examined so far: 1000000
2022-07-21 10:22:40,942 - INFO - Barcodes examined so far: 1200000
2022-07-21 10:22:48,055 - INFO - Barcodes examined so far: 1400000
2022-07-21 10:22:51,981 - INFO - Examined all barcodes. Summary stats:
   total  too few reads  not alignable  aligned
 1590641         576762          85775   928104
2022-07-21 10:22:51,981 - INFO - Writing these stats to ./results/codoncounts/lib1-C8-800_bcstats.csv

2022-07-21 10:22:52,000 - INFO - Writing the counts of each codon identity at each site to ./results/codoncounts/lib1-C8-800_codoncounts.csv

2022-07-21 10:22:52,032 - INFO - Successful completion of dms2_bcsubamp
