2023-01-16 15:18:13,069 - INFO - Beginning execution of dms2_bcsubamp in directory /fh/fast/bloom_j/computational_notebooks/ckikawa/2022/ZIKV_MAP_GooLab

2023-01-16 15:18:13,069 - INFO - Progress is being logged to ./results/codoncounts/lib2-C8-225.log
2023-01-16 15:18:13,103 - INFO - Version information:
	Time and date: Mon Jan 16 15:18:13 2023
	Platform: Linux-4.15.0-192-generic-x86_64-with-glibc2.10
	Python version: 3.8.13 | packaged by conda-forge | (default, Mar 25 2022, 06:04:10)  [GCC 10.3.0]
	dms_tools2 version: 2.6.10
	Bio version: 1.79
	pandas version: 0.25.3
	numpy version: 1.19.5
	IPython version: 8.4.0
	jupyter version: 1.0.0
	matplotlib version: 3.2.2
	plotnine version: 0.6.0
	natsort version: 8.2.0
	pystan version: 2.19.1.1
	scipy version: 1.6.0
	seaborn version: 0.10.1
	phydmslib version: 2.4.1
	statsmodels version: 0.11.1
	rpy2 cannot be imported
	regex version: 2.5.121
	umi_tools version: 1.1.2

2023-01-16 15:18:13,103 - INFO - Parsed the following arguments:
	outdir = ./results/codoncounts
	ncpus = -1
	use_existing = yes
	refseq = ./data/E.fasta
	alignspecs = ['1,303,33,38', '304,609,38,40', '610,903,41,36', '904,1200,41,37', '1201,1512,36,35']
	bclen = 8
	fastqdir = None
	R2 = None
	R1trim = [200]
	R2trim = [200]
	bclen2 = None
	chartype = codon
	maxmuts = 4
	minq = 15
	minreads = 2
	minfraccall = 0.95
	minconcur = 0.75
	sitemask = None
	purgeread = 0.0
	purgebc = 0.0
	bcinfo = True
	bcinfo_csv = True
	name = lib2-C8-225
	R1 = ['/fh/fast/bloom_j/computational_notebooks/ckikawa/2022/ZIKV_E_DMS_GooLab/data/concat_fastq/concat_fastq_out/lib2_C8_225_R1.fastq.gz']

2023-01-16 15:18:13,118 - INFO - Read refseq of 1512 codons from ./data/E.fasta
2023-01-16 15:18:13,119 - INFO - Reads are in these FASTQ pairs:
	/fh/fast/bloom_j/computational_notebooks/ckikawa/2022/ZIKV_E_DMS_GooLab/data/concat_fastq/concat_fastq_out/lib2_C8_225_R1.fastq.gz and /fh/fast/bloom_j/computational_notebooks/ckikawa/2022/ZIKV_E_DMS_GooLab/data/concat_fastq/concat_fastq_out/lib2_C8_225_R2.fastq.gz

2023-01-16 15:18:13,119 - INFO - Now parsing read pairs...
2023-01-16 15:18:19,216 - INFO - Reads parsed so far: 500000
2023-01-16 15:18:25,346 - INFO - Reads parsed so far: 1000000
2023-01-16 15:18:30,811 - INFO - Reads parsed so far: 1500000
2023-01-16 15:18:36,558 - INFO - Reads parsed so far: 2000000
2023-01-16 15:18:42,633 - INFO - Reads parsed so far: 2500000
2023-01-16 15:18:48,985 - INFO - Reads parsed so far: 3000000
2023-01-16 15:18:53,922 - INFO - Reads parsed so far: 3500000
2023-01-16 15:18:58,955 - INFO - Reads parsed so far: 4000000
2023-01-16 15:19:01,006 - INFO - Parsed 4203771 reads, found 2110892 unique barcodes.
2023-01-16 15:19:01,012 - INFO - Summary stats on reads:
   total  fail filter  low Q barcode
 4203771       373204         490997
2023-01-16 15:19:01,012 - INFO - Writing these stats to ./results/codoncounts/lib2-C8-225_readstats.csv

2023-01-16 15:19:01,486 - INFO - Number of reads per barcode:
                 number of barcodes
number of reads                    
1                           1295067
2                            522565
3                            204420
4                             65190
5                             18068
6                              4364
7                               981
8                               186
9                                42
10                                5
11                                2
12                                2
2023-01-16 15:19:01,486 - INFO - Writing these stats to ./results/codoncounts/lib2-C8-225_readsperbc.csv

2023-01-16 15:19:01,490 - INFO - Examining the 2110892 barcodes to build and align subamplicons...
2023-01-16 15:19:10,160 - INFO - Barcodes examined so far: 200000
2023-01-16 15:19:18,572 - INFO - Barcodes examined so far: 400000
2023-01-16 15:19:26,655 - INFO - Barcodes examined so far: 600000
2023-01-16 15:19:34,504 - INFO - Barcodes examined so far: 800000
2023-01-16 15:19:41,866 - INFO - Barcodes examined so far: 1000000
2023-01-16 15:19:48,663 - INFO - Barcodes examined so far: 1200000
2023-01-16 15:19:54,831 - INFO - Barcodes examined so far: 1400000
2023-01-16 15:20:00,236 - INFO - Barcodes examined so far: 1600000
2023-01-16 15:20:04,702 - INFO - Barcodes examined so far: 1800000
2023-01-16 15:20:07,986 - INFO - Barcodes examined so far: 2000000
2023-01-16 15:20:09,296 - INFO - Examined all barcodes. Summary stats:
   total  too few reads  not alignable  aligned
 2110892        1295067         109881   705944
2023-01-16 15:20:09,296 - INFO - Writing these stats to ./results/codoncounts/lib2-C8-225_bcstats.csv

2023-01-16 15:20:09,319 - INFO - Writing the counts of each codon identity at each site to ./results/codoncounts/lib2-C8-225_codoncounts.csv

2023-01-16 15:20:09,349 - INFO - Successful completion of dms2_bcsubamp
