2023-08-31 13:34:06,194 - INFO - Beginning execution of dms2_bcsubamp in directory /fh/fast/bloom_j/computational_notebooks/ckikawa/2022/ZIKV_MAP_GooLab

2023-08-31 13:34:06,194 - INFO - Progress is being logged to ./results/codoncounts/lib2-MZ4-4800.log
2023-08-31 13:34:06,225 - INFO - Version information:
	Time and date: Thu Aug 31 13:34:06 2023
	Platform: Linux-4.15.0-192-generic-x86_64-with-glibc2.10
	Python version: 3.8.13 | packaged by conda-forge | (default, Mar 25 2022, 06:04:10)  [GCC 10.3.0]
	dms_tools2 version: 2.6.10
	Bio version: 1.79
	pandas version: 0.25.3
	numpy version: 1.19.5
	IPython version: 8.4.0
	jupyter version: 1.0.0
	matplotlib version: 3.2.2
	plotnine version: 0.6.0
	natsort version: 8.2.0
	pystan version: 2.19.1.1
	scipy version: 1.6.0
	seaborn version: 0.10.1
	phydmslib version: 2.4.1
	statsmodels version: 0.11.1
	rpy2 cannot be imported
	regex version: 2.5.121
	umi_tools version: 1.1.2

2023-08-31 13:34:06,225 - INFO - Parsed the following arguments:
	outdir = ./results/codoncounts
	ncpus = -1
	use_existing = yes
	refseq = ./data/E.fasta
	alignspecs = ['1,303,33,38', '304,609,38,40', '610,903,41,36', '904,1200,41,37', '1201,1512,36,35']
	bclen = 8
	fastqdir = None
	R2 = None
	R1trim = [200]
	R2trim = [200]
	bclen2 = None
	chartype = codon
	maxmuts = 4
	minq = 15
	minreads = 2
	minfraccall = 0.95
	minconcur = 0.75
	sitemask = None
	purgeread = 0.0
	purgebc = 0.0
	bcinfo = True
	bcinfo_csv = True
	name = lib2-MZ4-4800
	R1 = ['/fh/fast/bloom_j/computational_notebooks/ckikawa/2022/ZIKV_MAP_GooLab/data/concat_fastq/concat_fastq_out/lib2_MZ4_4800_R1.fastq.gz']

2023-08-31 13:34:06,241 - INFO - Read refseq of 1512 codons from ./data/E.fasta
2023-08-31 13:34:06,242 - INFO - Reads are in these FASTQ pairs:
	/fh/fast/bloom_j/computational_notebooks/ckikawa/2022/ZIKV_MAP_GooLab/data/concat_fastq/concat_fastq_out/lib2_MZ4_4800_R1.fastq.gz and /fh/fast/bloom_j/computational_notebooks/ckikawa/2022/ZIKV_MAP_GooLab/data/concat_fastq/concat_fastq_out/lib2_MZ4_4800_R2.fastq.gz

2023-08-31 13:34:06,242 - INFO - Now parsing read pairs...
2023-08-31 13:34:13,906 - INFO - Reads parsed so far: 500000
2023-08-31 13:34:22,305 - INFO - Reads parsed so far: 1000000
2023-08-31 13:34:33,498 - INFO - Reads parsed so far: 1500000
2023-08-31 13:34:38,335 - INFO - Reads parsed so far: 2000000
2023-08-31 13:34:44,395 - INFO - Reads parsed so far: 2500000
2023-08-31 13:34:50,752 - INFO - Reads parsed so far: 3000000
2023-08-31 13:34:55,653 - INFO - Reads parsed so far: 3500000
2023-08-31 13:35:00,572 - INFO - Reads parsed so far: 4000000
2023-08-31 13:35:07,291 - INFO - Reads parsed so far: 4500000
2023-08-31 13:35:10,240 - INFO - Parsed 4796488 reads, found 2364575 unique barcodes.
2023-08-31 13:35:10,242 - INFO - Summary stats on reads:
   total  fail filter  low Q barcode
 4796488       382582         430040
2023-08-31 13:35:10,242 - INFO - Writing these stats to ./results/codoncounts/lib2-MZ4-4800_readstats.csv

2023-08-31 13:35:10,757 - INFO - Number of reads per barcode:
                 number of barcodes
number of reads                    
1                           1363413
2                            590344
3                            265741
4                             99806
5                             32537
6                              9504
7                              2456
8                               601
9                               141
10                               25
11                                3
12                                1
14                                1
15                                1
16                                1
2023-08-31 13:35:10,757 - INFO - Writing these stats to ./results/codoncounts/lib2-MZ4-4800_readsperbc.csv

2023-08-31 13:35:10,760 - INFO - Examining the 2364575 barcodes to build and align subamplicons...
2023-08-31 13:35:19,840 - INFO - Barcodes examined so far: 200000
2023-08-31 13:35:28,679 - INFO - Barcodes examined so far: 400000
2023-08-31 13:35:37,222 - INFO - Barcodes examined so far: 600000
2023-08-31 13:35:45,554 - INFO - Barcodes examined so far: 800000
2023-08-31 13:35:53,580 - INFO - Barcodes examined so far: 1000000
2023-08-31 13:36:01,158 - INFO - Barcodes examined so far: 1200000
2023-08-31 13:36:08,231 - INFO - Barcodes examined so far: 1400000
2023-08-31 13:36:14,633 - INFO - Barcodes examined so far: 1600000
2023-08-31 13:36:20,398 - INFO - Barcodes examined so far: 1800000
2023-08-31 13:36:25,163 - INFO - Barcodes examined so far: 2000000
2023-08-31 13:36:29,080 - INFO - Barcodes examined so far: 2200000
2023-08-31 13:36:31,138 - INFO - Examined all barcodes. Summary stats:
   total  too few reads  not alignable  aligned
 2364575        1363413         119538   881624
2023-08-31 13:36:31,138 - INFO - Writing these stats to ./results/codoncounts/lib2-MZ4-4800_bcstats.csv

2023-08-31 13:36:31,156 - INFO - Writing the counts of each codon identity at each site to ./results/codoncounts/lib2-MZ4-4800_codoncounts.csv

2023-08-31 13:36:31,185 - INFO - Successful completion of dms2_bcsubamp
