2023-01-16 15:20:42,811 - INFO - Beginning execution of dms2_bcsubamp in directory /fh/fast/bloom_j/computational_notebooks/ckikawa/2022/ZIKV_MAP_GooLab

2023-01-16 15:20:42,811 - INFO - Progress is being logged to ./results/codoncounts/lib2-SiGN-10.log
2023-01-16 15:20:42,844 - INFO - Version information:
	Time and date: Mon Jan 16 15:20:42 2023
	Platform: Linux-4.15.0-192-generic-x86_64-with-glibc2.10
	Python version: 3.8.13 | packaged by conda-forge | (default, Mar 25 2022, 06:04:10)  [GCC 10.3.0]
	dms_tools2 version: 2.6.10
	Bio version: 1.79
	pandas version: 0.25.3
	numpy version: 1.19.5
	IPython version: 8.4.0
	jupyter version: 1.0.0
	matplotlib version: 3.2.2
	plotnine version: 0.6.0
	natsort version: 8.2.0
	pystan version: 2.19.1.1
	scipy version: 1.6.0
	seaborn version: 0.10.1
	phydmslib version: 2.4.1
	statsmodels version: 0.11.1
	rpy2 cannot be imported
	regex version: 2.5.121
	umi_tools version: 1.1.2

2023-01-16 15:20:42,844 - INFO - Parsed the following arguments:
	outdir = ./results/codoncounts
	ncpus = -1
	use_existing = yes
	refseq = ./data/E.fasta
	alignspecs = ['1,303,33,38', '304,609,38,40', '610,903,41,36', '904,1200,41,37', '1201,1512,36,35']
	bclen = 8
	fastqdir = None
	R2 = None
	R1trim = [200]
	R2trim = [200]
	bclen2 = None
	chartype = codon
	maxmuts = 4
	minq = 15
	minreads = 2
	minfraccall = 0.95
	minconcur = 0.75
	sitemask = None
	purgeread = 0.0
	purgebc = 0.0
	bcinfo = True
	bcinfo_csv = True
	name = lib2-SiGN-10
	R1 = ['/fh/fast/bloom_j/computational_notebooks/ckikawa/2022/ZIKV_E_DMS_GooLab/data/concat_fastq/concat_fastq_out/lib2_SiGN_10_R1.fastq.gz']

2023-01-16 15:20:42,858 - INFO - Read refseq of 1512 codons from ./data/E.fasta
2023-01-16 15:20:42,860 - INFO - Reads are in these FASTQ pairs:
	/fh/fast/bloom_j/computational_notebooks/ckikawa/2022/ZIKV_E_DMS_GooLab/data/concat_fastq/concat_fastq_out/lib2_SiGN_10_R1.fastq.gz and /fh/fast/bloom_j/computational_notebooks/ckikawa/2022/ZIKV_E_DMS_GooLab/data/concat_fastq/concat_fastq_out/lib2_SiGN_10_R2.fastq.gz

2023-01-16 15:20:42,860 - INFO - Now parsing read pairs...
2023-01-16 15:20:49,539 - INFO - Reads parsed so far: 500000
2023-01-16 15:20:55,565 - INFO - Reads parsed so far: 1000000
2023-01-16 15:21:01,204 - INFO - Reads parsed so far: 1500000
2023-01-16 15:21:07,084 - INFO - Reads parsed so far: 2000000
2023-01-16 15:21:13,351 - INFO - Reads parsed so far: 2500000
2023-01-16 15:21:20,019 - INFO - Reads parsed so far: 3000000
2023-01-16 15:21:25,335 - INFO - Reads parsed so far: 3500000
2023-01-16 15:21:32,520 - INFO - Reads parsed so far: 4000000
2023-01-16 15:21:37,686 - INFO - Reads parsed so far: 4500000
2023-01-16 15:21:41,844 - INFO - Parsed 4900454 reads, found 2438029 unique barcodes.
2023-01-16 15:21:41,847 - INFO - Summary stats on reads:
   total  fail filter  low Q barcode
 4900454       338444         480933
2023-01-16 15:21:41,848 - INFO - Writing these stats to ./results/codoncounts/lib2-SiGN-10_readstats.csv

2023-01-16 15:21:42,410 - INFO - Number of reads per barcode:
                 number of barcodes
number of reads                    
1                           1400414
2                            623540
3                            275345
4                             98867
5                             29954
6                              7643
7                              1810
8                               375
9                                63
10                               13
11                                2
12                                1
21                                1
30                                1
2023-01-16 15:21:42,410 - INFO - Writing these stats to ./results/codoncounts/lib2-SiGN-10_readsperbc.csv

2023-01-16 15:21:42,414 - INFO - Examining the 2438029 barcodes to build and align subamplicons...
2023-01-16 15:21:51,928 - INFO - Barcodes examined so far: 200000
2023-01-16 15:22:01,315 - INFO - Barcodes examined so far: 400000
2023-01-16 15:22:10,236 - INFO - Barcodes examined so far: 600000
2023-01-16 15:22:18,943 - INFO - Barcodes examined so far: 800000
2023-01-16 15:22:27,307 - INFO - Barcodes examined so far: 1000000
2023-01-16 15:22:35,282 - INFO - Barcodes examined so far: 1200000
2023-01-16 15:22:42,532 - INFO - Barcodes examined so far: 1400000
2023-01-16 15:22:49,311 - INFO - Barcodes examined so far: 1600000
2023-01-16 15:22:55,369 - INFO - Barcodes examined so far: 1800000
2023-01-16 15:23:00,592 - INFO - Barcodes examined so far: 2000000
2023-01-16 15:23:04,758 - INFO - Barcodes examined so far: 2200000
2023-01-16 15:23:07,677 - INFO - Barcodes examined so far: 2400000
2023-01-16 15:23:08,075 - INFO - Examined all barcodes. Summary stats:
   total  too few reads  not alignable  aligned
 2438029        1400414         139048   898567
2023-01-16 15:23:08,076 - INFO - Writing these stats to ./results/codoncounts/lib2-SiGN-10_bcstats.csv

2023-01-16 15:23:08,093 - INFO - Writing the counts of each codon identity at each site to ./results/codoncounts/lib2-SiGN-10_codoncounts.csv

2023-01-16 15:23:08,124 - INFO - Successful completion of dms2_bcsubamp
