2023-01-16 15:20:48,325 - INFO - Beginning execution of dms2_bcsubamp in directory /fh/fast/bloom_j/computational_notebooks/ckikawa/2022/ZIKV_MAP_GooLab

2023-01-16 15:20:48,325 - INFO - Progress is being logged to ./results/codoncounts/lib2-SiGN-40.log
2023-01-16 15:20:48,358 - INFO - Version information:
	Time and date: Mon Jan 16 15:20:48 2023
	Platform: Linux-4.15.0-192-generic-x86_64-with-glibc2.10
	Python version: 3.8.13 | packaged by conda-forge | (default, Mar 25 2022, 06:04:10)  [GCC 10.3.0]
	dms_tools2 version: 2.6.10
	Bio version: 1.79
	pandas version: 0.25.3
	numpy version: 1.19.5
	IPython version: 8.4.0
	jupyter version: 1.0.0
	matplotlib version: 3.2.2
	plotnine version: 0.6.0
	natsort version: 8.2.0
	pystan version: 2.19.1.1
	scipy version: 1.6.0
	seaborn version: 0.10.1
	phydmslib version: 2.4.1
	statsmodels version: 0.11.1
	rpy2 cannot be imported
	regex version: 2.5.121
	umi_tools version: 1.1.2

2023-01-16 15:20:48,358 - INFO - Parsed the following arguments:
	outdir = ./results/codoncounts
	ncpus = -1
	use_existing = yes
	refseq = ./data/E.fasta
	alignspecs = ['1,303,33,38', '304,609,38,40', '610,903,41,36', '904,1200,41,37', '1201,1512,36,35']
	bclen = 8
	fastqdir = None
	R2 = None
	R1trim = [200]
	R2trim = [200]
	bclen2 = None
	chartype = codon
	maxmuts = 4
	minq = 15
	minreads = 2
	minfraccall = 0.95
	minconcur = 0.75
	sitemask = None
	purgeread = 0.0
	purgebc = 0.0
	bcinfo = True
	bcinfo_csv = True
	name = lib2-SiGN-40
	R1 = ['/fh/fast/bloom_j/computational_notebooks/ckikawa/2022/ZIKV_E_DMS_GooLab/data/concat_fastq/concat_fastq_out/lib2_SiGN_40_R1.fastq.gz']

2023-01-16 15:20:48,372 - INFO - Read refseq of 1512 codons from ./data/E.fasta
2023-01-16 15:20:48,374 - INFO - Reads are in these FASTQ pairs:
	/fh/fast/bloom_j/computational_notebooks/ckikawa/2022/ZIKV_E_DMS_GooLab/data/concat_fastq/concat_fastq_out/lib2_SiGN_40_R1.fastq.gz and /fh/fast/bloom_j/computational_notebooks/ckikawa/2022/ZIKV_E_DMS_GooLab/data/concat_fastq/concat_fastq_out/lib2_SiGN_40_R2.fastq.gz

2023-01-16 15:20:48,374 - INFO - Now parsing read pairs...
2023-01-16 15:20:54,762 - INFO - Reads parsed so far: 500000
2023-01-16 15:21:01,449 - INFO - Reads parsed so far: 1000000
2023-01-16 15:21:07,103 - INFO - Reads parsed so far: 1500000
2023-01-16 15:21:13,237 - INFO - Reads parsed so far: 2000000
2023-01-16 15:21:19,493 - INFO - Reads parsed so far: 2500000
2023-01-16 15:21:25,891 - INFO - Reads parsed so far: 3000000
2023-01-16 15:21:30,964 - INFO - Reads parsed so far: 3500000
2023-01-16 15:21:35,934 - INFO - Reads parsed so far: 4000000
2023-01-16 15:21:42,857 - INFO - Reads parsed so far: 4500000
2023-01-16 15:21:46,502 - INFO - Parsed 4863437 reads, found 2284328 unique barcodes.
2023-01-16 15:21:46,504 - INFO - Summary stats on reads:
   total  fail filter  low Q barcode
 4863437       340297         471559
2023-01-16 15:21:46,504 - INFO - Writing these stats to ./results/codoncounts/lib2-SiGN-40_readstats.csv

2023-01-16 15:21:47,020 - INFO - Number of reads per barcode:
                 number of barcodes
number of reads                    
1                           1236191
2                            584440
3                            288674
4                            117406
5                             40810
6                             12326
7                              3368
8                               870
9                               191
10                               34
11                               14
13                                1
26                                1
34                                1
36                                1
2023-01-16 15:21:47,020 - INFO - Writing these stats to ./results/codoncounts/lib2-SiGN-40_readsperbc.csv

2023-01-16 15:21:47,024 - INFO - Examining the 2284328 barcodes to build and align subamplicons...
2023-01-16 15:21:56,799 - INFO - Barcodes examined so far: 200000
2023-01-16 15:22:06,326 - INFO - Barcodes examined so far: 400000
2023-01-16 15:22:15,339 - INFO - Barcodes examined so far: 600000
2023-01-16 15:22:24,146 - INFO - Barcodes examined so far: 800000
2023-01-16 15:22:32,658 - INFO - Barcodes examined so far: 1000000
2023-01-16 15:22:40,615 - INFO - Barcodes examined so far: 1200000
2023-01-16 15:22:48,004 - INFO - Barcodes examined so far: 1400000
2023-01-16 15:22:55,819 - INFO - Barcodes examined so far: 1600000
2023-01-16 15:23:01,776 - INFO - Barcodes examined so far: 1800000
2023-01-16 15:23:06,706 - INFO - Barcodes examined so far: 2000000
2023-01-16 15:23:10,172 - INFO - Barcodes examined so far: 2200000
2023-01-16 15:23:11,286 - INFO - Examined all barcodes. Summary stats:
   total  too few reads  not alignable  aligned
 2284328        1236191         134618   913519
2023-01-16 15:23:11,286 - INFO - Writing these stats to ./results/codoncounts/lib2-SiGN-40_bcstats.csv

2023-01-16 15:23:11,303 - INFO - Writing the counts of each codon identity at each site to ./results/codoncounts/lib2-SiGN-40_codoncounts.csv

2023-01-16 15:23:11,347 - INFO - Successful completion of dms2_bcsubamp
