2023-01-16 15:20:47,167 - INFO - Beginning execution of dms2_bcsubamp in directory /fh/fast/bloom_j/computational_notebooks/ckikawa/2022/ZIKV_MAP_GooLab

2023-01-16 15:20:47,168 - INFO - Progress is being logged to ./results/codoncounts/lib2-SiGN-20.log
2023-01-16 15:20:47,202 - INFO - Version information:
	Time and date: Mon Jan 16 15:20:47 2023
	Platform: Linux-4.15.0-192-generic-x86_64-with-glibc2.10
	Python version: 3.8.13 | packaged by conda-forge | (default, Mar 25 2022, 06:04:10)  [GCC 10.3.0]
	dms_tools2 version: 2.6.10
	Bio version: 1.79
	pandas version: 0.25.3
	numpy version: 1.19.5
	IPython version: 8.4.0
	jupyter version: 1.0.0
	matplotlib version: 3.2.2
	plotnine version: 0.6.0
	natsort version: 8.2.0
	pystan version: 2.19.1.1
	scipy version: 1.6.0
	seaborn version: 0.10.1
	phydmslib version: 2.4.1
	statsmodels version: 0.11.1
	rpy2 cannot be imported
	regex version: 2.5.121
	umi_tools version: 1.1.2

2023-01-16 15:20:47,202 - INFO - Parsed the following arguments:
	outdir = ./results/codoncounts
	ncpus = -1
	use_existing = yes
	refseq = ./data/E.fasta
	alignspecs = ['1,303,33,38', '304,609,38,40', '610,903,41,36', '904,1200,41,37', '1201,1512,36,35']
	bclen = 8
	fastqdir = None
	R2 = None
	R1trim = [200]
	R2trim = [200]
	bclen2 = None
	chartype = codon
	maxmuts = 4
	minq = 15
	minreads = 2
	minfraccall = 0.95
	minconcur = 0.75
	sitemask = None
	purgeread = 0.0
	purgebc = 0.0
	bcinfo = True
	bcinfo_csv = True
	name = lib2-SiGN-20
	R1 = ['/fh/fast/bloom_j/computational_notebooks/ckikawa/2022/ZIKV_E_DMS_GooLab/data/concat_fastq/concat_fastq_out/lib2_SiGN_20_R1.fastq.gz']

2023-01-16 15:20:47,217 - INFO - Read refseq of 1512 codons from ./data/E.fasta
2023-01-16 15:20:47,219 - INFO - Reads are in these FASTQ pairs:
	/fh/fast/bloom_j/computational_notebooks/ckikawa/2022/ZIKV_E_DMS_GooLab/data/concat_fastq/concat_fastq_out/lib2_SiGN_20_R1.fastq.gz and /fh/fast/bloom_j/computational_notebooks/ckikawa/2022/ZIKV_E_DMS_GooLab/data/concat_fastq/concat_fastq_out/lib2_SiGN_20_R2.fastq.gz

2023-01-16 15:20:47,219 - INFO - Now parsing read pairs...
2023-01-16 15:20:53,447 - INFO - Reads parsed so far: 500000
2023-01-16 15:20:59,757 - INFO - Reads parsed so far: 1000000
2023-01-16 15:21:05,331 - INFO - Reads parsed so far: 1500000
2023-01-16 15:21:11,295 - INFO - Reads parsed so far: 2000000
2023-01-16 15:21:17,533 - INFO - Reads parsed so far: 2500000
2023-01-16 15:21:24,198 - INFO - Reads parsed so far: 3000000
2023-01-16 15:21:29,241 - INFO - Reads parsed so far: 3500000
2023-01-16 15:21:36,254 - INFO - Reads parsed so far: 4000000
2023-01-16 15:21:36,776 - INFO - Parsed 4052248 reads, found 2146071 unique barcodes.
2023-01-16 15:21:36,779 - INFO - Summary stats on reads:
   total  fail filter  low Q barcode
 4052248       273079         422983
2023-01-16 15:21:36,780 - INFO - Writing these stats to ./results/codoncounts/lib2-SiGN-20_readstats.csv

2023-01-16 15:21:37,354 - INFO - Number of reads per barcode:
                 number of barcodes
number of reads                    
1                           1330427
2                            530545
3                            202125
4                             62289
5                             16085
6                              3724
7                               691
8                               158
9                                23
10                                2
20                                1
21                                1
2023-01-16 15:21:37,354 - INFO - Writing these stats to ./results/codoncounts/lib2-SiGN-20_readsperbc.csv

2023-01-16 15:21:37,358 - INFO - Examining the 2146071 barcodes to build and align subamplicons...
2023-01-16 15:21:46,155 - INFO - Barcodes examined so far: 200000
2023-01-16 15:21:54,733 - INFO - Barcodes examined so far: 400000
2023-01-16 15:22:02,941 - INFO - Barcodes examined so far: 600000
2023-01-16 15:22:10,892 - INFO - Barcodes examined so far: 800000
2023-01-16 15:22:18,399 - INFO - Barcodes examined so far: 1000000
2023-01-16 15:22:25,184 - INFO - Barcodes examined so far: 1200000
2023-01-16 15:22:31,442 - INFO - Barcodes examined so far: 1400000
2023-01-16 15:22:36,966 - INFO - Barcodes examined so far: 1600000
2023-01-16 15:22:41,651 - INFO - Barcodes examined so far: 1800000
2023-01-16 15:22:45,342 - INFO - Barcodes examined so far: 2000000
2023-01-16 15:22:47,135 - INFO - Examined all barcodes. Summary stats:
   total  too few reads  not alignable  aligned
 2146071        1330427         105206   710438
2023-01-16 15:22:47,135 - INFO - Writing these stats to ./results/codoncounts/lib2-SiGN-20_bcstats.csv

2023-01-16 15:22:47,153 - INFO - Writing the counts of each codon identity at each site to ./results/codoncounts/lib2-SiGN-20_codoncounts.csv

2023-01-16 15:22:47,183 - INFO - Successful completion of dms2_bcsubamp
