2023-01-16 15:20:54,869 - INFO - Beginning execution of dms2_bcsubamp in directory /fh/fast/bloom_j/computational_notebooks/ckikawa/2022/ZIKV_MAP_GooLab

2023-01-16 15:20:54,869 - INFO - Progress is being logged to ./results/codoncounts/lib2-no-antibody.log
2023-01-16 15:20:54,920 - INFO - Version information:
	Time and date: Mon Jan 16 15:20:54 2023
	Platform: Linux-4.15.0-192-generic-x86_64-with-glibc2.10
	Python version: 3.8.13 | packaged by conda-forge | (default, Mar 25 2022, 06:04:10)  [GCC 10.3.0]
	dms_tools2 version: 2.6.10
	Bio version: 1.79
	pandas version: 0.25.3
	numpy version: 1.19.5
	IPython version: 8.4.0
	jupyter version: 1.0.0
	matplotlib version: 3.2.2
	plotnine version: 0.6.0
	natsort version: 8.2.0
	pystan version: 2.19.1.1
	scipy version: 1.6.0
	seaborn version: 0.10.1
	phydmslib version: 2.4.1
	statsmodels version: 0.11.1
	rpy2 cannot be imported
	regex version: 2.5.121
	umi_tools version: 1.1.2

2023-01-16 15:20:54,920 - INFO - Parsed the following arguments:
	outdir = ./results/codoncounts
	ncpus = -1
	use_existing = yes
	refseq = ./data/E.fasta
	alignspecs = ['1,303,33,38', '304,609,38,40', '610,903,41,36', '904,1200,41,37', '1201,1512,36,35']
	bclen = 8
	fastqdir = None
	R2 = None
	R1trim = [200]
	R2trim = [200]
	bclen2 = None
	chartype = codon
	maxmuts = 4
	minq = 15
	minreads = 2
	minfraccall = 0.95
	minconcur = 0.75
	sitemask = None
	purgeread = 0.0
	purgebc = 0.0
	bcinfo = True
	bcinfo_csv = True
	name = lib2-no-antibody
	R1 = ['/fh/fast/bloom_j/computational_notebooks/ckikawa/2022/ZIKV_E_DMS_GooLab/data/concat_fastq/concat_fastq_out/lib2_no_antibody_R1.fastq.gz']

2023-01-16 15:20:54,936 - INFO - Read refseq of 1512 codons from ./data/E.fasta
2023-01-16 15:20:54,938 - INFO - Reads are in these FASTQ pairs:
	/fh/fast/bloom_j/computational_notebooks/ckikawa/2022/ZIKV_E_DMS_GooLab/data/concat_fastq/concat_fastq_out/lib2_no_antibody_R1.fastq.gz and /fh/fast/bloom_j/computational_notebooks/ckikawa/2022/ZIKV_E_DMS_GooLab/data/concat_fastq/concat_fastq_out/lib2_no_antibody_R2.fastq.gz

2023-01-16 15:20:54,938 - INFO - Now parsing read pairs...
2023-01-16 15:21:03,299 - INFO - Reads parsed so far: 500000
2023-01-16 15:21:09,645 - INFO - Reads parsed so far: 1000000
2023-01-16 15:21:15,285 - INFO - Reads parsed so far: 1500000
2023-01-16 15:21:21,964 - INFO - Reads parsed so far: 2000000
2023-01-16 15:21:26,979 - INFO - Reads parsed so far: 2500000
2023-01-16 15:21:33,176 - INFO - Reads parsed so far: 3000000
2023-01-16 15:21:38,206 - INFO - Reads parsed so far: 3500000
2023-01-16 15:21:44,918 - INFO - Reads parsed so far: 4000000
2023-01-16 15:21:49,898 - INFO - Reads parsed so far: 4500000
2023-01-16 15:21:54,922 - INFO - Reads parsed so far: 5000000
2023-01-16 15:21:59,424 - INFO - Parsed 5222396 reads, found 2663204 unique barcodes.
2023-01-16 15:21:59,427 - INFO - Summary stats on reads:
   total  fail filter  low Q barcode
 5222396       362075         567593
2023-01-16 15:21:59,428 - INFO - Writing these stats to ./results/codoncounts/lib2-no-antibody_readstats.csv

2023-01-16 15:22:00,014 - INFO - Number of reads per barcode:
                 number of barcodes
number of reads                    
1                           1626186
2                            632639
3                            269579
4                             95194
5                             29029
6                              8124
7                              1919
8                               430
9                                83
10                               16
11                                2
15                                1
20                                1
25                                1
2023-01-16 15:22:00,014 - INFO - Writing these stats to ./results/codoncounts/lib2-no-antibody_readsperbc.csv

2023-01-16 15:22:00,018 - INFO - Examining the 2663204 barcodes to build and align subamplicons...
2023-01-16 15:22:08,843 - INFO - Barcodes examined so far: 200000
2023-01-16 15:22:17,515 - INFO - Barcodes examined so far: 400000
2023-01-16 15:22:25,716 - INFO - Barcodes examined so far: 600000
2023-01-16 15:22:33,737 - INFO - Barcodes examined so far: 800000
2023-01-16 15:22:41,489 - INFO - Barcodes examined so far: 1000000
2023-01-16 15:22:49,194 - INFO - Barcodes examined so far: 1200000
2023-01-16 15:22:56,917 - INFO - Barcodes examined so far: 1400000
2023-01-16 15:23:03,570 - INFO - Barcodes examined so far: 1600000
2023-01-16 15:23:09,639 - INFO - Barcodes examined so far: 1800000
2023-01-16 15:23:15,848 - INFO - Barcodes examined so far: 2000000
2023-01-16 15:23:20,643 - INFO - Barcodes examined so far: 2200000
2023-01-16 15:23:24,778 - INFO - Barcodes examined so far: 2400000
2023-01-16 15:23:27,717 - INFO - Barcodes examined so far: 2600000
2023-01-16 15:23:28,459 - INFO - Examined all barcodes. Summary stats:
   total  too few reads  not alignable  aligned
 2663204        1626186         137404   899614
2023-01-16 15:23:28,460 - INFO - Writing these stats to ./results/codoncounts/lib2-no-antibody_bcstats.csv

2023-01-16 15:23:28,478 - INFO - Writing the counts of each codon identity at each site to ./results/codoncounts/lib2-no-antibody_codoncounts.csv

2023-01-16 15:23:28,509 - INFO - Successful completion of dms2_bcsubamp
