2023-08-31 13:34:06,199 - INFO - Beginning execution of dms2_bcsubamp in directory /fh/fast/bloom_j/computational_notebooks/ckikawa/2022/ZIKV_MAP_GooLab

2023-08-31 13:34:06,199 - INFO - Progress is being logged to ./results/codoncounts/lib2-SIgN-10000.log
2023-08-31 13:34:06,231 - INFO - Version information:
	Time and date: Thu Aug 31 13:34:06 2023
	Platform: Linux-4.15.0-192-generic-x86_64-with-glibc2.10
	Python version: 3.8.13 | packaged by conda-forge | (default, Mar 25 2022, 06:04:10)  [GCC 10.3.0]
	dms_tools2 version: 2.6.10
	Bio version: 1.79
	pandas version: 0.25.3
	numpy version: 1.19.5
	IPython version: 8.4.0
	jupyter version: 1.0.0
	matplotlib version: 3.2.2
	plotnine version: 0.6.0
	natsort version: 8.2.0
	pystan version: 2.19.1.1
	scipy version: 1.6.0
	seaborn version: 0.10.1
	phydmslib version: 2.4.1
	statsmodels version: 0.11.1
	rpy2 cannot be imported
	regex version: 2.5.121
	umi_tools version: 1.1.2

2023-08-31 13:34:06,231 - INFO - Parsed the following arguments:
	outdir = ./results/codoncounts
	ncpus = -1
	use_existing = yes
	refseq = ./data/E.fasta
	alignspecs = ['1,303,33,38', '304,609,38,40', '610,903,41,36', '904,1200,41,37', '1201,1512,36,35']
	bclen = 8
	fastqdir = None
	R2 = None
	R1trim = [200]
	R2trim = [200]
	bclen2 = None
	chartype = codon
	maxmuts = 4
	minq = 15
	minreads = 2
	minfraccall = 0.95
	minconcur = 0.75
	sitemask = None
	purgeread = 0.0
	purgebc = 0.0
	bcinfo = True
	bcinfo_csv = True
	name = lib2-SIgN-10000
	R1 = ['/fh/fast/bloom_j/computational_notebooks/ckikawa/2022/ZIKV_MAP_GooLab/data/concat_fastq/concat_fastq_out/lib2_SIgN_10000_R1.fastq.gz']

2023-08-31 13:34:06,246 - INFO - Read refseq of 1512 codons from ./data/E.fasta
2023-08-31 13:34:06,247 - INFO - Reads are in these FASTQ pairs:
	/fh/fast/bloom_j/computational_notebooks/ckikawa/2022/ZIKV_MAP_GooLab/data/concat_fastq/concat_fastq_out/lib2_SIgN_10000_R1.fastq.gz and /fh/fast/bloom_j/computational_notebooks/ckikawa/2022/ZIKV_MAP_GooLab/data/concat_fastq/concat_fastq_out/lib2_SIgN_10000_R2.fastq.gz

2023-08-31 13:34:06,247 - INFO - Now parsing read pairs...
2023-08-31 13:34:12,617 - INFO - Reads parsed so far: 500000
2023-08-31 13:34:18,424 - INFO - Reads parsed so far: 1000000
2023-08-31 13:34:23,844 - INFO - Reads parsed so far: 1500000
2023-08-31 13:34:29,412 - INFO - Reads parsed so far: 2000000
2023-08-31 13:34:35,365 - INFO - Reads parsed so far: 2500000
2023-08-31 13:34:41,626 - INFO - Reads parsed so far: 3000000
2023-08-31 13:34:46,635 - INFO - Reads parsed so far: 3500000
2023-08-31 13:34:53,348 - INFO - Reads parsed so far: 4000000
2023-08-31 13:34:58,261 - INFO - Reads parsed so far: 4500000
2023-08-31 13:35:02,215 - INFO - Parsed 4900454 reads, found 2438029 unique barcodes.
2023-08-31 13:35:02,219 - INFO - Summary stats on reads:
   total  fail filter  low Q barcode
 4900454       338444         480933
2023-08-31 13:35:02,219 - INFO - Writing these stats to ./results/codoncounts/lib2-SIgN-10000_readstats.csv

2023-08-31 13:35:02,742 - INFO - Number of reads per barcode:
                 number of barcodes
number of reads                    
1                           1400414
2                            623540
3                            275345
4                             98867
5                             29954
6                              7643
7                              1810
8                               375
9                                63
10                               13
11                                2
12                                1
21                                1
30                                1
2023-08-31 13:35:02,742 - INFO - Writing these stats to ./results/codoncounts/lib2-SIgN-10000_readsperbc.csv

2023-08-31 13:35:02,745 - INFO - Examining the 2438029 barcodes to build and align subamplicons...
2023-08-31 13:35:11,984 - INFO - Barcodes examined so far: 200000
2023-08-31 13:35:20,982 - INFO - Barcodes examined so far: 400000
2023-08-31 13:35:29,515 - INFO - Barcodes examined so far: 600000
2023-08-31 13:35:37,889 - INFO - Barcodes examined so far: 800000
2023-08-31 13:35:46,019 - INFO - Barcodes examined so far: 1000000
2023-08-31 13:35:53,754 - INFO - Barcodes examined so far: 1200000
2023-08-31 13:36:00,798 - INFO - Barcodes examined so far: 1400000
2023-08-31 13:36:07,374 - INFO - Barcodes examined so far: 1600000
2023-08-31 13:36:13,268 - INFO - Barcodes examined so far: 1800000
2023-08-31 13:36:18,388 - INFO - Barcodes examined so far: 2000000
2023-08-31 13:36:22,491 - INFO - Barcodes examined so far: 2200000
2023-08-31 13:36:25,371 - INFO - Barcodes examined so far: 2400000
2023-08-31 13:36:25,768 - INFO - Examined all barcodes. Summary stats:
   total  too few reads  not alignable  aligned
 2438029        1400414         139048   898567
2023-08-31 13:36:25,769 - INFO - Writing these stats to ./results/codoncounts/lib2-SIgN-10000_bcstats.csv

2023-08-31 13:36:25,787 - INFO - Writing the counts of each codon identity at each site to ./results/codoncounts/lib2-SIgN-10000_codoncounts.csv

2023-08-31 13:36:25,815 - INFO - Successful completion of dms2_bcsubamp
