2023-01-16 15:20:48,908 - INFO - Beginning execution of dms2_bcsubamp in directory /fh/fast/bloom_j/computational_notebooks/ckikawa/2022/ZIKV_MAP_GooLab

2023-01-16 15:20:48,908 - INFO - Progress is being logged to ./results/codoncounts/lib2-ZKA64-750.log
2023-01-16 15:20:48,941 - INFO - Version information:
	Time and date: Mon Jan 16 15:20:48 2023
	Platform: Linux-4.15.0-192-generic-x86_64-with-glibc2.10
	Python version: 3.8.13 | packaged by conda-forge | (default, Mar 25 2022, 06:04:10)  [GCC 10.3.0]
	dms_tools2 version: 2.6.10
	Bio version: 1.79
	pandas version: 0.25.3
	numpy version: 1.19.5
	IPython version: 8.4.0
	jupyter version: 1.0.0
	matplotlib version: 3.2.2
	plotnine version: 0.6.0
	natsort version: 8.2.0
	pystan version: 2.19.1.1
	scipy version: 1.6.0
	seaborn version: 0.10.1
	phydmslib version: 2.4.1
	statsmodels version: 0.11.1
	rpy2 cannot be imported
	regex version: 2.5.121
	umi_tools version: 1.1.2

2023-01-16 15:20:48,941 - INFO - Parsed the following arguments:
	outdir = ./results/codoncounts
	ncpus = -1
	use_existing = yes
	refseq = ./data/E.fasta
	alignspecs = ['1,303,33,38', '304,609,38,40', '610,903,41,36', '904,1200,41,37', '1201,1512,36,35']
	bclen = 8
	fastqdir = None
	R2 = None
	R1trim = [200]
	R2trim = [200]
	bclen2 = None
	chartype = codon
	maxmuts = 4
	minq = 15
	minreads = 2
	minfraccall = 0.95
	minconcur = 0.75
	sitemask = None
	purgeread = 0.0
	purgebc = 0.0
	bcinfo = True
	bcinfo_csv = True
	name = lib2-ZKA64-750
	R1 = ['/fh/fast/bloom_j/computational_notebooks/ckikawa/2022/ZIKV_E_DMS_GooLab/data/concat_fastq/concat_fastq_out/lib2_ZKA64_750_R1.fastq.gz']

2023-01-16 15:20:48,955 - INFO - Read refseq of 1512 codons from ./data/E.fasta
2023-01-16 15:20:48,956 - INFO - Reads are in these FASTQ pairs:
	/fh/fast/bloom_j/computational_notebooks/ckikawa/2022/ZIKV_E_DMS_GooLab/data/concat_fastq/concat_fastq_out/lib2_ZKA64_750_R1.fastq.gz and /fh/fast/bloom_j/computational_notebooks/ckikawa/2022/ZIKV_E_DMS_GooLab/data/concat_fastq/concat_fastq_out/lib2_ZKA64_750_R2.fastq.gz

2023-01-16 15:20:48,956 - INFO - Now parsing read pairs...
2023-01-16 15:20:55,457 - INFO - Reads parsed so far: 500000
2023-01-16 15:21:01,243 - INFO - Reads parsed so far: 1000000
2023-01-16 15:21:07,650 - INFO - Reads parsed so far: 1500000
2023-01-16 15:21:13,959 - INFO - Reads parsed so far: 2000000
2023-01-16 15:21:20,109 - INFO - Reads parsed so far: 2500000
2023-01-16 15:21:24,988 - INFO - Reads parsed so far: 3000000
2023-01-16 15:21:31,549 - INFO - Reads parsed so far: 3500000
2023-01-16 15:21:36,557 - INFO - Reads parsed so far: 4000000
2023-01-16 15:21:41,838 - INFO - Parsed 4309145 reads, found 2685734 unique barcodes.
2023-01-16 15:21:41,842 - INFO - Summary stats on reads:
   total  fail filter  low Q barcode
 4309145       347536         327025
2023-01-16 15:21:41,842 - INFO - Writing these stats to ./results/codoncounts/lib2-ZKA64-750_readstats.csv

2023-01-16 15:21:42,399 - INFO - Number of reads per barcode:
                 number of barcodes
number of reads                    
1                           1966497
2                            536471
3                            144318
4                             31401
5                              5900
6                               995
7                               124
8                                25
10                                1
16                                1
23                                1
2023-01-16 15:21:42,400 - INFO - Writing these stats to ./results/codoncounts/lib2-ZKA64-750_readsperbc.csv

2023-01-16 15:21:42,403 - INFO - Examining the 2685734 barcodes to build and align subamplicons...
2023-01-16 15:21:49,410 - INFO - Barcodes examined so far: 200000
2023-01-16 15:21:56,240 - INFO - Barcodes examined so far: 400000
2023-01-16 15:22:02,830 - INFO - Barcodes examined so far: 600000
2023-01-16 15:22:09,175 - INFO - Barcodes examined so far: 800000
2023-01-16 15:22:15,225 - INFO - Barcodes examined so far: 1000000
2023-01-16 15:22:20,951 - INFO - Barcodes examined so far: 1200000
2023-01-16 15:22:26,350 - INFO - Barcodes examined so far: 1400000
2023-01-16 15:22:31,388 - INFO - Barcodes examined so far: 1600000
2023-01-16 15:22:36,051 - INFO - Barcodes examined so far: 1800000
2023-01-16 15:22:40,278 - INFO - Barcodes examined so far: 2000000
2023-01-16 15:22:43,962 - INFO - Barcodes examined so far: 2200000
2023-01-16 15:22:47,175 - INFO - Barcodes examined so far: 2400000
2023-01-16 15:22:49,736 - INFO - Barcodes examined so far: 2600000
2023-01-16 15:22:50,660 - INFO - Examined all barcodes. Summary stats:
   total  too few reads  not alignable  aligned
 2685734        1966497          94074   625163
2023-01-16 15:22:50,660 - INFO - Writing these stats to ./results/codoncounts/lib2-ZKA64-750_bcstats.csv

2023-01-16 15:22:50,673 - INFO - Writing the counts of each codon identity at each site to ./results/codoncounts/lib2-ZKA64-750_codoncounts.csv

2023-01-16 15:22:50,725 - INFO - Successful completion of dms2_bcsubamp
