2023-01-16 15:20:49,889 - INFO - Beginning execution of dms2_bcsubamp in directory /fh/fast/bloom_j/computational_notebooks/ckikawa/2022/ZIKV_MAP_GooLab

2023-01-16 15:20:49,889 - INFO - Progress is being logged to ./results/codoncounts/lib2-ZV67-400000.log
2023-01-16 15:20:49,923 - INFO - Version information:
	Time and date: Mon Jan 16 15:20:49 2023
	Platform: Linux-4.15.0-192-generic-x86_64-with-glibc2.10
	Python version: 3.8.13 | packaged by conda-forge | (default, Mar 25 2022, 06:04:10)  [GCC 10.3.0]
	dms_tools2 version: 2.6.10
	Bio version: 1.79
	pandas version: 0.25.3
	numpy version: 1.19.5
	IPython version: 8.4.0
	jupyter version: 1.0.0
	matplotlib version: 3.2.2
	plotnine version: 0.6.0
	natsort version: 8.2.0
	pystan version: 2.19.1.1
	scipy version: 1.6.0
	seaborn version: 0.10.1
	phydmslib version: 2.4.1
	statsmodels version: 0.11.1
	rpy2 cannot be imported
	regex version: 2.5.121
	umi_tools version: 1.1.2

2023-01-16 15:20:49,924 - INFO - Parsed the following arguments:
	outdir = ./results/codoncounts
	ncpus = -1
	use_existing = yes
	refseq = ./data/E.fasta
	alignspecs = ['1,303,33,38', '304,609,38,40', '610,903,41,36', '904,1200,41,37', '1201,1512,36,35']
	bclen = 8
	fastqdir = None
	R2 = None
	R1trim = [200]
	R2trim = [200]
	bclen2 = None
	chartype = codon
	maxmuts = 4
	minq = 15
	minreads = 2
	minfraccall = 0.95
	minconcur = 0.75
	sitemask = None
	purgeread = 0.0
	purgebc = 0.0
	bcinfo = True
	bcinfo_csv = True
	name = lib2-ZV67-400000
	R1 = ['/fh/fast/bloom_j/computational_notebooks/ckikawa/2022/ZIKV_E_DMS_GooLab/data/concat_fastq/concat_fastq_out/lib2_ZV67_400000_R1.fastq.gz']

2023-01-16 15:20:49,938 - INFO - Read refseq of 1512 codons from ./data/E.fasta
2023-01-16 15:20:49,939 - INFO - Reads are in these FASTQ pairs:
	/fh/fast/bloom_j/computational_notebooks/ckikawa/2022/ZIKV_E_DMS_GooLab/data/concat_fastq/concat_fastq_out/lib2_ZV67_400000_R1.fastq.gz and /fh/fast/bloom_j/computational_notebooks/ckikawa/2022/ZIKV_E_DMS_GooLab/data/concat_fastq/concat_fastq_out/lib2_ZV67_400000_R2.fastq.gz

2023-01-16 15:20:49,939 - INFO - Now parsing read pairs...
2023-01-16 15:20:56,357 - INFO - Reads parsed so far: 500000
2023-01-16 15:21:02,077 - INFO - Reads parsed so far: 1000000
2023-01-16 15:21:08,326 - INFO - Reads parsed so far: 1500000
2023-01-16 15:21:14,318 - INFO - Reads parsed so far: 2000000
2023-01-16 15:21:20,527 - INFO - Reads parsed so far: 2500000
2023-01-16 15:21:27,030 - INFO - Reads parsed so far: 3000000
2023-01-16 15:21:32,093 - INFO - Reads parsed so far: 3500000
2023-01-16 15:21:39,428 - INFO - Reads parsed so far: 4000000
2023-01-16 15:21:42,155 - INFO - Parsed 4268878 reads, found 3019933 unique barcodes.
2023-01-16 15:21:42,159 - INFO - Summary stats on reads:
   total  fail filter  low Q barcode
 4268878       357058         317916
2023-01-16 15:21:42,159 - INFO - Writing these stats to ./results/codoncounts/lib2-ZV67-400000_readstats.csv

2023-01-16 15:21:42,854 - INFO - Number of reads per barcode:
                 number of barcodes
number of reads                    
1                           2530739
2                            414915
3                             65086
4                              8294
5                               819
6                                73
7                                 3
12                                2
31                                1
292                               1
2023-01-16 15:21:42,858 - INFO - Writing these stats to ./results/codoncounts/lib2-ZV67-400000_readsperbc.csv

2023-01-16 15:21:42,862 - INFO - Examining the 3019933 barcodes to build and align subamplicons...
2023-01-16 15:21:48,143 - INFO - Barcodes examined so far: 200000
2023-01-16 15:21:53,308 - INFO - Barcodes examined so far: 400000
2023-01-16 15:21:58,360 - INFO - Barcodes examined so far: 600000
2023-01-16 15:22:03,248 - INFO - Barcodes examined so far: 800000
2023-01-16 15:22:08,011 - INFO - Barcodes examined so far: 1000000
2023-01-16 15:22:12,598 - INFO - Barcodes examined so far: 1200000
2023-01-16 15:22:16,961 - INFO - Barcodes examined so far: 1400000
2023-01-16 15:22:21,092 - INFO - Barcodes examined so far: 1600000
2023-01-16 15:22:24,962 - INFO - Barcodes examined so far: 1800000
2023-01-16 15:22:28,580 - INFO - Barcodes examined so far: 2000000
2023-01-16 15:22:31,955 - INFO - Barcodes examined so far: 2200000
2023-01-16 15:22:35,048 - INFO - Barcodes examined so far: 2400000
2023-01-16 15:22:37,854 - INFO - Barcodes examined so far: 2600000
2023-01-16 15:22:40,336 - INFO - Barcodes examined so far: 2800000
2023-01-16 15:22:42,494 - INFO - Barcodes examined so far: 3000000
2023-01-16 15:22:42,704 - INFO - Examined all barcodes. Summary stats:
   total  too few reads  not alignable  aligned
 3019933        2530739          66499   422695
2023-01-16 15:22:42,704 - INFO - Writing these stats to ./results/codoncounts/lib2-ZV67-400000_bcstats.csv

2023-01-16 15:22:42,724 - INFO - Writing the counts of each codon identity at each site to ./results/codoncounts/lib2-ZV67-400000_codoncounts.csv

2023-01-16 15:22:42,756 - INFO - Successful completion of dms2_bcsubamp
