2023-01-16 15:20:15,670 - INFO - Beginning execution of dms2_bcsubamp in directory /fh/fast/bloom_j/computational_notebooks/ckikawa/2022/ZIKV_MAP_GooLab

2023-01-16 15:20:15,670 - INFO - Progress is being logged to ./results/codoncounts/lib2-C8-900.log
2023-01-16 15:20:15,704 - INFO - Version information:
	Time and date: Mon Jan 16 15:20:15 2023
	Platform: Linux-4.15.0-192-generic-x86_64-with-glibc2.10
	Python version: 3.8.13 | packaged by conda-forge | (default, Mar 25 2022, 06:04:10)  [GCC 10.3.0]
	dms_tools2 version: 2.6.10
	Bio version: 1.79
	pandas version: 0.25.3
	numpy version: 1.19.5
	IPython version: 8.4.0
	jupyter version: 1.0.0
	matplotlib version: 3.2.2
	plotnine version: 0.6.0
	natsort version: 8.2.0
	pystan version: 2.19.1.1
	scipy version: 1.6.0
	seaborn version: 0.10.1
	phydmslib version: 2.4.1
	statsmodels version: 0.11.1
	rpy2 cannot be imported
	regex version: 2.5.121
	umi_tools version: 1.1.2

2023-01-16 15:20:15,705 - INFO - Parsed the following arguments:
	outdir = ./results/codoncounts
	ncpus = -1
	use_existing = yes
	refseq = ./data/E.fasta
	alignspecs = ['1,303,33,38', '304,609,38,40', '610,903,41,36', '904,1200,41,37', '1201,1512,36,35']
	bclen = 8
	fastqdir = None
	R2 = None
	R1trim = [200]
	R2trim = [200]
	bclen2 = None
	chartype = codon
	maxmuts = 4
	minq = 15
	minreads = 2
	minfraccall = 0.95
	minconcur = 0.75
	sitemask = None
	purgeread = 0.0
	purgebc = 0.0
	bcinfo = True
	bcinfo_csv = True
	name = lib2-C8-900
	R1 = ['/fh/fast/bloom_j/computational_notebooks/ckikawa/2022/ZIKV_E_DMS_GooLab/data/concat_fastq/concat_fastq_out/lib2_C8_900_R1.fastq.gz']

2023-01-16 15:20:15,721 - INFO - Read refseq of 1512 codons from ./data/E.fasta
2023-01-16 15:20:15,724 - INFO - Reads are in these FASTQ pairs:
	/fh/fast/bloom_j/computational_notebooks/ckikawa/2022/ZIKV_E_DMS_GooLab/data/concat_fastq/concat_fastq_out/lib2_C8_900_R1.fastq.gz and /fh/fast/bloom_j/computational_notebooks/ckikawa/2022/ZIKV_E_DMS_GooLab/data/concat_fastq/concat_fastq_out/lib2_C8_900_R2.fastq.gz

2023-01-16 15:20:15,724 - INFO - Now parsing read pairs...
2023-01-16 15:20:22,095 - INFO - Reads parsed so far: 500000
2023-01-16 15:20:27,989 - INFO - Reads parsed so far: 1000000
2023-01-16 15:20:33,476 - INFO - Reads parsed so far: 1500000
2023-01-16 15:20:39,201 - INFO - Reads parsed so far: 2000000
2023-01-16 15:20:45,636 - INFO - Reads parsed so far: 2500000
2023-01-16 15:20:51,082 - INFO - Reads parsed so far: 3000000
2023-01-16 15:20:57,555 - INFO - Reads parsed so far: 3500000
2023-01-16 15:21:05,222 - INFO - Reads parsed so far: 4000000
2023-01-16 15:21:10,732 - INFO - Reads parsed so far: 4500000
2023-01-16 15:21:16,189 - INFO - Parsed 4834501 reads, found 2191421 unique barcodes.
2023-01-16 15:21:16,192 - INFO - Summary stats on reads:
   total  fail filter  low Q barcode
 4834501       381289         398301
2023-01-16 15:21:16,192 - INFO - Writing these stats to ./results/codoncounts/lib2-C8-900_readstats.csv

2023-01-16 15:21:16,693 - INFO - Number of reads per barcode:
                 number of barcodes
number of reads                    
1                           1108398
2                            586826
3                            303496
4                            127859
5                             45211
6                             14252
7                              4065
8                              1026
9                               215
10                               56
11                               12
12                                1
13                                1
16                                1
17                                1
22                                1
2023-01-16 15:21:16,693 - INFO - Writing these stats to ./results/codoncounts/lib2-C8-900_readsperbc.csv

2023-01-16 15:21:16,697 - INFO - Examining the 2191421 barcodes to build and align subamplicons...
2023-01-16 15:21:26,601 - INFO - Barcodes examined so far: 200000
2023-01-16 15:21:36,282 - INFO - Barcodes examined so far: 400000
2023-01-16 15:21:45,735 - INFO - Barcodes examined so far: 600000
2023-01-16 15:21:54,958 - INFO - Barcodes examined so far: 800000
2023-01-16 15:22:03,899 - INFO - Barcodes examined so far: 1000000
2023-01-16 15:22:12,311 - INFO - Barcodes examined so far: 1200000
2023-01-16 15:22:20,057 - INFO - Barcodes examined so far: 1400000
2023-01-16 15:22:27,023 - INFO - Barcodes examined so far: 1600000
2023-01-16 15:22:32,954 - INFO - Barcodes examined so far: 1800000
2023-01-16 15:22:37,483 - INFO - Barcodes examined so far: 2000000
2023-01-16 15:22:40,268 - INFO - Examined all barcodes. Summary stats:
   total  too few reads  not alignable  aligned
 2191421        1108398         115748   967275
2023-01-16 15:22:40,268 - INFO - Writing these stats to ./results/codoncounts/lib2-C8-900_bcstats.csv

2023-01-16 15:22:40,287 - INFO - Writing the counts of each codon identity at each site to ./results/codoncounts/lib2-C8-900_codoncounts.csv

2023-01-16 15:22:40,317 - INFO - Successful completion of dms2_bcsubamp
