2023-01-16 15:20:49,993 - INFO - Beginning execution of dms2_bcsubamp in directory /fh/fast/bloom_j/computational_notebooks/ckikawa/2022/ZIKV_MAP_GooLab

2023-01-16 15:20:49,993 - INFO - Progress is being logged to ./results/codoncounts/lib2-ZV67-800000.log
2023-01-16 15:20:50,024 - INFO - Version information:
	Time and date: Mon Jan 16 15:20:49 2023
	Platform: Linux-4.15.0-192-generic-x86_64-with-glibc2.10
	Python version: 3.8.13 | packaged by conda-forge | (default, Mar 25 2022, 06:04:10)  [GCC 10.3.0]
	dms_tools2 version: 2.6.10
	Bio version: 1.79
	pandas version: 0.25.3
	numpy version: 1.19.5
	IPython version: 8.4.0
	jupyter version: 1.0.0
	matplotlib version: 3.2.2
	plotnine version: 0.6.0
	natsort version: 8.2.0
	pystan version: 2.19.1.1
	scipy version: 1.6.0
	seaborn version: 0.10.1
	phydmslib version: 2.4.1
	statsmodels version: 0.11.1
	rpy2 cannot be imported
	regex version: 2.5.121
	umi_tools version: 1.1.2

2023-01-16 15:20:50,024 - INFO - Parsed the following arguments:
	outdir = ./results/codoncounts
	ncpus = -1
	use_existing = yes
	refseq = ./data/E.fasta
	alignspecs = ['1,303,33,38', '304,609,38,40', '610,903,41,36', '904,1200,41,37', '1201,1512,36,35']
	bclen = 8
	fastqdir = None
	R2 = None
	R1trim = [200]
	R2trim = [200]
	bclen2 = None
	chartype = codon
	maxmuts = 4
	minq = 15
	minreads = 2
	minfraccall = 0.95
	minconcur = 0.75
	sitemask = None
	purgeread = 0.0
	purgebc = 0.0
	bcinfo = True
	bcinfo_csv = True
	name = lib2-ZV67-800000
	R1 = ['/fh/fast/bloom_j/computational_notebooks/ckikawa/2022/ZIKV_E_DMS_GooLab/data/concat_fastq/concat_fastq_out/lib2_ZV67_800000_R1.fastq.gz']

2023-01-16 15:20:50,038 - INFO - Read refseq of 1512 codons from ./data/E.fasta
2023-01-16 15:20:50,040 - INFO - Reads are in these FASTQ pairs:
	/fh/fast/bloom_j/computational_notebooks/ckikawa/2022/ZIKV_E_DMS_GooLab/data/concat_fastq/concat_fastq_out/lib2_ZV67_800000_R1.fastq.gz and /fh/fast/bloom_j/computational_notebooks/ckikawa/2022/ZIKV_E_DMS_GooLab/data/concat_fastq/concat_fastq_out/lib2_ZV67_800000_R2.fastq.gz

2023-01-16 15:20:50,040 - INFO - Now parsing read pairs...
2023-01-16 15:20:56,559 - INFO - Reads parsed so far: 500000
2023-01-16 15:21:02,859 - INFO - Reads parsed so far: 1000000
2023-01-16 15:21:08,490 - INFO - Reads parsed so far: 1500000
2023-01-16 15:21:14,562 - INFO - Reads parsed so far: 2000000
2023-01-16 15:21:20,505 - INFO - Reads parsed so far: 2500000
2023-01-16 15:21:26,775 - INFO - Reads parsed so far: 3000000
2023-01-16 15:21:33,438 - INFO - Reads parsed so far: 3500000
2023-01-16 15:21:38,482 - INFO - Reads parsed so far: 4000000
2023-01-16 15:21:45,682 - INFO - Reads parsed so far: 4500000
2023-01-16 15:21:50,569 - INFO - Reads parsed so far: 5000000
2023-01-16 15:21:51,809 - INFO - Parsed 5126121 reads, found 3916738 unique barcodes.
2023-01-16 15:21:51,812 - INFO - Summary stats on reads:
   total  fail filter  low Q barcode
 5126121       411920         348278
2023-01-16 15:21:51,812 - INFO - Writing these stats to ./results/codoncounts/lib2-ZV67-800000_readstats.csv

2023-01-16 15:21:52,684 - INFO - Number of reads per barcode:
                 number of barcodes
number of reads                    
1                           3514256
2                            359785
3                             39035
4                              3377
5                               262
6                                19
7                                 1
15                                2
23                                1
2023-01-16 15:21:52,684 - INFO - Writing these stats to ./results/codoncounts/lib2-ZV67-800000_readsperbc.csv

2023-01-16 15:21:52,689 - INFO - Examining the 3916738 barcodes to build and align subamplicons...
2023-01-16 15:21:56,795 - INFO - Barcodes examined so far: 200000
2023-01-16 15:22:00,825 - INFO - Barcodes examined so far: 400000
2023-01-16 15:22:04,749 - INFO - Barcodes examined so far: 600000
2023-01-16 15:22:08,595 - INFO - Barcodes examined so far: 800000
2023-01-16 15:22:12,357 - INFO - Barcodes examined so far: 1000000
2023-01-16 15:22:16,025 - INFO - Barcodes examined so far: 1200000
2023-01-16 15:22:19,615 - INFO - Barcodes examined so far: 1400000
2023-01-16 15:22:23,075 - INFO - Barcodes examined so far: 1600000
2023-01-16 15:22:26,436 - INFO - Barcodes examined so far: 1800000
2023-01-16 15:22:29,690 - INFO - Barcodes examined so far: 2000000
2023-01-16 15:22:32,812 - INFO - Barcodes examined so far: 2200000
2023-01-16 15:22:35,828 - INFO - Barcodes examined so far: 2400000
2023-01-16 15:22:38,705 - INFO - Barcodes examined so far: 2600000
2023-01-16 15:22:41,461 - INFO - Barcodes examined so far: 2800000
2023-01-16 15:22:44,073 - INFO - Barcodes examined so far: 3000000
2023-01-16 15:22:46,605 - INFO - Barcodes examined so far: 3200000
2023-01-16 15:22:48,989 - INFO - Barcodes examined so far: 3400000
2023-01-16 15:22:51,310 - INFO - Barcodes examined so far: 3600000
2023-01-16 15:22:53,360 - INFO - Barcodes examined so far: 3800000
2023-01-16 15:22:54,506 - INFO - Examined all barcodes. Summary stats:
   total  too few reads  not alignable  aligned
 3916738        3514256          60292   342190
2023-01-16 15:22:54,507 - INFO - Writing these stats to ./results/codoncounts/lib2-ZV67-800000_bcstats.csv

2023-01-16 15:22:54,528 - INFO - Writing the counts of each codon identity at each site to ./results/codoncounts/lib2-ZV67-800000_codoncounts.csv

2023-01-16 15:22:54,577 - INFO - Successful completion of dms2_bcsubamp
