2023-01-16 15:23:02,259 - INFO - Beginning execution of dms2_bcsubamp in directory /fh/fast/bloom_j/computational_notebooks/ckikawa/2022/ZIKV_MAP_GooLab

2023-01-16 15:23:02,259 - INFO - Progress is being logged to ./results/codoncounts/lib3-SiGN-40.log
2023-01-16 15:23:02,302 - INFO - Version information:
	Time and date: Mon Jan 16 15:23:02 2023
	Platform: Linux-4.15.0-192-generic-x86_64-with-glibc2.10
	Python version: 3.8.13 | packaged by conda-forge | (default, Mar 25 2022, 06:04:10)  [GCC 10.3.0]
	dms_tools2 version: 2.6.10
	Bio version: 1.79
	pandas version: 0.25.3
	numpy version: 1.19.5
	IPython version: 8.4.0
	jupyter version: 1.0.0
	matplotlib version: 3.2.2
	plotnine version: 0.6.0
	natsort version: 8.2.0
	pystan version: 2.19.1.1
	scipy version: 1.6.0
	seaborn version: 0.10.1
	phydmslib version: 2.4.1
	statsmodels version: 0.11.1
	rpy2 cannot be imported
	regex version: 2.5.121
	umi_tools version: 1.1.2

2023-01-16 15:23:02,303 - INFO - Parsed the following arguments:
	outdir = ./results/codoncounts
	ncpus = -1
	use_existing = yes
	refseq = ./data/E.fasta
	alignspecs = ['1,303,33,38', '304,609,38,40', '610,903,41,36', '904,1200,41,37', '1201,1512,36,35']
	bclen = 8
	fastqdir = None
	R2 = None
	R1trim = [200]
	R2trim = [200]
	bclen2 = None
	chartype = codon
	maxmuts = 4
	minq = 15
	minreads = 2
	minfraccall = 0.95
	minconcur = 0.75
	sitemask = None
	purgeread = 0.0
	purgebc = 0.0
	bcinfo = True
	bcinfo_csv = True
	name = lib3-SiGN-40
	R1 = ['/fh/fast/bloom_j/computational_notebooks/ckikawa/2022/ZIKV_E_DMS_GooLab/data/concat_fastq/concat_fastq_out/lib3_SiGN_40_R1.fastq.gz']

2023-01-16 15:23:02,315 - INFO - Read refseq of 1512 codons from ./data/E.fasta
2023-01-16 15:23:02,326 - INFO - Reads are in these FASTQ pairs:
	/fh/fast/bloom_j/computational_notebooks/ckikawa/2022/ZIKV_E_DMS_GooLab/data/concat_fastq/concat_fastq_out/lib3_SiGN_40_R1.fastq.gz and /fh/fast/bloom_j/computational_notebooks/ckikawa/2022/ZIKV_E_DMS_GooLab/data/concat_fastq/concat_fastq_out/lib3_SiGN_40_R2.fastq.gz

2023-01-16 15:23:02,326 - INFO - Now parsing read pairs...
2023-01-16 15:23:09,079 - INFO - Reads parsed so far: 500000
2023-01-16 15:23:15,376 - INFO - Reads parsed so far: 1000000
2023-01-16 15:23:21,136 - INFO - Reads parsed so far: 1500000
2023-01-16 15:23:27,244 - INFO - Reads parsed so far: 2000000
2023-01-16 15:23:33,418 - INFO - Reads parsed so far: 2500000
2023-01-16 15:23:39,785 - INFO - Reads parsed so far: 3000000
2023-01-16 15:23:44,739 - INFO - Reads parsed so far: 3500000
2023-01-16 15:23:49,650 - INFO - Reads parsed so far: 4000000
2023-01-16 15:23:55,876 - INFO - Parsed 4447467 reads, found 2170367 unique barcodes.
2023-01-16 15:23:55,880 - INFO - Summary stats on reads:
   total  fail filter  low Q barcode
 4447467       306885         497120
2023-01-16 15:23:55,880 - INFO - Writing these stats to ./results/codoncounts/lib3-SiGN-40_readstats.csv

2023-01-16 15:23:56,343 - INFO - Number of reads per barcode:
                 number of barcodes
number of reads                    
1                           1256735
2                            540975
3                            241831
4                             90152
5                             29245
6                              8512
7                              2236
8                               523
9                               127
10                               23
11                                4
18                                1
19                                1
23                                1
66                                1
2023-01-16 15:23:56,343 - INFO - Writing these stats to ./results/codoncounts/lib3-SiGN-40_readsperbc.csv

2023-01-16 15:23:56,346 - INFO - Examining the 2170367 barcodes to build and align subamplicons...
2023-01-16 15:24:05,670 - INFO - Barcodes examined so far: 200000
2023-01-16 15:24:14,738 - INFO - Barcodes examined so far: 400000
2023-01-16 15:24:23,307 - INFO - Barcodes examined so far: 600000
2023-01-16 15:24:31,604 - INFO - Barcodes examined so far: 800000
2023-01-16 15:24:39,520 - INFO - Barcodes examined so far: 1000000
2023-01-16 15:24:46,771 - INFO - Barcodes examined so far: 1200000
2023-01-16 15:24:53,474 - INFO - Barcodes examined so far: 1400000
2023-01-16 15:24:59,403 - INFO - Barcodes examined so far: 1600000
2023-01-16 15:25:04,362 - INFO - Barcodes examined so far: 1800000
2023-01-16 15:25:08,255 - INFO - Barcodes examined so far: 2000000
2023-01-16 15:25:10,504 - INFO - Examined all barcodes. Summary stats:
   total  too few reads  not alignable  aligned
 2170367        1256735         118478   795154
2023-01-16 15:25:10,504 - INFO - Writing these stats to ./results/codoncounts/lib3-SiGN-40_bcstats.csv

2023-01-16 15:25:10,521 - INFO - Writing the counts of each codon identity at each site to ./results/codoncounts/lib3-SiGN-40_codoncounts.csv

2023-01-16 15:25:10,551 - INFO - Successful completion of dms2_bcsubamp
