2023-01-16 15:23:30,447 - INFO - Beginning execution of dms2_bcsubamp in directory /fh/fast/bloom_j/computational_notebooks/ckikawa/2022/ZIKV_MAP_GooLab

2023-01-16 15:23:30,448 - INFO - Progress is being logged to ./results/codoncounts/lib3-v2-no-antibody.log
2023-01-16 15:23:30,481 - INFO - Version information:
	Time and date: Mon Jan 16 15:23:30 2023
	Platform: Linux-4.15.0-192-generic-x86_64-with-glibc2.10
	Python version: 3.8.13 | packaged by conda-forge | (default, Mar 25 2022, 06:04:10)  [GCC 10.3.0]
	dms_tools2 version: 2.6.10
	Bio version: 1.79
	pandas version: 0.25.3
	numpy version: 1.19.5
	IPython version: 8.4.0
	jupyter version: 1.0.0
	matplotlib version: 3.2.2
	plotnine version: 0.6.0
	natsort version: 8.2.0
	pystan version: 2.19.1.1
	scipy version: 1.6.0
	seaborn version: 0.10.1
	phydmslib version: 2.4.1
	statsmodels version: 0.11.1
	rpy2 cannot be imported
	regex version: 2.5.121
	umi_tools version: 1.1.2

2023-01-16 15:23:30,481 - INFO - Parsed the following arguments:
	outdir = ./results/codoncounts
	ncpus = -1
	use_existing = yes
	refseq = ./data/E.fasta
	alignspecs = ['1,303,33,38', '304,609,38,40', '610,903,41,36', '904,1200,41,37', '1201,1512,36,35']
	bclen = 8
	fastqdir = None
	R2 = None
	R1trim = [200]
	R2trim = [200]
	bclen2 = None
	chartype = codon
	maxmuts = 4
	minq = 15
	minreads = 2
	minfraccall = 0.95
	minconcur = 0.75
	sitemask = None
	purgeread = 0.0
	purgebc = 0.0
	bcinfo = True
	bcinfo_csv = True
	name = lib3-v2-no-antibody
	R1 = ['/fh/fast/bloom_j/computational_notebooks/ckikawa/2022/ZIKV_E_DMS_GooLab/data/concat_fastq/concat_fastq_out/lib3-v2_no_antibody_R1.fastq.gz']

2023-01-16 15:23:30,494 - INFO - Read refseq of 1512 codons from ./data/E.fasta
2023-01-16 15:23:30,496 - INFO - Reads are in these FASTQ pairs:
	/fh/fast/bloom_j/computational_notebooks/ckikawa/2022/ZIKV_E_DMS_GooLab/data/concat_fastq/concat_fastq_out/lib3-v2_no_antibody_R1.fastq.gz and /fh/fast/bloom_j/computational_notebooks/ckikawa/2022/ZIKV_E_DMS_GooLab/data/concat_fastq/concat_fastq_out/lib3-v2_no_antibody_R2.fastq.gz

2023-01-16 15:23:30,496 - INFO - Now parsing read pairs...
2023-01-16 15:23:37,028 - INFO - Reads parsed so far: 500000
2023-01-16 15:23:42,906 - INFO - Reads parsed so far: 1000000
2023-01-16 15:23:49,203 - INFO - Reads parsed so far: 1500000
2023-01-16 15:23:55,288 - INFO - Reads parsed so far: 2000000
2023-01-16 15:24:00,307 - INFO - Reads parsed so far: 2500000
2023-01-16 15:24:06,692 - INFO - Reads parsed so far: 3000000
2023-01-16 15:24:11,687 - INFO - Reads parsed so far: 3500000
2023-01-16 15:24:18,537 - INFO - Reads parsed so far: 4000000
2023-01-16 15:24:20,334 - INFO - Parsed 4180634 reads, found 2307785 unique barcodes.
2023-01-16 15:24:20,338 - INFO - Summary stats on reads:
   total  fail filter  low Q barcode
 4180634       294021         405777
2023-01-16 15:24:20,339 - INFO - Writing these stats to ./results/codoncounts/lib3-v2-no-antibody_readstats.csv

2023-01-16 15:24:20,841 - INFO - Number of reads per barcode:
                 number of barcodes
number of reads                    
1                           1496523
2                            544577
3                            193488
4                             55656
5                             13977
6                              2937
7                               518
8                                90
9                                15
10                                2
26                                1
37                                1
2023-01-16 15:24:20,841 - INFO - Writing these stats to ./results/codoncounts/lib3-v2-no-antibody_readsperbc.csv

2023-01-16 15:24:20,845 - INFO - Examining the 2307785 barcodes to build and align subamplicons...
2023-01-16 15:24:29,143 - INFO - Barcodes examined so far: 200000
2023-01-16 15:24:37,177 - INFO - Barcodes examined so far: 400000
2023-01-16 15:24:44,794 - INFO - Barcodes examined so far: 600000
2023-01-16 15:24:52,257 - INFO - Barcodes examined so far: 800000
2023-01-16 15:24:59,376 - INFO - Barcodes examined so far: 1000000
2023-01-16 15:25:05,889 - INFO - Barcodes examined so far: 1200000
2023-01-16 15:25:11,886 - INFO - Barcodes examined so far: 1400000
2023-01-16 15:25:17,375 - INFO - Barcodes examined so far: 1600000
2023-01-16 15:25:22,108 - INFO - Barcodes examined so far: 1800000
2023-01-16 15:25:26,097 - INFO - Barcodes examined so far: 2000000
2023-01-16 15:25:29,131 - INFO - Barcodes examined so far: 2200000
2023-01-16 15:25:30,333 - INFO - Examined all barcodes. Summary stats:
   total  too few reads  not alignable  aligned
 2307785        1496523         114965   696297
2023-01-16 15:25:30,333 - INFO - Writing these stats to ./results/codoncounts/lib3-v2-no-antibody_bcstats.csv

2023-01-16 15:25:30,356 - INFO - Writing the counts of each codon identity at each site to ./results/codoncounts/lib3-v2-no-antibody_codoncounts.csv

2023-01-16 15:25:30,387 - INFO - Successful completion of dms2_bcsubamp
