2023-01-16 15:23:26,352 - INFO - Beginning execution of dms2_bcsubamp in directory /fh/fast/bloom_j/computational_notebooks/ckikawa/2022/ZIKV_MAP_GooLab

2023-01-16 15:23:26,353 - INFO - Progress is being logged to ./results/codoncounts/lib3-v2-SiGN-20.log
2023-01-16 15:23:26,419 - INFO - Version information:
	Time and date: Mon Jan 16 15:23:26 2023
	Platform: Linux-4.15.0-192-generic-x86_64-with-glibc2.10
	Python version: 3.8.13 | packaged by conda-forge | (default, Mar 25 2022, 06:04:10)  [GCC 10.3.0]
	dms_tools2 version: 2.6.10
	Bio version: 1.79
	pandas version: 0.25.3
	numpy version: 1.19.5
	IPython version: 8.4.0
	jupyter version: 1.0.0
	matplotlib version: 3.2.2
	plotnine version: 0.6.0
	natsort version: 8.2.0
	pystan version: 2.19.1.1
	scipy version: 1.6.0
	seaborn version: 0.10.1
	phydmslib version: 2.4.1
	statsmodels version: 0.11.1
	rpy2 cannot be imported
	regex version: 2.5.121
	umi_tools version: 1.1.2

2023-01-16 15:23:26,419 - INFO - Parsed the following arguments:
	outdir = ./results/codoncounts
	ncpus = -1
	use_existing = yes
	refseq = ./data/E.fasta
	alignspecs = ['1,303,33,38', '304,609,38,40', '610,903,41,36', '904,1200,41,37', '1201,1512,36,35']
	bclen = 8
	fastqdir = None
	R2 = None
	R1trim = [200]
	R2trim = [200]
	bclen2 = None
	chartype = codon
	maxmuts = 4
	minq = 15
	minreads = 2
	minfraccall = 0.95
	minconcur = 0.75
	sitemask = None
	purgeread = 0.0
	purgebc = 0.0
	bcinfo = True
	bcinfo_csv = True
	name = lib3-v2-SiGN-20
	R1 = ['/fh/fast/bloom_j/computational_notebooks/ckikawa/2022/ZIKV_E_DMS_GooLab/data/concat_fastq/concat_fastq_out/lib3-v2_SiGN_20_R1.fastq.gz']

2023-01-16 15:23:26,437 - INFO - Read refseq of 1512 codons from ./data/E.fasta
2023-01-16 15:23:26,440 - INFO - Reads are in these FASTQ pairs:
	/fh/fast/bloom_j/computational_notebooks/ckikawa/2022/ZIKV_E_DMS_GooLab/data/concat_fastq/concat_fastq_out/lib3-v2_SiGN_20_R1.fastq.gz and /fh/fast/bloom_j/computational_notebooks/ckikawa/2022/ZIKV_E_DMS_GooLab/data/concat_fastq/concat_fastq_out/lib3-v2_SiGN_20_R2.fastq.gz

2023-01-16 15:23:26,441 - INFO - Now parsing read pairs...
2023-01-16 15:23:32,897 - INFO - Reads parsed so far: 500000
2023-01-16 15:23:39,052 - INFO - Reads parsed so far: 1000000
2023-01-16 15:23:44,419 - INFO - Reads parsed so far: 1500000
2023-01-16 15:23:50,097 - INFO - Reads parsed so far: 2000000
2023-01-16 15:23:56,133 - INFO - Reads parsed so far: 2500000
2023-01-16 15:24:02,472 - INFO - Reads parsed so far: 3000000
2023-01-16 15:24:07,402 - INFO - Reads parsed so far: 3500000
2023-01-16 15:24:12,335 - INFO - Reads parsed so far: 4000000
2023-01-16 15:24:17,830 - INFO - Parsed 4374360 reads, found 2157624 unique barcodes.
2023-01-16 15:24:17,833 - INFO - Summary stats on reads:
   total  fail filter  low Q barcode
 4374360       290463         493100
2023-01-16 15:24:17,833 - INFO - Writing these stats to ./results/codoncounts/lib3-v2-SiGN-20_readstats.csv

2023-01-16 15:24:18,314 - INFO - Number of reads per barcode:
                 number of barcodes
number of reads                    
1                           1242793
2                            557183
3                            240867
4                             83449
5                             24967
6                              6596
7                              1412
8                               286
9                                59
10                                9
12                                2
13                                1
2023-01-16 15:24:18,314 - INFO - Writing these stats to ./results/codoncounts/lib3-v2-SiGN-20_readsperbc.csv

2023-01-16 15:24:18,318 - INFO - Examining the 2157624 barcodes to build and align subamplicons...
2023-01-16 15:24:27,575 - INFO - Barcodes examined so far: 200000
2023-01-16 15:24:36,545 - INFO - Barcodes examined so far: 400000
2023-01-16 15:24:45,070 - INFO - Barcodes examined so far: 600000
2023-01-16 15:24:53,309 - INFO - Barcodes examined so far: 800000
2023-01-16 15:25:01,158 - INFO - Barcodes examined so far: 1000000
2023-01-16 15:25:08,413 - INFO - Barcodes examined so far: 1200000
2023-01-16 15:25:15,156 - INFO - Barcodes examined so far: 1400000
2023-01-16 15:25:21,113 - INFO - Barcodes examined so far: 1600000
2023-01-16 15:25:26,094 - INFO - Barcodes examined so far: 1800000
2023-01-16 15:25:29,968 - INFO - Barcodes examined so far: 2000000
2023-01-16 15:25:31,999 - INFO - Examined all barcodes. Summary stats:
   total  too few reads  not alignable  aligned
 2157624        1242793         114260   800571
2023-01-16 15:25:31,999 - INFO - Writing these stats to ./results/codoncounts/lib3-v2-SiGN-20_bcstats.csv

2023-01-16 15:25:32,018 - INFO - Writing the counts of each codon identity at each site to ./results/codoncounts/lib3-v2-SiGN-20_codoncounts.csv

2023-01-16 15:25:32,049 - INFO - Successful completion of dms2_bcsubamp
