2023-01-16 15:22:49,567 - INFO - Beginning execution of dms2_bcsubamp in directory /fh/fast/bloom_j/computational_notebooks/ckikawa/2022/ZIKV_MAP_GooLab

2023-01-16 15:22:49,567 - INFO - Progress is being logged to ./results/codoncounts/lib3-MZ4-4800.log
2023-01-16 15:22:49,614 - INFO - Version information:
	Time and date: Mon Jan 16 15:22:49 2023
	Platform: Linux-4.15.0-192-generic-x86_64-with-glibc2.10
	Python version: 3.8.13 | packaged by conda-forge | (default, Mar 25 2022, 06:04:10)  [GCC 10.3.0]
	dms_tools2 version: 2.6.10
	Bio version: 1.79
	pandas version: 0.25.3
	numpy version: 1.19.5
	IPython version: 8.4.0
	jupyter version: 1.0.0
	matplotlib version: 3.2.2
	plotnine version: 0.6.0
	natsort version: 8.2.0
	pystan version: 2.19.1.1
	scipy version: 1.6.0
	seaborn version: 0.10.1
	phydmslib version: 2.4.1
	statsmodels version: 0.11.1
	rpy2 cannot be imported
	regex version: 2.5.121
	umi_tools version: 1.1.2

2023-01-16 15:22:49,614 - INFO - Parsed the following arguments:
	outdir = ./results/codoncounts
	ncpus = -1
	use_existing = yes
	refseq = ./data/E.fasta
	alignspecs = ['1,303,33,38', '304,609,38,40', '610,903,41,36', '904,1200,41,37', '1201,1512,36,35']
	bclen = 8
	fastqdir = None
	R2 = None
	R1trim = [200]
	R2trim = [200]
	bclen2 = None
	chartype = codon
	maxmuts = 4
	minq = 15
	minreads = 2
	minfraccall = 0.95
	minconcur = 0.75
	sitemask = None
	purgeread = 0.0
	purgebc = 0.0
	bcinfo = True
	bcinfo_csv = True
	name = lib3-MZ4-4800
	R1 = ['/fh/fast/bloom_j/computational_notebooks/ckikawa/2022/ZIKV_E_DMS_GooLab/data/concat_fastq/concat_fastq_out/lib3_MZ4_4800_R1.fastq.gz']

2023-01-16 15:22:49,626 - INFO - Read refseq of 1512 codons from ./data/E.fasta
2023-01-16 15:22:49,627 - INFO - Reads are in these FASTQ pairs:
	/fh/fast/bloom_j/computational_notebooks/ckikawa/2022/ZIKV_E_DMS_GooLab/data/concat_fastq/concat_fastq_out/lib3_MZ4_4800_R1.fastq.gz and /fh/fast/bloom_j/computational_notebooks/ckikawa/2022/ZIKV_E_DMS_GooLab/data/concat_fastq/concat_fastq_out/lib3_MZ4_4800_R2.fastq.gz

2023-01-16 15:22:49,627 - INFO - Now parsing read pairs...
2023-01-16 15:22:56,958 - INFO - Reads parsed so far: 500000
2023-01-16 15:23:03,824 - INFO - Reads parsed so far: 1000000
2023-01-16 15:23:12,800 - INFO - Reads parsed so far: 1500000
2023-01-16 15:23:19,762 - INFO - Reads parsed so far: 2000000
2023-01-16 15:23:25,969 - INFO - Reads parsed so far: 2500000
2023-01-16 15:23:32,286 - INFO - Reads parsed so far: 3000000
2023-01-16 15:23:38,826 - INFO - Reads parsed so far: 3500000
2023-01-16 15:23:43,755 - INFO - Reads parsed so far: 4000000
2023-01-16 15:23:50,782 - INFO - Reads parsed so far: 4500000
2023-01-16 15:23:55,062 - INFO - Parsed 4942457 reads, found 3758064 unique barcodes.
2023-01-16 15:23:55,064 - INFO - Summary stats on reads:
   total  fail filter  low Q barcode
 4942457       391589         335373
2023-01-16 15:23:55,064 - INFO - Writing these stats to ./results/codoncounts/lib3-MZ4-4800_readstats.csv

2023-01-16 15:23:55,942 - INFO - Number of reads per barcode:
                 number of barcodes
number of reads                    
1                           3350338
2                            362546
3                             41053
4                              3791
5                               303
6                                28
7                                 2
11                                1
17                                2
2023-01-16 15:23:55,942 - INFO - Writing these stats to ./results/codoncounts/lib3-MZ4-4800_readsperbc.csv

2023-01-16 15:23:55,945 - INFO - Examining the 3758064 barcodes to build and align subamplicons...
2023-01-16 15:24:00,163 - INFO - Barcodes examined so far: 200000
2023-01-16 15:24:04,301 - INFO - Barcodes examined so far: 400000
2023-01-16 15:24:08,356 - INFO - Barcodes examined so far: 600000
2023-01-16 15:24:12,293 - INFO - Barcodes examined so far: 800000
2023-01-16 15:24:16,131 - INFO - Barcodes examined so far: 1000000
2023-01-16 15:24:19,858 - INFO - Barcodes examined so far: 1200000
2023-01-16 15:24:23,471 - INFO - Barcodes examined so far: 1400000
2023-01-16 15:24:26,996 - INFO - Barcodes examined so far: 1600000
2023-01-16 15:24:30,392 - INFO - Barcodes examined so far: 1800000
2023-01-16 15:24:33,657 - INFO - Barcodes examined so far: 2000000
2023-01-16 15:24:36,812 - INFO - Barcodes examined so far: 2200000
2023-01-16 15:24:39,830 - INFO - Barcodes examined so far: 2400000
2023-01-16 15:24:42,725 - INFO - Barcodes examined so far: 2600000
2023-01-16 15:24:45,486 - INFO - Barcodes examined so far: 2800000
2023-01-16 15:24:48,079 - INFO - Barcodes examined so far: 3000000
2023-01-16 15:24:50,540 - INFO - Barcodes examined so far: 3200000
2023-01-16 15:24:52,860 - INFO - Barcodes examined so far: 3400000
2023-01-16 15:24:55,007 - INFO - Barcodes examined so far: 3600000
2023-01-16 15:24:56,611 - INFO - Examined all barcodes. Summary stats:
   total  too few reads  not alignable  aligned
 3758064        3350338          62132   345594
2023-01-16 15:24:56,611 - INFO - Writing these stats to ./results/codoncounts/lib3-MZ4-4800_bcstats.csv

2023-01-16 15:24:56,631 - INFO - Writing the counts of each codon identity at each site to ./results/codoncounts/lib3-MZ4-4800_codoncounts.csv

2023-01-16 15:24:56,662 - INFO - Successful completion of dms2_bcsubamp
