2023-01-16 15:23:14,162 - INFO - Beginning execution of dms2_bcsubamp in directory /fh/fast/bloom_j/computational_notebooks/ckikawa/2022/ZIKV_MAP_GooLab

2023-01-16 15:23:14,162 - INFO - Progress is being logged to ./results/codoncounts/lib3-ZV67-800000.log
2023-01-16 15:23:14,195 - INFO - Version information:
	Time and date: Mon Jan 16 15:23:14 2023
	Platform: Linux-4.15.0-192-generic-x86_64-with-glibc2.10
	Python version: 3.8.13 | packaged by conda-forge | (default, Mar 25 2022, 06:04:10)  [GCC 10.3.0]
	dms_tools2 version: 2.6.10
	Bio version: 1.79
	pandas version: 0.25.3
	numpy version: 1.19.5
	IPython version: 8.4.0
	jupyter version: 1.0.0
	matplotlib version: 3.2.2
	plotnine version: 0.6.0
	natsort version: 8.2.0
	pystan version: 2.19.1.1
	scipy version: 1.6.0
	seaborn version: 0.10.1
	phydmslib version: 2.4.1
	statsmodels version: 0.11.1
	rpy2 cannot be imported
	regex version: 2.5.121
	umi_tools version: 1.1.2

2023-01-16 15:23:14,195 - INFO - Parsed the following arguments:
	outdir = ./results/codoncounts
	ncpus = -1
	use_existing = yes
	refseq = ./data/E.fasta
	alignspecs = ['1,303,33,38', '304,609,38,40', '610,903,41,36', '904,1200,41,37', '1201,1512,36,35']
	bclen = 8
	fastqdir = None
	R2 = None
	R1trim = [200]
	R2trim = [200]
	bclen2 = None
	chartype = codon
	maxmuts = 4
	minq = 15
	minreads = 2
	minfraccall = 0.95
	minconcur = 0.75
	sitemask = None
	purgeread = 0.0
	purgebc = 0.0
	bcinfo = True
	bcinfo_csv = True
	name = lib3-ZV67-800000
	R1 = ['/fh/fast/bloom_j/computational_notebooks/ckikawa/2022/ZIKV_E_DMS_GooLab/data/concat_fastq/concat_fastq_out/lib3_ZV67_800000_R1.fastq.gz']

2023-01-16 15:23:14,208 - INFO - Read refseq of 1512 codons from ./data/E.fasta
2023-01-16 15:23:14,209 - INFO - Reads are in these FASTQ pairs:
	/fh/fast/bloom_j/computational_notebooks/ckikawa/2022/ZIKV_E_DMS_GooLab/data/concat_fastq/concat_fastq_out/lib3_ZV67_800000_R1.fastq.gz and /fh/fast/bloom_j/computational_notebooks/ckikawa/2022/ZIKV_E_DMS_GooLab/data/concat_fastq/concat_fastq_out/lib3_ZV67_800000_R2.fastq.gz

2023-01-16 15:23:14,209 - INFO - Now parsing read pairs...
2023-01-16 15:23:20,600 - INFO - Reads parsed so far: 500000
2023-01-16 15:23:26,321 - INFO - Reads parsed so far: 1000000
2023-01-16 15:23:32,590 - INFO - Reads parsed so far: 1500000
2023-01-16 15:23:38,356 - INFO - Reads parsed so far: 2000000
2023-01-16 15:23:44,299 - INFO - Reads parsed so far: 2500000
2023-01-16 15:23:50,650 - INFO - Reads parsed so far: 3000000
2023-01-16 15:23:55,521 - INFO - Reads parsed so far: 3500000
2023-01-16 15:24:02,575 - INFO - Reads parsed so far: 4000000
2023-01-16 15:24:07,429 - INFO - Reads parsed so far: 4500000
2023-01-16 15:24:14,836 - INFO - Reads parsed so far: 5000000
2023-01-16 15:24:19,760 - INFO - Reads parsed so far: 5500000
2023-01-16 15:24:22,317 - INFO - Parsed 5758846 reads, found 3875546 unique barcodes.
2023-01-16 15:24:22,320 - INFO - Summary stats on reads:
   total  fail filter  low Q barcode
 5758846       463121         420708
2023-01-16 15:24:22,320 - INFO - Writing these stats to ./results/codoncounts/lib3-ZV67-800000_readstats.csv

2023-01-16 15:24:23,157 - INFO - Number of reads per barcode:
                 number of barcodes
number of reads                    
1                           3081779
2                            623856
3                            139594
4                             25631
5                              4039
6                               558
7                                78
8                                 8
21                                1
22                                1
24                                1
2023-01-16 15:24:23,157 - INFO - Writing these stats to ./results/codoncounts/lib3-ZV67-800000_readsperbc.csv

2023-01-16 15:24:23,161 - INFO - Examining the 3875546 barcodes to build and align subamplicons...
2023-01-16 15:24:29,002 - INFO - Barcodes examined so far: 200000
2023-01-16 15:24:34,700 - INFO - Barcodes examined so far: 400000
2023-01-16 15:24:40,272 - INFO - Barcodes examined so far: 600000
2023-01-16 15:24:45,722 - INFO - Barcodes examined so far: 800000
2023-01-16 15:24:51,070 - INFO - Barcodes examined so far: 1000000
2023-01-16 15:24:56,255 - INFO - Barcodes examined so far: 1200000
2023-01-16 15:25:01,254 - INFO - Barcodes examined so far: 1400000
2023-01-16 15:25:06,062 - INFO - Barcodes examined so far: 1600000
2023-01-16 15:25:10,702 - INFO - Barcodes examined so far: 1800000
2023-01-16 15:25:15,123 - INFO - Barcodes examined so far: 2000000
2023-01-16 15:25:19,306 - INFO - Barcodes examined so far: 2200000
2023-01-16 15:25:23,317 - INFO - Barcodes examined so far: 2400000
2023-01-16 15:25:27,126 - INFO - Barcodes examined so far: 2600000
2023-01-16 15:25:30,693 - INFO - Barcodes examined so far: 2800000
2023-01-16 15:25:34,053 - INFO - Barcodes examined so far: 3000000
2023-01-16 15:25:37,160 - INFO - Barcodes examined so far: 3200000
2023-01-16 15:25:39,981 - INFO - Barcodes examined so far: 3400000
2023-01-16 15:25:42,527 - INFO - Barcodes examined so far: 3600000
2023-01-16 15:25:44,727 - INFO - Barcodes examined so far: 3800000
2023-01-16 15:25:45,483 - INFO - Examined all barcodes. Summary stats:
   total  too few reads  not alignable  aligned
 3875546        3081779         108203   685564
2023-01-16 15:25:45,484 - INFO - Writing these stats to ./results/codoncounts/lib3-ZV67-800000_bcstats.csv

2023-01-16 15:25:45,501 - INFO - Writing the counts of each codon identity at each site to ./results/codoncounts/lib3-ZV67-800000_codoncounts.csv

2023-01-16 15:25:45,533 - INFO - Successful completion of dms2_bcsubamp
