2023-01-16 15:23:18,417 - INFO - Beginning execution of dms2_bcsubamp in directory /fh/fast/bloom_j/computational_notebooks/ckikawa/2022/ZIKV_MAP_GooLab

2023-01-16 15:23:18,417 - INFO - Progress is being logged to ./results/codoncounts/lib3-no-antibody.log
2023-01-16 15:23:18,451 - INFO - Version information:
	Time and date: Mon Jan 16 15:23:18 2023
	Platform: Linux-4.15.0-192-generic-x86_64-with-glibc2.10
	Python version: 3.8.13 | packaged by conda-forge | (default, Mar 25 2022, 06:04:10)  [GCC 10.3.0]
	dms_tools2 version: 2.6.10
	Bio version: 1.79
	pandas version: 0.25.3
	numpy version: 1.19.5
	IPython version: 8.4.0
	jupyter version: 1.0.0
	matplotlib version: 3.2.2
	plotnine version: 0.6.0
	natsort version: 8.2.0
	pystan version: 2.19.1.1
	scipy version: 1.6.0
	seaborn version: 0.10.1
	phydmslib version: 2.4.1
	statsmodels version: 0.11.1
	rpy2 cannot be imported
	regex version: 2.5.121
	umi_tools version: 1.1.2

2023-01-16 15:23:18,451 - INFO - Parsed the following arguments:
	outdir = ./results/codoncounts
	ncpus = -1
	use_existing = yes
	refseq = ./data/E.fasta
	alignspecs = ['1,303,33,38', '304,609,38,40', '610,903,41,36', '904,1200,41,37', '1201,1512,36,35']
	bclen = 8
	fastqdir = None
	R2 = None
	R1trim = [200]
	R2trim = [200]
	bclen2 = None
	chartype = codon
	maxmuts = 4
	minq = 15
	minreads = 2
	minfraccall = 0.95
	minconcur = 0.75
	sitemask = None
	purgeread = 0.0
	purgebc = 0.0
	bcinfo = True
	bcinfo_csv = True
	name = lib3-no-antibody
	R1 = ['/fh/fast/bloom_j/computational_notebooks/ckikawa/2022/ZIKV_E_DMS_GooLab/data/concat_fastq/concat_fastq_out/lib3_no_antibody_R1.fastq.gz']

2023-01-16 15:23:18,465 - INFO - Read refseq of 1512 codons from ./data/E.fasta
2023-01-16 15:23:18,466 - INFO - Reads are in these FASTQ pairs:
	/fh/fast/bloom_j/computational_notebooks/ckikawa/2022/ZIKV_E_DMS_GooLab/data/concat_fastq/concat_fastq_out/lib3_no_antibody_R1.fastq.gz and /fh/fast/bloom_j/computational_notebooks/ckikawa/2022/ZIKV_E_DMS_GooLab/data/concat_fastq/concat_fastq_out/lib3_no_antibody_R2.fastq.gz

2023-01-16 15:23:18,466 - INFO - Now parsing read pairs...
2023-01-16 15:23:24,881 - INFO - Reads parsed so far: 500000
2023-01-16 15:23:30,841 - INFO - Reads parsed so far: 1000000
2023-01-16 15:23:37,084 - INFO - Reads parsed so far: 1500000
2023-01-16 15:23:43,023 - INFO - Reads parsed so far: 2000000
2023-01-16 15:23:49,200 - INFO - Reads parsed so far: 2500000
2023-01-16 15:23:54,178 - INFO - Reads parsed so far: 3000000
2023-01-16 15:24:00,831 - INFO - Reads parsed so far: 3500000
2023-01-16 15:24:05,895 - INFO - Reads parsed so far: 4000000
2023-01-16 15:24:13,273 - INFO - Reads parsed so far: 4500000
2023-01-16 15:24:18,294 - INFO - Reads parsed so far: 5000000
2023-01-16 15:24:20,012 - INFO - Parsed 5170215 reads, found 3173019 unique barcodes.
2023-01-16 15:24:20,015 - INFO - Summary stats on reads:
   total  fail filter  low Q barcode
 5170215       416677         426110
2023-01-16 15:24:20,015 - INFO - Writing these stats to ./results/codoncounts/lib3-no-antibody_readstats.csv

2023-01-16 15:24:20,745 - INFO - Number of reads per barcode:
                 number of barcodes
number of reads                    
1                           2314974
2                            626504
3                            179238
4                             41917
5                              8633
6                              1468
7                               234
8                                41
9                                 7
19                                1
21                                1
22                                1
2023-01-16 15:24:20,745 - INFO - Writing these stats to ./results/codoncounts/lib3-no-antibody_readsperbc.csv

2023-01-16 15:24:20,749 - INFO - Examining the 3173019 barcodes to build and align subamplicons...
2023-01-16 15:24:27,918 - INFO - Barcodes examined so far: 200000
2023-01-16 15:24:34,930 - INFO - Barcodes examined so far: 400000
2023-01-16 15:24:41,732 - INFO - Barcodes examined so far: 600000
2023-01-16 15:24:48,364 - INFO - Barcodes examined so far: 800000
2023-01-16 15:24:54,786 - INFO - Barcodes examined so far: 1000000
2023-01-16 15:25:00,899 - INFO - Barcodes examined so far: 1200000
2023-01-16 15:25:06,697 - INFO - Barcodes examined so far: 1400000
2023-01-16 15:25:12,208 - INFO - Barcodes examined so far: 1600000
2023-01-16 15:25:17,394 - INFO - Barcodes examined so far: 1800000
2023-01-16 15:25:22,229 - INFO - Barcodes examined so far: 2000000
2023-01-16 15:25:26,727 - INFO - Barcodes examined so far: 2200000
2023-01-16 15:25:30,838 - INFO - Barcodes examined so far: 2400000
2023-01-16 15:25:34,545 - INFO - Barcodes examined so far: 2600000
2023-01-16 15:25:37,781 - INFO - Barcodes examined so far: 2800000
2023-01-16 15:25:40,512 - INFO - Barcodes examined so far: 3000000
2023-01-16 15:25:42,513 - INFO - Examined all barcodes. Summary stats:
   total  too few reads  not alignable  aligned
 3173019        2314974         120512   737533
2023-01-16 15:25:42,513 - INFO - Writing these stats to ./results/codoncounts/lib3-no-antibody_bcstats.csv

2023-01-16 15:25:42,535 - INFO - Writing the counts of each codon identity at each site to ./results/codoncounts/lib3-no-antibody_codoncounts.csv

2023-01-16 15:25:42,566 - INFO - Successful completion of dms2_bcsubamp
