2023-08-31 13:36:29,487 - INFO - Beginning execution of dms2_bcsubamp in directory /fh/fast/bloom_j/computational_notebooks/ckikawa/2022/ZIKV_MAP_GooLab

2023-08-31 13:36:29,488 - INFO - Progress is being logged to ./results/codoncounts/lib3-v2-SIgN-10000.log
2023-08-31 13:36:29,521 - INFO - Version information:
	Time and date: Thu Aug 31 13:36:29 2023
	Platform: Linux-4.15.0-192-generic-x86_64-with-glibc2.10
	Python version: 3.8.13 | packaged by conda-forge | (default, Mar 25 2022, 06:04:10)  [GCC 10.3.0]
	dms_tools2 version: 2.6.10
	Bio version: 1.79
	pandas version: 0.25.3
	numpy version: 1.19.5
	IPython version: 8.4.0
	jupyter version: 1.0.0
	matplotlib version: 3.2.2
	plotnine version: 0.6.0
	natsort version: 8.2.0
	pystan version: 2.19.1.1
	scipy version: 1.6.0
	seaborn version: 0.10.1
	phydmslib version: 2.4.1
	statsmodels version: 0.11.1
	rpy2 cannot be imported
	regex version: 2.5.121
	umi_tools version: 1.1.2

2023-08-31 13:36:29,522 - INFO - Parsed the following arguments:
	outdir = ./results/codoncounts
	ncpus = -1
	use_existing = yes
	refseq = ./data/E.fasta
	alignspecs = ['1,303,33,38', '304,609,38,40', '610,903,41,36', '904,1200,41,37', '1201,1512,36,35']
	bclen = 8
	fastqdir = None
	R2 = None
	R1trim = [200]
	R2trim = [200]
	bclen2 = None
	chartype = codon
	maxmuts = 4
	minq = 15
	minreads = 2
	minfraccall = 0.95
	minconcur = 0.75
	sitemask = None
	purgeread = 0.0
	purgebc = 0.0
	bcinfo = True
	bcinfo_csv = True
	name = lib3-v2-SIgN-10000
	R1 = ['/fh/fast/bloom_j/computational_notebooks/ckikawa/2022/ZIKV_MAP_GooLab/data/concat_fastq/concat_fastq_out/lib3-v2_SIgN_10000_R1.fastq.gz']

2023-08-31 13:36:29,534 - INFO - Read refseq of 1512 codons from ./data/E.fasta
2023-08-31 13:36:29,536 - INFO - Reads are in these FASTQ pairs:
	/fh/fast/bloom_j/computational_notebooks/ckikawa/2022/ZIKV_MAP_GooLab/data/concat_fastq/concat_fastq_out/lib3-v2_SIgN_10000_R1.fastq.gz and /fh/fast/bloom_j/computational_notebooks/ckikawa/2022/ZIKV_MAP_GooLab/data/concat_fastq/concat_fastq_out/lib3-v2_SIgN_10000_R2.fastq.gz

2023-08-31 13:36:29,536 - INFO - Now parsing read pairs...
2023-08-31 13:36:35,628 - INFO - Reads parsed so far: 500000
2023-08-31 13:36:41,787 - INFO - Reads parsed so far: 1000000
2023-08-31 13:36:47,249 - INFO - Reads parsed so far: 1500000
2023-08-31 13:36:52,798 - INFO - Reads parsed so far: 2000000
2023-08-31 13:36:58,791 - INFO - Reads parsed so far: 2500000
2023-08-31 13:37:05,015 - INFO - Reads parsed so far: 3000000
2023-08-31 13:37:09,963 - INFO - Reads parsed so far: 3500000
2023-08-31 13:37:14,908 - INFO - Reads parsed so far: 4000000
2023-08-31 13:37:21,505 - INFO - Reads parsed so far: 4500000
2023-08-31 13:37:26,394 - INFO - Reads parsed so far: 5000000
2023-08-31 13:37:28,144 - INFO - Parsed 5174528 reads, found 2336949 unique barcodes.
2023-08-31 13:37:28,146 - INFO - Summary stats on reads:
   total  fail filter  low Q barcode
 5174528       355009         503554
2023-08-31 13:37:28,146 - INFO - Writing these stats to ./results/codoncounts/lib3-v2-SIgN-10000_readstats.csv

2023-08-31 13:37:28,670 - INFO - Number of reads per barcode:
                 number of barcodes
number of reads                    
1                           1205271
2                            601813
3                            318233
4                            137884
5                             50641
6                             16494
7                              4867
8                              1302
9                               333
10                               91
11                               15
12                                1
13                                1
19                                1
27                                1
36                                1
2023-08-31 13:37:28,670 - INFO - Writing these stats to ./results/codoncounts/lib3-v2-SIgN-10000_readsperbc.csv

2023-08-31 13:37:28,673 - INFO - Examining the 2336949 barcodes to build and align subamplicons...
2023-08-31 13:37:38,670 - INFO - Barcodes examined so far: 200000
2023-08-31 13:37:48,449 - INFO - Barcodes examined so far: 400000
2023-08-31 13:37:57,726 - INFO - Barcodes examined so far: 600000
2023-08-31 13:38:06,840 - INFO - Barcodes examined so far: 800000
2023-08-31 13:38:15,710 - INFO - Barcodes examined so far: 1000000
2023-08-31 13:38:24,181 - INFO - Barcodes examined so far: 1200000
2023-08-31 13:38:31,893 - INFO - Barcodes examined so far: 1400000
2023-08-31 13:38:39,033 - INFO - Barcodes examined so far: 1600000
2023-08-31 13:38:45,310 - INFO - Barcodes examined so far: 1800000
2023-08-31 13:38:50,515 - INFO - Barcodes examined so far: 2000000
2023-08-31 13:38:54,464 - INFO - Barcodes examined so far: 2200000
2023-08-31 13:38:56,248 - INFO - Examined all barcodes. Summary stats:
   total  too few reads  not alignable  aligned
 2336949        1205271         140331   991347
2023-08-31 13:38:56,248 - INFO - Writing these stats to ./results/codoncounts/lib3-v2-SIgN-10000_bcstats.csv

2023-08-31 13:38:56,260 - INFO - Writing the counts of each codon identity at each site to ./results/codoncounts/lib3-v2-SIgN-10000_codoncounts.csv

2023-08-31 13:38:56,291 - INFO - Successful completion of dms2_bcsubamp
