2023-01-16 15:21:09,774 - INFO - Beginning execution of dms2_bcsubamp in directory /fh/fast/bloom_j/computational_notebooks/ckikawa/2022/ZIKV_MAP_GooLab

2023-01-16 15:21:09,774 - INFO - Progress is being logged to ./results/codoncounts/lib3-C8-225.log
2023-01-16 15:21:09,808 - INFO - Version information:
	Time and date: Mon Jan 16 15:21:09 2023
	Platform: Linux-4.15.0-192-generic-x86_64-with-glibc2.10
	Python version: 3.8.13 | packaged by conda-forge | (default, Mar 25 2022, 06:04:10)  [GCC 10.3.0]
	dms_tools2 version: 2.6.10
	Bio version: 1.79
	pandas version: 0.25.3
	numpy version: 1.19.5
	IPython version: 8.4.0
	jupyter version: 1.0.0
	matplotlib version: 3.2.2
	plotnine version: 0.6.0
	natsort version: 8.2.0
	pystan version: 2.19.1.1
	scipy version: 1.6.0
	seaborn version: 0.10.1
	phydmslib version: 2.4.1
	statsmodels version: 0.11.1
	rpy2 cannot be imported
	regex version: 2.5.121
	umi_tools version: 1.1.2

2023-01-16 15:21:09,808 - INFO - Parsed the following arguments:
	outdir = ./results/codoncounts
	ncpus = -1
	use_existing = yes
	refseq = ./data/E.fasta
	alignspecs = ['1,303,33,38', '304,609,38,40', '610,903,41,36', '904,1200,41,37', '1201,1512,36,35']
	bclen = 8
	fastqdir = None
	R2 = None
	R1trim = [200]
	R2trim = [200]
	bclen2 = None
	chartype = codon
	maxmuts = 4
	minq = 15
	minreads = 2
	minfraccall = 0.95
	minconcur = 0.75
	sitemask = None
	purgeread = 0.0
	purgebc = 0.0
	bcinfo = True
	bcinfo_csv = True
	name = lib3-C8-225
	R1 = ['/fh/fast/bloom_j/computational_notebooks/ckikawa/2022/ZIKV_E_DMS_GooLab/data/concat_fastq/concat_fastq_out/lib3_C8_225_R1.fastq.gz']

2023-01-16 15:21:09,825 - INFO - Read refseq of 1512 codons from ./data/E.fasta
2023-01-16 15:21:09,827 - INFO - Reads are in these FASTQ pairs:
	/fh/fast/bloom_j/computational_notebooks/ckikawa/2022/ZIKV_E_DMS_GooLab/data/concat_fastq/concat_fastq_out/lib3_C8_225_R1.fastq.gz and /fh/fast/bloom_j/computational_notebooks/ckikawa/2022/ZIKV_E_DMS_GooLab/data/concat_fastq/concat_fastq_out/lib3_C8_225_R2.fastq.gz

2023-01-16 15:21:09,827 - INFO - Now parsing read pairs...
2023-01-16 15:21:16,209 - INFO - Reads parsed so far: 500000
2023-01-16 15:21:22,066 - INFO - Reads parsed so far: 1000000
2023-01-16 15:21:28,391 - INFO - Reads parsed so far: 1500000
2023-01-16 15:21:34,478 - INFO - Reads parsed so far: 2000000
2023-01-16 15:21:40,710 - INFO - Reads parsed so far: 2500000
2023-01-16 15:21:45,657 - INFO - Reads parsed so far: 3000000
2023-01-16 15:21:52,387 - INFO - Reads parsed so far: 3500000
2023-01-16 15:21:57,482 - INFO - Reads parsed so far: 4000000
2023-01-16 15:22:04,886 - INFO - Reads parsed so far: 4500000
2023-01-16 15:22:06,974 - INFO - Parsed 4681176 reads, found 2837384 unique barcodes.
2023-01-16 15:22:06,977 - INFO - Summary stats on reads:
   total  fail filter  low Q barcode
 4681176       362541         334865
2023-01-16 15:22:06,977 - INFO - Writing these stats to ./results/codoncounts/lib3-C8-225_readstats.csv

2023-01-16 15:22:07,621 - INFO - Number of reads per barcode:
                 number of barcodes
number of reads                    
1                           1998295
2                            601189
3                            181877
4                             44962
5                              9141
6                              1598
7                               278
8                                37
9                                 4
12                                1
17                                1
18                                1
2023-01-16 15:22:07,621 - INFO - Writing these stats to ./results/codoncounts/lib3-C8-225_readsperbc.csv

2023-01-16 15:22:07,625 - INFO - Examining the 2837384 barcodes to build and align subamplicons...
2023-01-16 15:22:15,117 - INFO - Barcodes examined so far: 200000
2023-01-16 15:22:22,463 - INFO - Barcodes examined so far: 400000
2023-01-16 15:22:29,511 - INFO - Barcodes examined so far: 600000
2023-01-16 15:22:36,384 - INFO - Barcodes examined so far: 800000
2023-01-16 15:22:42,970 - INFO - Barcodes examined so far: 1000000
2023-01-16 15:22:49,229 - INFO - Barcodes examined so far: 1200000
2023-01-16 15:22:55,048 - INFO - Barcodes examined so far: 1400000
2023-01-16 15:23:00,586 - INFO - Barcodes examined so far: 1600000
2023-01-16 15:23:05,910 - INFO - Barcodes examined so far: 1800000
2023-01-16 15:23:10,579 - INFO - Barcodes examined so far: 2000000
2023-01-16 15:23:14,813 - INFO - Barcodes examined so far: 2200000
2023-01-16 15:23:18,534 - INFO - Barcodes examined so far: 2400000
2023-01-16 15:23:21,592 - INFO - Barcodes examined so far: 2600000
2023-01-16 15:23:24,029 - INFO - Barcodes examined so far: 2800000
2023-01-16 15:23:24,427 - INFO - Examined all barcodes. Summary stats:
   total  too few reads  not alignable  aligned
 2837384        1998295          97242   741847
2023-01-16 15:23:24,428 - INFO - Writing these stats to ./results/codoncounts/lib3-C8-225_bcstats.csv

2023-01-16 15:23:24,447 - INFO - Writing the counts of each codon identity at each site to ./results/codoncounts/lib3-C8-225_codoncounts.csv

2023-01-16 15:23:24,479 - INFO - Successful completion of dms2_bcsubamp
