2023-01-16 15:21:12,711 - INFO - Beginning execution of dms2_bcsubamp in directory /fh/fast/bloom_j/computational_notebooks/ckikawa/2022/ZIKV_MAP_GooLab

2023-01-16 15:21:12,711 - INFO - Progress is being logged to ./results/codoncounts/lib3-C8-450.log
2023-01-16 15:21:12,743 - INFO - Version information:
	Time and date: Mon Jan 16 15:21:12 2023
	Platform: Linux-4.15.0-192-generic-x86_64-with-glibc2.10
	Python version: 3.8.13 | packaged by conda-forge | (default, Mar 25 2022, 06:04:10)  [GCC 10.3.0]
	dms_tools2 version: 2.6.10
	Bio version: 1.79
	pandas version: 0.25.3
	numpy version: 1.19.5
	IPython version: 8.4.0
	jupyter version: 1.0.0
	matplotlib version: 3.2.2
	plotnine version: 0.6.0
	natsort version: 8.2.0
	pystan version: 2.19.1.1
	scipy version: 1.6.0
	seaborn version: 0.10.1
	phydmslib version: 2.4.1
	statsmodels version: 0.11.1
	rpy2 cannot be imported
	regex version: 2.5.121
	umi_tools version: 1.1.2

2023-01-16 15:21:12,743 - INFO - Parsed the following arguments:
	outdir = ./results/codoncounts
	ncpus = -1
	use_existing = yes
	refseq = ./data/E.fasta
	alignspecs = ['1,303,33,38', '304,609,38,40', '610,903,41,36', '904,1200,41,37', '1201,1512,36,35']
	bclen = 8
	fastqdir = None
	R2 = None
	R1trim = [200]
	R2trim = [200]
	bclen2 = None
	chartype = codon
	maxmuts = 4
	minq = 15
	minreads = 2
	minfraccall = 0.95
	minconcur = 0.75
	sitemask = None
	purgeread = 0.0
	purgebc = 0.0
	bcinfo = True
	bcinfo_csv = True
	name = lib3-C8-450
	R1 = ['/fh/fast/bloom_j/computational_notebooks/ckikawa/2022/ZIKV_E_DMS_GooLab/data/concat_fastq/concat_fastq_out/lib3_C8_450_R1.fastq.gz']

2023-01-16 15:21:12,758 - INFO - Read refseq of 1512 codons from ./data/E.fasta
2023-01-16 15:21:12,760 - INFO - Reads are in these FASTQ pairs:
	/fh/fast/bloom_j/computational_notebooks/ckikawa/2022/ZIKV_E_DMS_GooLab/data/concat_fastq/concat_fastq_out/lib3_C8_450_R1.fastq.gz and /fh/fast/bloom_j/computational_notebooks/ckikawa/2022/ZIKV_E_DMS_GooLab/data/concat_fastq/concat_fastq_out/lib3_C8_450_R2.fastq.gz

2023-01-16 15:21:12,760 - INFO - Now parsing read pairs...
2023-01-16 15:21:19,066 - INFO - Reads parsed so far: 500000
2023-01-16 15:21:24,879 - INFO - Reads parsed so far: 1000000
2023-01-16 15:21:31,222 - INFO - Reads parsed so far: 1500000
2023-01-16 15:21:37,198 - INFO - Reads parsed so far: 2000000
2023-01-16 15:21:42,191 - INFO - Reads parsed so far: 2500000
2023-01-16 15:21:48,482 - INFO - Reads parsed so far: 3000000
2023-01-16 15:21:53,409 - INFO - Reads parsed so far: 3500000
2023-01-16 15:22:00,288 - INFO - Reads parsed so far: 4000000
2023-01-16 15:22:04,481 - INFO - Parsed 4412877 reads, found 2285302 unique barcodes.
2023-01-16 15:22:04,485 - INFO - Summary stats on reads:
   total  fail filter  low Q barcode
 4412877       346215         338235
2023-01-16 15:22:04,485 - INFO - Writing these stats to ./results/codoncounts/lib3-C8-450_readstats.csv

2023-01-16 15:22:04,994 - INFO - Number of reads per barcode:
                 number of barcodes
number of reads                    
1                           1357345
2                            571831
3                            240607
4                             82758
5                             24424
6                              6408
7                              1535
8                               325
9                                53
10                               12
11                                1
14                                2
18                                1
2023-01-16 15:22:04,995 - INFO - Writing these stats to ./results/codoncounts/lib3-C8-450_readsperbc.csv

2023-01-16 15:22:04,999 - INFO - Examining the 2285302 barcodes to build and align subamplicons...
2023-01-16 15:22:13,941 - INFO - Barcodes examined so far: 200000
2023-01-16 15:22:22,649 - INFO - Barcodes examined so far: 400000
2023-01-16 15:22:31,038 - INFO - Barcodes examined so far: 600000
2023-01-16 15:22:39,131 - INFO - Barcodes examined so far: 800000
2023-01-16 15:22:46,924 - INFO - Barcodes examined so far: 1000000
2023-01-16 15:22:54,373 - INFO - Barcodes examined so far: 1200000
2023-01-16 15:23:01,243 - INFO - Barcodes examined so far: 1400000
2023-01-16 15:23:07,394 - INFO - Barcodes examined so far: 1600000
2023-01-16 15:23:12,758 - INFO - Barcodes examined so far: 1800000
2023-01-16 15:23:17,080 - INFO - Barcodes examined so far: 2000000
2023-01-16 15:23:20,217 - INFO - Barcodes examined so far: 2200000
2023-01-16 15:23:21,193 - INFO - Examined all barcodes. Summary stats:
   total  too few reads  not alignable  aligned
 2285302        1357345         108323   819634
2023-01-16 15:23:21,193 - INFO - Writing these stats to ./results/codoncounts/lib3-C8-450_bcstats.csv

2023-01-16 15:23:21,210 - INFO - Writing the counts of each codon identity at each site to ./results/codoncounts/lib3-C8-450_codoncounts.csv

2023-01-16 15:23:21,241 - INFO - Successful completion of dms2_bcsubamp
