2023-08-31 13:34:06,250 - INFO - Beginning execution of dms2_bcsubamp in directory /fh/fast/bloom_j/computational_notebooks/ckikawa/2022/ZIKV_MAP_GooLab

2023-08-31 13:34:06,250 - INFO - Progress is being logged to ./results/codoncounts/lib3-C10-300.log
2023-08-31 13:34:06,281 - INFO - Version information:
	Time and date: Thu Aug 31 13:34:06 2023
	Platform: Linux-4.15.0-192-generic-x86_64-with-glibc2.10
	Python version: 3.8.13 | packaged by conda-forge | (default, Mar 25 2022, 06:04:10)  [GCC 10.3.0]
	dms_tools2 version: 2.6.10
	Bio version: 1.79
	pandas version: 0.25.3
	numpy version: 1.19.5
	IPython version: 8.4.0
	jupyter version: 1.0.0
	matplotlib version: 3.2.2
	plotnine version: 0.6.0
	natsort version: 8.2.0
	pystan version: 2.19.1.1
	scipy version: 1.6.0
	seaborn version: 0.10.1
	phydmslib version: 2.4.1
	statsmodels version: 0.11.1
	rpy2 cannot be imported
	regex version: 2.5.121
	umi_tools version: 1.1.2

2023-08-31 13:34:06,281 - INFO - Parsed the following arguments:
	outdir = ./results/codoncounts
	ncpus = -1
	use_existing = yes
	refseq = ./data/E.fasta
	alignspecs = ['1,303,33,38', '304,609,38,40', '610,903,41,36', '904,1200,41,37', '1201,1512,36,35']
	bclen = 8
	fastqdir = None
	R2 = None
	R1trim = [200]
	R2trim = [200]
	bclen2 = None
	chartype = codon
	maxmuts = 4
	minq = 15
	minreads = 2
	minfraccall = 0.95
	minconcur = 0.75
	sitemask = None
	purgeread = 0.0
	purgebc = 0.0
	bcinfo = True
	bcinfo_csv = True
	name = lib3-C10-300
	R1 = ['/fh/fast/bloom_j/computational_notebooks/ckikawa/2022/ZIKV_MAP_GooLab/data/concat_fastq/concat_fastq_out/lib3_C10_300_R1.fastq.gz']

2023-08-31 13:34:06,295 - INFO - Read refseq of 1512 codons from ./data/E.fasta
2023-08-31 13:34:06,296 - INFO - Reads are in these FASTQ pairs:
	/fh/fast/bloom_j/computational_notebooks/ckikawa/2022/ZIKV_MAP_GooLab/data/concat_fastq/concat_fastq_out/lib3_C10_300_R1.fastq.gz and /fh/fast/bloom_j/computational_notebooks/ckikawa/2022/ZIKV_MAP_GooLab/data/concat_fastq/concat_fastq_out/lib3_C10_300_R2.fastq.gz

2023-08-31 13:34:06,296 - INFO - Now parsing read pairs...
2023-08-31 13:34:12,465 - INFO - Reads parsed so far: 500000
2023-08-31 13:34:18,017 - INFO - Reads parsed so far: 1000000
2023-08-31 13:34:19,573 - INFO - Parsed 1101673 reads, found 856039 unique barcodes.
2023-08-31 13:34:19,576 - INFO - Summary stats on reads:
   total  fail filter  low Q barcode
 1101673        93092          91564
2023-08-31 13:34:19,576 - INFO - Writing these stats to ./results/codoncounts/lib3-C10-300_readstats.csv

2023-08-31 13:34:19,768 - INFO - Number of reads per barcode:
                 number of barcodes
number of reads                    
1                            798608
2                             54053
3                              3220
4                               147
5                                11
2023-08-31 13:34:19,768 - INFO - Writing these stats to ./results/codoncounts/lib3-C10-300_readsperbc.csv

2023-08-31 13:34:19,772 - INFO - Examining the 856039 barcodes to build and align subamplicons...
2023-08-31 13:34:23,089 - INFO - Barcodes examined so far: 200000
2023-08-31 13:34:26,073 - INFO - Barcodes examined so far: 400000
2023-08-31 13:34:28,694 - INFO - Barcodes examined so far: 600000
2023-08-31 13:34:30,934 - INFO - Barcodes examined so far: 800000
2023-08-31 13:34:31,498 - INFO - Examined all barcodes. Summary stats:
  total  too few reads  not alignable  aligned
 856039         798608           6836    50595
2023-08-31 13:34:31,498 - INFO - Writing these stats to ./results/codoncounts/lib3-C10-300_bcstats.csv

2023-08-31 13:34:31,518 - INFO - Writing the counts of each codon identity at each site to ./results/codoncounts/lib3-C10-300_codoncounts.csv

2023-08-31 13:34:31,550 - INFO - Successful completion of dms2_bcsubamp
