2023-08-31 13:36:17,598 - INFO - Beginning execution of dms2_bcsubamp in directory /fh/fast/bloom_j/computational_notebooks/ckikawa/2022/ZIKV_MAP_GooLab

2023-08-31 13:36:17,599 - INFO - Progress is being logged to ./results/codoncounts/lib3-ZV67-40000.log
2023-08-31 13:36:17,631 - INFO - Version information:
	Time and date: Thu Aug 31 13:36:17 2023
	Platform: Linux-4.15.0-192-generic-x86_64-with-glibc2.10
	Python version: 3.8.13 | packaged by conda-forge | (default, Mar 25 2022, 06:04:10)  [GCC 10.3.0]
	dms_tools2 version: 2.6.10
	Bio version: 1.79
	pandas version: 0.25.3
	numpy version: 1.19.5
	IPython version: 8.4.0
	jupyter version: 1.0.0
	matplotlib version: 3.2.2
	plotnine version: 0.6.0
	natsort version: 8.2.0
	pystan version: 2.19.1.1
	scipy version: 1.6.0
	seaborn version: 0.10.1
	phydmslib version: 2.4.1
	statsmodels version: 0.11.1
	rpy2 cannot be imported
	regex version: 2.5.121
	umi_tools version: 1.1.2

2023-08-31 13:36:17,631 - INFO - Parsed the following arguments:
	outdir = ./results/codoncounts
	ncpus = -1
	use_existing = yes
	refseq = ./data/E.fasta
	alignspecs = ['1,303,33,38', '304,609,38,40', '610,903,41,36', '904,1200,41,37', '1201,1512,36,35']
	bclen = 8
	fastqdir = None
	R2 = None
	R1trim = [200]
	R2trim = [200]
	bclen2 = None
	chartype = codon
	maxmuts = 4
	minq = 15
	minreads = 2
	minfraccall = 0.95
	minconcur = 0.75
	sitemask = None
	purgeread = 0.0
	purgebc = 0.0
	bcinfo = True
	bcinfo_csv = True
	name = lib3-ZV67-40000
	R1 = ['/fh/fast/bloom_j/computational_notebooks/ckikawa/2022/ZIKV_MAP_GooLab/data/concat_fastq/concat_fastq_out/lib3_ZV67_40000_R1.fastq.gz']

2023-08-31 13:36:17,643 - INFO - Read refseq of 1512 codons from ./data/E.fasta
2023-08-31 13:36:17,644 - INFO - Reads are in these FASTQ pairs:
	/fh/fast/bloom_j/computational_notebooks/ckikawa/2022/ZIKV_MAP_GooLab/data/concat_fastq/concat_fastq_out/lib3_ZV67_40000_R1.fastq.gz and /fh/fast/bloom_j/computational_notebooks/ckikawa/2022/ZIKV_MAP_GooLab/data/concat_fastq/concat_fastq_out/lib3_ZV67_40000_R2.fastq.gz

2023-08-31 13:36:17,644 - INFO - Now parsing read pairs...
2023-08-31 13:36:23,000 - INFO - Reads parsed so far: 500000
2023-08-31 13:36:27,958 - INFO - Reads parsed so far: 1000000
2023-08-31 13:36:32,821 - INFO - Reads parsed so far: 1500000
2023-08-31 13:36:37,784 - INFO - Reads parsed so far: 2000000
2023-08-31 13:36:42,857 - INFO - Reads parsed so far: 2500000
2023-08-31 13:36:48,136 - INFO - Reads parsed so far: 3000000
2023-08-31 13:36:52,551 - INFO - Reads parsed so far: 3500000
2023-08-31 13:36:58,339 - INFO - Reads parsed so far: 4000000
2023-08-31 13:37:02,682 - INFO - Reads parsed so far: 4500000
2023-08-31 13:37:07,014 - INFO - Reads parsed so far: 5000000
2023-08-31 13:37:11,322 - INFO - Reads parsed so far: 5500000
2023-08-31 13:37:17,452 - INFO - Reads parsed so far: 6000000
2023-08-31 13:37:21,799 - INFO - Reads parsed so far: 6500000
2023-08-31 13:37:26,105 - INFO - Reads parsed so far: 7000000
2023-08-31 13:37:30,435 - INFO - Reads parsed so far: 7500000
2023-08-31 13:37:34,726 - INFO - Reads parsed so far: 8000000
2023-08-31 13:37:39,054 - INFO - Reads parsed so far: 8500000
2023-08-31 13:37:43,362 - INFO - Reads parsed so far: 9000000
2023-08-31 13:37:47,715 - INFO - Reads parsed so far: 9500000
2023-08-31 13:37:54,654 - INFO - Reads parsed so far: 10000000
2023-08-31 13:37:58,997 - INFO - Reads parsed so far: 10500000
2023-08-31 13:38:03,499 - INFO - Reads parsed so far: 11000000
2023-08-31 13:38:07,828 - INFO - Reads parsed so far: 11500000
2023-08-31 13:38:12,160 - INFO - Reads parsed so far: 12000000
2023-08-31 13:38:16,487 - INFO - Reads parsed so far: 12500000
2023-08-31 13:38:20,811 - INFO - Reads parsed so far: 13000000
2023-08-31 13:38:25,142 - INFO - Reads parsed so far: 13500000
2023-08-31 13:38:27,641 - INFO - Parsed 13788402 reads, found 3058936 unique barcodes.
2023-08-31 13:38:27,645 - INFO - Summary stats on reads:
    total  fail filter  low Q barcode
 13788402            0        1605286
2023-08-31 13:38:27,645 - INFO - Writing these stats to ./results/codoncounts/lib3-ZV67-40000_readstats.csv

2023-08-31 13:38:28,284 - INFO - Number of reads per barcode:
                 number of barcodes
number of reads                    
1                            840667
2                            406028
3                            368995
4                            335789
5                            289736
6                            235143
7                            180122
8                            132168
9                             93288
10                            63724
11                            42237
12                            27186
13                            17455
14                            10590
15                             6417
16                             3878
17                             2299
18                             1332
19                              802
20                              457
21                              262
22                              157
23                               85
24                               51
25                               29
26                               14
27                               11
28                                6
29                                4
30                                3
35                                1
2023-08-31 13:38:28,284 - INFO - Writing these stats to ./results/codoncounts/lib3-ZV67-40000_readsperbc.csv

2023-08-31 13:38:28,288 - INFO - Examining the 3058936 barcodes to build and align subamplicons...
2023-08-31 13:38:41,667 - INFO - Barcodes examined so far: 200000
2023-08-31 13:38:54,886 - INFO - Barcodes examined so far: 400000
2023-08-31 13:39:07,937 - INFO - Barcodes examined so far: 600000
2023-08-31 13:39:20,829 - INFO - Barcodes examined so far: 800000
2023-08-31 13:39:33,566 - INFO - Barcodes examined so far: 1000000
2023-08-31 13:39:46,093 - INFO - Barcodes examined so far: 1200000
2023-08-31 13:39:58,304 - INFO - Barcodes examined so far: 1400000
2023-08-31 13:40:10,167 - INFO - Barcodes examined so far: 1600000
2023-08-31 13:40:21,678 - INFO - Barcodes examined so far: 1800000
2023-08-31 13:40:32,737 - INFO - Barcodes examined so far: 2000000
2023-08-31 13:40:43,189 - INFO - Barcodes examined so far: 2200000
2023-08-31 13:40:52,562 - INFO - Barcodes examined so far: 2400000
2023-08-31 13:41:00,600 - INFO - Barcodes examined so far: 2600000
2023-08-31 13:41:07,284 - INFO - Barcodes examined so far: 2800000
2023-08-31 13:41:12,440 - INFO - Barcodes examined so far: 3000000
2023-08-31 13:41:13,636 - INFO - Examined all barcodes. Summary stats:
   total  too few reads  not alignable  aligned
 3058936         840667         115284  2102985
2023-08-31 13:41:13,636 - INFO - Writing these stats to ./results/codoncounts/lib3-ZV67-40000_bcstats.csv

2023-08-31 13:41:13,655 - INFO - Writing the counts of each codon identity at each site to ./results/codoncounts/lib3-ZV67-40000_codoncounts.csv

2023-08-31 13:41:13,684 - INFO - Successful completion of dms2_bcsubamp
