2023-01-16 15:23:27,815 - INFO - Beginning execution of dms2_bcsubamp in directory /fh/fast/bloom_j/computational_notebooks/ckikawa/2022/ZIKV_MAP_GooLab

2023-01-16 15:23:27,815 - INFO - Progress is being logged to ./results/codoncounts/lib3-v2-SiGN-40.log
2023-01-16 15:23:27,845 - INFO - Version information:
	Time and date: Mon Jan 16 15:23:27 2023
	Platform: Linux-4.15.0-192-generic-x86_64-with-glibc2.10
	Python version: 3.8.13 | packaged by conda-forge | (default, Mar 25 2022, 06:04:10)  [GCC 10.3.0]
	dms_tools2 version: 2.6.10
	Bio version: 1.79
	pandas version: 0.25.3
	numpy version: 1.19.5
	IPython version: 8.4.0
	jupyter version: 1.0.0
	matplotlib version: 3.2.2
	plotnine version: 0.6.0
	natsort version: 8.2.0
	pystan version: 2.19.1.1
	scipy version: 1.6.0
	seaborn version: 0.10.1
	phydmslib version: 2.4.1
	statsmodels version: 0.11.1
	rpy2 cannot be imported
	regex version: 2.5.121
	umi_tools version: 1.1.2

2023-01-16 15:23:27,845 - INFO - Parsed the following arguments:
	outdir = ./results/codoncounts
	ncpus = -1
	use_existing = yes
	refseq = ./data/E.fasta
	alignspecs = ['1,303,33,38', '304,609,38,40', '610,903,41,36', '904,1200,41,37', '1201,1512,36,35']
	bclen = 8
	fastqdir = None
	R2 = None
	R1trim = [200]
	R2trim = [200]
	bclen2 = None
	chartype = codon
	maxmuts = 4
	minq = 15
	minreads = 2
	minfraccall = 0.95
	minconcur = 0.75
	sitemask = None
	purgeread = 0.0
	purgebc = 0.0
	bcinfo = True
	bcinfo_csv = True
	name = lib3-v2-SiGN-40
	R1 = ['/fh/fast/bloom_j/computational_notebooks/ckikawa/2022/ZIKV_E_DMS_GooLab/data/concat_fastq/concat_fastq_out/lib3-v2_SiGN_40_R1.fastq.gz']

2023-01-16 15:23:27,860 - INFO - Read refseq of 1512 codons from ./data/E.fasta
2023-01-16 15:23:27,862 - INFO - Reads are in these FASTQ pairs:
	/fh/fast/bloom_j/computational_notebooks/ckikawa/2022/ZIKV_E_DMS_GooLab/data/concat_fastq/concat_fastq_out/lib3-v2_SiGN_40_R1.fastq.gz and /fh/fast/bloom_j/computational_notebooks/ckikawa/2022/ZIKV_E_DMS_GooLab/data/concat_fastq/concat_fastq_out/lib3-v2_SiGN_40_R2.fastq.gz

2023-01-16 15:23:27,862 - INFO - Now parsing read pairs...
2023-01-16 15:23:34,000 - INFO - Reads parsed so far: 500000
2023-01-16 15:23:40,278 - INFO - Reads parsed so far: 1000000
2023-01-16 15:23:45,675 - INFO - Reads parsed so far: 1500000
2023-01-16 15:23:51,536 - INFO - Reads parsed so far: 2000000
2023-01-16 15:23:57,644 - INFO - Reads parsed so far: 2500000
2023-01-16 15:24:04,112 - INFO - Reads parsed so far: 3000000
2023-01-16 15:24:09,093 - INFO - Reads parsed so far: 3500000
2023-01-16 15:24:15,958 - INFO - Reads parsed so far: 4000000
2023-01-16 15:24:18,342 - INFO - Parsed 4241191 reads, found 2220794 unique barcodes.
2023-01-16 15:24:18,345 - INFO - Summary stats on reads:
   total  fail filter  low Q barcode
 4241191       300386         412550
2023-01-16 15:24:18,346 - INFO - Writing these stats to ./results/codoncounts/lib3-v2-SiGN-40_readstats.csv

2023-01-16 15:24:18,871 - INFO - Number of reads per barcode:
                 number of barcodes
number of reads                    
1                           1353591
2                            553158
3                            219514
4                             70091
5                             18821
6                              4409
7                               946
8                               201
9                                50
10                                7
11                                1
13                                1
16                                1
19                                1
27                                1
47                                1
2023-01-16 15:24:18,871 - INFO - Writing these stats to ./results/codoncounts/lib3-v2-SiGN-40_readsperbc.csv

2023-01-16 15:24:18,874 - INFO - Examining the 2220794 barcodes to build and align subamplicons...
2023-01-16 15:24:27,756 - INFO - Barcodes examined so far: 200000
2023-01-16 15:24:36,412 - INFO - Barcodes examined so far: 400000
2023-01-16 15:24:44,623 - INFO - Barcodes examined so far: 600000
2023-01-16 15:24:52,612 - INFO - Barcodes examined so far: 800000
2023-01-16 15:25:00,171 - INFO - Barcodes examined so far: 1000000
2023-01-16 15:25:07,141 - INFO - Barcodes examined so far: 1200000
2023-01-16 15:25:13,557 - INFO - Barcodes examined so far: 1400000
2023-01-16 15:25:19,351 - INFO - Barcodes examined so far: 1600000
2023-01-16 15:25:24,293 - INFO - Barcodes examined so far: 1800000
2023-01-16 15:25:28,265 - INFO - Barcodes examined so far: 2000000
2023-01-16 15:25:31,005 - INFO - Barcodes examined so far: 2200000
2023-01-16 15:25:31,251 - INFO - Examined all barcodes. Summary stats:
   total  too few reads  not alignable  aligned
 2220794        1353591         111037   756166
2023-01-16 15:25:31,251 - INFO - Writing these stats to ./results/codoncounts/lib3-v2-SiGN-40_bcstats.csv

2023-01-16 15:25:31,264 - INFO - Writing the counts of each codon identity at each site to ./results/codoncounts/lib3-v2-SiGN-40_codoncounts.csv

2023-01-16 15:25:31,295 - INFO - Successful completion of dms2_bcsubamp
