2023-01-16 15:23:04,786 - INFO - Beginning execution of dms2_bcsubamp in directory /fh/fast/bloom_j/computational_notebooks/ckikawa/2022/ZIKV_MAP_GooLab

2023-01-16 15:23:04,786 - INFO - Progress is being logged to ./results/codoncounts/lib3-ZKA64-750.log
2023-01-16 15:23:04,819 - INFO - Version information:
	Time and date: Mon Jan 16 15:23:04 2023
	Platform: Linux-4.15.0-192-generic-x86_64-with-glibc2.10
	Python version: 3.8.13 | packaged by conda-forge | (default, Mar 25 2022, 06:04:10)  [GCC 10.3.0]
	dms_tools2 version: 2.6.10
	Bio version: 1.79
	pandas version: 0.25.3
	numpy version: 1.19.5
	IPython version: 8.4.0
	jupyter version: 1.0.0
	matplotlib version: 3.2.2
	plotnine version: 0.6.0
	natsort version: 8.2.0
	pystan version: 2.19.1.1
	scipy version: 1.6.0
	seaborn version: 0.10.1
	phydmslib version: 2.4.1
	statsmodels version: 0.11.1
	rpy2 cannot be imported
	regex version: 2.5.121
	umi_tools version: 1.1.2

2023-01-16 15:23:04,820 - INFO - Parsed the following arguments:
	outdir = ./results/codoncounts
	ncpus = -1
	use_existing = yes
	refseq = ./data/E.fasta
	alignspecs = ['1,303,33,38', '304,609,38,40', '610,903,41,36', '904,1200,41,37', '1201,1512,36,35']
	bclen = 8
	fastqdir = None
	R2 = None
	R1trim = [200]
	R2trim = [200]
	bclen2 = None
	chartype = codon
	maxmuts = 4
	minq = 15
	minreads = 2
	minfraccall = 0.95
	minconcur = 0.75
	sitemask = None
	purgeread = 0.0
	purgebc = 0.0
	bcinfo = True
	bcinfo_csv = True
	name = lib3-ZKA64-750
	R1 = ['/fh/fast/bloom_j/computational_notebooks/ckikawa/2022/ZIKV_E_DMS_GooLab/data/concat_fastq/concat_fastq_out/lib3_ZKA64_750_R1.fastq.gz']

2023-01-16 15:23:04,837 - INFO - Read refseq of 1512 codons from ./data/E.fasta
2023-01-16 15:23:04,838 - INFO - Reads are in these FASTQ pairs:
	/fh/fast/bloom_j/computational_notebooks/ckikawa/2022/ZIKV_E_DMS_GooLab/data/concat_fastq/concat_fastq_out/lib3_ZKA64_750_R1.fastq.gz and /fh/fast/bloom_j/computational_notebooks/ckikawa/2022/ZIKV_E_DMS_GooLab/data/concat_fastq/concat_fastq_out/lib3_ZKA64_750_R2.fastq.gz

2023-01-16 15:23:04,838 - INFO - Now parsing read pairs...
2023-01-16 15:23:11,077 - INFO - Reads parsed so far: 500000
2023-01-16 15:23:17,430 - INFO - Reads parsed so far: 1000000
2023-01-16 15:23:22,923 - INFO - Reads parsed so far: 1500000
2023-01-16 15:23:28,713 - INFO - Reads parsed so far: 2000000
2023-01-16 15:23:34,711 - INFO - Reads parsed so far: 2500000
2023-01-16 15:23:40,937 - INFO - Reads parsed so far: 3000000
2023-01-16 15:23:47,646 - INFO - Reads parsed so far: 3500000
2023-01-16 15:23:52,704 - INFO - Reads parsed so far: 4000000
2023-01-16 15:23:59,965 - INFO - Reads parsed so far: 4500000
2023-01-16 15:24:00,772 - INFO - Parsed 4582631 reads, found 3435356 unique barcodes.
2023-01-16 15:24:00,775 - INFO - Summary stats on reads:
   total  fail filter  low Q barcode
 4582631       358224         361063
2023-01-16 15:24:00,775 - INFO - Writing these stats to ./results/codoncounts/lib3-ZKA64-750_readstats.csv

2023-01-16 15:24:01,527 - INFO - Number of reads per barcode:
                 number of barcodes
number of reads                    
1                           3054014
2                            338860
3                             38617
4                              3590
5                               265
6                                 7
10                                1
11                                2
2023-01-16 15:24:01,528 - INFO - Writing these stats to ./results/codoncounts/lib3-ZKA64-750_readsperbc.csv

2023-01-16 15:24:01,531 - INFO - Examining the 3435356 barcodes to build and align subamplicons...
2023-01-16 15:24:05,875 - INFO - Barcodes examined so far: 200000
2023-01-16 15:24:10,097 - INFO - Barcodes examined so far: 400000
2023-01-16 15:24:14,228 - INFO - Barcodes examined so far: 600000
2023-01-16 15:24:18,238 - INFO - Barcodes examined so far: 800000
2023-01-16 15:24:22,127 - INFO - Barcodes examined so far: 1000000
2023-01-16 15:24:25,880 - INFO - Barcodes examined so far: 1200000
2023-01-16 15:24:29,517 - INFO - Barcodes examined so far: 1400000
2023-01-16 15:24:33,046 - INFO - Barcodes examined so far: 1600000
2023-01-16 15:24:36,432 - INFO - Barcodes examined so far: 1800000
2023-01-16 15:24:39,661 - INFO - Barcodes examined so far: 2000000
2023-01-16 15:24:42,720 - INFO - Barcodes examined so far: 2200000
2023-01-16 15:24:45,639 - INFO - Barcodes examined so far: 2400000
2023-01-16 15:24:48,397 - INFO - Barcodes examined so far: 2600000
2023-01-16 15:24:50,995 - INFO - Barcodes examined so far: 2800000
2023-01-16 15:24:53,401 - INFO - Barcodes examined so far: 3000000
2023-01-16 15:24:55,647 - INFO - Barcodes examined so far: 3200000
2023-01-16 15:24:57,681 - INFO - Barcodes examined so far: 3400000
2023-01-16 15:24:58,087 - INFO - Examined all barcodes. Summary stats:
   total  too few reads  not alignable  aligned
 3435356        3054014          59832   321510
2023-01-16 15:24:58,087 - INFO - Writing these stats to ./results/codoncounts/lib3-ZKA64-750_bcstats.csv

2023-01-16 15:24:58,103 - INFO - Writing the counts of each codon identity at each site to ./results/codoncounts/lib3-ZKA64-750_codoncounts.csv

2023-01-16 15:24:58,136 - INFO - Successful completion of dms2_bcsubamp
