2023-01-16 15:23:25,755 - INFO - Beginning execution of dms2_bcsubamp in directory /fh/fast/bloom_j/computational_notebooks/ckikawa/2022/ZIKV_MAP_GooLab

2023-01-16 15:23:25,755 - INFO - Progress is being logged to ./results/codoncounts/lib3-v2-SiGN-10.log
2023-01-16 15:23:25,788 - INFO - Version information:
	Time and date: Mon Jan 16 15:23:25 2023
	Platform: Linux-4.15.0-192-generic-x86_64-with-glibc2.10
	Python version: 3.8.13 | packaged by conda-forge | (default, Mar 25 2022, 06:04:10)  [GCC 10.3.0]
	dms_tools2 version: 2.6.10
	Bio version: 1.79
	pandas version: 0.25.3
	numpy version: 1.19.5
	IPython version: 8.4.0
	jupyter version: 1.0.0
	matplotlib version: 3.2.2
	plotnine version: 0.6.0
	natsort version: 8.2.0
	pystan version: 2.19.1.1
	scipy version: 1.6.0
	seaborn version: 0.10.1
	phydmslib version: 2.4.1
	statsmodels version: 0.11.1
	rpy2 cannot be imported
	regex version: 2.5.121
	umi_tools version: 1.1.2

2023-01-16 15:23:25,788 - INFO - Parsed the following arguments:
	outdir = ./results/codoncounts
	ncpus = -1
	use_existing = yes
	refseq = ./data/E.fasta
	alignspecs = ['1,303,33,38', '304,609,38,40', '610,903,41,36', '904,1200,41,37', '1201,1512,36,35']
	bclen = 8
	fastqdir = None
	R2 = None
	R1trim = [200]
	R2trim = [200]
	bclen2 = None
	chartype = codon
	maxmuts = 4
	minq = 15
	minreads = 2
	minfraccall = 0.95
	minconcur = 0.75
	sitemask = None
	purgeread = 0.0
	purgebc = 0.0
	bcinfo = True
	bcinfo_csv = True
	name = lib3-v2-SiGN-10
	R1 = ['/fh/fast/bloom_j/computational_notebooks/ckikawa/2022/ZIKV_E_DMS_GooLab/data/concat_fastq/concat_fastq_out/lib3-v2_SiGN_10_R1.fastq.gz']

2023-01-16 15:23:25,817 - INFO - Read refseq of 1512 codons from ./data/E.fasta
2023-01-16 15:23:25,819 - INFO - Reads are in these FASTQ pairs:
	/fh/fast/bloom_j/computational_notebooks/ckikawa/2022/ZIKV_E_DMS_GooLab/data/concat_fastq/concat_fastq_out/lib3-v2_SiGN_10_R1.fastq.gz and /fh/fast/bloom_j/computational_notebooks/ckikawa/2022/ZIKV_E_DMS_GooLab/data/concat_fastq/concat_fastq_out/lib3-v2_SiGN_10_R2.fastq.gz

2023-01-16 15:23:25,820 - INFO - Now parsing read pairs...
2023-01-16 15:23:32,225 - INFO - Reads parsed so far: 500000
2023-01-16 15:23:38,518 - INFO - Reads parsed so far: 1000000
2023-01-16 15:23:44,033 - INFO - Reads parsed so far: 1500000
2023-01-16 15:23:49,701 - INFO - Reads parsed so far: 2000000
2023-01-16 15:23:55,872 - INFO - Reads parsed so far: 2500000
2023-01-16 15:24:02,311 - INFO - Reads parsed so far: 3000000
2023-01-16 15:24:07,375 - INFO - Reads parsed so far: 3500000
2023-01-16 15:24:12,430 - INFO - Reads parsed so far: 4000000
2023-01-16 15:24:19,278 - INFO - Reads parsed so far: 4500000
2023-01-16 15:24:24,241 - INFO - Reads parsed so far: 5000000
2023-01-16 15:24:25,998 - INFO - Parsed 5174528 reads, found 2336949 unique barcodes.
2023-01-16 15:24:26,001 - INFO - Summary stats on reads:
   total  fail filter  low Q barcode
 5174528       355009         503554
2023-01-16 15:24:26,001 - INFO - Writing these stats to ./results/codoncounts/lib3-v2-SiGN-10_readstats.csv

2023-01-16 15:24:26,569 - INFO - Number of reads per barcode:
                 number of barcodes
number of reads                    
1                           1205271
2                            601813
3                            318233
4                            137884
5                             50641
6                             16494
7                              4867
8                              1302
9                               333
10                               91
11                               15
12                                1
13                                1
19                                1
27                                1
36                                1
2023-01-16 15:24:26,569 - INFO - Writing these stats to ./results/codoncounts/lib3-v2-SiGN-10_readsperbc.csv

2023-01-16 15:24:26,572 - INFO - Examining the 2336949 barcodes to build and align subamplicons...
2023-01-16 15:24:36,689 - INFO - Barcodes examined so far: 200000
2023-01-16 15:24:46,568 - INFO - Barcodes examined so far: 400000
2023-01-16 15:24:55,940 - INFO - Barcodes examined so far: 600000
2023-01-16 15:25:05,073 - INFO - Barcodes examined so far: 800000
2023-01-16 15:25:13,920 - INFO - Barcodes examined so far: 1000000
2023-01-16 15:25:22,392 - INFO - Barcodes examined so far: 1200000
2023-01-16 15:25:30,132 - INFO - Barcodes examined so far: 1400000
2023-01-16 15:25:37,359 - INFO - Barcodes examined so far: 1600000
2023-01-16 15:25:43,671 - INFO - Barcodes examined so far: 1800000
2023-01-16 15:25:48,850 - INFO - Barcodes examined so far: 2000000
2023-01-16 15:25:52,759 - INFO - Barcodes examined so far: 2200000
2023-01-16 15:25:54,495 - INFO - Examined all barcodes. Summary stats:
   total  too few reads  not alignable  aligned
 2336949        1205271         140331   991347
2023-01-16 15:25:54,495 - INFO - Writing these stats to ./results/codoncounts/lib3-v2-SiGN-10_bcstats.csv

2023-01-16 15:25:54,513 - INFO - Writing the counts of each codon identity at each site to ./results/codoncounts/lib3-v2-SiGN-10_codoncounts.csv

2023-01-16 15:25:54,542 - INFO - Successful completion of dms2_bcsubamp
