2022-07-26 13:17:12,099 - INFO - Beginning execution of dms2_prefs in directory /fh/fast/bloom_j/computational_notebooks/ckikawa/2022/ZIKV_MAP_GooLab

2022-07-26 13:17:12,099 - INFO - Progress is being logged to results/bottleneck_prefs_ratio/GooJBS-Lib1Goo.log
2022-07-26 13:17:12,133 - INFO - Version information:
	Time and date: Tue Jul 26 13:17:12 2022
	Platform: Linux-4.15.0-136-generic-x86_64-with-glibc2.10
	Python version: 3.8.13 | packaged by conda-forge | (default, Mar 25 2022, 06:04:10)  [GCC 10.3.0]
	dms_tools2 version: 2.6.10
	Bio version: 1.79
	pandas version: 0.25.3
	numpy version: 1.19.5
	IPython version: 8.3.0
	jupyter version: 1.0.0
	matplotlib version: 3.2.2
	plotnine version: 0.6.0
	natsort version: 8.1.0
	pystan version: 2.19.1.1
	scipy version: 1.5.2
	seaborn version: 0.10.1
	phydmslib version: 2.4.1
	statsmodels version: 0.11.1
	rpy2 cannot be imported
	regex version: 2.5.114
	umi_tools version: 1.1.2

2022-07-26 13:17:12,134 - INFO - Parsed the following arguments:
	outdir = results/bottleneck_prefs_ratio
	ncpus = 2
	use_existing = no
	method = ratio
	indir = results/bottleneck_codoncounts
	chartype = codon_to_aa
	excludestop = yes
	conc = [1.0, 1.0, 1.0]
	pseudocount = 1
	pre = GooJBS-Lib1Goo-plasmid
	post = GooJBS-Lib1Goo-virus
	name = GooJBS-Lib1Goo
	err = ['JV2019-wildtype-plasmid', 'JV2019-wildtype-virus']

2022-07-26 13:17:12,135 - INFO - Removing existing file results/bottleneck_prefs_ratio/GooJBS-Lib1Goo_prefs.csv
2022-07-26 13:17:12,139 - INFO - Reading pre-selection counts from results/bottleneck_codoncounts/GooJBS-Lib1Goo-plasmid_codoncounts.csv
2022-07-26 13:17:12,149 - INFO - Reading post-selection counts from results/bottleneck_codoncounts/GooJBS-Lib1Goo-virus_codoncounts.csv
2022-07-26 13:17:12,155 - INFO - Reading pre-selection error-control counts from pre
2022-07-26 13:17:12,162 - INFO - Reading post-selection error-control counts from post
2022-07-26 13:17:12,191 - INFO - Read counts for 504 sites.
2022-07-26 13:17:12,191 - INFO - Here are sites and wildtype identities:
	1	ATC
	2	AGG
	3	TGC
	4	ATT
	5	GGA
	6	GTC
	7	AGC
	8	AAT
	9	AGA
	10	GAC
	11	TTC
	12	GTG
	13	GAG
	14	GGC
	15	ATG
	16	TCA
	17	GGT
	18	GGG
	19	ACC
	20	TGG
	21	GTT
	22	GAT
	23	GTT
	24	GTC
	25	TTG
	26	GAA
	27	CAT
	28	GGA
	29	GGC
	30	TGC
	31	GTT
	32	ACC
	33	GTG
	34	ATG
	35	GCA
	36	CAG
	37	GAC
	38	AAG
	39	CCA
	40	ACA
	41	GTT
	42	GAC
	43	ATA
	44	GAG
	45	TTG
	46	GTC
	47	ACG
	48	ACG
	49	ACG
	50	GTT
	51	AGT
	52	AAC
	53	ATG
	54	GCC
	55	GAG
	56	GTA
	57	AGA
	58	TCC
	59	TAT
	60	TGC
	61	TAC
	62	GAG
	63	GCA
	64	TCG
	65	ATA
	66	TCG
	67	GAC
	68	ATG
	69	GCT
	70	TCG
	71	GAC
	72	AGT
	73	CGT
	74	TGC
	75	CCA
	76	ACA
	77	CAA
	78	GGT
	79	GAG
	80	GCC
	81	TAC
	82	CTT
	83	GAC
	84	AAG
	85	CAA
	86	TCA
	87	GAC
	88	ACT
	89	CAA
	90	TAT
	91	GTC
	92	TGC
	93	AAA
	94	AGA
	95	ACA
	96	TTA
	97	GTG
	98	GAC
	99	AGA
	100	GGT
	101	TGG
	102	GGA
	103	AAC
	104	GGT
	105	TGT
	106	GGA
	107	CTT
	108	TTT
	109	GGC
	110	AAA
	111	GGG
	112	AGC
	113	TTG
	114	GTG
	115	ACA
	116	TGT
	117	GCC
	118	AAG
	119	TTT
	120	ACG
	121	TGT
	122	TCT
	123	AAG
	124	AAG
	125	ATG
	126	ACC
	127	GGG
	128	AAG
	129	AGC
	130	ATT
	131	CAA
	132	CCG
	133	GAA
	134	AAT
	135	CTG
	136	GAG
	137	TAT
	138	CGG
	139	ATA
	140	ATG
	141	CTA
	142	TCA
	143	GTG
	144	CAT
	145	GGC
	146	TCC
	147	CAG
	148	CAT
	149	AGC
	150	GGG
	151	ATG
	152	ATT
	153	GTC
	154	AAT
	155	GAT
	156	ACA
	157	GGA
	158	TAT
	159	GAA
	160	ACT
	161	GAC
	162	GAA
	163	AAT
	164	AGA
	165	GCG
	166	AAA
	167	GTC
	168	GAG
	169	GTT
	170	ACG
	171	CCT
	172	AAT
	173	TCA
	174	CCA
	175	AGA
	176	GCG
	177	GAA
	178	GCA
	179	ACC
	180	TTG
	181	GGA
	182	GGC
	183	TTT
	184	GGA
	185	AGC
	186	TTA
	187	GGA
	188	CTT
	189	GAC
	190	TGT
	191	GAA
	192	CCA
	193	AGG
	194	ACA
	195	GGC
	196	CTT
	197	GAC
	198	TTT
	199	TCA
	200	GAT
	201	CTG
	202	TAT
	203	TAC
	204	CTG
	205	ACC
	206	ATG
	207	AAC
	208	AAT
	209	AAG
	210	CAT
	211	TGG
	212	TTG
	213	GTG
	214	CAC
	215	AAA
	216	GAG
	217	TGG
	218	TTT
	219	CAT
	220	GAC
	221	ATC
	222	CCA
	223	TTG
	224	CCT
	225	TGG
	226	CAT
	227	GCT
	228	GGG
	229	GCA
	230	GAC
	231	ACC
	232	GGA
	233	ACT
	234	CCA
	235	CAC
	236	TGG
	237	AAC
	238	AAC
	239	AAA
	240	GAG
	241	GCA
	242	TTG
	243	GTA
	244	GAA
	245	TTC
	246	AAG
	247	GAT
	248	GCC
	249	CAC
	250	GCC
	251	AAG
	252	AGG
	253	CAA
	254	ACC
	255	GTC
	256	GTC
	257	GTT
	258	CTG
	259	GGG
	260	AGC
	261	CAG
	262	GAA
	263	GGA
	264	GCC
	265	GTT
	266	CAC
	267	ACG
	268	GCT
	269	CTC
	270	GCT
	271	GGA
	272	GCT
	273	CTA
	274	GAG
	275	GCT
	276	GAG
	277	ATG
	278	GAT
	279	GGT
	280	GCA
	281	AAG
	282	GGA
	283	AAG
	284	CTG
	285	TTC
	286	TCT
	287	GGC
	288	CAC
	289	TTG
	290	AAA
	291	TGC
	292	CGC
	293	CTA
	294	AAA
	295	ATG
	296	GAC
	297	AAG
	298	CTT
	299	AGA
	300	TTG
	301	AAG
	302	GGC
	303	GTG
	304	TCA
	305	TAT
	306	TCC
	307	TTG
	308	TGC
	309	ACT
	310	GCG
	311	GCA
	312	TTC
	313	ACA
	314	TTC
	315	ACC
	316	AAG
	317	GTC
	318	CCA
	319	GCT
	320	GAA
	321	ACA
	322	CTG
	323	CAT
	324	GGA
	325	ACA
	326	GTC
	327	ACA
	328	GTG
	329	GAG
	330	GTG
	331	CAG
	332	TAT
	333	GCA
	334	GGG
	335	ACA
	336	GAT
	337	GGA
	338	CCC
	339	TGC
	340	AAG
	341	ATC
	342	CCA
	343	GTC
	344	CAG
	345	ATG
	346	GCG
	347	GTG
	348	GAC
	349	ATG
	350	CAG
	351	ACC
	352	CTG
	353	ACC
	354	CCA
	355	GTT
	356	GGA
	357	AGG
	358	CTG
	359	ATA
	360	ACC
	361	GCC
	362	AAC
	363	CCC
	364	GTG
	365	ATT
	366	ACT
	367	GAA
	368	AGC
	369	ACT
	370	GAG
	371	AAC
	372	TCA
	373	AAG
	374	ATG
	375	ATG
	376	TTG
	377	GAG
	378	CTT
	379	GAC
	380	CCA
	381	CCA
	382	TTT
	383	GGG
	384	GAT
	385	TCT
	386	TAC
	387	ATT
	388	GTC
	389	ATA
	390	GGA
	391	GTT
	392	GGG
	393	GAC
	394	AAG
	395	AAA
	396	ATC
	397	ACC
	398	CAC
	399	CAC
	400	TGG
	401	CAT
	402	AGG
	403	AGT
	404	GGT
	405	AGC
	406	ACC
	407	ATC
	408	GGA
	409	AAG
	410	GCA
	411	TTT
	412	GAG
	413	GCC
	414	ACT
	415	GTG
	416	AGA
	417	GGC
	418	GCC
	419	AAG
	420	AGA
	421	ATG
	422	GCA
	423	GTC
	424	CTG
	425	GGG
	426	GAT
	427	ACA
	428	GCC
	429	TGG
	430	GAC
	431	TTC
	432	GGA
	433	TCA
	434	GTC
	435	GGG
	436	GGT
	437	GTG
	438	TTC
	439	AAC
	440	TCA
	441	CTG
	442	GGT
	443	AAG
	444	GGC
	445	ATT
	446	CAC
	447	CAG
	448	ATT
	449	TTT
	450	GGA
	451	GCA
	452	GCC
	453	TTC
	454	AAA
	455	TCA
	456	CTG
	457	TTT
	458	GGA
	459	GGA
	460	ATG
	461	TCC
	462	TGG
	463	TTC
	464	TCA
	465	CAG
	466	ATC
	467	CTC
	468	ATA
	469	GGC
	470	ACG
	471	CTG
	472	CTA
	473	GTG
	474	TGG
	475	TTA
	476	GGT
	477	TTG
	478	AAC
	479	ACA
	480	AAG
	481	AAT
	482	GGA
	483	TCT
	484	ATC
	485	TCC
	486	CTC
	487	ACA
	488	TGC
	489	TTG
	490	GCC
	491	CTG
	492	GGG
	493	GGA
	494	GTG
	495	ATG
	496	ATC
	497	TTC
	498	CTC
	499	TCC
	500	ACG
	501	GCT
	502	GTT
	503	TCT
	504	GCT

2022-07-26 13:17:12,191 - INFO - Computing preferences as normalized enrichment ratios...
2022-07-26 13:17:13,059 - INFO - Writing preferences to results/bottleneck_prefs_ratio/GooJBS-Lib1Goo_prefs.csv
2022-07-26 13:17:13,076 - INFO - Successful completion of dms2_prefs
