2023-01-16 15:35:53,473 - INFO - Beginning execution of dms2_logoplot in directory /fh/fast/bloom_j/computational_notebooks/ckikawa/2022/ZIKV_MAP_GooLab

2023-01-16 15:35:53,474 - INFO - Progress is being logged to ./results/median_selected_logoplots/EDE1-C8.log
2023-01-16 15:35:53,505 - INFO - Version information:
	Time and date: Mon Jan 16 15:35:53 2023
	Platform: Linux-4.15.0-192-generic-x86_64-with-glibc2.10
	Python version: 3.8.13 | packaged by conda-forge | (default, Mar 25 2022, 06:04:10)  [GCC 10.3.0]
	dms_tools2 version: 2.6.10
	Bio version: 1.79
	pandas version: 0.25.3
	numpy version: 1.19.5
	IPython version: 8.4.0
	jupyter version: 1.0.0
	matplotlib version: 3.2.2
	plotnine version: 0.6.0
	natsort version: 8.2.0
	pystan version: 2.19.1.1
	scipy version: 1.6.0
	seaborn version: 0.10.1
	phydmslib version: 2.4.1
	statsmodels version: 0.11.1
	rpy2 cannot be imported
	regex version: 2.5.121
	umi_tools version: 1.1.2

2023-01-16 15:35:53,505 - INFO - Parsed the following arguments:
	outdir = ./results/median_selected_logoplots/
	ncpus = 16
	use_existing = yes
	prefs = None
	diffsel = ./results/diffsel/summary_EDE1-C8-medianmutdiffsel.csv
	fracsurvive = None
	diffprefs = None
	muteffects = None
	name = EDE1-C8
	nperline = 101
	numberevery = 10
	excludestop = no
	stringency = 1
	restrictdiffsel = positive
	diffselrange = None
	muteffectrange = None
	fracsurvivemax = None
	sortsites = yes
	mapmetric = functionalgroup
	colormap = jet
	overlay1 = None
	overlay2 = None
	overlay3 = None
	underlay = yes
	scalebar = ['10', 'diffsel = 10']
	overlaycolormap = jet
	letterheight = 1
	ignore_extracols = no
	sepline = yes

2023-01-16 15:35:53,507 - INFO - Reading diffsel from file ./results/diffsel/summary_EDE1-C8-medianmutdiffsel.csv...
2023-01-16 15:35:53,525 - INFO - Read data for 504 sites.

2023-01-16 15:35:53,553 - INFO - Making logo plot ./results/median_selected_logoplots/EDE1-C8_diffsel.pdf...
2023-01-16 15:35:55,110 - INFO - Successfully created logo plot.

2023-01-16 15:35:55,110 - INFO - Successful completion of dms2_logoplot
