2023-01-17 15:04:29,674 - INFO - Beginning execution of dms2_diffsel in directory /fh/fast/bloom_j/computational_notebooks/ckikawa/2022/ZIKV_MAP_GooLab

2023-01-17 15:04:29,674 - INFO - Progress is being logged to ./results/selected_diffsel/EDE1-C10-lib2-C10-300.log
2023-01-17 15:04:29,706 - INFO - Version information:
	Time and date: Tue Jan 17 15:04:29 2023
	Platform: Linux-4.15.0-192-generic-x86_64-with-glibc2.10
	Python version: 3.8.13 | packaged by conda-forge | (default, Mar 25 2022, 06:04:10)  [GCC 10.3.0]
	dms_tools2 version: 2.6.10
	Bio version: 1.79
	pandas version: 0.25.3
	numpy version: 1.19.5
	IPython version: 8.4.0
	jupyter version: 1.0.0
	matplotlib version: 3.2.2
	plotnine version: 0.6.0
	natsort version: 8.2.0
	pystan version: 2.19.1.1
	scipy version: 1.6.0
	seaborn version: 0.10.1
	phydmslib version: 2.4.1
	statsmodels version: 0.11.1
	rpy2 cannot be imported
	regex version: 2.5.121
	umi_tools version: 1.1.2

2023-01-17 15:04:29,706 - INFO - Parsed the following arguments:
	outdir = ./results/selected_diffsel/
	ncpus = 1
	use_existing = yes
	indir = ./results/codoncounts
	chartype = codon_to_aa
	excludestop = yes
	pseudocount = 5.0
	mincount = 0
	name = EDE1-C10-lib2-C10-300
	sel = lib2-C10-300
	mock = lib2-no-antibody
	err = None

2023-01-17 15:04:29,708 - INFO - Reading selected sample counts from lib2-C10-300
2023-01-17 15:04:29,718 - INFO - Reading mock-selected sample counts from lib2-no-antibody
2023-01-17 15:04:29,725 - INFO - Computing mutdiffsel...
2023-01-17 15:04:31,158 - INFO - Mutations with largest mutdiffsel:
 site wildtype mutation  mutdiffsel
  173        S        L        6.06
  187        G        H        5.77
  371        N        G        5.61
  391        V        R        4.04
  393        D        P        3.69
   76        T        K        3.41
  208        N        T        3.10
  136        E        C        2.99
  162        E        Q        2.93
  256        V        G        2.83

2023-01-17 15:04:31,158 - INFO - Writing to ./results/selected_diffsel/EDE1-C10-lib2-C10-300_mutdiffsel.csv
2023-01-17 15:04:31,191 - INFO - Computing sitediffsel...
2023-01-17 15:04:31,216 - INFO - Sites with largest absolute sitediffsel:
 site  abs_diffsel  positive_diffsel  negative_diffsel  max_diffsel  min_diffsel
  230        23.76              0.54            -23.21         0.45        -4.03
  162        18.94              7.03            -11.91         2.93        -2.85
   47        18.82              5.76            -13.06         2.68        -3.70
  152        18.80              4.07            -14.73         2.13        -4.45
  443        17.46              0.47            -16.99         0.39        -3.10
  161        17.23              4.89            -12.34         2.30        -2.49
  349        16.70              2.00            -14.69         0.87        -2.35
  281        16.61              0.18            -16.44         0.18        -2.33
  151        16.44              3.23            -13.21         2.64        -4.50
   81        15.81              2.77            -13.04         1.46        -2.71

2023-01-17 15:04:31,216 - INFO - Writing to ./results/selected_diffsel/EDE1-C10-lib2-C10-300_sitediffsel.csv
2023-01-17 15:04:31,222 - INFO - Successful completion of dms2_diffsel
