2023-01-16 15:33:32,676 - INFO - Beginning execution of dms2_diffsel in directory /fh/fast/bloom_j/computational_notebooks/ckikawa/2022/ZIKV_MAP_GooLab

2023-01-16 15:33:32,676 - INFO - Progress is being logged to ./results/selected_diffsel/EDE1-C10-lib2-C10-150.log
2023-01-16 15:33:32,709 - INFO - Version information:
	Time and date: Mon Jan 16 15:33:32 2023
	Platform: Linux-4.15.0-192-generic-x86_64-with-glibc2.10
	Python version: 3.8.13 | packaged by conda-forge | (default, Mar 25 2022, 06:04:10)  [GCC 10.3.0]
	dms_tools2 version: 2.6.10
	Bio version: 1.79
	pandas version: 0.25.3
	numpy version: 1.19.5
	IPython version: 8.4.0
	jupyter version: 1.0.0
	matplotlib version: 3.2.2
	plotnine version: 0.6.0
	natsort version: 8.2.0
	pystan version: 2.19.1.1
	scipy version: 1.6.0
	seaborn version: 0.10.1
	phydmslib version: 2.4.1
	statsmodels version: 0.11.1
	rpy2 cannot be imported
	regex version: 2.5.121
	umi_tools version: 1.1.2

2023-01-16 15:33:32,709 - INFO - Parsed the following arguments:
	outdir = ./results/selected_diffsel/
	ncpus = 1
	use_existing = yes
	indir = ./results/codoncounts
	chartype = codon_to_aa
	excludestop = yes
	pseudocount = 5.0
	mincount = 0
	name = EDE1-C10-lib2-C10-150
	sel = lib2-C10-150
	mock = lib2-no-antibody
	err = None

2023-01-16 15:33:32,711 - INFO - Reading selected sample counts from lib2-C10-150
2023-01-16 15:33:32,719 - INFO - Reading mock-selected sample counts from lib2-no-antibody
2023-01-16 15:33:32,725 - INFO - Computing mutdiffsel...
2023-01-16 15:33:34,102 - INFO - Mutations with largest mutdiffsel:
 site wildtype mutation  mutdiffsel
   84        K        M        6.05
  415        V        I        5.90
  257        V        C        5.51
  301        K        M        4.76
  152        I        T        3.71
   31        V        L        3.55
  426        D        I        3.00
  451        A        M        2.98
   79        E        S        2.85
   11        F        V        2.81

2023-01-16 15:33:34,102 - INFO - Writing to ./results/selected_diffsel/EDE1-C10-lib2-C10-150_mutdiffsel.csv
2023-01-16 15:33:34,134 - INFO - Computing sitediffsel...
2023-01-16 15:33:34,160 - INFO - Sites with largest absolute sitediffsel:
 site  abs_diffsel  positive_diffsel  negative_diffsel  max_diffsel  min_diffsel
   84        26.75              7.51            -19.25         6.05        -3.36
   81        21.24              6.13            -15.11         2.09        -3.28
   66        17.79              9.00             -8.79         2.80        -1.78
   27        17.27              0.90            -16.37         0.90        -3.68
  443        17.17              0.29            -16.89         0.29        -3.93
  439        16.49              0.82            -15.67         0.82        -3.63
   47        16.12              3.22            -12.90         2.05        -3.18
   83        15.09              5.10             -9.99         2.28        -2.98
   55        14.57              5.24             -9.33         1.63        -3.26
   29        14.43              2.24            -12.20         1.58        -2.00

2023-01-16 15:33:34,160 - INFO - Writing to ./results/selected_diffsel/EDE1-C10-lib2-C10-150_sitediffsel.csv
2023-01-16 15:33:34,166 - INFO - Successful completion of dms2_diffsel
