2023-01-16 15:33:32,812 - INFO - Beginning execution of dms2_diffsel in directory /fh/fast/bloom_j/computational_notebooks/ckikawa/2022/ZIKV_MAP_GooLab

2023-01-16 15:33:32,812 - INFO - Progress is being logged to ./results/selected_diffsel/MZ4-lib3-MZ4-4800.log
2023-01-16 15:33:32,844 - INFO - Version information:
	Time and date: Mon Jan 16 15:33:32 2023
	Platform: Linux-4.15.0-192-generic-x86_64-with-glibc2.10
	Python version: 3.8.13 | packaged by conda-forge | (default, Mar 25 2022, 06:04:10)  [GCC 10.3.0]
	dms_tools2 version: 2.6.10
	Bio version: 1.79
	pandas version: 0.25.3
	numpy version: 1.19.5
	IPython version: 8.4.0
	jupyter version: 1.0.0
	matplotlib version: 3.2.2
	plotnine version: 0.6.0
	natsort version: 8.2.0
	pystan version: 2.19.1.1
	scipy version: 1.6.0
	seaborn version: 0.10.1
	phydmslib version: 2.4.1
	statsmodels version: 0.11.1
	rpy2 cannot be imported
	regex version: 2.5.121
	umi_tools version: 1.1.2

2023-01-16 15:33:32,845 - INFO - Parsed the following arguments:
	outdir = ./results/selected_diffsel/
	ncpus = 1
	use_existing = yes
	indir = ./results/codoncounts
	chartype = codon_to_aa
	excludestop = yes
	pseudocount = 5.0
	mincount = 0
	name = MZ4-lib3-MZ4-4800
	sel = lib3-MZ4-4800
	mock = lib3-no-antibody
	err = None

2023-01-16 15:33:32,847 - INFO - Reading selected sample counts from lib3-MZ4-4800
2023-01-16 15:33:32,854 - INFO - Reading mock-selected sample counts from lib3-no-antibody
2023-01-16 15:33:32,860 - INFO - Computing mutdiffsel...
2023-01-16 15:33:34,253 - INFO - Mutations with largest mutdiffsel:
 site wildtype mutation  mutdiffsel
  479        T        G        4.34
  219        H        S        4.30
  368        S        N        4.26
    3        C        R        4.19
   64        S        P        3.98
  368        S        L        3.93
  232        G        T        3.87
  182        G        N        3.85
   91        V        S        3.79
  231        T        Q        3.75

2023-01-16 15:33:34,253 - INFO - Writing to ./results/selected_diffsel/MZ4-lib3-MZ4-4800_mutdiffsel.csv
2023-01-16 15:33:34,287 - INFO - Computing sitediffsel...
2023-01-16 15:33:34,314 - INFO - Sites with largest absolute sitediffsel:
 site  abs_diffsel  positive_diffsel  negative_diffsel  max_diffsel  min_diffsel
  368        36.38             35.96             -0.42         4.26        -0.42
  283        28.70              1.70            -27.00         1.70        -3.07
   29        27.86              1.28            -26.57         1.28        -5.35
   84        23.82              8.65            -15.17         2.55        -2.95
  443        21.85              0.00            -21.85         0.00        -2.68
  352        21.35             11.29            -10.06         3.15        -2.30
  148        20.27              0.54            -19.73         0.54        -2.45
  166        19.87              7.68            -12.18         2.56        -2.38
  344        19.72              5.41            -14.31         2.23        -1.72
   49        19.29              0.00            -19.29         0.00        -3.34

2023-01-16 15:33:34,314 - INFO - Writing to ./results/selected_diffsel/MZ4-lib3-MZ4-4800_sitediffsel.csv
2023-01-16 15:33:34,320 - INFO - Successful completion of dms2_diffsel
