2023-01-16 15:52:00,248 - INFO - Beginning execution of dms2_diffsel in directory /fh/fast/bloom_j/computational_notebooks/ckikawa/2022/ZIKV_MAP_GooLab

2023-01-16 15:52:00,249 - INFO - Progress is being logged to ./results/selected_diffsel/SiGN-3C-lib2-SiGN-40.log
2023-01-16 15:52:00,281 - INFO - Version information:
	Time and date: Mon Jan 16 15:52:00 2023
	Platform: Linux-4.15.0-192-generic-x86_64-with-glibc2.10
	Python version: 3.8.13 | packaged by conda-forge | (default, Mar 25 2022, 06:04:10)  [GCC 10.3.0]
	dms_tools2 version: 2.6.10
	Bio version: 1.79
	pandas version: 0.25.3
	numpy version: 1.19.5
	IPython version: 8.4.0
	jupyter version: 1.0.0
	matplotlib version: 3.2.2
	plotnine version: 0.6.0
	natsort version: 8.2.0
	pystan version: 2.19.1.1
	scipy version: 1.6.0
	seaborn version: 0.10.1
	phydmslib version: 2.4.1
	statsmodels version: 0.11.1
	rpy2 cannot be imported
	regex version: 2.5.121
	umi_tools version: 1.1.2

2023-01-16 15:52:00,281 - INFO - Parsed the following arguments:
	outdir = ./results/selected_diffsel/
	ncpus = 1
	use_existing = yes
	indir = ./results/codoncounts
	chartype = codon_to_aa
	excludestop = yes
	pseudocount = 5.0
	mincount = 0
	name = SiGN-3C-lib2-SiGN-40
	sel = lib2-SiGN-40
	mock = lib2-no-antibody
	err = None

2023-01-16 15:52:00,283 - INFO - Reading selected sample counts from lib2-SiGN-40
2023-01-16 15:52:00,292 - INFO - Reading mock-selected sample counts from lib2-no-antibody
2023-01-16 15:52:00,299 - INFO - Computing mutdiffsel...
2023-01-16 15:52:01,711 - INFO - Mutations with largest mutdiffsel:
 site wildtype mutation  mutdiffsel
  276        E        I        3.66
   46        V        S        3.54
   58        S        T        3.42
   97        V        P        3.40
  126        T        P        3.37
   72        S        G        3.28
  124        K        C        3.17
  199        S        Y        3.12
  320        E        S        3.12
   21        V        D        3.11

2023-01-16 15:52:01,712 - INFO - Writing to ./results/selected_diffsel/SiGN-3C-lib2-SiGN-40_mutdiffsel.csv
2023-01-16 15:52:01,744 - INFO - Computing sitediffsel...
2023-01-16 15:52:01,769 - INFO - Sites with largest absolute sitediffsel:
 site  abs_diffsel  positive_diffsel  negative_diffsel  max_diffsel  min_diffsel
  349        21.53              0.41            -21.12         0.41        -3.27
  350        17.12              4.86            -12.26         2.05        -4.46
  352        16.06              5.58            -10.48         2.04        -2.02
  351        15.50              1.62            -13.87         0.96        -4.87
   88        15.13             11.21             -3.92         2.52        -2.40
   29        14.92              5.78             -9.14         2.91        -1.97
   83        14.72             13.64             -1.08         2.78        -0.93
  443        14.68              0.65            -14.04         0.47        -2.44
  315        14.28              8.77             -5.51         1.11        -1.66
  369        14.04              5.48             -8.56         2.15        -2.17

2023-01-16 15:52:01,769 - INFO - Writing to ./results/selected_diffsel/SiGN-3C-lib2-SiGN-40_sitediffsel.csv
2023-01-16 15:52:01,775 - INFO - Successful completion of dms2_diffsel
