2023-01-16 15:33:37,470 - INFO - Beginning execution of dms2_diffsel in directory /fh/fast/bloom_j/computational_notebooks/ckikawa/2022/ZIKV_MAP_GooLab

2023-01-16 15:33:37,470 - INFO - Progress is being logged to ./results/selected_diffsel/SiGN-3C-lib3-v2-SiGN-10.log
2023-01-16 15:33:37,502 - INFO - Version information:
	Time and date: Mon Jan 16 15:33:37 2023
	Platform: Linux-4.15.0-192-generic-x86_64-with-glibc2.10
	Python version: 3.8.13 | packaged by conda-forge | (default, Mar 25 2022, 06:04:10)  [GCC 10.3.0]
	dms_tools2 version: 2.6.10
	Bio version: 1.79
	pandas version: 0.25.3
	numpy version: 1.19.5
	IPython version: 8.4.0
	jupyter version: 1.0.0
	matplotlib version: 3.2.2
	plotnine version: 0.6.0
	natsort version: 8.2.0
	pystan version: 2.19.1.1
	scipy version: 1.6.0
	seaborn version: 0.10.1
	phydmslib version: 2.4.1
	statsmodels version: 0.11.1
	rpy2 cannot be imported
	regex version: 2.5.121
	umi_tools version: 1.1.2

2023-01-16 15:33:37,502 - INFO - Parsed the following arguments:
	outdir = ./results/selected_diffsel/
	ncpus = 1
	use_existing = yes
	indir = ./results/codoncounts
	chartype = codon_to_aa
	excludestop = yes
	pseudocount = 5.0
	mincount = 0
	name = SiGN-3C-lib3-v2-SiGN-10
	sel = lib3-v2-SiGN-10
	mock = lib3-v2-no-antibody
	err = None

2023-01-16 15:33:37,505 - INFO - Reading selected sample counts from lib3-v2-SiGN-10
2023-01-16 15:33:37,512 - INFO - Reading mock-selected sample counts from lib3-v2-no-antibody
2023-01-16 15:33:37,518 - INFO - Computing mutdiffsel...
2023-01-16 15:33:38,881 - INFO - Mutations with largest mutdiffsel:
 site wildtype mutation  mutdiffsel
    8        N        G        3.47
  412        E        L        2.96
   88        T        I        2.95
   36        Q        N        2.93
  353        T        K        2.74
  285        F        A        2.70
   85        Q        C        2.67
  273        L        H        2.61
  320        E        S        2.59
  374        M        Q        2.59

2023-01-16 15:33:38,883 - INFO - Writing to ./results/selected_diffsel/SiGN-3C-lib3-v2-SiGN-10_mutdiffsel.csv
2023-01-16 15:33:38,915 - INFO - Computing sitediffsel...
2023-01-16 15:33:38,940 - INFO - Sites with largest absolute sitediffsel:
 site  abs_diffsel  positive_diffsel  negative_diffsel  max_diffsel  min_diffsel
  443        25.26              0.07            -25.19         0.07        -2.98
  373        20.09              1.90            -18.19         0.75        -3.00
  344        17.38              1.54            -15.84         0.84        -1.89
  397        16.74              2.55            -14.19         0.97        -1.91
   29        15.71              3.36            -12.35         1.45        -2.32
  451        15.42              2.97            -12.46         1.58        -3.14
   84        14.79              7.14             -7.64         1.32        -2.52
  351        14.61              5.24             -9.37         1.00        -2.20
  412        14.42              7.84             -6.58         2.96        -1.35
   69        14.30              1.78            -12.52         1.78        -2.36

2023-01-16 15:33:38,940 - INFO - Writing to ./results/selected_diffsel/SiGN-3C-lib3-v2-SiGN-10_sitediffsel.csv
2023-01-16 15:33:38,947 - INFO - Successful completion of dms2_diffsel
