2023-01-16 15:33:32,814 - INFO - Beginning execution of dms2_diffsel in directory /fh/fast/bloom_j/computational_notebooks/ckikawa/2022/ZIKV_MAP_GooLab

2023-01-16 15:33:32,814 - INFO - Progress is being logged to ./results/selected_diffsel/ZKA-64-lib3-ZKA64-750.log
2023-01-16 15:33:32,846 - INFO - Version information:
	Time and date: Mon Jan 16 15:33:32 2023
	Platform: Linux-4.15.0-192-generic-x86_64-with-glibc2.10
	Python version: 3.8.13 | packaged by conda-forge | (default, Mar 25 2022, 06:04:10)  [GCC 10.3.0]
	dms_tools2 version: 2.6.10
	Bio version: 1.79
	pandas version: 0.25.3
	numpy version: 1.19.5
	IPython version: 8.4.0
	jupyter version: 1.0.0
	matplotlib version: 3.2.2
	plotnine version: 0.6.0
	natsort version: 8.2.0
	pystan version: 2.19.1.1
	scipy version: 1.6.0
	seaborn version: 0.10.1
	phydmslib version: 2.4.1
	statsmodels version: 0.11.1
	rpy2 cannot be imported
	regex version: 2.5.121
	umi_tools version: 1.1.2

2023-01-16 15:33:32,846 - INFO - Parsed the following arguments:
	outdir = ./results/selected_diffsel/
	ncpus = 1
	use_existing = yes
	indir = ./results/codoncounts
	chartype = codon_to_aa
	excludestop = yes
	pseudocount = 5.0
	mincount = 0
	name = ZKA-64-lib3-ZKA64-750
	sel = lib3-ZKA64-750
	mock = lib3-no-antibody
	err = None

2023-01-16 15:33:32,848 - INFO - Reading selected sample counts from lib3-ZKA64-750
2023-01-16 15:33:32,855 - INFO - Reading mock-selected sample counts from lib3-no-antibody
2023-01-16 15:33:32,862 - INFO - Computing mutdiffsel...
2023-01-16 15:33:34,265 - INFO - Mutations with largest mutdiffsel:
 site wildtype mutation  mutdiffsel
  333        A        R        3.44
   64        S        Q        3.12
   89        Q        H        3.00
  313        T        C        2.97
  333        A        I        2.87
   28        G        T        2.84
  315        T        E        2.76
  315        T        F        2.62
  315        T        Y        2.50
  313        T        D        2.45

2023-01-16 15:33:34,265 - INFO - Writing to ./results/selected_diffsel/ZKA-64-lib3-ZKA64-750_mutdiffsel.csv
2023-01-16 15:33:34,297 - INFO - Computing sitediffsel...
2023-01-16 15:33:34,323 - INFO - Sites with largest absolute sitediffsel:
 site  abs_diffsel  positive_diffsel  negative_diffsel  max_diffsel  min_diffsel
  333        26.97             26.17             -0.80         3.44        -0.54
  315        26.19             26.14             -0.04         2.76        -0.04
  375        18.86              1.09            -17.76         0.65        -2.75
  161        14.32              0.84            -13.48         0.81        -2.24
   27        14.11              2.68            -11.43         1.14        -1.73
  313        13.78             11.68             -2.10         2.97        -0.68
  149        13.16              1.09            -12.08         0.66        -2.22
   88        13.16              0.00            -13.16         0.00        -1.71
  148        13.14              1.16            -11.98         1.01        -2.01
  152        12.90              1.15            -11.75         0.37        -1.84

2023-01-16 15:33:34,324 - INFO - Writing to ./results/selected_diffsel/ZKA-64-lib3-ZKA64-750_sitediffsel.csv
2023-01-16 15:33:34,330 - INFO - Successful completion of dms2_diffsel
