2023-01-16 15:33:32,795 - INFO - Beginning execution of dms2_diffsel in directory /fh/fast/bloom_j/computational_notebooks/ckikawa/2022/ZIKV_MAP_GooLab

2023-01-16 15:33:32,795 - INFO - Progress is being logged to ./results/selected_diffsel/ZKA-64-lib1-ZKA64-750.log
2023-01-16 15:33:32,829 - INFO - Version information:
	Time and date: Mon Jan 16 15:33:32 2023
	Platform: Linux-4.15.0-192-generic-x86_64-with-glibc2.10
	Python version: 3.8.13 | packaged by conda-forge | (default, Mar 25 2022, 06:04:10)  [GCC 10.3.0]
	dms_tools2 version: 2.6.10
	Bio version: 1.79
	pandas version: 0.25.3
	numpy version: 1.19.5
	IPython version: 8.4.0
	jupyter version: 1.0.0
	matplotlib version: 3.2.2
	plotnine version: 0.6.0
	natsort version: 8.2.0
	pystan version: 2.19.1.1
	scipy version: 1.6.0
	seaborn version: 0.10.1
	phydmslib version: 2.4.1
	statsmodels version: 0.11.1
	rpy2 cannot be imported
	regex version: 2.5.121
	umi_tools version: 1.1.2

2023-01-16 15:33:32,829 - INFO - Parsed the following arguments:
	outdir = ./results/selected_diffsel/
	ncpus = 1
	use_existing = yes
	indir = ./results/codoncounts
	chartype = codon_to_aa
	excludestop = yes
	pseudocount = 5.0
	mincount = 0
	name = ZKA-64-lib1-ZKA64-750
	sel = lib1-ZKA64-750
	mock = lib1-no-antibody
	err = None

2023-01-16 15:33:32,831 - INFO - Reading selected sample counts from lib1-ZKA64-750
2023-01-16 15:33:32,839 - INFO - Reading mock-selected sample counts from lib1-no-antibody
2023-01-16 15:33:32,846 - INFO - Computing mutdiffsel...
2023-01-16 15:33:34,221 - INFO - Mutations with largest mutdiffsel:
 site wildtype mutation  mutdiffsel
   34        M        S        5.77
  333        A        D        5.67
   64        S        Q        5.62
  371        N        T        5.18
    8        N        K        5.10
   77        Q        L        5.05
  322        L        W        4.89
   29        G        W        4.84
   37        D        R        4.78
  391        V        K        4.70

2023-01-16 15:33:34,221 - INFO - Writing to ./results/selected_diffsel/ZKA-64-lib1-ZKA64-750_mutdiffsel.csv
2023-01-16 15:33:34,254 - INFO - Computing sitediffsel...
2023-01-16 15:33:34,277 - INFO - Sites with largest absolute sitediffsel:
 site  abs_diffsel  positive_diffsel  negative_diffsel  max_diffsel  min_diffsel
  443        34.77              0.00            -34.77         0.00        -5.78
  315        25.74             24.89             -0.85         4.13        -0.47
  333        24.34             22.59             -1.74         5.67        -1.25
  166        22.73              7.98            -14.76         3.21        -3.03
  350        22.61             11.34            -11.27         4.46        -1.97
  283        22.47              4.08            -18.39         3.63        -3.27
   29        21.71              4.97            -16.74         4.84        -4.59
  480        21.11              0.84            -20.27         0.50        -4.84
  439        20.51              5.27            -15.24         3.41        -2.33
  391        20.09              8.26            -11.83         4.70        -3.19

2023-01-16 15:33:34,277 - INFO - Writing to ./results/selected_diffsel/ZKA-64-lib1-ZKA64-750_sitediffsel.csv
2023-01-16 15:33:34,284 - INFO - Successful completion of dms2_diffsel
