2023-01-16 15:33:32,808 - INFO - Beginning execution of dms2_diffsel in directory /fh/fast/bloom_j/computational_notebooks/ckikawa/2022/ZIKV_MAP_GooLab

2023-01-16 15:33:32,809 - INFO - Progress is being logged to ./results/selected_diffsel/ZKA-64-lib2-ZKA64-750.log
2023-01-16 15:33:32,840 - INFO - Version information:
	Time and date: Mon Jan 16 15:33:32 2023
	Platform: Linux-4.15.0-192-generic-x86_64-with-glibc2.10
	Python version: 3.8.13 | packaged by conda-forge | (default, Mar 25 2022, 06:04:10)  [GCC 10.3.0]
	dms_tools2 version: 2.6.10
	Bio version: 1.79
	pandas version: 0.25.3
	numpy version: 1.19.5
	IPython version: 8.4.0
	jupyter version: 1.0.0
	matplotlib version: 3.2.2
	plotnine version: 0.6.0
	natsort version: 8.2.0
	pystan version: 2.19.1.1
	scipy version: 1.6.0
	seaborn version: 0.10.1
	phydmslib version: 2.4.1
	statsmodels version: 0.11.1
	rpy2 cannot be imported
	regex version: 2.5.121
	umi_tools version: 1.1.2

2023-01-16 15:33:32,841 - INFO - Parsed the following arguments:
	outdir = ./results/selected_diffsel/
	ncpus = 1
	use_existing = yes
	indir = ./results/codoncounts
	chartype = codon_to_aa
	excludestop = yes
	pseudocount = 5.0
	mincount = 0
	name = ZKA-64-lib2-ZKA64-750
	sel = lib2-ZKA64-750
	mock = lib2-no-antibody
	err = None

2023-01-16 15:33:32,843 - INFO - Reading selected sample counts from lib2-ZKA64-750
2023-01-16 15:33:32,851 - INFO - Reading mock-selected sample counts from lib2-no-antibody
2023-01-16 15:33:32,858 - INFO - Computing mutdiffsel...
2023-01-16 15:33:34,240 - INFO - Mutations with largest mutdiffsel:
 site wildtype mutation  mutdiffsel
  333        A        W        3.37
  333        A        Q        3.18
  315        T        Y        3.15
  333        A        C        2.75
  335        T        R        2.74
  335        T        I        2.71
  333        A        T        2.65
  362        N        A        2.54
   89        Q        P        2.51
  333        A        L        2.49

2023-01-16 15:33:34,241 - INFO - Writing to ./results/selected_diffsel/ZKA-64-lib2-ZKA64-750_mutdiffsel.csv
2023-01-16 15:33:34,275 - INFO - Computing sitediffsel...
2023-01-16 15:33:34,301 - INFO - Sites with largest absolute sitediffsel:
 site  abs_diffsel  positive_diffsel  negative_diffsel  max_diffsel  min_diffsel
  333        23.02             22.06             -0.96         3.37        -0.70
  443        18.21              0.10            -18.11         0.10        -3.06
  315        17.17             13.67             -3.50         3.15        -0.79
  349        16.27              0.22            -16.05         0.22        -2.42
  181        15.66              0.00            -15.66         0.00        -3.94
  152        14.85              1.26            -13.59         0.67        -2.21
  147        13.10              4.69             -8.41         1.80        -2.83
  375        12.77              1.78            -10.98         0.86        -3.20
  162        12.34              4.47             -7.87         1.45        -1.71
  230        11.84              5.71             -6.14         1.50        -1.46

2023-01-16 15:33:34,301 - INFO - Writing to ./results/selected_diffsel/ZKA-64-lib2-ZKA64-750_sitediffsel.csv
2023-01-16 15:33:34,308 - INFO - Successful completion of dms2_diffsel
