2022-07-20 17:18:54,100 - INFO - Beginning execution of dms2_bcsubamp in directory /fh/fast/bloom_j/computational_notebooks/ckikawa/2022/ZIKV_MAP_GooLab

2022-07-20 17:18:54,101 - INFO - Progress is being logged to results/bottleneck_codoncounts/GooCK-Lib1Goo-virus.log
2022-07-20 17:18:54,132 - INFO - Version information:
	Time and date: Wed Jul 20 17:18:54 2022
	Platform: Linux-4.15.0-101-generic-x86_64-with-glibc2.10
	Python version: 3.8.13 | packaged by conda-forge | (default, Mar 25 2022, 06:04:10)  [GCC 10.3.0]
	dms_tools2 version: 2.6.10
	Bio version: 1.79
	pandas version: 0.25.3
	numpy version: 1.19.5
	IPython version: 8.3.0
	jupyter version: 1.0.0
	matplotlib version: 3.2.2
	plotnine version: 0.6.0
	natsort version: 8.1.0
	pystan version: 2.19.1.1
	scipy version: 1.5.2
	seaborn version: 0.10.1
	phydmslib version: 2.4.1
	statsmodels version: 0.11.1
	rpy2 cannot be imported
	regex version: 2.5.114
	umi_tools version: 1.1.2

2022-07-20 17:18:54,132 - INFO - Parsed the following arguments:
	outdir = results/bottleneck_codoncounts
	ncpus = -1
	use_existing = yes
	refseq = ./data/E.fasta
	alignspecs = ['1,303,33,38', '304,609,38,40', '610,903,41,36', '904,1200,41,37', '1201,1512,36,35']
	bclen = 8
	fastqdir = None
	R2 = None
	R1trim = [200]
	R2trim = [200]
	bclen2 = None
	chartype = codon
	maxmuts = 4
	minq = 15
	minreads = 2
	minfraccall = 0.95
	minconcur = 0.75
	sitemask = None
	purgeread = 0.0
	purgebc = 0.0
	bcinfo = True
	bcinfo_csv = True
	name = GooCK-Lib1Goo-virus
	R1 = ['/fh/fast/bloom_j/computational_notebooks/ckikawa/2022/ZIKV_E_DMS_GooLab/data/concat_fastq/concat_fastq_out/lib1_no_antibody_R1.fastq.gz']

2022-07-20 17:18:54,149 - INFO - Read refseq of 1512 codons from ./data/E.fasta
2022-07-20 17:18:54,154 - INFO - Reads are in these FASTQ pairs:
	/fh/fast/bloom_j/computational_notebooks/ckikawa/2022/ZIKV_E_DMS_GooLab/data/concat_fastq/concat_fastq_out/lib1_no_antibody_R1.fastq.gz and /fh/fast/bloom_j/computational_notebooks/ckikawa/2022/ZIKV_E_DMS_GooLab/data/concat_fastq/concat_fastq_out/lib1_no_antibody_R2.fastq.gz

2022-07-20 17:18:54,154 - INFO - Now parsing read pairs...
2022-07-20 17:19:00,589 - INFO - Reads parsed so far: 500000
2022-07-20 17:19:06,277 - INFO - Reads parsed so far: 1000000
2022-07-20 17:19:12,438 - INFO - Reads parsed so far: 1500000
2022-07-20 17:19:17,297 - INFO - Reads parsed so far: 2000000
2022-07-20 17:19:23,089 - INFO - Reads parsed so far: 2500000
2022-07-20 17:19:29,162 - INFO - Reads parsed so far: 3000000
2022-07-20 17:19:32,748 - INFO - Parsed 3364787 reads, found 1894590 unique barcodes.
2022-07-20 17:19:32,751 - INFO - Summary stats on reads:
   total  fail filter  low Q barcode
 3364787       193655         217498
2022-07-20 17:19:32,751 - INFO - Writing these stats to results/bottleneck_codoncounts/GooCK-Lib1Goo-virus_readstats.csv

2022-07-20 17:19:33,163 - INFO - Number of reads per barcode:
                 number of barcodes
number of reads                    
1                           1199046
2                            445056
3                            169807
4                             56794
5                             17441
6                              4885
7                              1222
8                               271
9                                58
10                                6
11                                1
13                                1
16                                1
20                                1
2022-07-20 17:19:33,163 - INFO - Writing these stats to results/bottleneck_codoncounts/GooCK-Lib1Goo-virus_readsperbc.csv

2022-07-20 17:19:33,169 - INFO - Examining the 1894590 barcodes to build and align subamplicons...
2022-07-20 17:19:41,546 - INFO - Barcodes examined so far: 200000
2022-07-20 17:19:49,607 - INFO - Barcodes examined so far: 400000
2022-07-20 17:19:57,306 - INFO - Barcodes examined so far: 600000
2022-07-20 17:20:04,466 - INFO - Barcodes examined so far: 800000
2022-07-20 17:20:11,034 - INFO - Barcodes examined so far: 1000000
2022-07-20 17:20:16,983 - INFO - Barcodes examined so far: 1200000
2022-07-20 17:20:22,195 - INFO - Barcodes examined so far: 1400000
2022-07-20 17:20:26,517 - INFO - Barcodes examined so far: 1600000
2022-07-20 17:20:29,728 - INFO - Barcodes examined so far: 1800000
2022-07-20 17:20:30,859 - INFO - Examined all barcodes. Summary stats:
   total  too few reads  not alignable  aligned
 1894590        1199046          69366   626178
2022-07-20 17:20:30,859 - INFO - Writing these stats to results/bottleneck_codoncounts/GooCK-Lib1Goo-virus_bcstats.csv

2022-07-20 17:20:30,884 - INFO - Writing the counts of each codon identity at each site to results/bottleneck_codoncounts/GooCK-Lib1Goo-virus_codoncounts.csv

2022-07-20 17:20:30,916 - INFO - Successful completion of dms2_bcsubamp
