2022-07-20 17:18:54,172 - INFO - Beginning execution of dms2_bcsubamp in directory /fh/fast/bloom_j/computational_notebooks/ckikawa/2022/ZIKV_MAP_GooLab

2022-07-20 17:18:54,172 - INFO - Progress is being logged to results/bottleneck_codoncounts/GooJBS-Lib1Goo-plasmid.log
2022-07-20 17:18:54,203 - INFO - Version information:
	Time and date: Wed Jul 20 17:18:54 2022
	Platform: Linux-4.15.0-101-generic-x86_64-with-glibc2.10
	Python version: 3.8.13 | packaged by conda-forge | (default, Mar 25 2022, 06:04:10)  [GCC 10.3.0]
	dms_tools2 version: 2.6.10
	Bio version: 1.79
	pandas version: 0.25.3
	numpy version: 1.19.5
	IPython version: 8.3.0
	jupyter version: 1.0.0
	matplotlib version: 3.2.2
	plotnine version: 0.6.0
	natsort version: 8.1.0
	pystan version: 2.19.1.1
	scipy version: 1.5.2
	seaborn version: 0.10.1
	phydmslib version: 2.4.1
	statsmodels version: 0.11.1
	rpy2 cannot be imported
	regex version: 2.5.114
	umi_tools version: 1.1.2

2022-07-20 17:18:54,203 - INFO - Parsed the following arguments:
	outdir = results/bottleneck_codoncounts
	ncpus = -1
	use_existing = yes
	refseq = ./data/E.fasta
	alignspecs = ['1,303,33,38', '304,609,38,40', '610,903,41,36', '904,1200,41,37', '1201,1512,36,35']
	bclen = 8
	fastqdir = None
	R2 = None
	R1trim = [200]
	R2trim = [200]
	bclen2 = None
	chartype = codon
	maxmuts = 4
	minq = 15
	minreads = 2
	minfraccall = 0.95
	minconcur = 0.75
	sitemask = None
	purgeread = 0.0
	purgebc = 0.0
	bcinfo = True
	bcinfo_csv = True
	name = GooJBS-Lib1Goo-plasmid
	R1 = ['/shared/ngs/illumina/bloom_lab/210115_M04866_0443_000000000-JG3V5/Data/Intensities/BaseCalls/JBS-lib1_S1_L001_R1_001.fastq.gz']

2022-07-20 17:18:54,217 - INFO - Read refseq of 1512 codons from ./data/E.fasta
2022-07-20 17:18:54,264 - INFO - Reads are in these FASTQ pairs:
	/shared/ngs/illumina/bloom_lab/210115_M04866_0443_000000000-JG3V5/Data/Intensities/BaseCalls/JBS-lib1_S1_L001_R1_001.fastq.gz and /shared/ngs/illumina/bloom_lab/210115_M04866_0443_000000000-JG3V5/Data/Intensities/BaseCalls/JBS-lib1_S1_L001_R2_001.fastq.gz

2022-07-20 17:18:54,264 - INFO - Now parsing read pairs...
2022-07-20 17:19:00,427 - INFO - Reads parsed so far: 500000
2022-07-20 17:19:06,500 - INFO - Reads parsed so far: 1000000
2022-07-20 17:19:12,155 - INFO - Reads parsed so far: 1500000
2022-07-20 17:19:18,019 - INFO - Reads parsed so far: 2000000
2022-07-20 17:19:23,199 - INFO - Reads parsed so far: 2500000
2022-07-20 17:19:29,525 - INFO - Reads parsed so far: 3000000
2022-07-20 17:19:34,821 - INFO - Reads parsed so far: 3500000
2022-07-20 17:19:40,062 - INFO - Reads parsed so far: 4000000
2022-07-20 17:19:46,565 - INFO - Reads parsed so far: 4500000
2022-07-20 17:19:49,924 - INFO - Parsed 4818946 reads, found 1842150 unique barcodes.
2022-07-20 17:19:49,926 - INFO - Summary stats on reads:
   total  fail filter  low Q barcode
 4818946            0        1142299
2022-07-20 17:19:49,927 - INFO - Writing these stats to results/bottleneck_codoncounts/GooJBS-Lib1Goo-plasmid_readstats.csv

2022-07-20 17:19:50,364 - INFO - Number of reads per barcode:
                 number of barcodes
number of reads                    
1                            935456
2                            412440
3                            249507
4                            133219
5                             64178
6                             28551
7                             11601
8                              4649
9                              1670
10                              572
11                              196
12                               63
13                               30
14                                9
15                                6
16                                1
17                                1
18                                1
2022-07-20 17:19:50,364 - INFO - Writing these stats to results/bottleneck_codoncounts/GooJBS-Lib1Goo-plasmid_readsperbc.csv

2022-07-20 17:19:50,369 - INFO - Examining the 1842150 barcodes to build and align subamplicons...
2022-07-20 17:20:01,009 - INFO - Barcodes examined so far: 200000
2022-07-20 17:20:11,308 - INFO - Barcodes examined so far: 400000
2022-07-20 17:20:21,063 - INFO - Barcodes examined so far: 600000
2022-07-20 17:20:30,213 - INFO - Barcodes examined so far: 800000
2022-07-20 17:20:38,734 - INFO - Barcodes examined so far: 1000000
2022-07-20 17:20:46,269 - INFO - Barcodes examined so far: 1200000
2022-07-20 17:20:52,728 - INFO - Barcodes examined so far: 1400000
2022-07-20 17:20:57,815 - INFO - Barcodes examined so far: 1600000
2022-07-20 17:21:01,168 - INFO - Barcodes examined so far: 1800000
2022-07-20 17:21:01,637 - INFO - Examined all barcodes. Summary stats:
   total  too few reads  not alignable  aligned
 1842150         935456         141846   764848
2022-07-20 17:21:01,637 - INFO - Writing these stats to results/bottleneck_codoncounts/GooJBS-Lib1Goo-plasmid_bcstats.csv

2022-07-20 17:21:01,666 - INFO - Writing the counts of each codon identity at each site to results/bottleneck_codoncounts/GooJBS-Lib1Goo-plasmid_codoncounts.csv

2022-07-20 17:21:01,701 - INFO - Successful completion of dms2_bcsubamp
