2022-07-20 17:18:54,169 - INFO - Beginning execution of dms2_bcsubamp in directory /fh/fast/bloom_j/computational_notebooks/ckikawa/2022/ZIKV_MAP_GooLab

2022-07-20 17:18:54,169 - INFO - Progress is being logged to results/bottleneck_codoncounts/GooJBS-Lib1Goo-virus.log
2022-07-20 17:18:54,201 - INFO - Version information:
	Time and date: Wed Jul 20 17:18:54 2022
	Platform: Linux-4.15.0-101-generic-x86_64-with-glibc2.10
	Python version: 3.8.13 | packaged by conda-forge | (default, Mar 25 2022, 06:04:10)  [GCC 10.3.0]
	dms_tools2 version: 2.6.10
	Bio version: 1.79
	pandas version: 0.25.3
	numpy version: 1.19.5
	IPython version: 8.3.0
	jupyter version: 1.0.0
	matplotlib version: 3.2.2
	plotnine version: 0.6.0
	natsort version: 8.1.0
	pystan version: 2.19.1.1
	scipy version: 1.5.2
	seaborn version: 0.10.1
	phydmslib version: 2.4.1
	statsmodels version: 0.11.1
	rpy2 cannot be imported
	regex version: 2.5.114
	umi_tools version: 1.1.2

2022-07-20 17:18:54,201 - INFO - Parsed the following arguments:
	outdir = results/bottleneck_codoncounts
	ncpus = -1
	use_existing = yes
	refseq = ./data/E.fasta
	alignspecs = ['1,303,33,38', '304,609,38,40', '610,903,41,36', '904,1200,41,37', '1201,1512,36,35']
	bclen = 8
	fastqdir = None
	R2 = None
	R1trim = [200]
	R2trim = [200]
	bclen2 = None
	chartype = codon
	maxmuts = 4
	minq = 15
	minreads = 2
	minfraccall = 0.95
	minconcur = 0.75
	sitemask = None
	purgeread = 0.0
	purgebc = 0.0
	bcinfo = True
	bcinfo_csv = True
	name = GooJBS-Lib1Goo-virus
	R1 = ['/shared/ngs/illumina/bloom_lab/210409_D00300_1210_BHKC7KBCX3/Unaligned/Project_bloom_lab/JBS_38_Sample1_S6_R1_001.fastq.gz']

2022-07-20 17:18:54,214 - INFO - Read refseq of 1512 codons from ./data/E.fasta
2022-07-20 17:18:54,263 - INFO - Reads are in these FASTQ pairs:
	/shared/ngs/illumina/bloom_lab/210409_D00300_1210_BHKC7KBCX3/Unaligned/Project_bloom_lab/JBS_38_Sample1_S6_R1_001.fastq.gz and /shared/ngs/illumina/bloom_lab/210409_D00300_1210_BHKC7KBCX3/Unaligned/Project_bloom_lab/JBS_38_Sample1_S6_R2_001.fastq.gz

2022-07-20 17:18:54,263 - INFO - Now parsing read pairs...
2022-07-20 17:19:00,560 - INFO - Reads parsed so far: 500000
2022-07-20 17:19:06,193 - INFO - Reads parsed so far: 1000000
2022-07-20 17:19:12,229 - INFO - Reads parsed so far: 1500000
2022-07-20 17:19:18,106 - INFO - Reads parsed so far: 2000000
2022-07-20 17:19:24,050 - INFO - Reads parsed so far: 2500000
2022-07-20 17:19:29,020 - INFO - Reads parsed so far: 3000000
2022-07-20 17:19:35,309 - INFO - Reads parsed so far: 3500000
2022-07-20 17:19:40,329 - INFO - Reads parsed so far: 4000000
2022-07-20 17:19:47,111 - INFO - Reads parsed so far: 4500000
2022-07-20 17:19:48,473 - INFO - Parsed 4635056 reads, found 2966879 unique barcodes.
2022-07-20 17:19:48,476 - INFO - Summary stats on reads:
   total  fail filter  low Q barcode
 4635056            0         998400
2022-07-20 17:19:48,476 - INFO - Writing these stats to results/bottleneck_codoncounts/GooJBS-Lib1Goo-virus_readstats.csv

2022-07-20 17:19:49,139 - INFO - Number of reads per barcode:
                 number of barcodes
number of reads                    
1                           2447379
2                            399285
3                             95628
4                             20057
5                              3740
6                               662
7                               104
8                                21
9                                 3
2022-07-20 17:19:49,139 - INFO - Writing these stats to results/bottleneck_codoncounts/GooJBS-Lib1Goo-virus_readsperbc.csv

2022-07-20 17:19:49,144 - INFO - Examining the 2966879 barcodes to build and align subamplicons...
2022-07-20 17:19:54,606 - INFO - Barcodes examined so far: 200000
2022-07-20 17:19:59,686 - INFO - Barcodes examined so far: 400000
2022-07-20 17:20:04,606 - INFO - Barcodes examined so far: 600000
2022-07-20 17:20:09,300 - INFO - Barcodes examined so far: 800000
2022-07-20 17:20:13,786 - INFO - Barcodes examined so far: 1000000
2022-07-20 17:20:17,929 - INFO - Barcodes examined so far: 1200000
2022-07-20 17:20:21,921 - INFO - Barcodes examined so far: 1400000
2022-07-20 17:20:25,524 - INFO - Barcodes examined so far: 1600000
2022-07-20 17:20:28,986 - INFO - Barcodes examined so far: 1800000
2022-07-20 17:20:32,190 - INFO - Barcodes examined so far: 2000000
2022-07-20 17:20:35,090 - INFO - Barcodes examined so far: 2200000
2022-07-20 17:20:37,769 - INFO - Barcodes examined so far: 2400000
2022-07-20 17:20:40,180 - INFO - Barcodes examined so far: 2600000
2022-07-20 17:20:42,356 - INFO - Barcodes examined so far: 2800000
2022-07-20 17:20:43,969 - INFO - Examined all barcodes. Summary stats:
   total  too few reads  not alignable  aligned
 2966879        2447379         222805   296695
2022-07-20 17:20:43,969 - INFO - Writing these stats to results/bottleneck_codoncounts/GooJBS-Lib1Goo-virus_bcstats.csv

2022-07-20 17:20:43,988 - INFO - Writing the counts of each codon identity at each site to results/bottleneck_codoncounts/GooJBS-Lib1Goo-virus_codoncounts.csv

2022-07-20 17:20:44,018 - INFO - Successful completion of dms2_bcsubamp
