2022-07-20 17:18:54,145 - INFO - Beginning execution of dms2_bcsubamp in directory /fh/fast/bloom_j/computational_notebooks/ckikawa/2022/ZIKV_MAP_GooLab

2022-07-20 17:18:54,146 - INFO - Progress is being logged to results/bottleneck_codoncounts/JV2019-Lib3-plasmid.log
2022-07-20 17:18:54,183 - INFO - Version information:
	Time and date: Wed Jul 20 17:18:54 2022
	Platform: Linux-4.15.0-101-generic-x86_64-with-glibc2.10
	Python version: 3.8.13 | packaged by conda-forge | (default, Mar 25 2022, 06:04:10)  [GCC 10.3.0]
	dms_tools2 version: 2.6.10
	Bio version: 1.79
	pandas version: 0.25.3
	numpy version: 1.19.5
	IPython version: 8.3.0
	jupyter version: 1.0.0
	matplotlib version: 3.2.2
	plotnine version: 0.6.0
	natsort version: 8.1.0
	pystan version: 2.19.1.1
	scipy version: 1.5.2
	seaborn version: 0.10.1
	phydmslib version: 2.4.1
	statsmodels version: 0.11.1
	rpy2 cannot be imported
	regex version: 2.5.114
	umi_tools version: 1.1.2

2022-07-20 17:18:54,183 - INFO - Parsed the following arguments:
	outdir = results/bottleneck_codoncounts
	ncpus = -1
	use_existing = yes
	refseq = ./data/E.fasta
	alignspecs = ['1,303,33,38', '304,609,38,40', '610,903,41,36', '904,1200,41,37', '1201,1512,36,35']
	bclen = 8
	fastqdir = None
	R2 = None
	R1trim = [200]
	R2trim = [200]
	bclen2 = None
	chartype = codon
	maxmuts = 4
	minq = 15
	minreads = 2
	minfraccall = 0.95
	minconcur = 0.75
	sitemask = None
	purgeread = 0.0
	purgebc = 0.0
	bcinfo = True
	bcinfo_csv = True
	name = JV2019-Lib3-plasmid
	R1 = ['/fh/fast/bloom_j/SR/ngs/illumina/bloom_lab/170609_SN367_0933_BHMLH5BCXY_lane2/Unaligned/Project_bloom_lab/Sample_zikv-3/*R1*.fastq.gz']

2022-07-20 17:18:54,196 - INFO - Read refseq of 1512 codons from ./data/E.fasta
2022-07-20 17:18:54,205 - INFO - Reads are in these FASTQ pairs:
	/fh/fast/bloom_j/SR/ngs/illumina/bloom_lab/170609_SN367_0933_BHMLH5BCXY_lane2/Unaligned/Project_bloom_lab/Sample_zikv-3/zikv-3_GGAACT_L002_R1_001.fastq.gz and /fh/fast/bloom_j/SR/ngs/illumina/bloom_lab/170609_SN367_0933_BHMLH5BCXY_lane2/Unaligned/Project_bloom_lab/Sample_zikv-3/zikv-3_GGAACT_L002_R2_001.fastq.gz
	/fh/fast/bloom_j/SR/ngs/illumina/bloom_lab/170609_SN367_0933_BHMLH5BCXY_lane2/Unaligned/Project_bloom_lab/Sample_zikv-3/zikv-3_GGAACT_L002_R1_002.fastq.gz and /fh/fast/bloom_j/SR/ngs/illumina/bloom_lab/170609_SN367_0933_BHMLH5BCXY_lane2/Unaligned/Project_bloom_lab/Sample_zikv-3/zikv-3_GGAACT_L002_R2_002.fastq.gz
	/fh/fast/bloom_j/SR/ngs/illumina/bloom_lab/170609_SN367_0933_BHMLH5BCXY_lane2/Unaligned/Project_bloom_lab/Sample_zikv-3/zikv-3_GGAACT_L002_R1_003.fastq.gz and /fh/fast/bloom_j/SR/ngs/illumina/bloom_lab/170609_SN367_0933_BHMLH5BCXY_lane2/Unaligned/Project_bloom_lab/Sample_zikv-3/zikv-3_GGAACT_L002_R2_003.fastq.gz
	/fh/fast/bloom_j/SR/ngs/illumina/bloom_lab/170609_SN367_0933_BHMLH5BCXY_lane2/Unaligned/Project_bloom_lab/Sample_zikv-3/zikv-3_GGAACT_L002_R1_004.fastq.gz and /fh/fast/bloom_j/SR/ngs/illumina/bloom_lab/170609_SN367_0933_BHMLH5BCXY_lane2/Unaligned/Project_bloom_lab/Sample_zikv-3/zikv-3_GGAACT_L002_R2_004.fastq.gz

2022-07-20 17:18:54,205 - INFO - Now parsing read pairs...
2022-07-20 17:19:00,736 - INFO - Reads parsed so far: 500000
2022-07-20 17:19:06,741 - INFO - Reads parsed so far: 1000000
2022-07-20 17:19:13,116 - INFO - Reads parsed so far: 1500000
2022-07-20 17:19:19,183 - INFO - Reads parsed so far: 2000000
2022-07-20 17:19:25,404 - INFO - Reads parsed so far: 2500000
2022-07-20 17:19:30,611 - INFO - Reads parsed so far: 3000000
2022-07-20 17:19:37,021 - INFO - Reads parsed so far: 3500000
2022-07-20 17:19:42,351 - INFO - Reads parsed so far: 4000000
2022-07-20 17:19:49,325 - INFO - Reads parsed so far: 4500000
2022-07-20 17:19:54,808 - INFO - Reads parsed so far: 5000000
2022-07-20 17:20:00,161 - INFO - Reads parsed so far: 5500000
2022-07-20 17:20:07,504 - INFO - Reads parsed so far: 6000000
2022-07-20 17:20:12,839 - INFO - Reads parsed so far: 6500000
2022-07-20 17:20:18,118 - INFO - Reads parsed so far: 7000000
2022-07-20 17:20:23,420 - INFO - Reads parsed so far: 7500000
2022-07-20 17:20:28,755 - INFO - Reads parsed so far: 8000000
2022-07-20 17:20:36,960 - INFO - Reads parsed so far: 8500000
2022-07-20 17:20:42,276 - INFO - Reads parsed so far: 9000000
2022-07-20 17:20:47,607 - INFO - Reads parsed so far: 9500000
2022-07-20 17:20:52,935 - INFO - Reads parsed so far: 10000000
2022-07-20 17:20:58,157 - INFO - Reads parsed so far: 10500000
2022-07-20 17:21:03,310 - INFO - Reads parsed so far: 11000000
2022-07-20 17:21:08,529 - INFO - Reads parsed so far: 11500000
2022-07-20 17:21:17,641 - INFO - Reads parsed so far: 12000000
2022-07-20 17:21:22,976 - INFO - Reads parsed so far: 12500000
2022-07-20 17:21:28,503 - INFO - Reads parsed so far: 13000000
2022-07-20 17:21:33,719 - INFO - Reads parsed so far: 13500000
2022-07-20 17:21:38,935 - INFO - Reads parsed so far: 14000000
2022-07-20 17:21:44,160 - INFO - Reads parsed so far: 14500000
2022-07-20 17:21:49,326 - INFO - Parsed 14994671 reads, found 6046799 unique barcodes.
2022-07-20 17:21:49,329 - INFO - Summary stats on reads:
    total  fail filter  low Q barcode
 14994671       954550        2053570
2022-07-20 17:21:49,329 - INFO - Writing these stats to results/bottleneck_codoncounts/JV2019-Lib3-plasmid_readstats.csv

2022-07-20 17:21:50,641 - INFO - Number of reads per barcode:
                 number of barcodes
number of reads                    
1                           2893582
2                           1518487
3                            907737
4                            444507
5                            184525
6                             66869
7                             21981
8                              6481
9                              1786
10                              540
11                              182
12                               58
13                               27
14                               14
15                                6
16                                3
17                                3
18                                1
19                                1
22                                2
23                                1
24                                1
26                                1
27                                1
31                                1
34                                1
48                                1
2022-07-20 17:21:50,641 - INFO - Writing these stats to results/bottleneck_codoncounts/JV2019-Lib3-plasmid_readsperbc.csv

2022-07-20 17:21:50,646 - INFO - Examining the 6046799 barcodes to build and align subamplicons...
2022-07-20 17:21:59,247 - INFO - Barcodes examined so far: 200000
2022-07-20 17:22:07,787 - INFO - Barcodes examined so far: 400000
2022-07-20 17:22:16,256 - INFO - Barcodes examined so far: 600000
2022-07-20 17:22:24,708 - INFO - Barcodes examined so far: 800000
2022-07-20 17:22:33,254 - INFO - Barcodes examined so far: 1000000
2022-07-20 17:22:41,574 - INFO - Barcodes examined so far: 1200000
2022-07-20 17:22:49,819 - INFO - Barcodes examined so far: 1400000
2022-07-20 17:22:57,944 - INFO - Barcodes examined so far: 1600000
2022-07-20 17:23:05,818 - INFO - Barcodes examined so far: 1800000
2022-07-20 17:23:13,377 - INFO - Barcodes examined so far: 2000000
2022-07-20 17:23:20,783 - INFO - Barcodes examined so far: 2200000
2022-07-20 17:23:28,223 - INFO - Barcodes examined so far: 2400000
2022-07-20 17:23:35,478 - INFO - Barcodes examined so far: 2600000
2022-07-20 17:23:42,632 - INFO - Barcodes examined so far: 2800000
2022-07-20 17:23:49,692 - INFO - Barcodes examined so far: 3000000
2022-07-20 17:23:56,515 - INFO - Barcodes examined so far: 3200000
2022-07-20 17:24:03,057 - INFO - Barcodes examined so far: 3400000
2022-07-20 17:24:09,293 - INFO - Barcodes examined so far: 3600000
2022-07-20 17:24:15,171 - INFO - Barcodes examined so far: 3800000
2022-07-20 17:24:21,083 - INFO - Barcodes examined so far: 4000000
2022-07-20 17:24:26,892 - INFO - Barcodes examined so far: 4200000
2022-07-20 17:24:32,363 - INFO - Barcodes examined so far: 4400000
2022-07-20 17:24:37,558 - INFO - Barcodes examined so far: 4600000
2022-07-20 17:24:42,305 - INFO - Barcodes examined so far: 4800000
2022-07-20 17:24:46,563 - INFO - Barcodes examined so far: 5000000
2022-07-20 17:24:50,512 - INFO - Barcodes examined so far: 5200000
2022-07-20 17:24:54,131 - INFO - Barcodes examined so far: 5400000
2022-07-20 17:24:57,249 - INFO - Barcodes examined so far: 5600000
2022-07-20 17:24:59,941 - INFO - Barcodes examined so far: 5800000
2022-07-20 17:25:02,161 - INFO - Barcodes examined so far: 6000000
2022-07-20 17:25:02,797 - INFO - Examined all barcodes. Summary stats:
   total  too few reads  not alignable  aligned
 6046799        2893582        2059847  1093370
2022-07-20 17:25:02,797 - INFO - Writing these stats to results/bottleneck_codoncounts/JV2019-Lib3-plasmid_bcstats.csv

2022-07-20 17:25:02,817 - INFO - Writing the counts of each codon identity at each site to results/bottleneck_codoncounts/JV2019-Lib3-plasmid_codoncounts.csv

2022-07-20 17:25:02,853 - INFO - Successful completion of dms2_bcsubamp
