2022-07-20 17:18:54,182 - INFO - Beginning execution of dms2_bcsubamp in directory /fh/fast/bloom_j/computational_notebooks/ckikawa/2022/ZIKV_MAP_GooLab

2022-07-20 17:18:54,182 - INFO - Progress is being logged to results/bottleneck_codoncounts/JV2019-wildtype-virus.log
2022-07-20 17:18:54,213 - INFO - Version information:
	Time and date: Wed Jul 20 17:18:54 2022
	Platform: Linux-4.15.0-101-generic-x86_64-with-glibc2.10
	Python version: 3.8.13 | packaged by conda-forge | (default, Mar 25 2022, 06:04:10)  [GCC 10.3.0]
	dms_tools2 version: 2.6.10
	Bio version: 1.79
	pandas version: 0.25.3
	numpy version: 1.19.5
	IPython version: 8.3.0
	jupyter version: 1.0.0
	matplotlib version: 3.2.2
	plotnine version: 0.6.0
	natsort version: 8.1.0
	pystan version: 2.19.1.1
	scipy version: 1.5.2
	seaborn version: 0.10.1
	phydmslib version: 2.4.1
	statsmodels version: 0.11.1
	rpy2 cannot be imported
	regex version: 2.5.114
	umi_tools version: 1.1.2

2022-07-20 17:18:54,213 - INFO - Parsed the following arguments:
	outdir = results/bottleneck_codoncounts
	ncpus = -1
	use_existing = yes
	refseq = ./data/E.fasta
	alignspecs = ['1,303,33,38', '304,609,38,40', '610,903,41,36', '904,1200,41,37', '1201,1512,36,35']
	bclen = 8
	fastqdir = None
	R2 = None
	R1trim = [200]
	R2trim = [200]
	bclen2 = None
	chartype = codon
	maxmuts = 4
	minq = 15
	minreads = 2
	minfraccall = 0.95
	minconcur = 0.75
	sitemask = None
	purgeread = 0.0
	purgebc = 0.0
	bcinfo = True
	bcinfo_csv = True
	name = JV2019-wildtype-virus
	R1 = ['/fh/fast/bloom_j/SR/ngs/illumina/bloom_lab/180427_SN367_1155_BHHJMKBCX2/Unaligned/Project_bloom_lab/Sample_zikv_WT/*R1*.fastq.gz']

2022-07-20 17:18:54,227 - INFO - Read refseq of 1512 codons from ./data/E.fasta
2022-07-20 17:18:54,242 - INFO - Reads are in these FASTQ pairs:
	/fh/fast/bloom_j/SR/ngs/illumina/bloom_lab/180427_SN367_1155_BHHJMKBCX2/Unaligned/Project_bloom_lab/Sample_zikv_WT/zikv_WT_GTGGCC_L002_R1_001.fastq.gz and /fh/fast/bloom_j/SR/ngs/illumina/bloom_lab/180427_SN367_1155_BHHJMKBCX2/Unaligned/Project_bloom_lab/Sample_zikv_WT/zikv_WT_GTGGCC_L002_R2_001.fastq.gz
	/fh/fast/bloom_j/SR/ngs/illumina/bloom_lab/180427_SN367_1155_BHHJMKBCX2/Unaligned/Project_bloom_lab/Sample_zikv_WT/zikv_WT_GTGGCC_L002_R1_002.fastq.gz and /fh/fast/bloom_j/SR/ngs/illumina/bloom_lab/180427_SN367_1155_BHHJMKBCX2/Unaligned/Project_bloom_lab/Sample_zikv_WT/zikv_WT_GTGGCC_L002_R2_002.fastq.gz
	/fh/fast/bloom_j/SR/ngs/illumina/bloom_lab/180427_SN367_1155_BHHJMKBCX2/Unaligned/Project_bloom_lab/Sample_zikv_WT/zikv_WT_GTGGCC_L002_R1_003.fastq.gz and /fh/fast/bloom_j/SR/ngs/illumina/bloom_lab/180427_SN367_1155_BHHJMKBCX2/Unaligned/Project_bloom_lab/Sample_zikv_WT/zikv_WT_GTGGCC_L002_R2_003.fastq.gz
	/fh/fast/bloom_j/SR/ngs/illumina/bloom_lab/180427_SN367_1155_BHHJMKBCX2/Unaligned/Project_bloom_lab/Sample_zikv_WT/zikv_WT_GTGGCC_L002_R1_004.fastq.gz and /fh/fast/bloom_j/SR/ngs/illumina/bloom_lab/180427_SN367_1155_BHHJMKBCX2/Unaligned/Project_bloom_lab/Sample_zikv_WT/zikv_WT_GTGGCC_L002_R2_004.fastq.gz

2022-07-20 17:18:54,243 - INFO - Now parsing read pairs...
2022-07-20 17:19:00,762 - INFO - Reads parsed so far: 500000
2022-07-20 17:19:06,781 - INFO - Reads parsed so far: 1000000
2022-07-20 17:19:13,276 - INFO - Reads parsed so far: 1500000
2022-07-20 17:19:19,476 - INFO - Reads parsed so far: 2000000
2022-07-20 17:19:25,803 - INFO - Reads parsed so far: 2500000
2022-07-20 17:19:31,080 - INFO - Reads parsed so far: 3000000
2022-07-20 17:19:37,760 - INFO - Reads parsed so far: 3500000
2022-07-20 17:19:43,011 - INFO - Reads parsed so far: 4000000
2022-07-20 17:19:50,036 - INFO - Reads parsed so far: 4500000
2022-07-20 17:19:55,292 - INFO - Reads parsed so far: 5000000
2022-07-20 17:20:00,397 - INFO - Reads parsed so far: 5500000
2022-07-20 17:20:05,504 - INFO - Reads parsed so far: 6000000
2022-07-20 17:20:12,929 - INFO - Reads parsed so far: 6500000
2022-07-20 17:20:18,145 - INFO - Reads parsed so far: 7000000
2022-07-20 17:20:23,393 - INFO - Reads parsed so far: 7500000
2022-07-20 17:20:28,610 - INFO - Reads parsed so far: 8000000
2022-07-20 17:20:33,699 - INFO - Reads parsed so far: 8500000
2022-07-20 17:20:41,776 - INFO - Reads parsed so far: 9000000
2022-07-20 17:20:46,832 - INFO - Reads parsed so far: 9500000
2022-07-20 17:20:51,906 - INFO - Reads parsed so far: 10000000
2022-07-20 17:20:56,971 - INFO - Reads parsed so far: 10500000
2022-07-20 17:21:02,068 - INFO - Reads parsed so far: 11000000
2022-07-20 17:21:07,128 - INFO - Reads parsed so far: 11500000
2022-07-20 17:21:12,171 - INFO - Reads parsed so far: 12000000
2022-07-20 17:21:21,659 - INFO - Reads parsed so far: 12500000
2022-07-20 17:21:26,847 - INFO - Reads parsed so far: 13000000
2022-07-20 17:21:32,260 - INFO - Reads parsed so far: 13500000
2022-07-20 17:21:37,297 - INFO - Reads parsed so far: 14000000
2022-07-20 17:21:42,318 - INFO - Reads parsed so far: 14500000
2022-07-20 17:21:44,095 - INFO - Parsed 14674482 reads, found 5976265 unique barcodes.
2022-07-20 17:21:44,099 - INFO - Summary stats on reads:
    total  fail filter  low Q barcode
 14674482       384289        1148847
2022-07-20 17:21:44,099 - INFO - Writing these stats to results/bottleneck_codoncounts/JV2019-wildtype-virus_readstats.csv

2022-07-20 17:21:45,350 - INFO - Number of reads per barcode:
                 number of barcodes
number of reads                    
1                           4188727
2                            251038
3                            291188
4                            306882
5                            281923
6                            229270
7                            166885
8                            111037
9                             68216
10                            39170
11                            21114
12                            10709
13                             5236
14                             2577
15                             1186
16                              532
17                              266
18                              128
19                               66
20                               41
21                               22
22                               15
23                                9
24                                7
25                                3
26                                1
27                                1
28                                1
29                                2
30                                3
34                                3
35                                1
37                                1
40                                1
42                                1
44                                1
96                                1
104                               1
2022-07-20 17:21:45,350 - INFO - Writing these stats to results/bottleneck_codoncounts/JV2019-wildtype-virus_readsperbc.csv

2022-07-20 17:21:45,355 - INFO - Examining the 5976265 barcodes to build and align subamplicons...
2022-07-20 17:21:55,621 - INFO - Barcodes examined so far: 200000
2022-07-20 17:22:05,667 - INFO - Barcodes examined so far: 400000
2022-07-20 17:22:15,593 - INFO - Barcodes examined so far: 600000
2022-07-20 17:22:25,262 - INFO - Barcodes examined so far: 800000
2022-07-20 17:22:34,612 - INFO - Barcodes examined so far: 1000000
2022-07-20 17:22:43,620 - INFO - Barcodes examined so far: 1200000
2022-07-20 17:22:52,279 - INFO - Barcodes examined so far: 1400000
2022-07-20 17:23:00,596 - INFO - Barcodes examined so far: 1600000
2022-07-20 17:23:08,550 - INFO - Barcodes examined so far: 1800000
2022-07-20 17:23:16,175 - INFO - Barcodes examined so far: 2000000
2022-07-20 17:23:23,378 - INFO - Barcodes examined so far: 2200000
2022-07-20 17:23:30,198 - INFO - Barcodes examined so far: 2400000
2022-07-20 17:23:36,544 - INFO - Barcodes examined so far: 2600000
2022-07-20 17:23:42,473 - INFO - Barcodes examined so far: 2800000
2022-07-20 17:23:47,954 - INFO - Barcodes examined so far: 3000000
2022-07-20 17:23:53,047 - INFO - Barcodes examined so far: 3200000
2022-07-20 17:23:57,761 - INFO - Barcodes examined so far: 3400000
2022-07-20 17:24:02,103 - INFO - Barcodes examined so far: 3600000
2022-07-20 17:24:06,115 - INFO - Barcodes examined so far: 3800000
2022-07-20 17:24:09,812 - INFO - Barcodes examined so far: 4000000
2022-07-20 17:24:13,192 - INFO - Barcodes examined so far: 4200000
2022-07-20 17:24:16,260 - INFO - Barcodes examined so far: 4400000
2022-07-20 17:24:19,156 - INFO - Barcodes examined so far: 4600000
2022-07-20 17:24:21,854 - INFO - Barcodes examined so far: 4800000
2022-07-20 17:24:24,370 - INFO - Barcodes examined so far: 5000000
2022-07-20 17:24:26,687 - INFO - Barcodes examined so far: 5200000
2022-07-20 17:24:28,889 - INFO - Barcodes examined so far: 5400000
2022-07-20 17:24:30,955 - INFO - Barcodes examined so far: 5600000
2022-07-20 17:24:32,921 - INFO - Barcodes examined so far: 5800000
2022-07-20 17:24:34,559 - INFO - Examined all barcodes. Summary stats:
   total  too few reads  not alignable  aligned
 5976265        4188727         110752  1676786
2022-07-20 17:24:34,559 - INFO - Writing these stats to results/bottleneck_codoncounts/JV2019-wildtype-virus_bcstats.csv

2022-07-20 17:24:34,580 - INFO - Writing the counts of each codon identity at each site to results/bottleneck_codoncounts/JV2019-wildtype-virus_codoncounts.csv

2022-07-20 17:24:34,611 - INFO - Successful completion of dms2_bcsubamp
