2022-07-20 17:18:54,152 - INFO - Beginning execution of dms2_bcsubamp in directory /fh/fast/bloom_j/computational_notebooks/ckikawa/2022/ZIKV_MAP_GooLab

2022-07-20 17:18:54,153 - INFO - Progress is being logged to results/bottleneck_codoncounts/JV2019-Lib3-virus.log
2022-07-20 17:18:54,187 - INFO - Version information:
	Time and date: Wed Jul 20 17:18:54 2022
	Platform: Linux-4.15.0-101-generic-x86_64-with-glibc2.10
	Python version: 3.8.13 | packaged by conda-forge | (default, Mar 25 2022, 06:04:10)  [GCC 10.3.0]
	dms_tools2 version: 2.6.10
	Bio version: 1.79
	pandas version: 0.25.3
	numpy version: 1.19.5
	IPython version: 8.3.0
	jupyter version: 1.0.0
	matplotlib version: 3.2.2
	plotnine version: 0.6.0
	natsort version: 8.1.0
	pystan version: 2.19.1.1
	scipy version: 1.5.2
	seaborn version: 0.10.1
	phydmslib version: 2.4.1
	statsmodels version: 0.11.1
	rpy2 cannot be imported
	regex version: 2.5.114
	umi_tools version: 1.1.2

2022-07-20 17:18:54,187 - INFO - Parsed the following arguments:
	outdir = results/bottleneck_codoncounts
	ncpus = -1
	use_existing = yes
	refseq = ./data/E.fasta
	alignspecs = ['1,303,33,38', '304,609,38,40', '610,903,41,36', '904,1200,41,37', '1201,1512,36,35']
	bclen = 8
	fastqdir = None
	R2 = None
	R1trim = [200]
	R2trim = [200]
	bclen2 = None
	chartype = codon
	maxmuts = 4
	minq = 15
	minreads = 2
	minfraccall = 0.95
	minconcur = 0.75
	sitemask = None
	purgeread = 0.0
	purgebc = 0.0
	bcinfo = True
	bcinfo_csv = True
	name = JV2019-Lib3-virus
	R1 = ['/fh/fast/bloom_j/SR/ngs/illumina/bloom_lab/180427_SN367_1155_BHHJMKBCX2/Unaligned/Project_bloom_lab/Sample_zikv_L3/*R1*.fastq.gz']

2022-07-20 17:18:54,204 - INFO - Read refseq of 1512 codons from ./data/E.fasta
2022-07-20 17:18:54,247 - INFO - Reads are in these FASTQ pairs:
	/fh/fast/bloom_j/SR/ngs/illumina/bloom_lab/180427_SN367_1155_BHHJMKBCX2/Unaligned/Project_bloom_lab/Sample_zikv_L3/zikv_L3_GTGAAA_L002_R1_001.fastq.gz and /fh/fast/bloom_j/SR/ngs/illumina/bloom_lab/180427_SN367_1155_BHHJMKBCX2/Unaligned/Project_bloom_lab/Sample_zikv_L3/zikv_L3_GTGAAA_L002_R2_001.fastq.gz
	/fh/fast/bloom_j/SR/ngs/illumina/bloom_lab/180427_SN367_1155_BHHJMKBCX2/Unaligned/Project_bloom_lab/Sample_zikv_L3/zikv_L3_GTGAAA_L002_R1_002.fastq.gz and /fh/fast/bloom_j/SR/ngs/illumina/bloom_lab/180427_SN367_1155_BHHJMKBCX2/Unaligned/Project_bloom_lab/Sample_zikv_L3/zikv_L3_GTGAAA_L002_R2_002.fastq.gz
	/fh/fast/bloom_j/SR/ngs/illumina/bloom_lab/180427_SN367_1155_BHHJMKBCX2/Unaligned/Project_bloom_lab/Sample_zikv_L3/zikv_L3_GTGAAA_L002_R1_003.fastq.gz and /fh/fast/bloom_j/SR/ngs/illumina/bloom_lab/180427_SN367_1155_BHHJMKBCX2/Unaligned/Project_bloom_lab/Sample_zikv_L3/zikv_L3_GTGAAA_L002_R2_003.fastq.gz
	/fh/fast/bloom_j/SR/ngs/illumina/bloom_lab/180427_SN367_1155_BHHJMKBCX2/Unaligned/Project_bloom_lab/Sample_zikv_L3/zikv_L3_GTGAAA_L002_R1_004.fastq.gz and /fh/fast/bloom_j/SR/ngs/illumina/bloom_lab/180427_SN367_1155_BHHJMKBCX2/Unaligned/Project_bloom_lab/Sample_zikv_L3/zikv_L3_GTGAAA_L002_R2_004.fastq.gz

2022-07-20 17:18:54,247 - INFO - Now parsing read pairs...
2022-07-20 17:19:00,638 - INFO - Reads parsed so far: 500000
2022-07-20 17:19:06,453 - INFO - Reads parsed so far: 1000000
2022-07-20 17:19:12,723 - INFO - Reads parsed so far: 1500000
2022-07-20 17:19:18,775 - INFO - Reads parsed so far: 2000000
2022-07-20 17:19:24,972 - INFO - Reads parsed so far: 2500000
2022-07-20 17:19:30,209 - INFO - Reads parsed so far: 3000000
2022-07-20 17:19:36,724 - INFO - Reads parsed so far: 3500000
2022-07-20 17:19:41,986 - INFO - Reads parsed so far: 4000000
2022-07-20 17:19:48,864 - INFO - Reads parsed so far: 4500000
2022-07-20 17:19:54,229 - INFO - Reads parsed so far: 5000000
2022-07-20 17:19:59,435 - INFO - Reads parsed so far: 5500000
2022-07-20 17:20:04,638 - INFO - Reads parsed so far: 6000000
2022-07-20 17:20:11,994 - INFO - Reads parsed so far: 6500000
2022-07-20 17:20:17,148 - INFO - Reads parsed so far: 7000000
2022-07-20 17:20:22,179 - INFO - Reads parsed so far: 7500000
2022-07-20 17:20:27,256 - INFO - Reads parsed so far: 8000000
2022-07-20 17:20:32,296 - INFO - Reads parsed so far: 8500000
2022-07-20 17:20:40,285 - INFO - Reads parsed so far: 9000000
2022-07-20 17:20:45,392 - INFO - Reads parsed so far: 9500000
2022-07-20 17:20:50,432 - INFO - Reads parsed so far: 10000000
2022-07-20 17:20:55,566 - INFO - Reads parsed so far: 10500000
2022-07-20 17:21:00,688 - INFO - Reads parsed so far: 11000000
2022-07-20 17:21:05,876 - INFO - Reads parsed so far: 11500000
2022-07-20 17:21:11,128 - INFO - Reads parsed so far: 12000000
2022-07-20 17:21:20,365 - INFO - Reads parsed so far: 12500000
2022-07-20 17:21:25,513 - INFO - Reads parsed so far: 13000000
2022-07-20 17:21:30,961 - INFO - Reads parsed so far: 13500000
2022-07-20 17:21:36,079 - INFO - Reads parsed so far: 14000000
2022-07-20 17:21:41,163 - INFO - Reads parsed so far: 14500000
2022-07-20 17:21:46,230 - INFO - Reads parsed so far: 15000000
2022-07-20 17:21:51,295 - INFO - Reads parsed so far: 15500000
2022-07-20 17:21:55,453 - INFO - Parsed 15908975 reads, found 6304637 unique barcodes.
2022-07-20 17:21:55,457 - INFO - Summary stats on reads:
    total  fail filter  low Q barcode
 15908975       407626        1325719
2022-07-20 17:21:55,457 - INFO - Writing these stats to results/bottleneck_codoncounts/JV2019-Lib3-virus_readstats.csv

2022-07-20 17:21:56,835 - INFO - Number of reads per barcode:
                 number of barcodes
number of reads                    
1                           4300981
2                            273689
3                            335087
4                            358621
5                            327664
6                            261132
7                            184817
8                            118298
9                             70106
10                            37739
11                            19193
12                             9390
13                             4305
14                             1959
15                              873
16                              382
17                              200
18                               88
19                               42
20                               23
21                                9
22                                8
23                                6
24                                3
25                                4
26                                2
27                                1
28                                1
29                                1
30                                3
31                                1
32                                1
34                                1
37                                1
38                                1
40                                1
41                                1
47                                1
48                                1
75                                1
2022-07-20 17:21:56,835 - INFO - Writing these stats to results/bottleneck_codoncounts/JV2019-Lib3-virus_readsperbc.csv

2022-07-20 17:21:56,839 - INFO - Examining the 6304637 barcodes to build and align subamplicons...
2022-07-20 17:22:07,776 - INFO - Barcodes examined so far: 200000
2022-07-20 17:22:18,762 - INFO - Barcodes examined so far: 400000
2022-07-20 17:22:29,660 - INFO - Barcodes examined so far: 600000
2022-07-20 17:22:40,346 - INFO - Barcodes examined so far: 800000
2022-07-20 17:22:50,779 - INFO - Barcodes examined so far: 1000000
2022-07-20 17:23:00,925 - INFO - Barcodes examined so far: 1200000
2022-07-20 17:23:10,741 - INFO - Barcodes examined so far: 1400000
2022-07-20 17:23:20,143 - INFO - Barcodes examined so far: 1600000
2022-07-20 17:23:29,196 - INFO - Barcodes examined so far: 1800000
2022-07-20 17:23:37,907 - INFO - Barcodes examined so far: 2000000
2022-07-20 17:23:46,194 - INFO - Barcodes examined so far: 2200000
2022-07-20 17:23:54,101 - INFO - Barcodes examined so far: 2400000
2022-07-20 17:24:01,497 - INFO - Barcodes examined so far: 2600000
2022-07-20 17:24:08,400 - INFO - Barcodes examined so far: 2800000
2022-07-20 17:24:14,869 - INFO - Barcodes examined so far: 3000000
2022-07-20 17:24:20,895 - INFO - Barcodes examined so far: 3200000
2022-07-20 17:24:26,544 - INFO - Barcodes examined so far: 3400000
2022-07-20 17:24:31,758 - INFO - Barcodes examined so far: 3600000
2022-07-20 17:24:36,595 - INFO - Barcodes examined so far: 3800000
2022-07-20 17:24:40,994 - INFO - Barcodes examined so far: 4000000
2022-07-20 17:24:45,019 - INFO - Barcodes examined so far: 4200000
2022-07-20 17:24:48,726 - INFO - Barcodes examined so far: 4400000
2022-07-20 17:24:52,112 - INFO - Barcodes examined so far: 4600000
2022-07-20 17:24:55,180 - INFO - Barcodes examined so far: 4800000
2022-07-20 17:24:58,054 - INFO - Barcodes examined so far: 5000000
2022-07-20 17:25:00,746 - INFO - Barcodes examined so far: 5200000
2022-07-20 17:25:03,251 - INFO - Barcodes examined so far: 5400000
2022-07-20 17:25:05,583 - INFO - Barcodes examined so far: 5600000
2022-07-20 17:25:07,767 - INFO - Barcodes examined so far: 5800000
2022-07-20 17:25:09,852 - INFO - Barcodes examined so far: 6000000
2022-07-20 17:25:11,787 - INFO - Barcodes examined so far: 6200000
2022-07-20 17:25:12,759 - INFO - Examined all barcodes. Summary stats:
   total  too few reads  not alignable  aligned
 6304637        4300981         124226  1879430
2022-07-20 17:25:12,759 - INFO - Writing these stats to results/bottleneck_codoncounts/JV2019-Lib3-virus_bcstats.csv

2022-07-20 17:25:12,785 - INFO - Writing the counts of each codon identity at each site to results/bottleneck_codoncounts/JV2019-Lib3-virus_codoncounts.csv

2022-07-20 17:25:12,820 - INFO - Successful completion of dms2_bcsubamp
