2022-07-20 17:18:54,202 - INFO - Beginning execution of dms2_bcsubamp in directory /fh/fast/bloom_j/computational_notebooks/ckikawa/2022/ZIKV_MAP_GooLab

2022-07-20 17:18:54,202 - INFO - Progress is being logged to results/bottleneck_codoncounts/JV2019-Lib1-plasmid.log
2022-07-20 17:18:54,234 - INFO - Version information:
	Time and date: Wed Jul 20 17:18:54 2022
	Platform: Linux-4.15.0-101-generic-x86_64-with-glibc2.10
	Python version: 3.8.13 | packaged by conda-forge | (default, Mar 25 2022, 06:04:10)  [GCC 10.3.0]
	dms_tools2 version: 2.6.10
	Bio version: 1.79
	pandas version: 0.25.3
	numpy version: 1.19.5
	IPython version: 8.3.0
	jupyter version: 1.0.0
	matplotlib version: 3.2.2
	plotnine version: 0.6.0
	natsort version: 8.1.0
	pystan version: 2.19.1.1
	scipy version: 1.5.2
	seaborn version: 0.10.1
	phydmslib version: 2.4.1
	statsmodels version: 0.11.1
	rpy2 cannot be imported
	regex version: 2.5.114
	umi_tools version: 1.1.2

2022-07-20 17:18:54,234 - INFO - Parsed the following arguments:
	outdir = results/bottleneck_codoncounts
	ncpus = -1
	use_existing = yes
	refseq = ./data/E.fasta
	alignspecs = ['1,303,33,38', '304,609,38,40', '610,903,41,36', '904,1200,41,37', '1201,1512,36,35']
	bclen = 8
	fastqdir = None
	R2 = None
	R1trim = [200]
	R2trim = [200]
	bclen2 = None
	chartype = codon
	maxmuts = 4
	minq = 15
	minreads = 2
	minfraccall = 0.95
	minconcur = 0.75
	sitemask = None
	purgeread = 0.0
	purgebc = 0.0
	bcinfo = True
	bcinfo_csv = True
	name = JV2019-Lib1-plasmid
	R1 = ['/fh/fast/bloom_j/SR/ngs/illumina/bloom_lab/170609_SN367_0933_BHMLH5BCXY_lane2/Unaligned/Project_bloom_lab/Sample_zikv-1/*R1*.fastq.gz']

2022-07-20 17:18:54,249 - INFO - Read refseq of 1512 codons from ./data/E.fasta
2022-07-20 17:18:54,257 - INFO - Reads are in these FASTQ pairs:
	/fh/fast/bloom_j/SR/ngs/illumina/bloom_lab/170609_SN367_0933_BHMLH5BCXY_lane2/Unaligned/Project_bloom_lab/Sample_zikv-1/zikv-1_AAGCTA_L002_R1_001.fastq.gz and /fh/fast/bloom_j/SR/ngs/illumina/bloom_lab/170609_SN367_0933_BHMLH5BCXY_lane2/Unaligned/Project_bloom_lab/Sample_zikv-1/zikv-1_AAGCTA_L002_R2_001.fastq.gz
	/fh/fast/bloom_j/SR/ngs/illumina/bloom_lab/170609_SN367_0933_BHMLH5BCXY_lane2/Unaligned/Project_bloom_lab/Sample_zikv-1/zikv-1_AAGCTA_L002_R1_002.fastq.gz and /fh/fast/bloom_j/SR/ngs/illumina/bloom_lab/170609_SN367_0933_BHMLH5BCXY_lane2/Unaligned/Project_bloom_lab/Sample_zikv-1/zikv-1_AAGCTA_L002_R2_002.fastq.gz
	/fh/fast/bloom_j/SR/ngs/illumina/bloom_lab/170609_SN367_0933_BHMLH5BCXY_lane2/Unaligned/Project_bloom_lab/Sample_zikv-1/zikv-1_AAGCTA_L002_R1_003.fastq.gz and /fh/fast/bloom_j/SR/ngs/illumina/bloom_lab/170609_SN367_0933_BHMLH5BCXY_lane2/Unaligned/Project_bloom_lab/Sample_zikv-1/zikv-1_AAGCTA_L002_R2_003.fastq.gz
	/fh/fast/bloom_j/SR/ngs/illumina/bloom_lab/170609_SN367_0933_BHMLH5BCXY_lane2/Unaligned/Project_bloom_lab/Sample_zikv-1/zikv-1_AAGCTA_L002_R1_004.fastq.gz and /fh/fast/bloom_j/SR/ngs/illumina/bloom_lab/170609_SN367_0933_BHMLH5BCXY_lane2/Unaligned/Project_bloom_lab/Sample_zikv-1/zikv-1_AAGCTA_L002_R2_004.fastq.gz

2022-07-20 17:18:54,257 - INFO - Now parsing read pairs...
2022-07-20 17:19:00,723 - INFO - Reads parsed so far: 500000
2022-07-20 17:19:07,075 - INFO - Reads parsed so far: 1000000
2022-07-20 17:19:13,570 - INFO - Reads parsed so far: 1500000
2022-07-20 17:19:19,714 - INFO - Reads parsed so far: 2000000
2022-07-20 17:19:25,110 - INFO - Reads parsed so far: 2500000
2022-07-20 17:19:31,355 - INFO - Reads parsed so far: 3000000
2022-07-20 17:19:36,585 - INFO - Reads parsed so far: 3500000
2022-07-20 17:19:43,274 - INFO - Reads parsed so far: 4000000
2022-07-20 17:19:48,735 - INFO - Reads parsed so far: 4500000
2022-07-20 17:19:54,148 - INFO - Reads parsed so far: 5000000
2022-07-20 17:20:01,360 - INFO - Reads parsed so far: 5500000
2022-07-20 17:20:06,708 - INFO - Reads parsed so far: 6000000
2022-07-20 17:20:12,037 - INFO - Reads parsed so far: 6500000
2022-07-20 17:20:17,333 - INFO - Reads parsed so far: 7000000
2022-07-20 17:20:24,896 - INFO - Reads parsed so far: 7500000
2022-07-20 17:20:30,232 - INFO - Reads parsed so far: 8000000
2022-07-20 17:20:35,621 - INFO - Reads parsed so far: 8500000
2022-07-20 17:20:40,953 - INFO - Reads parsed so far: 9000000
2022-07-20 17:20:46,290 - INFO - Reads parsed so far: 9500000
2022-07-20 17:20:51,761 - INFO - Reads parsed so far: 10000000
2022-07-20 17:20:57,234 - INFO - Reads parsed so far: 10500000
2022-07-20 17:21:02,682 - INFO - Reads parsed so far: 11000000
2022-07-20 17:21:11,550 - INFO - Reads parsed so far: 11500000
2022-07-20 17:21:17,093 - INFO - Reads parsed so far: 12000000
2022-07-20 17:21:22,646 - INFO - Reads parsed so far: 12500000
2022-07-20 17:21:28,162 - INFO - Reads parsed so far: 13000000
2022-07-20 17:21:33,690 - INFO - Reads parsed so far: 13500000
2022-07-20 17:21:39,197 - INFO - Reads parsed so far: 14000000
2022-07-20 17:21:44,738 - INFO - Reads parsed so far: 14500000
2022-07-20 17:21:49,297 - INFO - Parsed 14887744 reads, found 4764664 unique barcodes.
2022-07-20 17:21:49,301 - INFO - Summary stats on reads:
    total  fail filter  low Q barcode
 14887744      1010483        2066918
2022-07-20 17:21:49,301 - INFO - Writing these stats to results/bottleneck_codoncounts/JV2019-Lib1-plasmid_readstats.csv

2022-07-20 17:21:50,476 - INFO - Number of reads per barcode:
                 number of barcodes
number of reads                    
1                           1796265
2                           1032241
3                            817832
4                            543166
5                            308738
6                            154057
7                             68247
8                             27935
9                             10577
10                             3724
11                             1229
12                              429
13                              143
14                               42
15                               27
16                                7
17                                2
18                                1
19                                1
60                                1
2022-07-20 17:21:50,476 - INFO - Writing these stats to results/bottleneck_codoncounts/JV2019-Lib1-plasmid_readsperbc.csv

2022-07-20 17:21:50,480 - INFO - Examining the 4764664 barcodes to build and align subamplicons...
2022-07-20 17:22:01,190 - INFO - Barcodes examined so far: 200000
2022-07-20 17:22:11,713 - INFO - Barcodes examined so far: 400000
2022-07-20 17:22:22,145 - INFO - Barcodes examined so far: 600000
2022-07-20 17:22:32,586 - INFO - Barcodes examined so far: 800000
2022-07-20 17:22:42,862 - INFO - Barcodes examined so far: 1000000
2022-07-20 17:22:52,799 - INFO - Barcodes examined so far: 1200000
2022-07-20 17:23:02,554 - INFO - Barcodes examined so far: 1400000
2022-07-20 17:23:12,123 - INFO - Barcodes examined so far: 1600000
2022-07-20 17:23:21,382 - INFO - Barcodes examined so far: 1800000
2022-07-20 17:23:30,268 - INFO - Barcodes examined so far: 2000000
2022-07-20 17:23:39,247 - INFO - Barcodes examined so far: 2200000
2022-07-20 17:23:47,903 - INFO - Barcodes examined so far: 2400000
2022-07-20 17:23:56,436 - INFO - Barcodes examined so far: 2600000
2022-07-20 17:24:04,672 - INFO - Barcodes examined so far: 2800000
2022-07-20 17:24:12,486 - INFO - Barcodes examined so far: 3000000
2022-07-20 17:24:19,704 - INFO - Barcodes examined so far: 3200000
2022-07-20 17:24:26,604 - INFO - Barcodes examined so far: 3400000
2022-07-20 17:24:33,225 - INFO - Barcodes examined so far: 3600000
2022-07-20 17:24:39,190 - INFO - Barcodes examined so far: 3800000
2022-07-20 17:24:44,292 - INFO - Barcodes examined so far: 4000000
2022-07-20 17:24:48,658 - INFO - Barcodes examined so far: 4200000
2022-07-20 17:24:52,566 - INFO - Barcodes examined so far: 4400000
2022-07-20 17:24:55,615 - INFO - Barcodes examined so far: 4600000
2022-07-20 17:24:57,476 - INFO - Examined all barcodes. Summary stats:
   total  too few reads  not alignable  aligned
 4764664        1796265        1746854  1221545
2022-07-20 17:24:57,476 - INFO - Writing these stats to results/bottleneck_codoncounts/JV2019-Lib1-plasmid_bcstats.csv

2022-07-20 17:24:57,496 - INFO - Writing the counts of each codon identity at each site to results/bottleneck_codoncounts/JV2019-Lib1-plasmid_codoncounts.csv

2022-07-20 17:24:57,551 - INFO - Successful completion of dms2_bcsubamp
