2022-07-20 17:18:54,117 - INFO - Beginning execution of dms2_bcsubamp in directory /fh/fast/bloom_j/computational_notebooks/ckikawa/2022/ZIKV_MAP_GooLab

2022-07-20 17:18:54,117 - INFO - Progress is being logged to results/bottleneck_codoncounts/JV2019-wildtype-plasmid.log
2022-07-20 17:18:54,148 - INFO - Version information:
	Time and date: Wed Jul 20 17:18:54 2022
	Platform: Linux-4.15.0-101-generic-x86_64-with-glibc2.10
	Python version: 3.8.13 | packaged by conda-forge | (default, Mar 25 2022, 06:04:10)  [GCC 10.3.0]
	dms_tools2 version: 2.6.10
	Bio version: 1.79
	pandas version: 0.25.3
	numpy version: 1.19.5
	IPython version: 8.3.0
	jupyter version: 1.0.0
	matplotlib version: 3.2.2
	plotnine version: 0.6.0
	natsort version: 8.1.0
	pystan version: 2.19.1.1
	scipy version: 1.5.2
	seaborn version: 0.10.1
	phydmslib version: 2.4.1
	statsmodels version: 0.11.1
	rpy2 cannot be imported
	regex version: 2.5.114
	umi_tools version: 1.1.2

2022-07-20 17:18:54,148 - INFO - Parsed the following arguments:
	outdir = results/bottleneck_codoncounts
	ncpus = -1
	use_existing = yes
	refseq = ./data/E.fasta
	alignspecs = ['1,303,33,38', '304,609,38,40', '610,903,41,36', '904,1200,41,37', '1201,1512,36,35']
	bclen = 8
	fastqdir = None
	R2 = None
	R1trim = [200]
	R2trim = [200]
	bclen2 = None
	chartype = codon
	maxmuts = 4
	minq = 15
	minreads = 2
	minfraccall = 0.95
	minconcur = 0.75
	sitemask = None
	purgeread = 0.0
	purgebc = 0.0
	bcinfo = True
	bcinfo_csv = True
	name = JV2019-wildtype-plasmid
	R1 = ['/fh/fast/bloom_j/SR/ngs/illumina/bloom_lab/170609_SN367_0933_BHMLH5BCXY_lane2/Unaligned/Project_bloom_lab/Sample_zikv-wt/*R1*.fastq.gz']

2022-07-20 17:18:54,164 - INFO - Read refseq of 1512 codons from ./data/E.fasta
2022-07-20 17:18:54,182 - INFO - Reads are in these FASTQ pairs:
	/fh/fast/bloom_j/SR/ngs/illumina/bloom_lab/170609_SN367_0933_BHMLH5BCXY_lane2/Unaligned/Project_bloom_lab/Sample_zikv-wt/zikv-wt_ATTGGC_L002_R1_001.fastq.gz and /fh/fast/bloom_j/SR/ngs/illumina/bloom_lab/170609_SN367_0933_BHMLH5BCXY_lane2/Unaligned/Project_bloom_lab/Sample_zikv-wt/zikv-wt_ATTGGC_L002_R2_001.fastq.gz
	/fh/fast/bloom_j/SR/ngs/illumina/bloom_lab/170609_SN367_0933_BHMLH5BCXY_lane2/Unaligned/Project_bloom_lab/Sample_zikv-wt/zikv-wt_ATTGGC_L002_R1_002.fastq.gz and /fh/fast/bloom_j/SR/ngs/illumina/bloom_lab/170609_SN367_0933_BHMLH5BCXY_lane2/Unaligned/Project_bloom_lab/Sample_zikv-wt/zikv-wt_ATTGGC_L002_R2_002.fastq.gz
	/fh/fast/bloom_j/SR/ngs/illumina/bloom_lab/170609_SN367_0933_BHMLH5BCXY_lane2/Unaligned/Project_bloom_lab/Sample_zikv-wt/zikv-wt_ATTGGC_L002_R1_003.fastq.gz and /fh/fast/bloom_j/SR/ngs/illumina/bloom_lab/170609_SN367_0933_BHMLH5BCXY_lane2/Unaligned/Project_bloom_lab/Sample_zikv-wt/zikv-wt_ATTGGC_L002_R2_003.fastq.gz
	/fh/fast/bloom_j/SR/ngs/illumina/bloom_lab/170609_SN367_0933_BHMLH5BCXY_lane2/Unaligned/Project_bloom_lab/Sample_zikv-wt/zikv-wt_ATTGGC_L002_R1_004.fastq.gz and /fh/fast/bloom_j/SR/ngs/illumina/bloom_lab/170609_SN367_0933_BHMLH5BCXY_lane2/Unaligned/Project_bloom_lab/Sample_zikv-wt/zikv-wt_ATTGGC_L002_R2_004.fastq.gz

2022-07-20 17:18:54,182 - INFO - Now parsing read pairs...
2022-07-20 17:19:00,495 - INFO - Reads parsed so far: 500000
2022-07-20 17:19:07,210 - INFO - Reads parsed so far: 1000000
2022-07-20 17:19:13,447 - INFO - Reads parsed so far: 1500000
2022-07-20 17:19:20,110 - INFO - Reads parsed so far: 2000000
2022-07-20 17:19:27,365 - INFO - Reads parsed so far: 2500000
2022-07-20 17:19:35,524 - INFO - Reads parsed so far: 3000000
2022-07-20 17:19:41,161 - INFO - Reads parsed so far: 3500000
2022-07-20 17:19:48,416 - INFO - Reads parsed so far: 4000000
2022-07-20 17:19:53,878 - INFO - Reads parsed so far: 4500000
2022-07-20 17:19:59,329 - INFO - Reads parsed so far: 5000000
2022-07-20 17:20:04,727 - INFO - Reads parsed so far: 5500000
2022-07-20 17:20:12,182 - INFO - Reads parsed so far: 6000000
2022-07-20 17:20:17,653 - INFO - Reads parsed so far: 6500000
2022-07-20 17:20:22,965 - INFO - Reads parsed so far: 7000000
2022-07-20 17:20:28,275 - INFO - Reads parsed so far: 7500000
2022-07-20 17:20:33,573 - INFO - Reads parsed so far: 8000000
2022-07-20 17:20:41,648 - INFO - Reads parsed so far: 8500000
2022-07-20 17:20:47,093 - INFO - Reads parsed so far: 9000000
2022-07-20 17:20:52,528 - INFO - Reads parsed so far: 9500000
2022-07-20 17:20:57,896 - INFO - Reads parsed so far: 10000000
2022-07-20 17:21:03,291 - INFO - Reads parsed so far: 10500000
2022-07-20 17:21:08,633 - INFO - Reads parsed so far: 11000000
2022-07-20 17:21:13,968 - INFO - Reads parsed so far: 11500000
2022-07-20 17:21:19,295 - INFO - Reads parsed so far: 12000000
2022-07-20 17:21:24,682 - INFO - Reads parsed so far: 12500000
2022-07-20 17:21:30,031 - INFO - Reads parsed so far: 13000000
2022-07-20 17:21:35,363 - INFO - Reads parsed so far: 13500000
2022-07-20 17:21:37,291 - INFO - Parsed 13680334 reads, found 4161419 unique barcodes.
2022-07-20 17:21:37,295 - INFO - Summary stats on reads:
    total  fail filter  low Q barcode
 13680334       922863        1957790
2022-07-20 17:21:37,296 - INFO - Writing these stats to results/bottleneck_codoncounts/JV2019-wildtype-plasmid_readstats.csv

2022-07-20 17:21:38,157 - INFO - Number of reads per barcode:
                 number of barcodes
number of reads                    
1                           1443700
2                            904010
3                            738887
4                            506752
5                            296933
6                            153158
7                             70488
8                             29744
9                             11380
10                             4258
11                             1391
12                              498
13                              149
14                               39
15                               23
16                                4
17                                1
18                                1
19                                1
22                                1
66                                1
2022-07-20 17:21:38,159 - INFO - Writing these stats to results/bottleneck_codoncounts/JV2019-wildtype-plasmid_readsperbc.csv

2022-07-20 17:21:38,165 - INFO - Examining the 4161419 barcodes to build and align subamplicons...
2022-07-20 17:21:48,677 - INFO - Barcodes examined so far: 200000
2022-07-20 17:21:58,954 - INFO - Barcodes examined so far: 400000
2022-07-20 17:22:09,087 - INFO - Barcodes examined so far: 600000
2022-07-20 17:22:19,179 - INFO - Barcodes examined so far: 800000
2022-07-20 17:22:29,076 - INFO - Barcodes examined so far: 1000000
2022-07-20 17:22:38,717 - INFO - Barcodes examined so far: 1200000
2022-07-20 17:22:48,104 - INFO - Barcodes examined so far: 1400000
2022-07-20 17:22:57,174 - INFO - Barcodes examined so far: 1600000
2022-07-20 17:23:05,810 - INFO - Barcodes examined so far: 1800000
2022-07-20 17:23:14,467 - INFO - Barcodes examined so far: 2000000
2022-07-20 17:23:22,922 - INFO - Barcodes examined so far: 2200000
2022-07-20 17:23:31,101 - INFO - Barcodes examined so far: 2400000
2022-07-20 17:23:38,975 - INFO - Barcodes examined so far: 2600000
2022-07-20 17:23:46,336 - INFO - Barcodes examined so far: 2800000
2022-07-20 17:23:53,188 - INFO - Barcodes examined so far: 3000000
2022-07-20 17:23:59,839 - INFO - Barcodes examined so far: 3200000
2022-07-20 17:24:05,779 - INFO - Barcodes examined so far: 3400000
2022-07-20 17:24:10,768 - INFO - Barcodes examined so far: 3600000
2022-07-20 17:24:15,001 - INFO - Barcodes examined so far: 3800000
2022-07-20 17:24:18,341 - INFO - Barcodes examined so far: 4000000
2022-07-20 17:24:20,252 - INFO - Examined all barcodes. Summary stats:
   total  too few reads  not alignable  aligned
 4161419        1443700        1472289  1245430
2022-07-20 17:24:20,252 - INFO - Writing these stats to results/bottleneck_codoncounts/JV2019-wildtype-plasmid_bcstats.csv

2022-07-20 17:24:20,283 - INFO - Writing the counts of each codon identity at each site to results/bottleneck_codoncounts/JV2019-wildtype-plasmid_codoncounts.csv

2022-07-20 17:24:20,317 - INFO - Successful completion of dms2_bcsubamp
