2022-07-20 17:18:54,158 - INFO - Beginning execution of dms2_bcsubamp in directory /fh/fast/bloom_j/computational_notebooks/ckikawa/2022/ZIKV_MAP_GooLab

2022-07-20 17:18:54,158 - INFO - Progress is being logged to results/bottleneck_codoncounts/JV2019-Lib1-virus.log
2022-07-20 17:18:54,196 - INFO - Version information:
	Time and date: Wed Jul 20 17:18:54 2022
	Platform: Linux-4.15.0-101-generic-x86_64-with-glibc2.10
	Python version: 3.8.13 | packaged by conda-forge | (default, Mar 25 2022, 06:04:10)  [GCC 10.3.0]
	dms_tools2 version: 2.6.10
	Bio version: 1.79
	pandas version: 0.25.3
	numpy version: 1.19.5
	IPython version: 8.3.0
	jupyter version: 1.0.0
	matplotlib version: 3.2.2
	plotnine version: 0.6.0
	natsort version: 8.1.0
	pystan version: 2.19.1.1
	scipy version: 1.5.2
	seaborn version: 0.10.1
	phydmslib version: 2.4.1
	statsmodels version: 0.11.1
	rpy2 cannot be imported
	regex version: 2.5.114
	umi_tools version: 1.1.2

2022-07-20 17:18:54,196 - INFO - Parsed the following arguments:
	outdir = results/bottleneck_codoncounts
	ncpus = -1
	use_existing = yes
	refseq = ./data/E.fasta
	alignspecs = ['1,303,33,38', '304,609,38,40', '610,903,41,36', '904,1200,41,37', '1201,1512,36,35']
	bclen = 8
	fastqdir = None
	R2 = None
	R1trim = [200]
	R2trim = [200]
	bclen2 = None
	chartype = codon
	maxmuts = 4
	minq = 15
	minreads = 2
	minfraccall = 0.95
	minconcur = 0.75
	sitemask = None
	purgeread = 0.0
	purgebc = 0.0
	bcinfo = True
	bcinfo_csv = True
	name = JV2019-Lib1-virus
	R1 = ['/fh/fast/bloom_j/SR/ngs/illumina/bloom_lab/180427_SN367_1155_BHHJMKBCX2/Unaligned/Project_bloom_lab/Sample_zikv_L1/*R1*.fastq.gz']

2022-07-20 17:18:54,209 - INFO - Read refseq of 1512 codons from ./data/E.fasta
2022-07-20 17:18:54,221 - INFO - Reads are in these FASTQ pairs:
	/fh/fast/bloom_j/SR/ngs/illumina/bloom_lab/180427_SN367_1155_BHHJMKBCX2/Unaligned/Project_bloom_lab/Sample_zikv_L1/zikv_L1_GAGTGG_L002_R1_001.fastq.gz and /fh/fast/bloom_j/SR/ngs/illumina/bloom_lab/180427_SN367_1155_BHHJMKBCX2/Unaligned/Project_bloom_lab/Sample_zikv_L1/zikv_L1_GAGTGG_L002_R2_001.fastq.gz
	/fh/fast/bloom_j/SR/ngs/illumina/bloom_lab/180427_SN367_1155_BHHJMKBCX2/Unaligned/Project_bloom_lab/Sample_zikv_L1/zikv_L1_GAGTGG_L002_R1_002.fastq.gz and /fh/fast/bloom_j/SR/ngs/illumina/bloom_lab/180427_SN367_1155_BHHJMKBCX2/Unaligned/Project_bloom_lab/Sample_zikv_L1/zikv_L1_GAGTGG_L002_R2_002.fastq.gz
	/fh/fast/bloom_j/SR/ngs/illumina/bloom_lab/180427_SN367_1155_BHHJMKBCX2/Unaligned/Project_bloom_lab/Sample_zikv_L1/zikv_L1_GAGTGG_L002_R1_003.fastq.gz and /fh/fast/bloom_j/SR/ngs/illumina/bloom_lab/180427_SN367_1155_BHHJMKBCX2/Unaligned/Project_bloom_lab/Sample_zikv_L1/zikv_L1_GAGTGG_L002_R2_003.fastq.gz
	/fh/fast/bloom_j/SR/ngs/illumina/bloom_lab/180427_SN367_1155_BHHJMKBCX2/Unaligned/Project_bloom_lab/Sample_zikv_L1/zikv_L1_GAGTGG_L002_R1_004.fastq.gz and /fh/fast/bloom_j/SR/ngs/illumina/bloom_lab/180427_SN367_1155_BHHJMKBCX2/Unaligned/Project_bloom_lab/Sample_zikv_L1/zikv_L1_GAGTGG_L002_R2_004.fastq.gz

2022-07-20 17:18:54,221 - INFO - Now parsing read pairs...
2022-07-20 17:19:00,756 - INFO - Reads parsed so far: 500000
2022-07-20 17:19:06,894 - INFO - Reads parsed so far: 1000000
2022-07-20 17:19:13,625 - INFO - Reads parsed so far: 1500000
2022-07-20 17:19:20,197 - INFO - Reads parsed so far: 2000000
2022-07-20 17:19:27,179 - INFO - Reads parsed so far: 2500000
2022-07-20 17:19:32,428 - INFO - Reads parsed so far: 3000000
2022-07-20 17:19:39,333 - INFO - Reads parsed so far: 3500000
2022-07-20 17:19:44,355 - INFO - Reads parsed so far: 4000000
2022-07-20 17:19:51,255 - INFO - Reads parsed so far: 4500000
2022-07-20 17:19:56,457 - INFO - Reads parsed so far: 5000000
2022-07-20 17:20:01,615 - INFO - Reads parsed so far: 5500000
2022-07-20 17:20:09,163 - INFO - Reads parsed so far: 6000000
2022-07-20 17:20:14,344 - INFO - Reads parsed so far: 6500000
2022-07-20 17:20:19,512 - INFO - Reads parsed so far: 7000000
2022-07-20 17:20:24,631 - INFO - Reads parsed so far: 7500000
2022-07-20 17:20:29,687 - INFO - Reads parsed so far: 8000000
2022-07-20 17:20:37,735 - INFO - Reads parsed so far: 8500000
2022-07-20 17:20:42,785 - INFO - Reads parsed so far: 9000000
2022-07-20 17:20:47,814 - INFO - Reads parsed so far: 9500000
2022-07-20 17:20:52,829 - INFO - Reads parsed so far: 10000000
2022-07-20 17:20:57,880 - INFO - Reads parsed so far: 10500000
2022-07-20 17:21:02,927 - INFO - Reads parsed so far: 11000000
2022-07-20 17:21:07,970 - INFO - Reads parsed so far: 11500000
2022-07-20 17:21:17,072 - INFO - Reads parsed so far: 12000000
2022-07-20 17:21:22,128 - INFO - Reads parsed so far: 12500000
2022-07-20 17:21:27,482 - INFO - Reads parsed so far: 13000000
2022-07-20 17:21:32,201 - INFO - Parsed 13469738 reads, found 5809218 unique barcodes.
2022-07-20 17:21:32,203 - INFO - Summary stats on reads:
    total  fail filter  low Q barcode
 13469738       334401        1042802
2022-07-20 17:21:32,204 - INFO - Writing these stats to results/bottleneck_codoncounts/JV2019-Lib1-virus_readstats.csv

2022-07-20 17:21:33,535 - INFO - Number of reads per barcode:
                 number of barcodes
number of reads                    
1                           3909549
2                            365773
3                            404126
4                            374580
5                            296354
6                            202409
7                            123731
8                             68420
9                             34887
10                            16397
11                             7408
12                             3265
13                             1312
14                              584
15                              196
16                              103
17                               52
18                               22
19                               17
20                                4
21                                4
22                                3
23                                4
24                                1
25                                1
26                                2
27                                1
28                                1
30                                2
31                                1
32                                1
33                                1
34                                1
35                                1
38                                1
41                                1
53                                2
109                               1
2022-07-20 17:21:33,536 - INFO - Writing these stats to results/bottleneck_codoncounts/JV2019-Lib1-virus_readsperbc.csv

2022-07-20 17:21:33,541 - INFO - Examining the 5809218 barcodes to build and align subamplicons...
2022-07-20 17:21:43,849 - INFO - Barcodes examined so far: 200000
2022-07-20 17:21:54,392 - INFO - Barcodes examined so far: 400000
2022-07-20 17:22:04,653 - INFO - Barcodes examined so far: 600000
2022-07-20 17:22:14,758 - INFO - Barcodes examined so far: 800000
2022-07-20 17:22:25,065 - INFO - Barcodes examined so far: 1000000
2022-07-20 17:22:35,232 - INFO - Barcodes examined so far: 1200000
2022-07-20 17:22:44,997 - INFO - Barcodes examined so far: 1400000
2022-07-20 17:22:54,500 - INFO - Barcodes examined so far: 1600000
2022-07-20 17:23:03,585 - INFO - Barcodes examined so far: 1800000
2022-07-20 17:23:12,210 - INFO - Barcodes examined so far: 2000000
2022-07-20 17:23:20,560 - INFO - Barcodes examined so far: 2200000
2022-07-20 17:23:28,415 - INFO - Barcodes examined so far: 2400000
2022-07-20 17:23:35,937 - INFO - Barcodes examined so far: 2600000
2022-07-20 17:23:42,882 - INFO - Barcodes examined so far: 2800000
2022-07-20 17:23:49,400 - INFO - Barcodes examined so far: 3000000
2022-07-20 17:23:55,507 - INFO - Barcodes examined so far: 3200000
2022-07-20 17:24:01,133 - INFO - Barcodes examined so far: 3400000
2022-07-20 17:24:06,397 - INFO - Barcodes examined so far: 3600000
2022-07-20 17:24:11,271 - INFO - Barcodes examined so far: 3800000
2022-07-20 17:24:15,724 - INFO - Barcodes examined so far: 4000000
2022-07-20 17:24:19,751 - INFO - Barcodes examined so far: 4200000
2022-07-20 17:24:23,470 - INFO - Barcodes examined so far: 4400000
2022-07-20 17:24:26,853 - INFO - Barcodes examined so far: 4600000
2022-07-20 17:24:29,934 - INFO - Barcodes examined so far: 4800000
2022-07-20 17:24:32,790 - INFO - Barcodes examined so far: 5000000
2022-07-20 17:24:35,421 - INFO - Barcodes examined so far: 5200000
2022-07-20 17:24:37,799 - INFO - Barcodes examined so far: 5400000
2022-07-20 17:24:39,995 - INFO - Barcodes examined so far: 5600000
2022-07-20 17:24:42,003 - INFO - Barcodes examined so far: 5800000
2022-07-20 17:24:42,166 - INFO - Examined all barcodes. Summary stats:
   total  too few reads  not alignable  aligned
 5809218        3909549         126685  1772984
2022-07-20 17:24:42,167 - INFO - Writing these stats to results/bottleneck_codoncounts/JV2019-Lib1-virus_bcstats.csv

2022-07-20 17:24:42,187 - INFO - Writing the counts of each codon identity at each site to results/bottleneck_codoncounts/JV2019-Lib1-virus_codoncounts.csv

2022-07-20 17:24:42,218 - INFO - Successful completion of dms2_bcsubamp
