2022-07-21 10:23:35,145 - INFO - Beginning execution of dms2_diffsel in directory /fh/fast/bloom_j/computational_notebooks/ckikawa/2022/ZIKV_MAP_GooLab

2022-07-21 10:23:35,145 - INFO - Progress is being logged to ./results/grouped_diffsel/MZ4-MZ4-2400.log
2022-07-21 10:23:35,182 - INFO - Version information:
	Time and date: Thu Jul 21 10:23:35 2022
	Platform: Linux-4.15.0-101-generic-x86_64-with-glibc2.10
	Python version: 3.8.13 | packaged by conda-forge | (default, Mar 25 2022, 06:04:10)  [GCC 10.3.0]
	dms_tools2 version: 2.6.10
	Bio version: 1.79
	pandas version: 0.25.3
	numpy version: 1.19.5
	IPython version: 8.3.0
	jupyter version: 1.0.0
	matplotlib version: 3.2.2
	plotnine version: 0.6.0
	natsort version: 8.1.0
	pystan version: 2.19.1.1
	scipy version: 1.5.2
	seaborn version: 0.10.1
	phydmslib version: 2.4.1
	statsmodels version: 0.11.1
	rpy2 cannot be imported
	regex version: 2.5.114
	umi_tools version: 1.1.2

2022-07-21 10:23:35,182 - INFO - Parsed the following arguments:
	outdir = ./results/grouped_diffsel
	ncpus = 1
	use_existing = no
	indir = ./results/codoncounts
	chartype = codon_to_aa
	excludestop = yes
	pseudocount = 5.0
	mincount = 0
	name = MZ4-MZ4-2400
	sel = lib1-MZ4-2400
	mock = lib1-no-antibody
	err = None

2022-07-21 10:23:35,184 - INFO - Removing existing file ./results/grouped_diffsel/MZ4-MZ4-2400_mutdiffsel.csv
2022-07-21 10:23:35,198 - INFO - Removing existing file ./results/grouped_diffsel/MZ4-MZ4-2400_sitediffsel.csv
2022-07-21 10:23:35,206 - INFO - Reading selected sample counts from lib1-MZ4-2400
2022-07-21 10:23:35,220 - INFO - Reading mock-selected sample counts from lib1-no-antibody
2022-07-21 10:23:35,225 - INFO - Computing mutdiffsel...
2022-07-21 10:23:36,700 - INFO - Mutations with largest mutdiffsel:
 site wildtype mutation  mutdiffsel
  466        I        A        3.36
   38        K        S        2.92
   20        W        S        2.85
  298        L        I        2.79
   38        K        L        2.76
  403        S        H        2.72
  374        M        L        2.71
  368        S        R        2.71
   76        T        S        2.65
  415        V        I        2.55

2022-07-21 10:23:36,700 - INFO - Writing to ./results/grouped_diffsel/MZ4-MZ4-2400_mutdiffsel.csv
2022-07-21 10:23:36,739 - INFO - Computing sitediffsel...
2022-07-21 10:23:36,768 - INFO - Sites with largest absolute sitediffsel:
 site  abs_diffsel  positive_diffsel  negative_diffsel  max_diffsel  min_diffsel
  443        32.61              0.00            -32.61         0.00        -5.12
  349        30.01              1.91            -28.11         0.55        -4.31
   88        23.64              5.99            -17.65         1.39        -4.97
  403        23.50              6.58            -16.93         2.72        -2.61
   29        20.65              2.54            -18.11         1.42        -4.94
  439        19.91              1.10            -18.81         0.78        -4.28
   47        19.25              2.43            -16.82         1.29        -3.50
   27        19.01              0.86            -18.14         0.86        -3.56
  375        18.44              0.73            -17.72         0.56        -3.86
  344        18.36              3.57            -14.79         1.63        -2.63

2022-07-21 10:23:36,768 - INFO - Writing to ./results/grouped_diffsel/MZ4-MZ4-2400_sitediffsel.csv
2022-07-21 10:23:36,777 - INFO - Successful completion of dms2_diffsel
