2022-08-02 17:10:24,477 - INFO - Beginning execution of dms2_diffsel in directory /fh/fast/bloom_j/computational_notebooks/ckikawa/2022/ZIKV_MAP_GooLab

2022-08-02 17:10:24,478 - INFO - Progress is being logged to ./results/grouped_diffsel/ZV-67-ZV67-80000.log
2022-08-02 17:10:24,514 - INFO - Version information:
	Time and date: Tue Aug  2 17:10:24 2022
	Platform: Linux-4.15.0-101-generic-x86_64-with-glibc2.10
	Python version: 3.8.13 | packaged by conda-forge | (default, Mar 25 2022, 06:04:10)  [GCC 10.3.0]
	dms_tools2 version: 2.6.10
	Bio version: 1.79
	pandas version: 0.25.3
	numpy version: 1.19.5
	IPython version: 8.3.0
	jupyter version: 1.0.0
	matplotlib version: 3.2.2
	plotnine version: 0.6.0
	natsort version: 8.1.0
	pystan version: 2.19.1.1
	scipy version: 1.5.2
	seaborn version: 0.10.1
	phydmslib version: 2.4.1
	statsmodels version: 0.11.1
	rpy2 cannot be imported
	regex version: 2.5.114
	umi_tools version: 1.1.2

2022-08-02 17:10:24,514 - INFO - Parsed the following arguments:
	outdir = ./results/grouped_diffsel
	ncpus = 1
	use_existing = no
	indir = ./results/codoncounts
	chartype = codon_to_aa
	excludestop = yes
	pseudocount = 5.0
	mincount = 0
	name = ZV-67-ZV67-80000
	sel = lib1-ZV67-80000
	mock = lib1-no-antibody
	err = None

2022-08-02 17:10:24,520 - INFO - Removing existing file ./results/grouped_diffsel/ZV-67-ZV67-80000_mutdiffsel.csv
2022-08-02 17:10:24,541 - INFO - Removing existing file ./results/grouped_diffsel/ZV-67-ZV67-80000_sitediffsel.csv
2022-08-02 17:10:24,565 - INFO - Reading selected sample counts from lib1-ZV67-80000
2022-08-02 17:10:24,578 - INFO - Reading mock-selected sample counts from lib1-no-antibody
2022-08-02 17:10:24,584 - INFO - Computing mutdiffsel...
2022-08-02 17:10:26,006 - INFO - Mutations with largest mutdiffsel:
 site wildtype mutation  mutdiffsel
  373        K        S        4.13
  311        A        E        4.11
  427        T        K        3.95
  311        A        P        3.91
   41        V        A        3.67
  445        I        T        3.62
  491        L        T        3.46
  331        Q        C        3.38
  348        D        E        3.38
  479        T        G        3.36

2022-08-02 17:10:26,006 - INFO - Writing to ./results/grouped_diffsel/ZV-67-ZV67-80000_mutdiffsel.csv
2022-08-02 17:10:26,039 - INFO - Computing sitediffsel...
2022-08-02 17:10:26,065 - INFO - Sites with largest absolute sitediffsel:
 site  abs_diffsel  positive_diffsel  negative_diffsel  max_diffsel  min_diffsel
  443        35.94              0.00            -35.94         0.00        -5.46
  349        35.16              0.04            -35.12         0.04        -4.17
   47        29.85              0.48            -29.37         0.48        -5.79
  375        27.19              0.24            -26.95         0.24        -3.71
  283        25.20              2.81            -22.39         2.65        -3.33
  148        24.39              3.79            -20.60         2.03        -4.00
   84        24.37              4.29            -20.08         3.10        -4.14
   83        23.12              0.00            -23.12         0.00        -4.38
  373        21.96             15.04             -6.91         4.13        -1.49
  403        21.48              1.76            -19.73         1.38        -2.81

2022-08-02 17:10:26,065 - INFO - Writing to ./results/grouped_diffsel/ZV-67-ZV67-80000_sitediffsel.csv
2022-08-02 17:10:26,074 - INFO - Successful completion of dms2_diffsel
