IQ-TREE multicore version 1.6.12 for Linux 64-bit built Aug 15 2019
Developed by Bui Quang Minh, Nguyen Lam Tung, Olga Chernomor,
Heiko Schmidt, Dominik Schrempf, Michael Woodhams.

Host:    fermat (AVX2, FMA3, 1009 GB RAM)
Command: ../../iqtree -s zikv_e_CODON_alignment.fasta -st CODON -m MG2K+F3x4 -bb 1000 -alrt 1000
Seed:    160636 (Using SPRNG - Scalable Parallel Random Number Generator)
Time:    Sat Nov 12 02:20:06 2022
Kernel:  AVX+FMA - 1 threads (128 CPU cores detected)

HINT: Use -nt option to specify number of threads because your CPU has 128 cores!
HINT: -nt AUTO will automatically determine the best number of threads to use.

Reading alignment file zikv_e_CODON_alignment.fasta ... Fasta format detected
Alignment most likely contains DNA/RNA sequences
Converting to codon sequences with genetic code  ...
Alignment has 7 sequences with 504 columns, 490 distinct patterns
308 parsimony-informative, 176 singleton sites, 20 constant sites
               Gap/Ambiguity  Composition  p-value
   1  WNV              1.39%    passed     41.97%
   2  ZIKV_HPF2013     0.00%    passed     91.25%
   3  ZIKV_MR766       0.79%    passed     99.05%
   4  DENV4_TVP360     1.79%    passed     99.97%
   5  DENV2_16681      1.79%    passed     70.17%
   6  DENV3_CH53489    2.18%    passed     77.99%
   7  DENV1_16007      1.79%    passed     12.23%
****  TOTAL            1.39%  0 sequences failed composition chi2 test (p-value<5%; df=60)
Creating fast initial parsimony tree by random order stepwise addition...
0.057 seconds, parsimony score: 1613 (based on 484 sites)
Generating 1000 samples for ultrafast bootstrap (seed: 160636)...

NOTE: 4 MB RAM (0 GB) is required!
Estimate model parameters (epsilon = 0.100)
1. Initial log-likelihood: -9933.066
2. Current log-likelihood: -9273.736
3. Current log-likelihood: -9117.145
4. Current log-likelihood: -9055.213
5. Current log-likelihood: -9035.714
6. Current log-likelihood: -9025.580
7. Current log-likelihood: -9019.126
8. Current log-likelihood: -9014.605
9. Current log-likelihood: -9011.158
10. Current log-likelihood: -9008.430
11. Current log-likelihood: -9006.205
12. Current log-likelihood: -9004.356
13. Current log-likelihood: -9002.792
14. Current log-likelihood: -9001.454
15. Current log-likelihood: -9000.298
16. Current log-likelihood: -8999.293
17. Current log-likelihood: -8998.411
18. Current log-likelihood: -8997.635
19. Current log-likelihood: -8996.949
20. Current log-likelihood: -8996.336
21. Current log-likelihood: -8995.788
22. Current log-likelihood: -8995.296
23. Current log-likelihood: -8994.853
24. Current log-likelihood: -8994.453
25. Current log-likelihood: -8994.090
26. Current log-likelihood: -8993.759
27. Current log-likelihood: -8993.458
28. Current log-likelihood: -8993.183
29. Current log-likelihood: -8992.931
30. Current log-likelihood: -8992.699
31. Current log-likelihood: -8992.486
32. Current log-likelihood: -8992.263
33. Current log-likelihood: -8992.060
34. Current log-likelihood: -8991.871
35. Current log-likelihood: -8991.697
36. Current log-likelihood: -8991.538
37. Current log-likelihood: -8991.392
38. Current log-likelihood: -8991.256
39. Current log-likelihood: -8991.131
40. Current log-likelihood: -8991.016
41. Current log-likelihood: -8990.909
Optimal log-likelihood: -8990.768
Nonsynonymous/synonymous ratio (omega): 0.030
Transition/transversion ratio (kappa): 1.827
Transition/transversion ratio 2 (kappa2): 1.006
Parameters optimization took 41 rounds (7.954 sec)
Computing ML distances based on estimated model parameters... 0.328 sec
WARNING: Some pairwise ML distances are too long (saturated)
Computing BIONJ tree...
0.055 seconds
Log-likelihood of BIONJ tree: -8969.740
--------------------------------------------------------------------
|             INITIALIZING CANDIDATE TREE SET                      |
--------------------------------------------------------------------
Generating 98 parsimony trees... 0.020 second
Computing log-likelihood of 48 initial trees ... 1.367 seconds
Current best score: -8969.740

Do NNI search on 20 best initial trees
Estimate model parameters (epsilon = 0.100)
BETTER TREE FOUND at iteration 1: -8969.641
Iteration 10 / LogL: -8970.154 / Time: 0h:0m:11s
Iteration 20 / LogL: -8970.363 / Time: 0h:0m:12s
Finish initializing candidate tree set (1)
Current best tree score: -8969.641 / CPU time: 4.246
Number of iterations: 20
--------------------------------------------------------------------
|               OPTIMIZING CANDIDATE TREE SET                      |
--------------------------------------------------------------------
Iteration 30 / LogL: -8969.749 / Time: 0h:0m:14s (0h:0m:34s left)
UPDATE BEST LOG-LIKELIHOOD: -8969.641
Iteration 40 / LogL: -8969.700 / Time: 0h:0m:15s (0h:0m:24s left)
UPDATE BEST LOG-LIKELIHOOD: -8969.641
Iteration 50 / LogL: -8969.747 / Time: 0h:0m:17s (0h:0m:17s left)
Log-likelihood cutoff on original alignment: -9016.272
Iteration 60 / LogL: -8969.692 / Time: 0h:0m:18s (0h:0m:12s left)
Iteration 70 / LogL: -8970.385 / Time: 0h:0m:19s (0h:0m:8s left)
UPDATE BEST LOG-LIKELIHOOD: -8969.639
UPDATE BEST LOG-LIKELIHOOD: -8969.638
Iteration 80 / LogL: -8969.638 / Time: 0h:0m:21s (0h:0m:5s left)
Iteration 90 / LogL: -8969.648 / Time: 0h:0m:22s (0h:0m:2s left)
Iteration 100 / LogL: -8970.030 / Time: 0h:0m:23s (0h:0m:0s left)
Log-likelihood cutoff on original alignment: -9016.272
NOTE: Bootstrap correlation coefficient of split occurrence frequencies: 1.000
TREE SEARCH COMPLETED AFTER 102 ITERATIONS / Time: 0h:0m:23s

--------------------------------------------------------------------
|                    FINALIZING TREE SEARCH                        |
--------------------------------------------------------------------
Performs final model parameters optimization
Estimate model parameters (epsilon = 0.010)
1. Initial log-likelihood: -8969.638
2. Current log-likelihood: -8969.593
3. Current log-likelihood: -8969.506
4. Current log-likelihood: -8969.424
5. Current log-likelihood: -8969.348
6. Current log-likelihood: -8969.277
7. Current log-likelihood: -8969.209
8. Current log-likelihood: -8969.146
9. Current log-likelihood: -8969.086
10. Current log-likelihood: -8969.029
11. Current log-likelihood: -8968.976
12. Current log-likelihood: -8968.925
13. Current log-likelihood: -8968.878
14. Current log-likelihood: -8968.833
15. Current log-likelihood: -8968.790
16. Current log-likelihood: -8968.750
17. Current log-likelihood: -8968.712
18. Current log-likelihood: -8968.676
19. Current log-likelihood: -8968.641
20. Current log-likelihood: -8968.609
21. Current log-likelihood: -8968.578
22. Current log-likelihood: -8968.549
23. Current log-likelihood: -8968.521
24. Current log-likelihood: -8968.494
25. Current log-likelihood: -8968.469
26. Current log-likelihood: -8968.445
27. Current log-likelihood: -8968.422
28. Current log-likelihood: -8968.401
29. Current log-likelihood: -8968.380
30. Current log-likelihood: -8968.357
31. Current log-likelihood: -8968.336
32. Current log-likelihood: -8968.315
33. Current log-likelihood: -8968.296
34. Current log-likelihood: -8968.277
35. Current log-likelihood: -8968.260
36. Current log-likelihood: -8968.243
37. Current log-likelihood: -8968.228
38. Current log-likelihood: -8968.213
39. Current log-likelihood: -8968.199
40. Current log-likelihood: -8968.185
41. Current log-likelihood: -8968.173
42. Current log-likelihood: -8968.160
43. Current log-likelihood: -8968.149
44. Current log-likelihood: -8968.138
45. Current log-likelihood: -8968.128
Optimal log-likelihood: -8968.114
Nonsynonymous/synonymous ratio (omega): 0.022
Transition/transversion ratio (kappa): 5.093
Transition/transversion ratio 2 (kappa2): 2.764
Parameters optimization took 45 rounds (9.073 sec)
BEST SCORE FOUND : -8968.114

Testing tree branches by SH-like aLRT with 1000 replicates...
0.125 sec.
Creating bootstrap support values...
Split supports printed to NEXUS file zikv_e_CODON_alignment.fasta.splits.nex
Total tree length: 38.660

Total number of iterations: 102
CPU time used for tree search: 14.716 sec (0h:0m:14s)
Wall-clock time used for tree search: 15.105 sec (0h:0m:15s)
Total CPU time used: 32.444 sec (0h:0m:32s)
Total wall-clock time used: 33.193 sec (0h:0m:33s)

Computing bootstrap consensus tree...
Reading input file zikv_e_CODON_alignment.fasta.splits.nex...
7 taxa and 15 splits.
Consensus tree written to zikv_e_CODON_alignment.fasta.contree
Reading input trees file zikv_e_CODON_alignment.fasta.contree
Log-likelihood of consensus tree: -8968.116

Analysis results written to: 
  IQ-TREE report:                zikv_e_CODON_alignment.fasta.iqtree
  Maximum-likelihood tree:       zikv_e_CODON_alignment.fasta.treefile
  Likelihood distances:          zikv_e_CODON_alignment.fasta.mldist

Ultrafast bootstrap approximation results written to:
  Split support values:          zikv_e_CODON_alignment.fasta.splits.nex
  Consensus tree:                zikv_e_CODON_alignment.fasta.contree
  Screen log file:               zikv_e_CODON_alignment.fasta.log

Date and Time: Sat Nov 12 02:20:40 2022
