2022-07-21 10:24:49,783 - INFO - Beginning execution of dms2_diffsel in directory /fh/fast/bloom_j/computational_notebooks/ckikawa/2022/ZIKV_MAP_GooLab

2022-07-21 10:24:49,783 - INFO - Progress is being logged to ./results/diffsel/C10-150.log
2022-07-21 10:24:49,820 - INFO - Version information:
	Time and date: Thu Jul 21 10:24:49 2022
	Platform: Linux-4.15.0-101-generic-x86_64-with-glibc2.10
	Python version: 3.8.13 | packaged by conda-forge | (default, Mar 25 2022, 06:04:10)  [GCC 10.3.0]
	dms_tools2 version: 2.6.10
	Bio version: 1.79
	pandas version: 0.25.3
	numpy version: 1.19.5
	IPython version: 8.3.0
	jupyter version: 1.0.0
	matplotlib version: 3.2.2
	plotnine version: 0.6.0
	natsort version: 8.1.0
	pystan version: 2.19.1.1
	scipy version: 1.5.2
	seaborn version: 0.10.1
	phydmslib version: 2.4.1
	statsmodels version: 0.11.1
	rpy2 cannot be imported
	regex version: 2.5.114
	umi_tools version: 1.1.2

2022-07-21 10:24:49,820 - INFO - Parsed the following arguments:
	outdir = ./results/diffsel
	ncpus = 1
	use_existing = no
	indir = ./results/codoncounts
	chartype = codon_to_aa
	excludestop = yes
	pseudocount = 5.0
	mincount = 0
	name = C10-150
	sel = lib1-C10-150
	mock = lib1-no-antibody
	err = None

2022-07-21 10:24:49,823 - INFO - Removing existing file ./results/diffsel/C10-150_mutdiffsel.csv
2022-07-21 10:24:49,836 - INFO - Removing existing file ./results/diffsel/C10-150_sitediffsel.csv
2022-07-21 10:24:49,856 - INFO - Reading selected sample counts from lib1-C10-150
2022-07-21 10:24:49,869 - INFO - Reading mock-selected sample counts from lib1-no-antibody
2022-07-21 10:24:49,876 - INFO - Computing mutdiffsel...
2022-07-21 10:24:51,324 - INFO - Mutations with largest mutdiffsel:
 site wildtype mutation  mutdiffsel
   64        S        Q        3.80
  324        G        S        3.72
   48        T        I        3.52
   46        V        W        3.46
  406        T        I        3.10
   38        K        L        2.90
   28        G        A        2.90
   89        Q        E        2.80
    7        S        H        2.77
  439        N        F        2.74

2022-07-21 10:24:51,324 - INFO - Writing to ./results/diffsel/C10-150_mutdiffsel.csv
2022-07-21 10:24:51,362 - INFO - Computing sitediffsel...
2022-07-21 10:24:51,388 - INFO - Sites with largest absolute sitediffsel:
 site  abs_diffsel  positive_diffsel  negative_diffsel  max_diffsel  min_diffsel
  375        20.85              0.49            -20.36         0.47        -3.40
  403        18.44              8.80             -9.64         1.80        -2.20
  443        17.94              0.00            -17.94         0.00        -1.96
  149        17.63              1.26            -16.37         1.09        -3.64
  351        17.63              6.98            -10.65         2.46        -2.17
   88        17.41              6.85            -10.56         2.49        -2.65
  344        16.09              0.72            -15.36         0.45        -2.03
  439        15.85              8.16             -7.68         2.74        -1.79
  148        15.17              0.49            -14.68         0.42        -3.35
  166        15.01              4.93            -10.08         1.71        -1.44

2022-07-21 10:24:51,388 - INFO - Writing to ./results/diffsel/C10-150_sitediffsel.csv
2022-07-21 10:24:51,397 - INFO - Successful completion of dms2_diffsel
