2022-08-02 17:11:34,685 - INFO - Beginning execution of dms2_diffsel in directory /fh/fast/bloom_j/computational_notebooks/ckikawa/2022/ZIKV_MAP_GooLab

2022-08-02 17:11:34,686 - INFO - Progress is being logged to ./results/diffsel/C8-1600.log
2022-08-02 17:11:34,722 - INFO - Version information:
	Time and date: Tue Aug  2 17:11:34 2022
	Platform: Linux-4.15.0-101-generic-x86_64-with-glibc2.10
	Python version: 3.8.13 | packaged by conda-forge | (default, Mar 25 2022, 06:04:10)  [GCC 10.3.0]
	dms_tools2 version: 2.6.10
	Bio version: 1.79
	pandas version: 0.25.3
	numpy version: 1.19.5
	IPython version: 8.3.0
	jupyter version: 1.0.0
	matplotlib version: 3.2.2
	plotnine version: 0.6.0
	natsort version: 8.1.0
	pystan version: 2.19.1.1
	scipy version: 1.5.2
	seaborn version: 0.10.1
	phydmslib version: 2.4.1
	statsmodels version: 0.11.1
	rpy2 cannot be imported
	regex version: 2.5.114
	umi_tools version: 1.1.2

2022-08-02 17:11:34,722 - INFO - Parsed the following arguments:
	outdir = ./results/diffsel
	ncpus = 1
	use_existing = no
	indir = ./results/codoncounts
	chartype = codon_to_aa
	excludestop = yes
	pseudocount = 5.0
	mincount = 0
	name = C8-1600
	sel = lib1-C8-1600
	mock = lib1-no-antibody
	err = None

2022-08-02 17:11:34,725 - INFO - Removing existing file ./results/diffsel/C8-1600_mutdiffsel.csv
2022-08-02 17:11:34,753 - INFO - Removing existing file ./results/diffsel/C8-1600_sitediffsel.csv
2022-08-02 17:11:34,774 - INFO - Reading selected sample counts from lib1-C8-1600
2022-08-02 17:11:34,789 - INFO - Reading mock-selected sample counts from lib1-no-antibody
2022-08-02 17:11:34,795 - INFO - Computing mutdiffsel...
2022-08-02 17:11:36,188 - INFO - Mutations with largest mutdiffsel:
 site wildtype mutation  mutdiffsel
   95        T        C        6.93
   97        V        S        6.81
  350        Q        M        5.69
   28        G        A        5.66
   55        E        V        5.60
  479        T        M        5.53
  326        V        L        5.17
  397        T        G        4.98
  193        R        S        4.54
  106        G        F        4.41

2022-08-02 17:11:36,189 - INFO - Writing to ./results/diffsel/C8-1600_mutdiffsel.csv
2022-08-02 17:11:36,219 - INFO - Computing sitediffsel...
2022-08-02 17:11:36,245 - INFO - Sites with largest absolute sitediffsel:
 site  abs_diffsel  positive_diffsel  negative_diffsel  max_diffsel  min_diffsel
  349        26.02              7.47            -18.55         2.96        -3.80
  283        25.07              9.28            -15.79         4.09        -2.69
   29        24.00              3.51            -20.49         2.00        -5.09
  375        23.17              1.37            -21.80         0.78        -3.64
  397        22.72              9.09            -13.63         4.98        -3.07
  350        22.15              7.57            -14.59         5.69        -2.82
  344        21.22              2.06            -19.16         1.85        -2.66
   84        20.42              3.79            -16.63         3.79        -2.46
  443        20.06              0.00            -20.06         0.00        -3.69
  439        19.58              5.41            -14.17         4.00        -3.27

2022-08-02 17:11:36,245 - INFO - Writing to ./results/diffsel/C8-1600_sitediffsel.csv
2022-08-02 17:11:36,253 - INFO - Successful completion of dms2_diffsel
