2022-07-21 10:24:49,741 - INFO - Beginning execution of dms2_diffsel in directory /fh/fast/bloom_j/computational_notebooks/ckikawa/2022/ZIKV_MAP_GooLab

2022-07-21 10:24:49,741 - INFO - Progress is being logged to ./results/diffsel/C8-800.log
2022-07-21 10:24:49,776 - INFO - Version information:
	Time and date: Thu Jul 21 10:24:49 2022
	Platform: Linux-4.15.0-101-generic-x86_64-with-glibc2.10
	Python version: 3.8.13 | packaged by conda-forge | (default, Mar 25 2022, 06:04:10)  [GCC 10.3.0]
	dms_tools2 version: 2.6.10
	Bio version: 1.79
	pandas version: 0.25.3
	numpy version: 1.19.5
	IPython version: 8.3.0
	jupyter version: 1.0.0
	matplotlib version: 3.2.2
	plotnine version: 0.6.0
	natsort version: 8.1.0
	pystan version: 2.19.1.1
	scipy version: 1.5.2
	seaborn version: 0.10.1
	phydmslib version: 2.4.1
	statsmodels version: 0.11.1
	rpy2 cannot be imported
	regex version: 2.5.114
	umi_tools version: 1.1.2

2022-07-21 10:24:49,776 - INFO - Parsed the following arguments:
	outdir = ./results/diffsel
	ncpus = 1
	use_existing = no
	indir = ./results/codoncounts
	chartype = codon_to_aa
	excludestop = yes
	pseudocount = 5.0
	mincount = 0
	name = C8-800
	sel = lib1-C8-800
	mock = lib1-no-antibody
	err = None

2022-07-21 10:24:49,782 - INFO - Removing existing file ./results/diffsel/C8-800_mutdiffsel.csv
2022-07-21 10:24:49,794 - INFO - Removing existing file ./results/diffsel/C8-800_sitediffsel.csv
2022-07-21 10:24:49,810 - INFO - Reading selected sample counts from lib1-C8-800
2022-07-21 10:24:49,824 - INFO - Reading mock-selected sample counts from lib1-no-antibody
2022-07-21 10:24:49,830 - INFO - Computing mutdiffsel...
2022-07-21 10:24:51,304 - INFO - Mutations with largest mutdiffsel:
 site wildtype mutation  mutdiffsel
   28        G        S        4.19
   88        T        A        4.06
   51        S        T        3.98
  226        H        V        3.89
  346        A        G        3.79
  397        T        G        3.66
  497        F        C        3.63
  169        V        L        3.55
  231        T        V        3.55
  142        S        T        3.53

2022-07-21 10:24:51,305 - INFO - Writing to ./results/diffsel/C8-800_mutdiffsel.csv
2022-07-21 10:24:51,346 - INFO - Computing sitediffsel...
2022-07-21 10:24:51,375 - INFO - Sites with largest absolute sitediffsel:
 site  abs_diffsel  positive_diffsel  negative_diffsel  max_diffsel  min_diffsel
  283        22.53              4.58            -17.95         2.58        -3.00
  148        22.23              1.06            -21.17         0.67        -4.52
  403        21.75              7.25            -14.51         3.06        -2.60
  443        21.02              1.14            -19.88         1.14        -3.96
   83        21.01              2.73            -18.28         2.73        -4.77
  375        20.77              0.74            -20.03         0.42        -4.53
   88        20.34              5.42            -14.92         4.06        -3.04
   29        19.81              0.51            -19.30         0.51        -4.39
  344        19.63              4.13            -15.50         1.72        -3.73
  439        18.86              5.82            -13.04         1.72        -1.97

2022-07-21 10:24:51,375 - INFO - Writing to ./results/diffsel/C8-800_sitediffsel.csv
2022-07-21 10:24:51,384 - INFO - Successful completion of dms2_diffsel
