2023-08-31 13:45:11,653 - INFO - Beginning execution of dms2_logoplot in directory /fh/fast/bloom_j/computational_notebooks/ckikawa/2022/ZIKV_MAP_GooLab

2023-08-31 13:45:11,653 - INFO - Progress is being logged to ./results/diffsel/EDE1-C8.log
2023-08-31 13:45:11,688 - INFO - Version information:
	Time and date: Thu Aug 31 13:45:11 2023
	Platform: Linux-4.15.0-192-generic-x86_64-with-glibc2.10
	Python version: 3.8.13 | packaged by conda-forge | (default, Mar 25 2022, 06:04:10)  [GCC 10.3.0]
	dms_tools2 version: 2.6.10
	Bio version: 1.79
	pandas version: 0.25.3
	numpy version: 1.19.5
	IPython version: 8.4.0
	jupyter version: 1.0.0
	matplotlib version: 3.2.2
	plotnine version: 0.6.0
	natsort version: 8.2.0
	pystan version: 2.19.1.1
	scipy version: 1.6.0
	seaborn version: 0.10.1
	phydmslib version: 2.4.1
	statsmodels version: 0.11.1
	rpy2 cannot be imported
	regex version: 2.5.121
	umi_tools version: 1.1.2

2023-08-31 13:45:11,688 - INFO - Parsed the following arguments:
	outdir = ./results/diffsel
	ncpus = -1
	use_existing = yes
	prefs = None
	diffsel = ./results/diffsel/antibody_EDE1-C8_median.csv
	fracsurvive = None
	diffprefs = None
	muteffects = None
	name = EDE1-C8
	nperline = 101
	numberevery = 5
	excludestop = no
	stringency = 1
	restrictdiffsel = positive
	diffselrange = None
	muteffectrange = None
	fracsurvivemax = None
	sortsites = yes
	mapmetric = functionalgroup
	colormap = colorwheel
	overlay1 = ['./results/diffsel/antibody_EDE1-C8_median.csv', 'wildtype', 'wildtype']
	overlay2 = None
	overlay3 = None
	underlay = yes
	scalebar = ['4', 'diffsel = 4']
	overlaycolormap = jet
	letterheight = 1
	ignore_extracols = no
	sepline = yes

2023-08-31 13:45:11,691 - INFO - Reading diffsel from file ./results/diffsel/antibody_EDE1-C8_median.csv...
2023-08-31 13:45:11,710 - INFO - Read data for 504 sites.

2023-08-31 13:45:11,738 - INFO - Reading overlay for wildtype from ./results/diffsel/antibody_EDE1-C8_median.csv...
2023-08-31 13:45:11,749 - INFO - Read overlay for 504 sites.

2023-08-31 13:45:11,749 - INFO - Making logo plot ./results/diffsel/EDE1-C8_diffsel.pdf...
2023-08-31 13:45:13,856 - INFO - Successfully created logo plot.

2023-08-31 13:45:13,856 - INFO - Successful completion of dms2_logoplot
