2023-01-16 15:28:01,449 - INFO - Beginning execution of dms2_diffsel in directory /fh/fast/bloom_j/computational_notebooks/ckikawa/2022/ZIKV_MAP_GooLab

2023-01-16 15:28:01,450 - INFO - Progress is being logged to ./results/diffsel/EDE1-C10-lib3-C10-150.log
2023-01-16 15:28:01,483 - INFO - Version information:
	Time and date: Mon Jan 16 15:28:01 2023
	Platform: Linux-4.15.0-192-generic-x86_64-with-glibc2.10
	Python version: 3.8.13 | packaged by conda-forge | (default, Mar 25 2022, 06:04:10)  [GCC 10.3.0]
	dms_tools2 version: 2.6.10
	Bio version: 1.79
	pandas version: 0.25.3
	numpy version: 1.19.5
	IPython version: 8.4.0
	jupyter version: 1.0.0
	matplotlib version: 3.2.2
	plotnine version: 0.6.0
	natsort version: 8.2.0
	pystan version: 2.19.1.1
	scipy version: 1.6.0
	seaborn version: 0.10.1
	phydmslib version: 2.4.1
	statsmodels version: 0.11.1
	rpy2 cannot be imported
	regex version: 2.5.121
	umi_tools version: 1.1.2

2023-01-16 15:28:01,483 - INFO - Parsed the following arguments:
	outdir = ./results/diffsel
	ncpus = 1
	use_existing = yes
	indir = ./results/codoncounts
	chartype = codon_to_aa
	excludestop = yes
	pseudocount = 5.0
	mincount = 0
	name = EDE1-C10-lib3-C10-150
	sel = lib3-C10-150
	mock = lib3-no-antibody
	err = None

2023-01-16 15:28:01,485 - INFO - Reading selected sample counts from lib3-C10-150
2023-01-16 15:28:01,494 - INFO - Reading mock-selected sample counts from lib3-no-antibody
2023-01-16 15:28:01,502 - INFO - Computing mutdiffsel...
2023-01-16 15:28:02,905 - INFO - Mutations with largest mutdiffsel:
 site wildtype mutation  mutdiffsel
  495        M        C        3.71
  488        C        T        3.49
   15        M        S        3.32
   41        V        N        3.20
   21        V        D        3.14
   46        V        R        3.13
   99        R        K        3.11
  451        A        M        3.07
   12        V        I        3.05
  464        S        I        3.04

2023-01-16 15:28:02,905 - INFO - Writing to ./results/diffsel/EDE1-C10-lib3-C10-150_mutdiffsel.csv
2023-01-16 15:28:02,937 - INFO - Computing sitediffsel...
2023-01-16 15:28:02,962 - INFO - Sites with largest absolute sitediffsel:
 site  abs_diffsel  positive_diffsel  negative_diffsel  max_diffsel  min_diffsel
   27        25.11              1.40            -23.72         1.40        -3.02
  161        24.87              0.84            -24.02         0.84        -3.11
  148        22.79              0.60            -22.19         0.60        -3.08
  152        22.16              1.93            -20.23         1.93        -3.35
  375        21.23              1.64            -19.58         0.92        -3.68
  403        20.90              2.10            -18.80         1.35        -3.18
  149        20.68              0.48            -20.20         0.48        -3.12
   88        19.16              1.92            -17.24         0.97        -2.56
  443        19.06              2.04            -17.02         1.09        -3.39
   84        18.20              2.28            -15.93         1.50        -2.59

2023-01-16 15:28:02,962 - INFO - Writing to ./results/diffsel/EDE1-C10-lib3-C10-150_sitediffsel.csv
2023-01-16 15:28:02,969 - INFO - Successful completion of dms2_diffsel
