2023-08-31 13:42:26,741 - INFO - Beginning execution of dms2_diffsel in directory /fh/fast/bloom_j/computational_notebooks/ckikawa/2022/ZIKV_MAP_GooLab

2023-08-31 13:42:26,741 - INFO - Progress is being logged to ./results/diffsel/EDE1-C8-1800-lib3-C8-1800.log
2023-08-31 13:42:26,774 - INFO - Version information:
	Time and date: Thu Aug 31 13:42:26 2023
	Platform: Linux-4.15.0-192-generic-x86_64-with-glibc2.10
	Python version: 3.8.13 | packaged by conda-forge | (default, Mar 25 2022, 06:04:10)  [GCC 10.3.0]
	dms_tools2 version: 2.6.10
	Bio version: 1.79
	pandas version: 0.25.3
	numpy version: 1.19.5
	IPython version: 8.4.0
	jupyter version: 1.0.0
	matplotlib version: 3.2.2
	plotnine version: 0.6.0
	natsort version: 8.2.0
	pystan version: 2.19.1.1
	scipy version: 1.6.0
	seaborn version: 0.10.1
	phydmslib version: 2.4.1
	statsmodels version: 0.11.1
	rpy2 cannot be imported
	regex version: 2.5.121
	umi_tools version: 1.1.2

2023-08-31 13:42:26,774 - INFO - Parsed the following arguments:
	outdir = ./results/diffsel
	ncpus = 1
	use_existing = yes
	indir = ./results/codoncounts
	chartype = codon_to_aa
	excludestop = yes
	pseudocount = 5.0
	mincount = 0
	name = EDE1-C8-1800-lib3-C8-1800
	sel = lib3-C8-1800
	mock = lib3-no-antibody
	err = None

2023-08-31 13:42:26,776 - INFO - Reading selected sample counts from lib3-C8-1800
2023-08-31 13:42:26,784 - INFO - Reading mock-selected sample counts from lib3-no-antibody
2023-08-31 13:42:26,791 - INFO - Computing mutdiffsel...
2023-08-31 13:42:28,186 - INFO - Mutations with largest mutdiffsel:
 site wildtype mutation  mutdiffsel
   85        Q        F        6.95
  213        V        G        6.86
  471        L        I        6.27
   51        S        A        6.00
  411        F        I        5.70
   61        Y        I        5.50
  333        A        W        5.01
  209        K        S        4.90
   55        E        L        4.83
    7        S        L        4.67

2023-08-31 13:42:28,186 - INFO - Writing to ./results/diffsel/EDE1-C8-1800-lib3-C8-1800_mutdiffsel.csv
2023-08-31 13:42:28,220 - INFO - Computing sitediffsel...
2023-08-31 13:42:28,246 - INFO - Sites with largest absolute sitediffsel:
 site  abs_diffsel  positive_diffsel  negative_diffsel  max_diffsel  min_diffsel
  443        46.11              0.00            -46.11         0.00        -6.09
  375        41.43              0.13            -41.30         0.13        -4.32
  403        38.69              0.46            -38.22         0.46        -4.01
  439        38.13             11.00            -27.13         4.03        -5.17
   84        35.84             10.57            -25.28         3.78        -3.75
  373        35.13             14.04            -21.10         4.30        -4.31
  230        33.95              2.26            -31.70         2.19        -4.26
  350        33.03              2.84            -30.19         2.84        -3.46
  397        31.23              7.36            -23.88         3.52        -3.78
  283        30.67              2.40            -28.28         2.28        -4.04

2023-08-31 13:42:28,246 - INFO - Writing to ./results/diffsel/EDE1-C8-1800-lib3-C8-1800_sitediffsel.csv
2023-08-31 13:42:28,253 - INFO - Successful completion of dms2_diffsel
