2023-08-31 13:42:26,755 - INFO - Beginning execution of dms2_diffsel in directory /fh/fast/bloom_j/computational_notebooks/ckikawa/2022/ZIKV_MAP_GooLab

2023-08-31 13:42:26,755 - INFO - Progress is being logged to ./results/diffsel/EDE1-C8-1800-lib2-C8-1800.log
2023-08-31 13:42:26,787 - INFO - Version information:
	Time and date: Thu Aug 31 13:42:26 2023
	Platform: Linux-4.15.0-192-generic-x86_64-with-glibc2.10
	Python version: 3.8.13 | packaged by conda-forge | (default, Mar 25 2022, 06:04:10)  [GCC 10.3.0]
	dms_tools2 version: 2.6.10
	Bio version: 1.79
	pandas version: 0.25.3
	numpy version: 1.19.5
	IPython version: 8.4.0
	jupyter version: 1.0.0
	matplotlib version: 3.2.2
	plotnine version: 0.6.0
	natsort version: 8.2.0
	pystan version: 2.19.1.1
	scipy version: 1.6.0
	seaborn version: 0.10.1
	phydmslib version: 2.4.1
	statsmodels version: 0.11.1
	rpy2 cannot be imported
	regex version: 2.5.121
	umi_tools version: 1.1.2

2023-08-31 13:42:26,788 - INFO - Parsed the following arguments:
	outdir = ./results/diffsel
	ncpus = 1
	use_existing = yes
	indir = ./results/codoncounts
	chartype = codon_to_aa
	excludestop = yes
	pseudocount = 5.0
	mincount = 0
	name = EDE1-C8-1800-lib2-C8-1800
	sel = lib2-C8-1800
	mock = lib2-no-antibody
	err = None

2023-08-31 13:42:26,790 - INFO - Reading selected sample counts from lib2-C8-1800
2023-08-31 13:42:26,798 - INFO - Reading mock-selected sample counts from lib2-no-antibody
2023-08-31 13:42:26,805 - INFO - Computing mutdiffsel...
2023-08-31 13:42:28,183 - INFO - Mutations with largest mutdiffsel:
 site wildtype mutation  mutdiffsel
  373        K        H        6.42
  317        V        T        6.29
    7        S        P        5.78
  495        M        C        5.43
    8        N        S        5.20
  193        R        K        5.12
  297        K        E        5.12
  461        S        T        5.02
  467        L        V        4.89
  307        L        T        4.89

2023-08-31 13:42:28,183 - INFO - Writing to ./results/diffsel/EDE1-C8-1800-lib2-C8-1800_mutdiffsel.csv
2023-08-31 13:42:28,215 - INFO - Computing sitediffsel...
2023-08-31 13:42:28,246 - INFO - Sites with largest absolute sitediffsel:
 site  abs_diffsel  positive_diffsel  negative_diffsel  max_diffsel  min_diffsel
  317        29.29             10.09            -19.20         6.29        -3.45
  315        28.28             11.15            -17.13         4.84        -3.94
  352        27.25              0.00            -27.25         0.00        -3.88
  344        26.86              0.12            -26.73         0.12        -3.15
  375        26.34              0.62            -25.72         0.62        -4.33
  350        25.52              0.92            -24.61         0.92        -2.96
   84        23.73              4.13            -19.61         3.86        -4.50
  373        23.70             11.18            -12.52         6.42        -2.19
   29        23.58              4.91            -18.67         4.40        -3.97
  283        22.79              2.98            -19.82         2.09        -4.70

2023-08-31 13:42:28,246 - INFO - Writing to ./results/diffsel/EDE1-C8-1800-lib2-C8-1800_sitediffsel.csv
2023-08-31 13:42:28,258 - INFO - Successful completion of dms2_diffsel
