2023-01-16 15:28:01,475 - INFO - Beginning execution of dms2_diffsel in directory /fh/fast/bloom_j/computational_notebooks/ckikawa/2022/ZIKV_MAP_GooLab

2023-01-16 15:28:01,475 - INFO - Progress is being logged to ./results/diffsel/EDE1-C8-lib3-C8-1800.log
2023-01-16 15:28:01,507 - INFO - Version information:
	Time and date: Mon Jan 16 15:28:01 2023
	Platform: Linux-4.15.0-192-generic-x86_64-with-glibc2.10
	Python version: 3.8.13 | packaged by conda-forge | (default, Mar 25 2022, 06:04:10)  [GCC 10.3.0]
	dms_tools2 version: 2.6.10
	Bio version: 1.79
	pandas version: 0.25.3
	numpy version: 1.19.5
	IPython version: 8.4.0
	jupyter version: 1.0.0
	matplotlib version: 3.2.2
	plotnine version: 0.6.0
	natsort version: 8.2.0
	pystan version: 2.19.1.1
	scipy version: 1.6.0
	seaborn version: 0.10.1
	phydmslib version: 2.4.1
	statsmodels version: 0.11.1
	rpy2 cannot be imported
	regex version: 2.5.121
	umi_tools version: 1.1.2

2023-01-16 15:28:01,508 - INFO - Parsed the following arguments:
	outdir = ./results/diffsel
	ncpus = 1
	use_existing = yes
	indir = ./results/codoncounts
	chartype = codon_to_aa
	excludestop = yes
	pseudocount = 5.0
	mincount = 0
	name = EDE1-C8-lib3-C8-1800
	sel = lib3-C8-1800
	mock = lib3-no-antibody
	err = None

2023-01-16 15:28:01,509 - INFO - Reading selected sample counts from lib3-C8-1800
2023-01-16 15:28:01,517 - INFO - Reading mock-selected sample counts from lib3-no-antibody
2023-01-16 15:28:01,524 - INFO - Computing mutdiffsel...
2023-01-16 15:28:02,911 - INFO - Mutations with largest mutdiffsel:
 site wildtype mutation  mutdiffsel
   85        Q        F        6.51
   61        Y        I        5.65
  411        F        I        5.44
  213        V        G        5.27
   51        S        A        5.22
    7        S        L        4.89
  471        L        I        4.89
   55        E        L        4.57
  434        V        F        4.50
   77        Q        P        4.34

2023-01-16 15:28:02,911 - INFO - Writing to ./results/diffsel/EDE1-C8-lib3-C8-1800_mutdiffsel.csv
2023-01-16 15:28:02,943 - INFO - Computing sitediffsel...
2023-01-16 15:28:02,969 - INFO - Sites with largest absolute sitediffsel:
 site  abs_diffsel  positive_diffsel  negative_diffsel  max_diffsel  min_diffsel
  443        43.93              0.05            -43.87         0.05        -5.76
  439        34.97             10.86            -24.12         3.87        -4.77
   84        34.75              9.82            -24.93         3.61        -4.42
  375        34.52              0.34            -34.18         0.34        -3.76
  403        34.27              0.19            -34.09         0.19        -3.97
   88        30.76              6.88            -23.88         3.81        -4.88
  373        30.11             12.92            -17.19         3.62        -3.24
   29        28.32              0.00            -28.32         0.00        -3.66
  350        26.57              3.42            -23.15         3.42        -2.87
  391        25.35              8.24            -17.11         3.11        -2.53

2023-01-16 15:28:02,970 - INFO - Writing to ./results/diffsel/EDE1-C8-lib3-C8-1800_sitediffsel.csv
2023-01-16 15:28:02,976 - INFO - Successful completion of dms2_diffsel
