2023-01-16 15:28:01,527 - INFO - Beginning execution of dms2_diffsel in directory /fh/fast/bloom_j/computational_notebooks/ckikawa/2022/ZIKV_MAP_GooLab

2023-01-16 15:28:01,527 - INFO - Progress is being logged to ./results/diffsel/EDE1-C8-lib3-C8-900.log
2023-01-16 15:28:01,560 - INFO - Version information:
	Time and date: Mon Jan 16 15:28:01 2023
	Platform: Linux-4.15.0-192-generic-x86_64-with-glibc2.10
	Python version: 3.8.13 | packaged by conda-forge | (default, Mar 25 2022, 06:04:10)  [GCC 10.3.0]
	dms_tools2 version: 2.6.10
	Bio version: 1.79
	pandas version: 0.25.3
	numpy version: 1.19.5
	IPython version: 8.4.0
	jupyter version: 1.0.0
	matplotlib version: 3.2.2
	plotnine version: 0.6.0
	natsort version: 8.2.0
	pystan version: 2.19.1.1
	scipy version: 1.6.0
	seaborn version: 0.10.1
	phydmslib version: 2.4.1
	statsmodels version: 0.11.1
	rpy2 cannot be imported
	regex version: 2.5.121
	umi_tools version: 1.1.2

2023-01-16 15:28:01,560 - INFO - Parsed the following arguments:
	outdir = ./results/diffsel
	ncpus = 1
	use_existing = yes
	indir = ./results/codoncounts
	chartype = codon_to_aa
	excludestop = yes
	pseudocount = 5.0
	mincount = 0
	name = EDE1-C8-lib3-C8-900
	sel = lib3-C8-900
	mock = lib3-no-antibody
	err = None

2023-01-16 15:28:01,562 - INFO - Reading selected sample counts from lib3-C8-900
2023-01-16 15:28:01,571 - INFO - Reading mock-selected sample counts from lib3-no-antibody
2023-01-16 15:28:01,578 - INFO - Computing mutdiffsel...
2023-01-16 15:28:02,949 - INFO - Mutations with largest mutdiffsel:
 site wildtype mutation  mutdiffsel
   74        C        G        4.88
   38        K        H        4.60
   45        L        V        4.52
   84        K        F        4.45
  492        G        V        4.32
  495        M        A        3.87
    1        I        S        3.85
    7        S        L        3.76
  366        T        L        3.74
  351        T        Q        3.70

2023-01-16 15:28:02,949 - INFO - Writing to ./results/diffsel/EDE1-C8-lib3-C8-900_mutdiffsel.csv
2023-01-16 15:28:02,982 - INFO - Computing sitediffsel...
2023-01-16 15:28:03,010 - INFO - Sites with largest absolute sitediffsel:
 site  abs_diffsel  positive_diffsel  negative_diffsel  max_diffsel  min_diffsel
  443        34.13              0.00            -34.13         0.00        -4.48
  403        30.07              5.95            -24.11         2.63        -3.10
   27        26.41              6.76            -19.65         3.13        -4.08
   84        26.02              6.80            -19.23         4.45        -3.08
  149        25.26              0.00            -25.26         0.00        -3.12
  375        24.07              4.00            -20.07         1.74        -3.56
  344        23.05              2.33            -20.73         1.14        -3.17
   29        23.03              0.00            -23.03         0.00        -3.40
  351        22.81             12.22            -10.59         3.70        -2.43
   47        22.39              0.14            -22.25         0.14        -3.56

2023-01-16 15:28:03,010 - INFO - Writing to ./results/diffsel/EDE1-C8-lib3-C8-900_sitediffsel.csv
2023-01-16 15:28:03,017 - INFO - Successful completion of dms2_diffsel
