2023-01-16 15:27:55,067 - INFO - Beginning execution of dms2_diffsel in directory /fh/fast/bloom_j/computational_notebooks/ckikawa/2022/ZIKV_MAP_GooLab

2023-01-16 15:27:55,068 - INFO - Progress is being logged to ./results/diffsel/MZ4-lib1-MZ4-1200.log
2023-01-16 15:27:55,100 - INFO - Version information:
	Time and date: Mon Jan 16 15:27:55 2023
	Platform: Linux-4.15.0-192-generic-x86_64-with-glibc2.10
	Python version: 3.8.13 | packaged by conda-forge | (default, Mar 25 2022, 06:04:10)  [GCC 10.3.0]
	dms_tools2 version: 2.6.10
	Bio version: 1.79
	pandas version: 0.25.3
	numpy version: 1.19.5
	IPython version: 8.4.0
	jupyter version: 1.0.0
	matplotlib version: 3.2.2
	plotnine version: 0.6.0
	natsort version: 8.2.0
	pystan version: 2.19.1.1
	scipy version: 1.6.0
	seaborn version: 0.10.1
	phydmslib version: 2.4.1
	statsmodels version: 0.11.1
	rpy2 cannot be imported
	regex version: 2.5.121
	umi_tools version: 1.1.2

2023-01-16 15:27:55,100 - INFO - Parsed the following arguments:
	outdir = ./results/diffsel
	ncpus = 1
	use_existing = yes
	indir = ./results/codoncounts
	chartype = codon_to_aa
	excludestop = yes
	pseudocount = 5.0
	mincount = 0
	name = MZ4-lib1-MZ4-1200
	sel = lib1-MZ4-1200
	mock = lib1-no-antibody
	err = None

2023-01-16 15:27:55,102 - INFO - Reading selected sample counts from lib1-MZ4-1200
2023-01-16 15:27:55,110 - INFO - Reading mock-selected sample counts from lib1-no-antibody
2023-01-16 15:27:55,117 - INFO - Computing mutdiffsel...
2023-01-16 15:27:56,499 - INFO - Mutations with largest mutdiffsel:
 site wildtype mutation  mutdiffsel
   72        S        A        3.24
   70        S        A        2.67
  254        T        C        2.49
   38        K        L        2.44
  149        S        C        2.42
  325        T        S        2.41
  301        K        H        2.38
  495        M        C        2.35
   53        M        S        2.33
  120        T        L        2.30

2023-01-16 15:27:56,499 - INFO - Writing to ./results/diffsel/MZ4-lib1-MZ4-1200_mutdiffsel.csv
2023-01-16 15:27:56,541 - INFO - Computing sitediffsel...
2023-01-16 15:27:56,578 - INFO - Sites with largest absolute sitediffsel:
 site  abs_diffsel  positive_diffsel  negative_diffsel  max_diffsel  min_diffsel
  443        39.33              0.00            -39.33         0.00        -5.79
  349        26.92              0.84            -26.08         0.47        -3.52
  439        20.23              1.33            -18.90         0.64        -3.39
   81        19.80              1.05            -18.75         1.05        -2.43
   29        19.72              2.50            -17.22         1.34        -3.93
   83        19.68              2.43            -17.25         1.72        -3.75
   27        19.17              0.00            -19.17         0.00        -3.89
  283        18.61              3.34            -15.27         1.61        -3.31
  403        18.59              3.78            -14.81         1.66        -2.39
  352        18.29              5.67            -12.62         1.62        -2.63

2023-01-16 15:27:56,578 - INFO - Writing to ./results/diffsel/MZ4-lib1-MZ4-1200_sitediffsel.csv
2023-01-16 15:27:56,596 - INFO - Successful completion of dms2_diffsel
