2022-08-02 17:11:34,684 - INFO - Beginning execution of dms2_diffsel in directory /fh/fast/bloom_j/computational_notebooks/ckikawa/2022/ZIKV_MAP_GooLab

2022-08-02 17:11:34,684 - INFO - Progress is being logged to ./results/diffsel/MZ4-1200.log
2022-08-02 17:11:34,721 - INFO - Version information:
	Time and date: Tue Aug  2 17:11:34 2022
	Platform: Linux-4.15.0-101-generic-x86_64-with-glibc2.10
	Python version: 3.8.13 | packaged by conda-forge | (default, Mar 25 2022, 06:04:10)  [GCC 10.3.0]
	dms_tools2 version: 2.6.10
	Bio version: 1.79
	pandas version: 0.25.3
	numpy version: 1.19.5
	IPython version: 8.3.0
	jupyter version: 1.0.0
	matplotlib version: 3.2.2
	plotnine version: 0.6.0
	natsort version: 8.1.0
	pystan version: 2.19.1.1
	scipy version: 1.5.2
	seaborn version: 0.10.1
	phydmslib version: 2.4.1
	statsmodels version: 0.11.1
	rpy2 cannot be imported
	regex version: 2.5.114
	umi_tools version: 1.1.2

2022-08-02 17:11:34,721 - INFO - Parsed the following arguments:
	outdir = ./results/diffsel
	ncpus = 1
	use_existing = no
	indir = ./results/codoncounts
	chartype = codon_to_aa
	excludestop = yes
	pseudocount = 5.0
	mincount = 0
	name = MZ4-1200
	sel = lib1-MZ4-1200
	mock = lib1-no-antibody
	err = None

2022-08-02 17:11:34,723 - INFO - Removing existing file ./results/diffsel/MZ4-1200_mutdiffsel.csv
2022-08-02 17:11:34,726 - INFO - Removing existing file ./results/diffsel/MZ4-1200_sitediffsel.csv
2022-08-02 17:11:34,757 - INFO - Reading selected sample counts from lib1-MZ4-1200
2022-08-02 17:11:34,770 - INFO - Reading mock-selected sample counts from lib1-no-antibody
2022-08-02 17:11:34,776 - INFO - Computing mutdiffsel...
2022-08-02 17:11:36,189 - INFO - Mutations with largest mutdiffsel:
 site wildtype mutation  mutdiffsel
   72        S        A        2.87
  325        T        S        2.49
  301        K        H        2.43
  254        T        C        2.32
   70        S        A        2.21
   38        K        L        2.20
  503        S        F        2.20
  495        M        C        2.19
   53        M        S        2.10
  374        M        L        2.08

2022-08-02 17:11:36,190 - INFO - Writing to ./results/diffsel/MZ4-1200_mutdiffsel.csv
2022-08-02 17:11:36,226 - INFO - Computing sitediffsel...
2022-08-02 17:11:36,254 - INFO - Sites with largest absolute sitediffsel:
 site  abs_diffsel  positive_diffsel  negative_diffsel  max_diffsel  min_diffsel
  443        32.49              0.00            -32.49         0.00        -5.12
  349        23.56              0.85            -22.70         0.47        -3.10
   29        18.79              2.81            -15.98         1.43        -3.95
   83        18.14              1.96            -16.18         1.25        -3.88
   88        17.39              3.75            -13.64         1.62        -5.02
  439        16.46              1.83            -14.63         0.75        -3.07
   27        15.71              0.00            -15.71         0.00        -3.56
  283        15.49              2.68            -12.82         1.34        -3.00
   81        14.91              1.25            -13.66         1.25        -1.97
  352        14.41              5.56             -8.84         1.53        -2.14

2022-08-02 17:11:36,254 - INFO - Writing to ./results/diffsel/MZ4-1200_sitediffsel.csv
2022-08-02 17:11:36,264 - INFO - Successful completion of dms2_diffsel
