2023-01-16 15:27:55,094 - INFO - Beginning execution of dms2_diffsel in directory /fh/fast/bloom_j/computational_notebooks/ckikawa/2022/ZIKV_MAP_GooLab

2023-01-16 15:27:55,094 - INFO - Progress is being logged to ./results/diffsel/MZ4-lib1-MZ4-2400.log
2023-01-16 15:27:55,126 - INFO - Version information:
	Time and date: Mon Jan 16 15:27:55 2023
	Platform: Linux-4.15.0-192-generic-x86_64-with-glibc2.10
	Python version: 3.8.13 | packaged by conda-forge | (default, Mar 25 2022, 06:04:10)  [GCC 10.3.0]
	dms_tools2 version: 2.6.10
	Bio version: 1.79
	pandas version: 0.25.3
	numpy version: 1.19.5
	IPython version: 8.4.0
	jupyter version: 1.0.0
	matplotlib version: 3.2.2
	plotnine version: 0.6.0
	natsort version: 8.2.0
	pystan version: 2.19.1.1
	scipy version: 1.6.0
	seaborn version: 0.10.1
	phydmslib version: 2.4.1
	statsmodels version: 0.11.1
	rpy2 cannot be imported
	regex version: 2.5.121
	umi_tools version: 1.1.2

2023-01-16 15:27:55,126 - INFO - Parsed the following arguments:
	outdir = ./results/diffsel
	ncpus = 1
	use_existing = yes
	indir = ./results/codoncounts
	chartype = codon_to_aa
	excludestop = yes
	pseudocount = 5.0
	mincount = 0
	name = MZ4-lib1-MZ4-2400
	sel = lib1-MZ4-2400
	mock = lib1-no-antibody
	err = None

2023-01-16 15:27:55,128 - INFO - Reading selected sample counts from lib1-MZ4-2400
2023-01-16 15:27:55,136 - INFO - Reading mock-selected sample counts from lib1-no-antibody
2023-01-16 15:27:55,143 - INFO - Computing mutdiffsel...
2023-01-16 15:27:56,527 - INFO - Mutations with largest mutdiffsel:
 site wildtype mutation  mutdiffsel
  466        I        A        4.08
  403        S        H        3.44
   38        K        S        3.23
  415        V        I        3.20
   38        K        L        3.11
   20        W        S        3.07
   31        V        S        2.92
  298        L        I        2.91
  374        M        L        2.89
   64        S        Q        2.87

2023-01-16 15:27:56,528 - INFO - Writing to ./results/diffsel/MZ4-lib1-MZ4-2400_mutdiffsel.csv
2023-01-16 15:27:56,560 - INFO - Computing sitediffsel...
2023-01-16 15:27:56,588 - INFO - Sites with largest absolute sitediffsel:
 site  abs_diffsel  positive_diffsel  negative_diffsel  max_diffsel  min_diffsel
  443        39.88              0.00            -39.88         0.00        -5.57
  349        33.51              2.50            -31.01         1.02        -4.60
  403        28.77              7.73            -21.04         3.44        -2.85
  439        25.86              1.46            -24.40         0.71        -4.49
   88        25.60              5.70            -19.90         1.41        -5.53
   29        22.94              2.61            -20.32         1.39        -5.44
   27        22.78              0.79            -21.99         0.79        -3.89
   81        21.50              1.04            -20.46         1.04        -2.89
   47        20.53              2.65            -17.89         1.53        -3.62
  344        20.34              3.43            -16.91         1.49        -3.16

2023-01-16 15:27:56,588 - INFO - Writing to ./results/diffsel/MZ4-lib1-MZ4-2400_sitediffsel.csv
2023-01-16 15:27:56,596 - INFO - Successful completion of dms2_diffsel
