2023-09-01 14:01:24,311 - INFO - Beginning execution of dms2_logoplot in directory /fh/fast/bloom_j/computational_notebooks/ckikawa/2022/ZIKV_MAP_GooLab

2023-09-01 14:01:24,311 - INFO - Progress is being logged to ./results/diffsel/MZ4-4800.log
2023-09-01 14:01:24,344 - INFO - Version information:
	Time and date: Fri Sep  1 14:01:24 2023
	Platform: Linux-4.15.0-192-generic-x86_64-with-glibc2.10
	Python version: 3.8.13 | packaged by conda-forge | (default, Mar 25 2022, 06:04:10)  [GCC 10.3.0]
	dms_tools2 version: 2.6.10
	Bio version: 1.79
	pandas version: 0.25.3
	numpy version: 1.19.5
	IPython version: 8.4.0
	jupyter version: 1.0.0
	matplotlib version: 3.2.2
	plotnine version: 0.6.0
	natsort version: 8.2.0
	pystan version: 2.19.1.1
	scipy version: 1.6.0
	seaborn version: 0.10.1
	phydmslib version: 2.4.1
	statsmodels version: 0.11.1
	rpy2 cannot be imported
	regex version: 2.5.121
	umi_tools version: 1.1.2

2023-09-01 14:01:24,344 - INFO - Parsed the following arguments:
	outdir = ./results/diffsel
	ncpus = 16
	use_existing = no
	prefs = None
	diffsel = ./results/diffsel/summary_MZ4-4800-medianmutdiffsel.csv
	fracsurvive = None
	diffprefs = None
	muteffects = None
	name = MZ4-4800
	nperline = 101
	numberevery = 5
	excludestop = no
	stringency = 1
	restrictdiffsel = positive
	diffselrange = None
	muteffectrange = None
	fracsurvivemax = None
	sortsites = yes
	mapmetric = functionalgroup
	colormap = jet
	overlay1 = ['./results/diffsel/summary_MZ4-4800-medianmutdiffsel.csv', 'wildtype', 'wildtype']
	overlay2 = None
	overlay3 = None
	underlay = yes
	scalebar = ['2', 'diffsel = 2']
	overlaycolormap = jet
	letterheight = 1
	ignore_extracols = no
	sepline = yes

2023-09-01 14:01:24,346 - INFO - Removing existing file ./results/diffsel/MZ4-4800_diffsel.pdf
2023-09-01 14:01:24,350 - INFO - Reading diffsel from file ./results/diffsel/summary_MZ4-4800-medianmutdiffsel.csv...
2023-09-01 14:01:24,368 - INFO - Read data for 504 sites.

2023-09-01 14:01:24,396 - INFO - Reading overlay for wildtype from ./results/diffsel/summary_MZ4-4800-medianmutdiffsel.csv...
2023-09-01 14:01:24,406 - INFO - Read overlay for 504 sites.

2023-09-01 14:01:24,406 - INFO - Making logo plot ./results/diffsel/MZ4-4800_diffsel.pdf...
2023-09-01 14:01:26,373 - INFO - Successfully created logo plot.

2023-09-01 14:01:26,373 - INFO - Successful completion of dms2_logoplot
