2023-01-16 15:28:01,213 - INFO - Beginning execution of dms2_diffsel in directory /fh/fast/bloom_j/computational_notebooks/ckikawa/2022/ZIKV_MAP_GooLab

2023-01-16 15:28:01,213 - INFO - Progress is being logged to ./results/diffsel/MZ4-lib2-MZ4-2400.log
2023-01-16 15:28:01,246 - INFO - Version information:
	Time and date: Mon Jan 16 15:28:01 2023
	Platform: Linux-4.15.0-192-generic-x86_64-with-glibc2.10
	Python version: 3.8.13 | packaged by conda-forge | (default, Mar 25 2022, 06:04:10)  [GCC 10.3.0]
	dms_tools2 version: 2.6.10
	Bio version: 1.79
	pandas version: 0.25.3
	numpy version: 1.19.5
	IPython version: 8.4.0
	jupyter version: 1.0.0
	matplotlib version: 3.2.2
	plotnine version: 0.6.0
	natsort version: 8.2.0
	pystan version: 2.19.1.1
	scipy version: 1.6.0
	seaborn version: 0.10.1
	phydmslib version: 2.4.1
	statsmodels version: 0.11.1
	rpy2 cannot be imported
	regex version: 2.5.121
	umi_tools version: 1.1.2

2023-01-16 15:28:01,247 - INFO - Parsed the following arguments:
	outdir = ./results/diffsel
	ncpus = 1
	use_existing = yes
	indir = ./results/codoncounts
	chartype = codon_to_aa
	excludestop = yes
	pseudocount = 5.0
	mincount = 0
	name = MZ4-lib2-MZ4-2400
	sel = lib2-MZ4-2400
	mock = lib2-no-antibody
	err = None

2023-01-16 15:28:01,249 - INFO - Reading selected sample counts from lib2-MZ4-2400
2023-01-16 15:28:01,257 - INFO - Reading mock-selected sample counts from lib2-no-antibody
2023-01-16 15:28:01,264 - INFO - Computing mutdiffsel...
2023-01-16 15:28:02,685 - INFO - Mutations with largest mutdiffsel:
 site wildtype mutation  mutdiffsel
  301        K        Y        4.66
  301        K        H        4.62
  368        S        L        4.48
  393        D        Y        4.38
  361        A        Y        4.21
  358        L        C        4.13
  358        L        V        4.11
  484        I        Y        4.03
   52        N        Y        4.00
  492        G        S        3.92

2023-01-16 15:28:02,685 - INFO - Writing to ./results/diffsel/MZ4-lib2-MZ4-2400_mutdiffsel.csv
2023-01-16 15:28:02,718 - INFO - Computing sitediffsel...
2023-01-16 15:28:02,745 - INFO - Sites with largest absolute sitediffsel:
 site  abs_diffsel  positive_diffsel  negative_diffsel  max_diffsel  min_diffsel
  349        39.56              0.00            -39.56         0.00        -5.44
  439        35.39              0.04            -35.35         0.04        -4.29
   84        30.03             14.21            -15.82         3.22        -2.81
  307        27.74              0.00            -27.74         0.00        -3.71
  283        26.82              6.38            -20.44         3.52        -3.47
  315        25.84              3.27            -22.57         1.26        -4.09
  443        25.32              0.04            -25.27         0.04        -4.09
  317        25.17             10.22            -14.95         3.04        -3.46
   29        24.95              0.61            -24.34         0.43        -6.88
  375        24.88              2.69            -22.19         1.32        -5.08

2023-01-16 15:28:02,745 - INFO - Writing to ./results/diffsel/MZ4-lib2-MZ4-2400_sitediffsel.csv
2023-01-16 15:28:02,752 - INFO - Successful completion of dms2_diffsel
