2023-09-01 11:41:13,484 - INFO - Beginning execution of dms2_diffsel in directory /fh/fast/bloom_j/computational_notebooks/ckikawa/2022/ZIKV_MAP_GooLab

2023-09-01 11:41:13,484 - INFO - Progress is being logged to ./results/diffsel/SIgN-3C-20000-replicate3.log
2023-09-01 11:41:13,515 - INFO - Version information:
	Time and date: Fri Sep  1 11:41:13 2023
	Platform: Linux-4.15.0-192-generic-x86_64-with-glibc2.10
	Python version: 3.8.13 | packaged by conda-forge | (default, Mar 25 2022, 06:04:10)  [GCC 10.3.0]
	dms_tools2 version: 2.6.10
	Bio version: 1.79
	pandas version: 0.25.3
	numpy version: 1.19.5
	IPython version: 8.4.0
	jupyter version: 1.0.0
	matplotlib version: 3.2.2
	plotnine version: 0.6.0
	natsort version: 8.2.0
	pystan version: 2.19.1.1
	scipy version: 1.6.0
	seaborn version: 0.10.1
	phydmslib version: 2.4.1
	statsmodels version: 0.11.1
	rpy2 cannot be imported
	regex version: 2.5.121
	umi_tools version: 1.1.2

2023-09-01 11:41:13,515 - INFO - Parsed the following arguments:
	outdir = ./results/diffsel
	ncpus = 1
	use_existing = no
	indir = ./results/codoncounts
	chartype = codon_to_aa
	excludestop = yes
	pseudocount = 5.0
	mincount = 0
	name = SIgN-3C-20000-replicate3
	sel = lib3-SIgN-20000
	mock = lib3-no-antibody
	err = None

2023-09-01 11:41:13,517 - INFO - Reading selected sample counts from lib3-SIgN-20000
2023-09-01 11:41:13,525 - INFO - Reading mock-selected sample counts from lib3-no-antibody
2023-09-01 11:41:13,532 - INFO - Computing mutdiffsel...
2023-09-01 11:41:14,902 - INFO - Mutations with largest mutdiffsel:
 site wildtype mutation  mutdiffsel
   66        S        Q        3.51
    8        N        G        3.41
  437        V        I        3.33
   23        V        M        3.29
   81        Y        L        3.12
   97        V        M        3.12
  145        G        A        3.07
   54        A        S        3.06
  256        V        H        3.03
  222        P        N        3.02

2023-09-01 11:41:14,902 - INFO - Writing to ./results/diffsel/SIgN-3C-20000-replicate3_mutdiffsel.csv
2023-09-01 11:41:14,932 - INFO - Computing sitediffsel...
2023-09-01 11:41:14,957 - INFO - Sites with largest absolute sitediffsel:
 site  abs_diffsel  positive_diffsel  negative_diffsel  max_diffsel  min_diffsel
  443        28.94              0.66            -28.27         0.66        -3.69
  351        22.64              4.80            -17.84         1.82        -2.83
  391        21.14              5.74            -15.40         2.68        -2.89
  349        19.93              0.26            -19.66         0.16        -3.27
  148        19.57              1.82            -17.75         0.97        -2.87
  397        18.49              3.40            -15.09         1.37        -2.75
  283        18.19              3.27            -14.92         1.09        -2.13
  375        18.10              1.46            -16.64         1.07        -2.08
  166        17.76              8.02             -9.75         2.35        -2.08
  447        17.44              2.92            -14.52         2.20        -3.48

2023-09-01 11:41:14,957 - INFO - Writing to ./results/diffsel/SIgN-3C-20000-replicate3_sitediffsel.csv
2023-09-01 11:41:14,963 - INFO - Successful completion of dms2_diffsel
