2023-01-16 15:28:06,721 - INFO - Beginning execution of dms2_diffsel in directory /fh/fast/bloom_j/computational_notebooks/ckikawa/2022/ZIKV_MAP_GooLab

2023-01-16 15:28:06,722 - INFO - Progress is being logged to ./results/diffsel/SiGN-3C-lib3-v2-SiGN-20.log
2023-01-16 15:28:06,756 - INFO - Version information:
	Time and date: Mon Jan 16 15:28:06 2023
	Platform: Linux-4.15.0-192-generic-x86_64-with-glibc2.10
	Python version: 3.8.13 | packaged by conda-forge | (default, Mar 25 2022, 06:04:10)  [GCC 10.3.0]
	dms_tools2 version: 2.6.10
	Bio version: 1.79
	pandas version: 0.25.3
	numpy version: 1.19.5
	IPython version: 8.4.0
	jupyter version: 1.0.0
	matplotlib version: 3.2.2
	plotnine version: 0.6.0
	natsort version: 8.2.0
	pystan version: 2.19.1.1
	scipy version: 1.6.0
	seaborn version: 0.10.1
	phydmslib version: 2.4.1
	statsmodels version: 0.11.1
	rpy2 cannot be imported
	regex version: 2.5.121
	umi_tools version: 1.1.2

2023-01-16 15:28:06,756 - INFO - Parsed the following arguments:
	outdir = ./results/diffsel
	ncpus = 1
	use_existing = yes
	indir = ./results/codoncounts
	chartype = codon_to_aa
	excludestop = yes
	pseudocount = 5.0
	mincount = 0
	name = SiGN-3C-lib3-v2-SiGN-20
	sel = lib3-v2-SiGN-20
	mock = lib3-v2-no-antibody
	err = None

2023-01-16 15:28:06,759 - INFO - Reading selected sample counts from lib3-v2-SiGN-20
2023-01-16 15:28:06,770 - INFO - Reading mock-selected sample counts from lib3-v2-no-antibody
2023-01-16 15:28:06,778 - INFO - Computing mutdiffsel...
2023-01-16 15:28:08,146 - INFO - Mutations with largest mutdiffsel:
 site wildtype mutation  mutdiffsel
   79        E        Y        4.35
  221        I        M        4.01
   95        T        K        3.73
   97        V        N        3.65
   66        S        Q        3.55
  374        M        R        3.44
   49        T        H        3.26
   52        N        E        3.25
  405        S        T        3.18
  140        M        D        3.13

2023-01-16 15:28:08,146 - INFO - Writing to ./results/diffsel/SiGN-3C-lib3-v2-SiGN-20_mutdiffsel.csv
2023-01-16 15:28:08,178 - INFO - Computing sitediffsel...
2023-01-16 15:28:08,204 - INFO - Sites with largest absolute sitediffsel:
 site  abs_diffsel  positive_diffsel  negative_diffsel  max_diffsel  min_diffsel
  443        35.20              0.00            -35.20         0.00        -4.21
  344        30.84              0.85            -29.98         0.49        -4.78
  350        23.86              6.49            -17.37         2.14        -3.20
   88        23.46              6.47            -16.99         2.91        -3.43
  351        22.56              2.01            -20.55         1.37        -2.62
  230        21.77              0.62            -21.15         0.62        -3.64
  349        21.56              0.00            -21.56         0.00        -2.83
   84        21.51              6.49            -15.02         2.21        -2.31
  283        21.14              5.76            -15.38         2.01        -3.51
  373        20.85              0.30            -20.55         0.30        -2.84

2023-01-16 15:28:08,204 - INFO - Writing to ./results/diffsel/SiGN-3C-lib3-v2-SiGN-20_sitediffsel.csv
2023-01-16 15:28:08,211 - INFO - Successful completion of dms2_diffsel
