2023-01-16 15:28:06,690 - INFO - Beginning execution of dms2_diffsel in directory /fh/fast/bloom_j/computational_notebooks/ckikawa/2022/ZIKV_MAP_GooLab

2023-01-16 15:28:06,690 - INFO - Progress is being logged to ./results/diffsel/SiGN-3C-lib3-v2-SiGN-40.log
2023-01-16 15:28:06,723 - INFO - Version information:
	Time and date: Mon Jan 16 15:28:06 2023
	Platform: Linux-4.15.0-192-generic-x86_64-with-glibc2.10
	Python version: 3.8.13 | packaged by conda-forge | (default, Mar 25 2022, 06:04:10)  [GCC 10.3.0]
	dms_tools2 version: 2.6.10
	Bio version: 1.79
	pandas version: 0.25.3
	numpy version: 1.19.5
	IPython version: 8.4.0
	jupyter version: 1.0.0
	matplotlib version: 3.2.2
	plotnine version: 0.6.0
	natsort version: 8.2.0
	pystan version: 2.19.1.1
	scipy version: 1.6.0
	seaborn version: 0.10.1
	phydmslib version: 2.4.1
	statsmodels version: 0.11.1
	rpy2 cannot be imported
	regex version: 2.5.121
	umi_tools version: 1.1.2

2023-01-16 15:28:06,723 - INFO - Parsed the following arguments:
	outdir = ./results/diffsel
	ncpus = 1
	use_existing = yes
	indir = ./results/codoncounts
	chartype = codon_to_aa
	excludestop = yes
	pseudocount = 5.0
	mincount = 0
	name = SiGN-3C-lib3-v2-SiGN-40
	sel = lib3-v2-SiGN-40
	mock = lib3-v2-no-antibody
	err = None

2023-01-16 15:28:06,725 - INFO - Reading selected sample counts from lib3-v2-SiGN-40
2023-01-16 15:28:06,734 - INFO - Reading mock-selected sample counts from lib3-v2-no-antibody
2023-01-16 15:28:06,741 - INFO - Computing mutdiffsel...
2023-01-16 15:28:08,090 - INFO - Mutations with largest mutdiffsel:
 site wildtype mutation  mutdiffsel
   77        Q        T        5.01
  366        T        R        4.70
   54        A        P        4.21
  337        G        T        4.16
  375        M        C        4.04
   83        D        L        3.98
  480        K        W        3.97
  267        T        K        3.78
  316        K        H        3.68
   82        L        V        3.66

2023-01-16 15:28:08,090 - INFO - Writing to ./results/diffsel/SiGN-3C-lib3-v2-SiGN-40_mutdiffsel.csv
2023-01-16 15:28:08,122 - INFO - Computing sitediffsel...
2023-01-16 15:28:08,148 - INFO - Sites with largest absolute sitediffsel:
 site  abs_diffsel  positive_diffsel  negative_diffsel  max_diffsel  min_diffsel
  443        35.30              7.67            -27.63         3.45        -3.90
  350        28.53              5.30            -23.23         1.96        -4.16
  439        27.50              4.21            -23.29         1.39        -4.11
  397        26.68              3.61            -23.07         2.52        -3.04
  480        25.75              9.17            -16.58         3.97        -4.36
   84        25.47              6.47            -19.00         3.20        -2.58
  344        24.57              1.42            -23.15         0.61        -3.38
  375        23.06             15.55             -7.50         4.04        -2.99
  281        22.60              6.42            -16.18         1.92        -2.76
  352        22.15              1.82            -20.33         1.41        -2.26

2023-01-16 15:28:08,148 - INFO - Writing to ./results/diffsel/SiGN-3C-lib3-v2-SiGN-40_sitediffsel.csv
2023-01-16 15:28:08,155 - INFO - Successful completion of dms2_diffsel
