2023-09-01 11:41:13,468 - INFO - Beginning execution of dms2_diffsel in directory /fh/fast/bloom_j/computational_notebooks/ckikawa/2022/ZIKV_MAP_GooLab

2023-09-01 11:41:13,468 - INFO - Progress is being logged to ./results/diffsel/SIgN-3C-10000-replicate3v2.log
2023-09-01 11:41:13,500 - INFO - Version information:
	Time and date: Fri Sep  1 11:41:13 2023
	Platform: Linux-4.15.0-192-generic-x86_64-with-glibc2.10
	Python version: 3.8.13 | packaged by conda-forge | (default, Mar 25 2022, 06:04:10)  [GCC 10.3.0]
	dms_tools2 version: 2.6.10
	Bio version: 1.79
	pandas version: 0.25.3
	numpy version: 1.19.5
	IPython version: 8.4.0
	jupyter version: 1.0.0
	matplotlib version: 3.2.2
	plotnine version: 0.6.0
	natsort version: 8.2.0
	pystan version: 2.19.1.1
	scipy version: 1.6.0
	seaborn version: 0.10.1
	phydmslib version: 2.4.1
	statsmodels version: 0.11.1
	rpy2 cannot be imported
	regex version: 2.5.121
	umi_tools version: 1.1.2

2023-09-01 11:41:13,500 - INFO - Parsed the following arguments:
	outdir = ./results/diffsel
	ncpus = 1
	use_existing = no
	indir = ./results/codoncounts
	chartype = codon_to_aa
	excludestop = yes
	pseudocount = 5.0
	mincount = 0
	name = SIgN-3C-10000-replicate3v2
	sel = lib3-v2-SIgN-10000
	mock = lib3-v2-no-antibody
	err = None

2023-09-01 11:41:13,502 - INFO - Reading selected sample counts from lib3-v2-SIgN-10000
2023-09-01 11:41:13,510 - INFO - Reading mock-selected sample counts from lib3-v2-no-antibody
2023-09-01 11:41:13,517 - INFO - Computing mutdiffsel...
2023-09-01 11:41:14,879 - INFO - Mutations with largest mutdiffsel:
 site wildtype mutation  mutdiffsel
    8        N        G        3.91
  353        T        K        3.30
  285        F        A        3.29
   36        Q        N        3.19
  273        L        H        3.07
  412        E        L        3.02
  301        K        A        3.00
   11        F        I        2.92
   42        D        N        2.86
  146        S        T        2.82

2023-09-01 11:41:14,879 - INFO - Writing to ./results/diffsel/SIgN-3C-10000-replicate3v2_mutdiffsel.csv
2023-09-01 11:41:14,911 - INFO - Computing sitediffsel...
2023-09-01 11:41:14,936 - INFO - Sites with largest absolute sitediffsel:
 site  abs_diffsel  positive_diffsel  negative_diffsel  max_diffsel  min_diffsel
  443        26.80              0.00            -26.80         0.00        -3.02
  373        20.60              1.17            -19.43         0.66        -3.60
  344        18.68              1.47            -17.21         0.87        -2.07
  397        18.31              2.50            -15.80         1.00        -2.21
  353        17.30              9.08             -8.22         3.30        -1.61
  317        16.85              3.61            -13.24         1.93        -2.03
   29        16.80              2.24            -14.56         1.40        -2.89
   84        16.74              7.36             -9.39         1.51        -2.71
  451        16.15              2.52            -13.64         1.08        -3.34
  352        16.14              1.90            -14.24         0.55        -2.81

2023-09-01 11:41:14,936 - INFO - Writing to ./results/diffsel/SIgN-3C-10000-replicate3v2_sitediffsel.csv
2023-09-01 11:41:14,942 - INFO - Successful completion of dms2_diffsel
