2023-08-31 13:42:26,702 - INFO - Beginning execution of dms2_diffsel in directory /fh/fast/bloom_j/computational_notebooks/ckikawa/2022/ZIKV_MAP_GooLab

2023-08-31 13:42:26,702 - INFO - Progress is being logged to ./results/diffsel/SIgN-3C-20000-lib1-SIgN-20000.log
2023-08-31 13:42:26,733 - INFO - Version information:
	Time and date: Thu Aug 31 13:42:26 2023
	Platform: Linux-4.15.0-192-generic-x86_64-with-glibc2.10
	Python version: 3.8.13 | packaged by conda-forge | (default, Mar 25 2022, 06:04:10)  [GCC 10.3.0]
	dms_tools2 version: 2.6.10
	Bio version: 1.79
	pandas version: 0.25.3
	numpy version: 1.19.5
	IPython version: 8.4.0
	jupyter version: 1.0.0
	matplotlib version: 3.2.2
	plotnine version: 0.6.0
	natsort version: 8.2.0
	pystan version: 2.19.1.1
	scipy version: 1.6.0
	seaborn version: 0.10.1
	phydmslib version: 2.4.1
	statsmodels version: 0.11.1
	rpy2 cannot be imported
	regex version: 2.5.121
	umi_tools version: 1.1.2

2023-08-31 13:42:26,733 - INFO - Parsed the following arguments:
	outdir = ./results/diffsel
	ncpus = 1
	use_existing = yes
	indir = ./results/codoncounts
	chartype = codon_to_aa
	excludestop = yes
	pseudocount = 5.0
	mincount = 0
	name = SIgN-3C-20000-lib1-SIgN-20000
	sel = lib1-SIgN-20000
	mock = lib1-no-antibody
	err = None

2023-08-31 13:42:26,736 - INFO - Reading selected sample counts from lib1-SIgN-20000
2023-08-31 13:42:26,744 - INFO - Reading mock-selected sample counts from lib1-no-antibody
2023-08-31 13:42:26,751 - INFO - Computing mutdiffsel...
2023-08-31 13:42:28,132 - INFO - Mutations with largest mutdiffsel:
 site wildtype mutation  mutdiffsel
    8        N        T        4.95
  456        L        I        4.67
   97        V        T        4.61
  489        L        T        4.49
  439        N        Y        4.31
  306        S        Q        4.18
  320        E        V        4.14
  344        Q        N        4.05
  125        M        V        3.95
  251        K        R        3.94

2023-08-31 13:42:28,133 - INFO - Writing to ./results/diffsel/SIgN-3C-20000-lib1-SIgN-20000_mutdiffsel.csv
2023-08-31 13:42:28,166 - INFO - Computing sitediffsel...
2023-08-31 13:42:28,192 - INFO - Sites with largest absolute sitediffsel:
 site  abs_diffsel  positive_diffsel  negative_diffsel  max_diffsel  min_diffsel
  443        27.72              1.04            -26.68         1.04        -4.94
  230        26.60              1.00            -25.60         0.99        -4.11
  283        26.36              7.92            -18.44         3.54        -2.91
  344        24.77              4.80            -19.96         4.05        -3.05
  349        23.90              0.23            -23.67         0.23        -3.98
  351        23.04              2.80            -20.24         1.58        -3.25
  439        22.73             11.26            -11.47         4.31        -2.67
   81        22.50              3.05            -19.45         3.05        -2.89
  403        20.37              4.40            -15.97         2.14        -2.63
  166        20.34              3.04            -17.31         2.41        -2.89

2023-08-31 13:42:28,193 - INFO - Writing to ./results/diffsel/SIgN-3C-20000-lib1-SIgN-20000_sitediffsel.csv
2023-08-31 13:42:28,199 - INFO - Successful completion of dms2_diffsel
