2022-07-21 10:24:49,790 - INFO - Beginning execution of dms2_diffsel in directory /fh/fast/bloom_j/computational_notebooks/ckikawa/2022/ZIKV_MAP_GooLab

2022-07-21 10:24:49,790 - INFO - Progress is being logged to ./results/diffsel/ZKA64-750.log
2022-07-21 10:24:49,827 - INFO - Version information:
	Time and date: Thu Jul 21 10:24:49 2022
	Platform: Linux-4.15.0-101-generic-x86_64-with-glibc2.10
	Python version: 3.8.13 | packaged by conda-forge | (default, Mar 25 2022, 06:04:10)  [GCC 10.3.0]
	dms_tools2 version: 2.6.10
	Bio version: 1.79
	pandas version: 0.25.3
	numpy version: 1.19.5
	IPython version: 8.3.0
	jupyter version: 1.0.0
	matplotlib version: 3.2.2
	plotnine version: 0.6.0
	natsort version: 8.1.0
	pystan version: 2.19.1.1
	scipy version: 1.5.2
	seaborn version: 0.10.1
	phydmslib version: 2.4.1
	statsmodels version: 0.11.1
	rpy2 cannot be imported
	regex version: 2.5.114
	umi_tools version: 1.1.2

2022-07-21 10:24:49,828 - INFO - Parsed the following arguments:
	outdir = ./results/diffsel
	ncpus = 1
	use_existing = no
	indir = ./results/codoncounts
	chartype = codon_to_aa
	excludestop = yes
	pseudocount = 5.0
	mincount = 0
	name = ZKA64-750
	sel = lib1-ZKA64-750
	mock = lib1-no-antibody
	err = None

2022-07-21 10:24:49,832 - INFO - Removing existing file ./results/diffsel/ZKA64-750_mutdiffsel.csv
2022-07-21 10:24:49,850 - INFO - Removing existing file ./results/diffsel/ZKA64-750_sitediffsel.csv
2022-07-21 10:24:49,869 - INFO - Reading selected sample counts from lib1-ZKA64-750
2022-07-21 10:24:49,882 - INFO - Reading mock-selected sample counts from lib1-no-antibody
2022-07-21 10:24:49,888 - INFO - Computing mutdiffsel...
2022-07-21 10:24:51,346 - INFO - Mutations with largest mutdiffsel:
 site wildtype mutation  mutdiffsel
   34        M        S        5.31
   64        S        Q        5.03
  333        A        D        4.94
   29        G        W        4.72
   55        E        H        4.56
   77        Q        L        4.50
    8        N        K        4.48
   37        D        R        4.38
  371        N        T        4.36
  331        Q        E        4.28

2022-07-21 10:24:51,346 - INFO - Writing to ./results/diffsel/ZKA64-750_mutdiffsel.csv
2022-07-21 10:24:51,398 - INFO - Computing sitediffsel...
2022-07-21 10:24:51,426 - INFO - Sites with largest absolute sitediffsel:
 site  abs_diffsel  positive_diffsel  negative_diffsel  max_diffsel  min_diffsel
  443        28.25              0.00            -28.25         0.00        -5.11
  315        25.30             23.87             -1.43         3.99        -0.69
  333        21.61             20.52             -1.09         4.94        -0.84
  283        20.33              4.68            -15.65         3.74        -3.00
   29        20.08              4.81            -15.27         4.72        -4.50
  350        19.45             10.20             -9.25         3.86        -1.60
  439        18.61              4.94            -13.67         3.00        -2.51
  480        18.48              0.75            -17.73         0.40        -4.60
  166        18.18              7.71            -10.47         3.29        -2.38
  391        17.09              7.24             -9.85         3.75        -2.66

2022-07-21 10:24:51,426 - INFO - Writing to ./results/diffsel/ZKA64-750_sitediffsel.csv
2022-07-21 10:24:51,435 - INFO - Successful completion of dms2_diffsel
