2023-01-16 15:28:01,437 - INFO - Beginning execution of dms2_diffsel in directory /fh/fast/bloom_j/computational_notebooks/ckikawa/2022/ZIKV_MAP_GooLab

2023-01-16 15:28:01,438 - INFO - Progress is being logged to ./results/diffsel/ZV-67-lib2-ZV67-800000.log
2023-01-16 15:28:01,469 - INFO - Version information:
	Time and date: Mon Jan 16 15:28:01 2023
	Platform: Linux-4.15.0-192-generic-x86_64-with-glibc2.10
	Python version: 3.8.13 | packaged by conda-forge | (default, Mar 25 2022, 06:04:10)  [GCC 10.3.0]
	dms_tools2 version: 2.6.10
	Bio version: 1.79
	pandas version: 0.25.3
	numpy version: 1.19.5
	IPython version: 8.4.0
	jupyter version: 1.0.0
	matplotlib version: 3.2.2
	plotnine version: 0.6.0
	natsort version: 8.2.0
	pystan version: 2.19.1.1
	scipy version: 1.6.0
	seaborn version: 0.10.1
	phydmslib version: 2.4.1
	statsmodels version: 0.11.1
	rpy2 cannot be imported
	regex version: 2.5.121
	umi_tools version: 1.1.2

2023-01-16 15:28:01,469 - INFO - Parsed the following arguments:
	outdir = ./results/diffsel
	ncpus = 1
	use_existing = yes
	indir = ./results/codoncounts
	chartype = codon_to_aa
	excludestop = yes
	pseudocount = 5.0
	mincount = 0
	name = ZV-67-lib2-ZV67-800000
	sel = lib2-ZV67-800000
	mock = lib2-no-antibody
	err = None

2023-01-16 15:28:01,471 - INFO - Reading selected sample counts from lib2-ZV67-800000
2023-01-16 15:28:01,479 - INFO - Reading mock-selected sample counts from lib2-no-antibody
2023-01-16 15:28:01,486 - INFO - Computing mutdiffsel...
2023-01-16 15:28:02,854 - INFO - Mutations with largest mutdiffsel:
 site wildtype mutation  mutdiffsel
  333        A        W        4.79
  333        A        E        4.50
  157        G        D        4.35
  310        A        D        4.19
   34        M        I        3.94
  147        Q        A        3.77
  154        N        A        3.63
   33        V        L        3.60
   30        C        S        3.53
  333        A        Y        3.20

2023-01-16 15:28:02,854 - INFO - Writing to ./results/diffsel/ZV-67-lib2-ZV67-800000_mutdiffsel.csv
2023-01-16 15:28:02,886 - INFO - Computing sitediffsel...
2023-01-16 15:28:02,910 - INFO - Sites with largest absolute sitediffsel:
 site  abs_diffsel  positive_diffsel  negative_diffsel  max_diffsel  min_diffsel
  333        23.40             23.40              0.00         4.79         0.00
  310        16.05             15.86             -0.19         4.19        -0.19
   27        13.45              2.18            -11.27         0.85        -2.23
  152        12.78              1.42            -11.36         0.65        -1.79
   29        12.71              0.41            -12.29         0.22        -1.89
   84        12.57              0.00            -12.57         0.00        -1.57
  181        11.58              0.93            -10.65         0.65        -3.39
   81        10.98              0.16            -10.83         0.16        -1.96
  147        10.33              4.76             -5.56         3.77        -1.98
  140        10.22              3.99             -6.24         1.48        -1.65

2023-01-16 15:28:02,910 - INFO - Writing to ./results/diffsel/ZV-67-lib2-ZV67-800000_sitediffsel.csv
2023-01-16 15:28:02,917 - INFO - Successful completion of dms2_diffsel
