2023-08-31 13:42:26,693 - INFO - Beginning execution of dms2_diffsel in directory /fh/fast/bloom_j/computational_notebooks/ckikawa/2022/ZIKV_MAP_GooLab

2023-08-31 13:42:26,694 - INFO - Progress is being logged to ./results/diffsel/ZV-67-40000-lib2-ZV67-40000.log
2023-08-31 13:42:26,727 - INFO - Version information:
	Time and date: Thu Aug 31 13:42:26 2023
	Platform: Linux-4.15.0-192-generic-x86_64-with-glibc2.10
	Python version: 3.8.13 | packaged by conda-forge | (default, Mar 25 2022, 06:04:10)  [GCC 10.3.0]
	dms_tools2 version: 2.6.10
	Bio version: 1.79
	pandas version: 0.25.3
	numpy version: 1.19.5
	IPython version: 8.4.0
	jupyter version: 1.0.0
	matplotlib version: 3.2.2
	plotnine version: 0.6.0
	natsort version: 8.2.0
	pystan version: 2.19.1.1
	scipy version: 1.6.0
	seaborn version: 0.10.1
	phydmslib version: 2.4.1
	statsmodels version: 0.11.1
	rpy2 cannot be imported
	regex version: 2.5.121
	umi_tools version: 1.1.2

2023-08-31 13:42:26,727 - INFO - Parsed the following arguments:
	outdir = ./results/diffsel
	ncpus = 1
	use_existing = yes
	indir = ./results/codoncounts
	chartype = codon_to_aa
	excludestop = yes
	pseudocount = 5.0
	mincount = 0
	name = ZV-67-40000-lib2-ZV67-40000
	sel = lib2-ZV67-40000
	mock = lib2-no-antibody
	err = None

2023-08-31 13:42:26,729 - INFO - Reading selected sample counts from lib2-ZV67-40000
2023-08-31 13:42:26,737 - INFO - Reading mock-selected sample counts from lib2-no-antibody
2023-08-31 13:42:26,744 - INFO - Computing mutdiffsel...
2023-08-31 13:42:28,132 - INFO - Mutations with largest mutdiffsel:
 site wildtype mutation  mutdiffsel
  333        A        Q        5.73
  333        A        W        5.22
  311        A        C        5.16
  333        A        E        5.13
  333        A        L        5.08
   66        S        Y        4.94
  310        A        C        4.88
  310        A        D        4.85
  147        Q        A        4.71
  311        A        P        4.62

2023-08-31 13:42:28,132 - INFO - Writing to ./results/diffsel/ZV-67-40000-lib2-ZV67-40000_mutdiffsel.csv
2023-08-31 13:42:28,164 - INFO - Computing sitediffsel...
2023-08-31 13:42:28,190 - INFO - Sites with largest absolute sitediffsel:
 site  abs_diffsel  positive_diffsel  negative_diffsel  max_diffsel  min_diffsel
  333        47.37             45.87             -1.50         5.73        -1.50
  310        29.38             27.46             -1.92         4.88        -1.55
  349        28.82              4.88            -23.94         2.76        -3.50
  350        22.74              8.58            -14.15         3.94        -2.25
  311        21.88             21.81             -0.07         5.16        -0.07
  443        21.65              0.10            -21.55         0.10        -3.31
   84        18.28              0.75            -17.53         0.75        -2.27
  439        18.04              4.47            -13.57         2.65        -1.68
  352        17.77              1.02            -16.75         1.00        -1.93
  283        17.75              0.00            -17.75         0.00        -2.33

2023-08-31 13:42:28,190 - INFO - Writing to ./results/diffsel/ZV-67-40000-lib2-ZV67-40000_sitediffsel.csv
2023-08-31 13:42:28,196 - INFO - Successful completion of dms2_diffsel
